  0.98559624 0.9858498  0.9859937  0.9860927  0.9853166  0.98595464
  0.9857118  0.9852438  0.9860434  0.98606515 0.98543054 0.9851003
  0.98595285 0.98566705]]
epoch:0,episode:349,t_rollout:1,name:['erdos20_0'],reward:463.79999999999995,return:tensor([[28666.]], device='cuda:0', dtype=torch.float64)
[[1.00124   1.0012788 1.0015317 1.0013928 1.0014268 1.0012525 1.000339
  1.0012338 1.0014789 1.0015627 1.0013362 1.0008459 1.0011892 1.0014858
  1.0013732 1.0014552 1.0009189 1.000626  1.0015451 1.0014342]]
epoch:0,episode:350,t_rollout:1,name:['erdos20_0'],reward:427.44,return:tensor([[32302.]], device='cuda:0', dtype=torch.float64)
[[0.99408114 0.9941181  0.9943639  0.9942273  0.9942626  0.9940914
  0.9932097  0.9940714  0.9943122  0.99439466 0.99417263 0.9936962
  0.9940283  0.994319   0.9942094  0.9942891  0.9937675  0.99350554
  0.99437726 0.9942685 ]]
epoch:0,episode:351,t_rollout:1,name:['erdos20_0'],reward:427.44,return:tensor([[32302.]], device='cuda:0', dtype=torch.float64)
[[0.98193973 0.98197585 0.98221475 0.98208064 0.98211694 0.98194855
  0.9811005  0.9819276  0.98216414 0.9822449  0.9820281  0.9815642
  0.9818858  0.9821706  0.9820642  0.9821416  0.98163426 0.9813973
  0.98222786 0.9821212 ]]
epoch:0,episode:352,t_rollout:1,name:['erdos20_0'],reward:427.44,return:tensor([[32302.]], device='cuda:0', dtype=torch.float64)
[[1.0125983 1.0126336 1.0128659 1.0127343 1.0127712 1.0126061 1.0117869
  1.0125842 1.0128164 1.0128957 1.0126835 1.012232  1.0125434 1.0128226
  1.0127193 1.0127944 1.0123011 1.0120825 1.012879  1.0127742]]
epoch:0,episode:353,t_rollout:1,name:['erdos20_0'],reward:427.44,return:tensor([[32302.]], device='cuda:0', dtype=torch.float64)
[[0.9592661  0.959301   0.95952684 0.9593976  0.959435   0.9592735
  0.958484   0.9592503  0.9594786  0.9595563  0.9593484  0.9589091
  0.95921075 0.95948446 0.9593839  0.9594568  0.9589769  0.9587759
  0.95953983 0.95943725]]
epoch:0,episode:354,t_rollout:1,name:['erdos20_0'],reward:427.44,return:tensor([[32302.]], device='cuda:0', dtype=torch.float64)
[[1.0261912 1.0262254 1.0264454 1.0263184 1.0263561 1.0261983 1.0254415
  1.0261738 1.0263982 1.0264745 1.0262711 1.0258439 1.0261356 1.0264037
  1.0263062 1.0263767 1.0259097 1.0257249 1.0264583 1.0263574]]
epoch:0,episode:355,t_rollout:1,name:['erdos20_0'],reward:427.44,return:tensor([[32302.]], device='cuda:0', dtype=torch.float64)
[[0.97778195 0.9778156  0.97803015 0.97790545 0.9779432  0.97778857
  0.9770626  0.9777637  0.97798395 0.97805876 0.97785956 0.9774443
  0.97772634 0.9779893  0.9778945  0.97796285 0.9775079  0.97733605
  0.9780429  0.9779439 ]]
epoch:0,episode:356,t_rollout:1,name:['erdos20_0'],reward:427.44,return:tensor([[32302.]], device='cuda:0', dtype=torch.float64)
[[0.9817581  0.9830609  0.9830643  0.98305064 0.9829575  0.98310053
  0.98216146 0.9829453  0.9828192  0.98304826 0.9829273  0.9827187
  0.98308897 0.98283815 0.9830816  0.98107606 0.9825854  0.98214126
  0.9830021  0.9818576 ]]
epoch:0,episode:357,t_rollout:1,name:['erdos20_0'],reward:394.94,return:tensor([[35552.]], device='cuda:0', dtype=torch.float64)
[[1.0649025 1.0649357 1.0651393 1.065019  1.0650566 1.064909  1.0642381
  1.0648824 1.0650952 1.0651673 1.0649759 1.0645828 1.0648474 1.0651001
  1.0650102 1.0650747 1.0646433 1.0644891 1.0651518 1.0650562]]
epoch:0,episode:358,t_rollout:1,name:['erdos20_0'],reward:427.44,return:tensor([[32302.]], device='cuda:0', dtype=torch.float64)
[[0.9550675  0.95536256 0.9553498  0.95519245 0.95438695 0.955306
  0.9549619  0.9551673  0.9553416  0.955308   0.9548036  0.95498574
  0.9553344  0.95429003 0.95428646 0.9551495  0.9548631  0.95516527
  0.954989   0.95536685]]
epoch:0,episode:359,t_rollout:1,name:['erdos20_0'],reward:450.82,return:tensor([[29964.]], device='cuda:0', dtype=torch.float64)
[[1.0171555 1.0171877 1.0173814 1.0172653 1.0173028 1.0171621 1.0165477
  1.0171335 1.0173395 1.0174087 1.0172249 1.0168538 1.0171005 1.0173439
  1.0172588 1.0173192 1.0169098 1.0167702 1.0173938 1.0173016]]
epoch:0,episode:360,t_rollout:1,name:['erdos20_0'],reward:427.44,return:tensor([[32302.]], device='cuda:0', dtype=torch.float64)
[[1.0134654 1.0134974 1.0136864 1.013572  1.0136094 1.0134721 1.0128834
  1.0134428 1.0136452 1.0137134 1.013533  1.0131725 1.0134107 1.0136495
  1.0135664 1.0136251 1.0132262 1.0130922 1.0136986 1.0136079]]
epoch:0,episode:361,t_rollout:1,name:['erdos20_0'],reward:427.44,return:tensor([[32302.]], device='cuda:0', dtype=torch.float64)
[[1.0094932 1.0093945 1.0095718 1.009322  1.0094745 1.0095171 1.00853
  1.0095879 1.0096213 1.009562  1.0095724 1.0092717 1.0093133 1.0091692
  1.0092319 1.00954   1.0091511 1.0090213 1.0095167 1.0095321]]
epoch:0,episode:362,t_rollout:1,name:['erdos20_0'],reward:407.7,return:tensor([[34276.]], device='cuda:0', dtype=torch.float64)
[[0.9682263  0.9682577  0.9684381  0.96832764 0.96836436 0.9682331
  0.9676954  0.96820235 0.96839863 0.9684643  0.96829075 0.9679504
  0.9681724  0.96840256 0.9683238  0.968379   0.9679996  0.96787435
  0.96845    0.9683622 ]]
epoch:0,episode:363,t_rollout:1,name:['erdos20_0'],reward:459.04,return:tensor([[29142.]], device='cuda:0', dtype=torch.float64)
[[1.0007645 1.0007961 1.000972  1.0008633 1.0008997 1.0007718 1.000259
  1.0007405 1.0009334 1.0009979 1.0008277 1.0004973 1.0007112 1.0009372
  1.0008605 1.000914  1.0005443 1.0004228 1.0009838 1.0008974]]
epoch:0,episode:364,t_rollout:1,name:['erdos20_0'],reward:427.44,return:tensor([[32302.]], device='cuda:0', dtype=torch.float64)
[[1.0040649 1.0040964 1.004268  1.0041614 1.0041974 1.0040724 1.003587
  1.0040406 1.0042305 1.0042936 1.0041267 1.0038067 1.0040123 1.004234
  1.0041593 1.0042112 1.0038503 1.0037324 1.0042797 1.0041949]]
epoch:0,episode:365,t_rollout:1,name:['erdos20_0'],reward:427.44,return:tensor([[32302.]], device='cuda:0', dtype=torch.float64)
[[1.0271467 1.027178  1.0273457 1.0272409 1.0272765 1.0271544 1.026692
  1.0271221 1.0273091 1.0273709 1.0272069 1.0268966 1.0270948 1.0273125
  1.0272396 1.0272897 1.0269384 1.0268226 1.0273573 1.0272739]]
epoch:0,episode:366,t_rollout:1,name:['erdos20_0'],reward:427.44,return:tensor([[32302.]], device='cuda:0', dtype=torch.float64)
[[1.0082705 1.0083016 1.0084654 1.0083622 1.0083975 1.0082783 1.0078385
  1.0082452 1.0084295 1.0084904 1.0083292 1.0080289 1.008219  1.0084329
  1.0083616 1.0084103 1.0080678 1.0079544 1.008477  1.0083946]]
epoch:0,episode:367,t_rollout:1,name:['erdos20_0'],reward:427.44,return:tensor([[32302.]], device='cuda:0', dtype=torch.float64)
[[1.0452796 1.0453106 1.0454706 1.045369  1.0454041 1.0452876 1.0448716
  1.0452543 1.0454357 1.0454953 1.0453367 1.0450473 1.0452288 1.0454388
  1.0453691 1.0454164 1.0450828 1.0449717 1.045482  1.045401 ]]
epoch:0,episode:368,t_rollout:1,name:['erdos20_0'],reward:427.44,return:tensor([[32302.]], device='cuda:0', dtype=torch.float64)
[[1.0466478 1.0466784 1.0468348 1.0467349 1.0467696 1.0466558 1.0462596
  1.046622  1.0468009 1.0468591 1.0467035 1.0464237 1.0465974 1.0468037
  1.0467358 1.0467815 1.046456  1.0463474 1.0468463 1.0467663]]
epoch:0,episode:369,t_rollout:1,name:['erdos20_0'],reward:427.44,return:tensor([[32302.]], device='cuda:0', dtype=torch.float64)
[[1.0072111 1.0072414 1.0073943 1.007296  1.0073303 1.0072188 1.0068389
  1.0071849 1.0073609 1.0074183 1.0072651 1.0069947 1.0071609 1.0073638
  1.0072974 1.0073417 1.0070242 1.006917  1.0074055 1.0073268]]
epoch:0,episode:370,t_rollout:1,name:['erdos20_0'],reward:427.44,return:tensor([[32302.]], device='cuda:0', dtype=torch.float64)
[[0.9843369  0.9848233  0.9849242  0.98452985 0.98413324 0.9848887
  0.9841048  0.9849506  0.984983   0.9850053  0.98442405 0.9846085
  0.9849977  0.9849187  0.9849861  0.98492193 0.9846333  0.98470277
  0.9850059  0.98490644]]
epoch:0,episode:371,t_rollout:1,name:['erdos20_0'],reward:407.7,return:tensor([[34276.]], device='cuda:0', dtype=torch.float64)
[[0.9745767  0.97460645 0.9747524  0.97465724 0.97469103 0.9745846
  0.9742383  0.97455    0.97472084 0.9747758  0.97462803 0.97437865
  0.9745278  0.97472334 0.97466034 0.9747015  0.97439927 0.97429603
  0.9747634  0.97468716]]
epoch:0,episode:372,t_rollout:1,name:['erdos20_0'],reward:427.44,return:tensor([[32302.]], device='cuda:0', dtype=torch.float64)
[[1.0405701 1.0405992 1.0407419 1.0406483 1.0406817 1.0405777 1.040245
  1.040543  1.0407113 1.0407649 1.0406197 1.0403802 1.0405215 1.0407135
  1.0406519 1.040692  1.0403969 1.0402949 1.0407528 1.0406775]]
epoch:0,episode:373,t_rollout:1,name:['erdos20_0'],reward:427.44,return:tensor([[32302.]], device='cuda:0', dtype=torch.float64)
[[0.9942098  0.9942385  0.9943779  0.9942858  0.99431866 0.994217
  0.9938955  0.99418193 0.994348   0.9944007  0.9942577  0.9940275
  0.9941613  0.99435014 0.99429    0.99432856 0.99404067 0.9939395
  0.99438864 0.9943145 ]]
epoch:0,episode:374,t_rollout:1,name:['erdos20_0'],reward:427.44,return:tensor([[32302.]], device='cuda:0', dtype=torch.float64)
[[0.9488175  0.94884557 0.9489819  0.9488911  0.9489238  0.94882405
  0.94851357 0.948789   0.9489527  0.9490043  0.9488637  0.94864273
  0.9487691  0.9489547  0.9488959  0.94893324 0.94865227 0.948552
  0.9489925  0.9489193 ]]
epoch:0,episode:375,t_rollout:1,name:['erdos20_0'],reward:427.44,return:tensor([[32302.]], device='cuda:0', dtype=torch.float64)
[[1.0183225 1.0183499 1.018483  1.0183938 1.0184262 1.0183285 1.0180287
  1.0182935 1.0184547 1.0185051 1.0183668 1.0181557 1.0182742 1.0184567
  1.0183992 1.0184351 1.018161  1.0180616 1.0184935 1.0184214]]
epoch:0,episode:376,t_rollout:1,name:['erdos20_0'],reward:427.44,return:tensor([[32302.]], device='cuda:0', dtype=torch.float64)
[[0.9900653  0.990092   0.9902222  0.9901343  0.9901663  0.99007076
  0.9897802  0.9900354  0.99019456 0.99024403 0.99010783 0.9899056
  0.99001706 0.99019635 0.99014014 0.9901751  0.98990715 0.9898087
  0.9902326  0.9901614 ]]
epoch:0,episode:377,t_rollout:1,name:['erdos20_0'],reward:427.44,return:tensor([[32302.]], device='cuda:0', dtype=torch.float64)
[[1.0220745 1.0221004 1.0222276 1.0221412 1.0221728 1.0220792 1.0217963
  1.0220438 1.0222007 1.0222492 1.0221153 1.0219212 1.0220261 1.0222024
  1.0221475 1.0221812 1.0219198 1.0218216 1.022238  1.0221679]]
epoch:0,episode:378,t_rollout:1,name:['erdos20_0'],reward:427.44,return:tensor([[32302.]], device='cuda:0', dtype=torch.float64)
[[1.0223303 1.0223554 1.02248   1.0223949 1.0224262 1.0223343 1.0220596
  1.0222988 1.0224538 1.0225012 1.0223694 1.0221832 1.0222818 1.0224553
  1.0224015 1.0224342 1.022179  1.0220811 1.0224901 1.022421 ]]
epoch:0,episode:379,t_rollout:1,name:['erdos20_0'],reward:427.44,return:tensor([[32302.]], device='cuda:0', dtype=torch.float64)
[[0.9579739  0.9579982  0.95811987 0.95803624 0.9580672  0.95797724
  0.9577112  0.95794165 0.9580946  0.95814085 0.9580111  0.9578338
  0.9579257  0.9580958  0.95804334 0.9580749  0.9578255  0.9577283
  0.95813    0.9580618 ]]
epoch:0,episode:380,t_rollout:1,name:['erdos20_0'],reward:377.92,return:tensor([[37254.]], device='cuda:0', dtype=torch.float64)
[[1.0106941 1.010718  1.0108367 1.0107543 1.010785  1.0106968 1.0104382
  1.010661  1.010812  1.0108573 1.0107297 1.0105609 1.0106457 1.0108131
  1.0107619 1.0107923 1.0105488 1.010452  1.0108467 1.0107794]]
epoch:0,episode:381,t_rollout:1,name:['erdos20_0'],reward:427.44,return:tensor([[32302.]], device='cuda:0', dtype=torch.float64)
[[0.97457546 0.97459847 0.9747145  0.97463346 0.97466373 0.97457725
  0.9743274  0.97454166 0.97469056 0.9747349  0.9746092  0.97444946
  0.9745271  0.9746915  0.9746413  0.97467077 0.9744329  0.97433704
  0.9747244  0.974658  ]]
epoch:0,episode:382,t_rollout:1,name:['erdos20_0'],reward:454.38,return:tensor([[29608.]], device='cuda:0', dtype=torch.float64)
[[0.97673386 0.9767564  0.9768696  0.97678983 0.97681975 0.97673506
  0.9764928  0.9766994  0.97684646 0.9768896  0.97676593 0.97661465
  0.9766855  0.9768473  0.9767982  0.9768264  0.97659427 0.97649854
  0.9768795  0.9768139 ]]
epoch:0,episode:383,t_rollout:1,name:['erdos20_0'],reward:427.44,return:tensor([[32302.]], device='cuda:0', dtype=torch.float64)
[[0.9931909  0.9932127  0.99332327 0.9932447  0.9932744  0.99319124
  0.9929563  0.9931556  0.99330086 0.99334306 0.9932213  0.9930774
  0.99314255 0.99330145 0.9932534  0.9932807  0.9930538  0.9929588
  0.9933329  0.9932683 ]]
epoch:0,episode:384,t_rollout:1,name:['erdos20_0'],reward:445.62,return:tensor([[30484.]], device='cuda:0', dtype=torch.float64)
[[0.99819154 0.99821275 0.9983208  0.9982436  0.9982729  0.9981913
  0.9979631  0.9981558  0.998299   0.99834037 0.9982205  0.9980837
  0.99814355 0.9982995  0.99825263 0.998279   0.9980574  0.99796236
  0.9983305  0.9982667 ]]
epoch:0,episode:385,t_rollout:1,name:['erdos20_0'],reward:429.64000000000004,return:tensor([[32082.]], device='cuda:0', dtype=torch.float64)
[[1.0228312 1.0228518 1.0229571 1.0228812 1.0229101 1.0228301 1.0226094
  1.0227947 1.0229362 1.0229764 1.0228585 1.0227289 1.0227833 1.0229363
  1.0228906 1.0229158 1.0226997 1.022605  1.0229666 1.0229037]]
epoch:0,episode:386,t_rollout:1,name:['erdos20_0'],reward:429.64000000000004,return:tensor([[32082.]], device='cuda:0', dtype=torch.float64)
[[1.0033092 1.0033292 1.0034322 1.0033575 1.003386  1.0033073 1.0030937
  1.0032722 1.0034119 1.0034512 1.003335  1.0032126 1.0032616 1.003412
  1.0033671 1.0033915 1.0031804 1.0030859 1.0034416 1.0033795]]
epoch:0,episode:387,t_rollout:1,name:['erdos20_0'],reward:429.64000000000004,return:tensor([[32082.]], device='cuda:0', dtype=torch.float64)
[[1.0281326 1.028152  1.0282522 1.0281787 1.028207  1.0281299 1.0279224
  1.0280948 1.0282327 1.0282711 1.0281568 1.0280405 1.0280849 1.0282326
  1.0281887 1.0282122 1.0280062 1.0279118 1.0282615 1.0282004]]
epoch:0,episode:388,t_rollout:1,name:['erdos20_0'],reward:429.64000000000004,return:tensor([[32082.]], device='cuda:0', dtype=torch.float64)
[[1.0267742 1.0267928 1.0268909 1.0268186 1.0268464 1.0267706 1.0265695
  1.0267357 1.0268719 1.0269094 1.0267967 1.0266867 1.0267266 1.0268717
  1.0268289 1.0268513 1.0266501 1.026556  1.0269    1.0268396]]
epoch:0,episode:389,t_rollout:1,name:['erdos20_0'],reward:429.64000000000004,return:tensor([[32082.]], device='cuda:0', dtype=torch.float64)
[[0.9558721  0.9558898  0.9559854  0.9559144  0.9559419  0.95586735
  0.9556721  0.95583266 0.9559672  0.9560038  0.9558928  0.9557884
  0.95582443 0.9559667  0.95592487 0.95594656 0.95575    0.9556563
  0.9559945  0.9559349 ]]
epoch:0,episode:390,t_rollout:1,name:['erdos20_0'],reward:442.94,return:tensor([[30752.]], device='cuda:0', dtype=torch.float64)
[[1.0334743 1.033491  1.0335844 1.0335145 1.0335416 1.0334684 1.0332787
  1.0334338 1.0335668 1.0336025 1.0334932 1.033394  1.0334264 1.0335661
  1.0335251 1.033546  1.033354  1.0332602 1.0335933 1.0335344]]
epoch:0,episode:391,t_rollout:1,name:['erdos20_0'],reward:429.64000000000004,return:tensor([[32082.]], device='cuda:0', dtype=torch.float64)
[[0.94946384 0.9495457  0.9495999  0.94953185 0.9495917  0.94949955
  0.94901156 0.94947934 0.9495805  0.94960564 0.949498   0.94939995
  0.9494196  0.9493183  0.94952077 0.949442   0.9493628  0.9491438
  0.9494943  0.94936794]]
epoch:0,episode:392,t_rollout:1,name:['erdos20_0'],reward:407.7,return:tensor([[34276.]], device='cuda:0', dtype=torch.float64)
[[0.95428693 0.9545294  0.954509   0.9545394  0.9538753  0.95453155
  0.95454025 0.9546037  0.9546088  0.95463663 0.95458984 0.9544324
  0.9545598  0.95458055 0.9543947  0.95276934 0.9543904  0.95450526
  0.95445853 0.95458996]]
epoch:0,episode:393,t_rollout:1,name:['erdos20_0'],reward:426.32000000000005,return:tensor([[32414.]], device='cuda:0', dtype=torch.float64)
[[1.020872  1.0208843 1.0209712 1.0209048 1.0209308 1.0208609 1.0206876
  1.020827  1.0209554 1.0209886 1.0208839 1.0207988 1.0208224 1.0209543
  1.0209159 1.0209343 1.0207559 1.0206618 1.0209799 1.0209231]]
epoch:0,episode:394,t_rollout:1,name:['erdos20_0'],reward:429.64000000000004,return:tensor([[32082.]], device='cuda:0', dtype=torch.float64)
[[0.9077607  0.9077713  0.9078563  0.90779084 0.90781647 0.90774786
  0.9075793  0.9077141  0.90784115 0.90787333 0.9077702  0.9076892
  0.90771043 0.9078397  0.90780216 0.9078199  0.90764576 0.9075514
  0.90786475 0.90780896]]
epoch:0,episode:395,t_rollout:1,name:['erdos20_0'],reward:442.22,return:tensor([[30824.]], device='cuda:0', dtype=torch.float64)
[[0.95688367 0.9568924  0.95697534 0.9569111  0.95693624 0.95686865
  0.9567049  0.9568352  0.9569608  0.95699227 0.9568906  0.9568135
  0.95683247 0.9569591  0.9569224  0.95693934 0.9567696  0.95667523
  0.9569838  0.9569286 ]]
epoch:0,episode:396,t_rollout:1,name:['erdos20_0'],reward:429.64000000000004,return:tensor([[32082.]], device='cuda:0', dtype=torch.float64)
[[1.0031528 1.0031596 1.0032407 1.0031775 1.0032023 1.0031357 1.0029761
  1.0031027 1.0032266 1.0032574 1.0031573 1.0030836 1.0031008 1.0032248
  1.003189  1.0032053 1.0030395 1.0029448 1.003249  1.0031946]]
epoch:0,episode:397,t_rollout:1,name:['erdos20_0'],reward:429.64000000000004,return:tensor([[32082.]], device='cuda:0', dtype=torch.float64)
[[0.9714761  0.9714435  0.97145665 0.9713797  0.9714838  0.9715445
  0.97135824 0.97146    0.9715487  0.971565   0.9713996  0.97136766
  0.97155905 0.97122014 0.9714281  0.97091097 0.97144866 0.9713765
  0.971562   0.9710348 ]]
epoch:0,episode:398,t_rollout:1,name:['erdos20_0'],reward:409.76,return:tensor([[34070.]], device='cuda:0', dtype=torch.float64)
[[0.9676565  0.9676244  0.9676372  0.9675612  0.967664   0.96772385
  0.9675407  0.96764123 0.9677279  0.9677441  0.96758145 0.9675496
  0.9677383  0.9674043  0.96760947 0.96710134 0.9676297  0.9675587
  0.96774113 0.96722335]]
epoch:0,episode:399,t_rollout:1,name:['erdos20_0'],reward:413.52000000000004,return:tensor([[33694.]], device='cuda:0', dtype=torch.float64)
[[0.9921577  0.9921262  0.9921384  0.99206346 0.9921651  0.9922241
  0.9920439  0.99214303 0.99222803 0.9922441  0.99208397 0.99205214
  0.9922383  0.99190885 0.9921115  0.99161255 0.99213123 0.99206156
  0.992241   0.9917322 ]]
epoch:0,episode:400,t_rollout:1,name:['erdos20_0'],reward:413.52000000000004,return:tensor([[33694.]], device='cuda:0', dtype=torch.float64)
[[1.0450411 1.0450102 1.045022  1.044948  1.0450482 1.0451064 1.0449291
  1.045027  1.0451103 1.0451262 1.0449687 1.0449371 1.0451205 1.0447956
  1.0449958 1.0445058 1.0450152 1.0449466 1.0451232 1.0446233]]
epoch:0,episode:401,t_rollout:1,name:['erdos20_0'],reward:413.52000000000004,return:tensor([[33694.]], device='cuda:0', dtype=torch.float64)
[[1.0194685 1.0194383 1.0194495 1.0193766 1.0194756 1.019533  1.0193588
  1.0194552 1.0195369 1.0195524 1.0193976 1.0193659 1.0195469 1.0192267
  1.0194242 1.0189426 1.0194432 1.0193754 1.0195494 1.019058 ]]
epoch:0,episode:402,t_rollout:1,name:['erdos20_0'],reward:413.52000000000004,return:tensor([[33694.]], device='cuda:0', dtype=torch.float64)
[[0.9670041  0.9670324  0.96710867 0.9670208  0.96664864 0.967102
  0.9669272  0.96702224 0.96710783 0.96711224 0.9670417  0.9669565
  0.9670765  0.96688944 0.9670513  0.9669874  0.96665615 0.9669174
  0.96710664 0.9671069 ]]
epoch:0,episode:403,t_rollout:1,name:['erdos20_0'],reward:431.86,return:tensor([[31860.]], device='cuda:0', dtype=torch.float64)
[[1.0485334 1.0485042 1.0485148 1.0484438 1.0485402 1.048596  1.0484275
  1.0485212 1.0485996 1.048615  1.0484654 1.0484334 1.0486096 1.0482981
  1.048491  1.0480268 1.0485091 1.0484437 1.0486119 1.0481372]]
epoch:0,episode:404,t_rollout:1,name:['erdos20_0'],reward:413.52000000000004,return:tensor([[33694.]], device='cuda:0', dtype=torch.float64)
[[1.059807  1.0597782 1.0597885 1.0597184 1.0598137 1.0598686 1.0597032
  1.0597951 1.0598722 1.0598874 1.0597402 1.0597082 1.059882  1.059575
  1.0597656 1.0593096 1.0597832 1.0597187 1.0598843 1.0594172]]
epoch:0,episode:405,t_rollout:1,name:['erdos20_0'],reward:413.52000000000004,return:tensor([[33694.]], device='cuda:0', dtype=torch.float64)
[[1.027372  1.0273436 1.0273535 1.0272844 1.0273786 1.0274327 1.0272701
  1.0273606 1.0274363 1.0274513 1.0273063 1.0272745 1.0274459 1.027143
  1.0273316 1.0268831 1.0273486 1.0272851 1.0274482 1.0269887]]
epoch:0,episode:406,t_rollout:1,name:['erdos20_0'],reward:413.52000000000004,return:tensor([[33694.]], device='cuda:0', dtype=torch.float64)
[[0.98344374 0.9838165  0.98382556 0.98354733 0.9833837  0.98382044
  0.98365694 0.9838079  0.983838   0.9838485  0.98379266 0.98371017
  0.9837786  0.98360205 0.98382765 0.98343396 0.9837481  0.9836717
  0.9836603  0.983799  ]]
epoch:0,episode:407,t_rollout:1,name:['erdos20_0'],reward:401.90000000000003,return:tensor([[34856.]], device='cuda:0', dtype=torch.float64)
[[0.9762471  0.97621965 0.97622883 0.97616166 0.9762535  0.97630596
  0.9761488  0.97623646 0.9763093  0.976324   0.97618395 0.97615224
  0.9763189  0.97602457 0.9762087  0.97577685 0.9762244  0.9761631
  0.97632104 0.97587925]]
epoch:0,episode:408,t_rollout:1,name:['erdos20_0'],reward:413.52000000000004,return:tensor([[33694.]], device='cuda:0', dtype=torch.float64)
[[1.0168793 1.0168523 1.0168612 1.016795  1.0168855 1.0169374 1.0167829
  1.0168692 1.0169406 1.0169553 1.0168176 1.0167859 1.0169502 1.0166602
  1.0168419 1.0164182 1.0168571 1.0167968 1.0169523 1.0165192]]
epoch:0,episode:409,t_rollout:1,name:['erdos20_0'],reward:413.52000000000004,return:tensor([[33694.]], device='cuda:0', dtype=torch.float64)
[[0.96634716 0.9663202  0.96632904 0.96626365 0.96635324 0.96640414
  0.9662522  0.96633714 0.96640724 0.9664217  0.96628624 0.9662547
  0.96641684 0.9661308  0.96631044 0.9658948  0.9663252  0.9662658
  0.96641874 0.9659939 ]]
epoch:0,episode:410,t_rollout:1,name:['erdos20_0'],reward:421.38,return:tensor([[32908.]], device='cuda:0', dtype=torch.float64)
[[0.99062926 0.9906027  0.99061126 0.9905467  0.9906352  0.9906853
  0.99053586 0.9906196  0.9906885  0.99070275 0.99056953 0.990538
  0.99069786 0.990416   0.9905935  0.99018574 0.99060756 0.9905492
  0.99069977 0.99028337]]
epoch:0,episode:411,t_rollout:1,name:['erdos20_0'],reward:413.52000000000004,return:tensor([[33694.]], device='cuda:0', dtype=torch.float64)
[[1.0340105 1.0339843 1.0339925 1.0339289 1.0340164 1.0340657 1.0339187
  1.0340011 1.0340687 1.0340829 1.033952  1.0339204 1.0340781 1.0338004
  1.0339756 1.0335752 1.0339891 1.0339317 1.0340799 1.033672 ]]
epoch:0,episode:412,t_rollout:1,name:['erdos20_0'],reward:413.52000000000004,return:tensor([[33694.]], device='cuda:0', dtype=torch.float64)
[[0.9825604  0.98239994 0.9825674  0.98217314 0.9824048  0.98245436
  0.98190707 0.9825385  0.9825529  0.98254555 0.9825618  0.98242587
  0.98253113 0.9825403  0.98250896 0.98233026 0.9825029  0.9824942
  0.982495   0.9824814 ]]
epoch:0,episode:413,t_rollout:1,name:['erdos20_0'],reward:456.85999999999996,return:tensor([[29360.]], device='cuda:0', dtype=torch.float64)
[[0.97477156 0.974613   0.9747785  0.9743897  0.9746178  0.9746672
  0.9741272  0.97475004 0.97476405 0.97475696 0.9747731  0.9746387
  0.97474277 0.97475195 0.9747207  0.9745444  0.97471476 0.9747063
  0.974707   0.97469354]]
epoch:0,episode:414,t_rollout:1,name:['erdos20_0'],reward:456.85999999999996,return:tensor([[29360.]], device='cuda:0', dtype=torch.float64)
[[0.9932548  0.99309826 0.9932616  0.99287874 0.9931028  0.9931522
  0.99261934 0.9932335  0.9932474  0.9932403  0.99325645 0.9931236
  0.99322647 0.9932355  0.99320465 0.9930308  0.9931988  0.9931906
  0.9931912  0.9931776 ]]
epoch:0,episode:415,t_rollout:1,name:['erdos20_0'],reward:456.85999999999996,return:tensor([[29360.]], device='cuda:0', dtype=torch.float64)
[[1.0399064 1.0397518 1.039913  1.0395354 1.0397561 1.0398053 1.0392793
  1.0398853 1.0398991 1.0398921 1.039908  1.0397768 1.0398784 1.0398874
  1.0398569 1.0396851 1.0398511 1.039843  1.0398436 1.03983  ]]
epoch:0,episode:416,t_rollout:1,name:['erdos20_0'],reward:456.85999999999996,return:tensor([[29360.]], device='cuda:0', dtype=torch.float64)
[[1.0013968 1.001244  1.0014033 1.001031  1.0012481 1.0012974 1.0007781
  1.0013762 1.0013896 1.0013827 1.0013987 1.0012689 1.0013691 1.0013783
  1.001348  1.0011784 1.0013424 1.0013342 1.0013349 1.0013214]]
epoch:0,episode:417,t_rollout:1,name:['erdos20_0'],reward:456.85999999999996,return:tensor([[29360.]], device='cuda:0', dtype=torch.float64)
[[1.0004416  1.0002905  1.0004481  1.0000812  1.0002946  1.0003438
  0.99983096 1.0004212  1.0004345  1.0004277  1.0004436  1.0003153
  1.0004144  1.0004234  1.0003935  1.000226   1.0003879  1.0003799
  1.0003806  1.000367  ]]
epoch:0,episode:418,t_rollout:1,name:['erdos20_0'],reward:456.85999999999996,return:tensor([[29360.]], device='cuda:0', dtype=torch.float64)
[[1.0376692 1.0375198 1.0376755 1.0373137 1.0375237 1.0375727 1.0370666
  1.0376489 1.037662  1.0376555 1.0376712 1.0375443 1.0376424 1.0376513
  1.0376216 1.0374563 1.0376161 1.0376084 1.037609  1.0375954]]
epoch:0,episode:419,t_rollout:1,name:['erdos20_0'],reward:456.85999999999996,return:tensor([[29360.]], device='cuda:0', dtype=torch.float64)
[[0.99978054 0.99963295 0.99978685 0.9994302  0.9996368  0.9996857
  0.99918634 0.9997607  0.9997735  0.99976695 0.9997827  0.9996572
  0.99975413 0.999763   0.99973375 0.99957037 0.9997284  0.99972063
  0.9997211  0.99970764]]
epoch:0,episode:420,t_rollout:1,name:['erdos20_0'],reward:456.85999999999996,return:tensor([[29360.]], device='cuda:0', dtype=torch.float64)
[[1.0582461 1.0581005 1.0582525 1.0579014 1.058104  1.058153  1.0576606
  1.0582267 1.0582393 1.0582329 1.0582484 1.0581245 1.0582204 1.0582292
  1.0582001 1.0580388 1.0581948 1.0581872 1.0581877 1.0581743]]
epoch:0,episode:421,t_rollout:1,name:['erdos20_0'],reward:456.85999999999996,return:tensor([[29360.]], device='cuda:0', dtype=torch.float64)
[[0.97961545 0.97961104 0.97965246 0.97929937 0.979498   0.9795792
  0.9792926  0.97960305 0.97961885 0.9796115  0.97964495 0.9795953
  0.97964054 0.97947305 0.97955525 0.9794341  0.97945875 0.9795805
  0.97962826 0.9793096 ]]
epoch:0,episode:422,t_rollout:1,name:['erdos20_0'],reward:407.7,return:tensor([[34276.]], device='cuda:0', dtype=torch.float64)
[[1.0308092 1.0306668 1.0308154 1.0304756 1.0306702 1.0307192 1.0302414
  1.0307902 1.0308025 1.0307963 1.0308117 1.0306904 1.030784  1.0307928
  1.0307643 1.0306073 1.0307592 1.0307518 1.0307523 1.0307388]]
epoch:0,episode:423,t_rollout:1,name:['erdos20_0'],reward:456.85999999999996,return:tensor([[29360.]], device='cuda:0', dtype=torch.float64)
[[1.0301039 1.0299633 1.03011   1.0297757 1.0299665 1.0300153 1.029545
  1.0300852 1.0300974 1.0300913 1.0301064 1.0299866 1.0300791 1.030088
  1.0300598 1.0299048 1.0300546 1.0300474 1.0300478 1.0300344]]
epoch:0,episode:424,t_rollout:1,name:['erdos20_0'],reward:456.85999999999996,return:tensor([[29360.]], device='cuda:0', dtype=torch.float64)
[[1.010004  1.0098653 1.01001   1.009682  1.0098684 1.0099171 1.0094548
  1.0099856 1.0099975 1.0099915 1.0100067 1.0098883 1.0099797 1.0099883
  1.0099607 1.0098078 1.0099555 1.0099485 1.0099487 1.0099355]]
epoch:0,episode:425,t_rollout:1,name:['erdos20_0'],reward:456.85999999999996,return:tensor([[29360.]], device='cuda:0', dtype=torch.float64)
[[1.0193493 1.0192121 1.0193552 1.0190331 1.0192151 1.0192639 1.0188088
  1.0193311 1.0193429 1.019337  1.019352  1.0192348 1.0193253 1.019334
  1.0193065 1.0191559 1.0193014 1.0192945 1.0192946 1.0192815]]
epoch:0,episode:426,t_rollout:1,name:['erdos20_0'],reward:456.85999999999996,return:tensor([[29360.]], device='cuda:0', dtype=torch.float64)
[[1.0481619 1.0480264 1.0481676 1.0478508 1.0480293 1.048078  1.04763
  1.0481439 1.0481554 1.0481497 1.0481645 1.0480489 1.0481383 1.0481467
  1.0481198 1.0479709 1.0481147 1.0481079 1.048108  1.0480949]]
epoch:0,episode:427,t_rollout:1,name:['erdos20_0'],reward:456.85999999999996,return:tensor([[29360.]], device='cuda:0', dtype=torch.float64)
[[1.0433757 1.0432417 1.0433815 1.0430695 1.0432446 1.0432929 1.0428516
  1.0433581 1.0433694 1.0433638 1.0433785 1.0432638 1.0433525 1.043361
  1.0433341 1.0431874 1.043329  1.0433224 1.0433224 1.0433095]]
epoch:0,episode:428,t_rollout:1,name:['erdos20_0'],reward:456.85999999999996,return:tensor([[29360.]], device='cuda:0', dtype=torch.float64)
[[0.9675616  0.9676334  0.9676438  0.96744746 0.96751285 0.9676443
  0.96752024 0.9675877  0.96762437 0.9676308  0.9676325  0.967429
  0.96764237 0.96739244 0.96756816 0.96763104 0.9675832  0.9674508
  0.9675312  0.9673679 ]]
epoch:0,episode:429,t_rollout:1,name:['erdos20_0'],reward:422.84,return:tensor([[32762.]], device='cuda:0', dtype=torch.float64)
[[1.0153726 1.0152419 1.0153782 1.015076  1.0152444 1.0152925 1.0148634
  1.0153556 1.0153666 1.0153611 1.0153755 1.0152633 1.0153501 1.0153584
  1.0153322 1.015189  1.0153272 1.0153208 1.0153207 1.0153079]]
epoch:0,episode:430,t_rollout:1,name:['erdos20_0'],reward:456.85999999999996,return:tensor([[29360.]], device='cuda:0', dtype=torch.float64)
[[1.0361431 1.036014  1.0361485 1.0358517 1.0360165 1.0360644 1.0356421
  1.0361261 1.036137  1.0361316 1.036146  1.0360352 1.0361209 1.0361291
  1.0361034 1.035962  1.0360984 1.036092  1.0360919 1.0360793]]
epoch:0,episode:431,t_rollout:1,name:['erdos20_0'],reward:456.85999999999996,return:tensor([[29360.]], device='cuda:0', dtype=torch.float64)
[[1.0449437 1.044816  1.0449492 1.0446568 1.0448186 1.0448662 1.0444505
  1.0449271 1.0449377 1.0449325 1.0449468 1.044837  1.0449219 1.0449301
  1.0449046 1.044765  1.0448996 1.0448934 1.0448931 1.0448806]]
epoch:0,episode:432,t_rollout:1,name:['erdos20_0'],reward:456.85999999999996,return:tensor([[29360.]], device='cuda:0', dtype=torch.float64)
[[1.0045668 1.0044405 1.0045722 1.0042851 1.0044432 1.0044906 1.0040815
  1.0045503 1.0045608 1.0045557 1.0045699 1.0044613 1.0045452 1.0045533
  1.0045282 1.0043904 1.0045232 1.004517  1.0045168 1.0045043]]
epoch:0,episode:433,t_rollout:1,name:['erdos20_0'],reward:456.85999999999996,return:tensor([[29360.]], device='cuda:0', dtype=torch.float64)
[[0.99977463 0.9998163  0.99979097 0.9997764  0.99971586 0.9997631
  0.9997464  0.99963236 0.99981654 0.9998188  0.99970907 0.9998012
  0.99977356 0.99920106 0.99984014 0.99982715 0.9998305  0.9998312
  0.99978656 0.999685  ]]
epoch:0,episode:434,t_rollout:1,name:['erdos20_0'],reward:441.88,return:tensor([[30858.]], device='cuda:0', dtype=torch.float64)
[[1.0294689 1.0293456 1.0294741 1.0291977 1.0293485 1.0293953 1.0290002
  1.0294529 1.0294632 1.029458  1.0294721 1.0293659 1.0294479 1.029456
  1.0294316 1.0292974 1.0294266 1.0294206 1.0294204 1.029408 ]]
epoch:0,episode:435,t_rollout:1,name:['erdos20_0'],reward:456.85999999999996,return:tensor([[29360.]], device='cuda:0', dtype=torch.float64)
[[0.9889784  0.9888565  0.98898363 0.9887118  0.98885936 0.9889061
  0.9885169  0.98896265 0.9889728  0.9889678  0.9889816  0.9888765
  0.98895776 0.98896575 0.9889416  0.988809   0.9889366  0.98893076
  0.9889304  0.98891824]]
epoch:0,episode:436,t_rollout:1,name:['erdos20_0'],reward:456.85999999999996,return:tensor([[29360.]], device='cuda:0', dtype=torch.float64)
[[0.99488693 0.99513805 0.99510556 0.9951378  0.99502724 0.99512064
  0.99309576 0.9950779  0.9951384  0.995131   0.99512076 0.99508256
  0.9951534  0.9949843  0.9951359  0.9947402  0.99509114 0.9950288
  0.99513257 0.9950749 ]]
epoch:0,episode:437,t_rollout:1,name:['erdos20_0'],reward:408.24,return:tensor([[34222.]], device='cuda:0', dtype=torch.float64)
[[1.0047185 1.0045992 1.0047238 1.004461  1.0046023 1.0046484 1.004272
  1.0047033 1.004713  1.0047082 1.0047219 1.004619  1.0046985 1.0047064
  1.0046828 1.0045536 1.0046778 1.0046722 1.0046716 1.0046597]]
epoch:0,episode:438,t_rollout:1,name:['erdos20_0'],reward:456.85999999999996,return:tensor([[29360.]], device='cuda:0', dtype=torch.float64)
[[0.9725907  0.9724727  0.9725957  0.9723373  0.97247595 0.9725217
  0.9721508  0.97257555 0.9725852  0.97258043 0.972594   0.9724923
  0.9725709  0.97257864 0.9725553  0.97242767 0.97255045 0.97254485
  0.9725444  0.97253245]]
epoch:0,episode:439,t_rollout:1,name:['erdos20_0'],reward:456.85999999999996,return:tensor([[29360.]], device='cuda:0', dtype=torch.float64)
[[0.98039925 0.9802825  0.98040426 0.9801494  0.9802858  0.98033124
  0.97996503 0.98038435 0.98039377 0.980389   0.9804026  0.9803018
  0.9803796  0.98038745 0.9803643  0.980238   0.9803594  0.9803539
  0.9803533  0.9803416 ]]
epoch:0,episode:440,t_rollout:1,name:['erdos20_0'],reward:454.74,return:tensor([[29572.]], device='cuda:0', dtype=torch.float64)
[[1.0058366 1.0057211 1.0058415 1.0055903 1.0057245 1.0057697 1.0054083
  1.005822  1.0058312 1.0058266 1.00584   1.0057403 1.0058174 1.005825
  1.0058022 1.0056773 1.0057973 1.0057918 1.0057912 1.0057796]]
epoch:0,episode:441,t_rollout:1,name:['erdos20_0'],reward:456.85999999999996,return:tensor([[29360.]], device='cuda:0', dtype=torch.float64)
[[0.99900126 0.9988871  0.99900615 0.9987587  0.9988907  0.9989353
  0.99857897 0.99898684 0.998996   0.9989914  0.9990047  0.9989061
  0.9989823  0.99898994 0.9989673  0.99884397 0.9989624  0.9989571
  0.9989565  0.99894494]]
epoch:0,episode:442,t_rollout:1,name:['erdos20_0'],reward:456.85999999999996,return:tensor([[29360.]], device='cuda:0', dtype=torch.float64)
[[1.03438   1.0342671 1.0343848 1.0341407 1.0342709 1.0343151 1.0339631
  1.0343658 1.0343748 1.0343702 1.0343834 1.0342858 1.0343612 1.0343689
  1.0343465 1.0342245 1.0343417 1.0343363 1.0343357 1.0343243]]
epoch:0,episode:443,t_rollout:1,name:['erdos20_0'],reward:456.85999999999996,return:tensor([[29360.]], device='cuda:0', dtype=torch.float64)
[[0.9424464  0.94233465 0.9424512  0.94221085 0.9423387  0.94238245
  0.9420359  0.94243234 0.9424413  0.94243675 0.94244987 0.94235325
  0.94242793 0.94243544 0.9424134  0.9422928  0.9424085  0.94240326
  0.9424026  0.9423914 ]]
epoch:0,episode:444,t_rollout:1,name:['erdos20_0'],reward:456.85999999999996,return:tensor([[29360.]], device='cuda:0', dtype=torch.float64)
[[0.99320066 0.9930902  0.9932054  0.99296916 0.9930944  0.9931378
  0.99279624 0.99318683 0.99319565 0.9931911  0.99320424 0.9931087
  0.99318254 0.99318993 0.9931681  0.99304897 0.9931632  0.9931581
  0.9931574  0.99314624]]
epoch:0,episode:445,t_rollout:1,name:['erdos20_0'],reward:456.85999999999996,return:tensor([[29360.]], device='cuda:0', dtype=torch.float64)
[[1.0135853 1.013476  1.01359   1.0133578 1.0134803 1.0135233 1.0131873
  1.0135717 1.0135804 1.0135759 1.0135889 1.0134944 1.0135674 1.0135747
  1.0135533 1.0134356 1.0135484 1.0135432 1.0135425 1.0135314]]
epoch:0,episode:446,t_rollout:1,name:['erdos20_0'],reward:456.85999999999996,return:tensor([[29360.]], device='cuda:0', dtype=torch.float64)
[[0.98618346 0.9860754  0.9861881  0.9859598  0.9860797  0.9861225
  0.98579144 0.98617    0.9861786  0.98617417 0.98618704 0.9860934
  0.9861658  0.9861731  0.9861519  0.9860357  0.986147   0.986142
  0.98614115 0.98613024]]
epoch:0,episode:447,t_rollout:1,name:['erdos20_0'],reward:456.85999999999996,return:tensor([[29360.]], device='cuda:0', dtype=torch.float64)
[[0.9397693  0.939807   0.93992484 0.9399048  0.9398115  0.93985397
  0.93990064 0.9398736  0.9398485  0.9398955  0.93990207 0.9398249
  0.93983966 0.9398985  0.9399166  0.9398119  0.93985885 0.9397865
  0.9399071  0.93968415]]
epoch:0,episode:448,t_rollout:1,name:['erdos20_0'],reward:450.98,return:tensor([[29948.]], device='cuda:0', dtype=torch.float64)
[[1.010091  1.0099852 1.0100955 1.0098763 1.00999   1.010032  1.0097123
  1.0100777 1.010086  1.0100818 1.0100944 1.010003  1.0100737 1.0100808
  1.0100603 1.0099473 1.0100554 1.0100505 1.0100496 1.0100391]]
epoch:0,episode:449,t_rollout:1,name:['erdos20_0'],reward:456.85999999999996,return:tensor([[29360.]], device='cuda:0', dtype=torch.float64)
[[0.96768504 0.96758056 0.9676896  0.9674743  0.9675852  0.96762705
  0.96731263 0.96767205 0.9676804  0.9676761  0.9676886  0.9675981
  0.967668   0.96767515 0.9676549  0.96754324 0.96765    0.9676452
  0.9676443  0.9676337 ]]
epoch:0,episode:450,t_rollout:1,name:['erdos20_0'],reward:456.85999999999996,return:tensor([[29360.]], device='cuda:0', dtype=torch.float64)
[[0.99866    0.99855673 0.99866456 0.99845296 0.9985615  0.9986031
  0.9982932  0.9986474  0.9986555  0.9986512  0.9986636  0.998574
  0.99864334 0.9986504  0.99863046 0.99852014 0.99862534 0.9986208
  0.99861985 0.9986093 ]]
epoch:0,episode:451,t_rollout:1,name:['erdos20_0'],reward:456.85999999999996,return:tensor([[29360.]], device='cuda:0', dtype=torch.float64)
[[0.9814484  0.9814839  0.98146135 0.981451   0.98140216 0.9814434
  0.981423   0.98133624 0.9814829  0.9814835  0.98139787 0.9814704
  0.9814504  0.9809755  0.98150235 0.981491   0.9814934  0.9814947
  0.9814587  0.9813818 ]]
epoch:0,episode:452,t_rollout:1,name:['erdos20_0'],reward:389.98,return:tensor([[36048.]], device='cuda:0', dtype=torch.float64)
[[1.009893  1.0097919 1.0098974 1.0096929 1.0097967 1.0098377 1.0095376
  1.0098807 1.0098885 1.0098844 1.0098965 1.0098089 1.0098767 1.0098835
  1.0098641 1.0097566 1.0098592 1.0098547 1.0098536 1.0098433]]
epoch:0,episode:453,t_rollout:1,name:['erdos20_0'],reward:456.85999999999996,return:tensor([[29360.]], device='cuda:0', dtype=torch.float64)
[[0.98043776 0.98033756 0.98044205 0.9802408  0.98034257 0.9803832
  0.9800874  0.9804255  0.98043334 0.9804292  0.98044133 0.9803545
  0.98042166 0.98042846 0.9804094  0.9803029  0.9804044  0.98039985
  0.9803988  0.9803885 ]]
epoch:0,episode:454,t_rollout:1,name:['erdos20_0'],reward:456.85999999999996,return:tensor([[29360.]], device='cuda:0', dtype=torch.float64)
[[1.0053147 1.0052158 1.005319  1.0051212 1.0052207 1.0052612 1.0049695
  1.0053027 1.0053104 1.0053064 1.0053184 1.0052325 1.005299  1.0053055
  1.0052867 1.0051817 1.0052818 1.0052774 1.0052763 1.0052662]]
epoch:0,episode:455,t_rollout:1,name:['erdos20_0'],reward:456.85999999999996,return:tensor([[29360.]], device='cuda:0', dtype=torch.float64)
[[0.98682636 0.9867284  0.9868308  0.9866361  0.98673344 0.98677355
  0.98648626 0.98681456 0.9868222  0.98681813 0.9868302  0.986745
  0.98681086 0.9868174  0.9867988  0.98669493 0.98679394 0.9867895
  0.98678845 0.98677844]]
epoch:0,episode:456,t_rollout:1,name:['erdos20_0'],reward:456.85999999999996,return:tensor([[29360.]], device='cuda:0', dtype=torch.float64)
[[1.0300727 1.0299757 1.0300769 1.0298852 1.0299808 1.0300206 1.0297371
  1.0300609 1.0300684 1.0300645 1.0300764 1.0299921 1.0300573 1.0300637
  1.0300455 1.0299429 1.0300405 1.0300363 1.030035  1.0300251]]
epoch:0,episode:457,t_rollout:1,name:['erdos20_0'],reward:456.85999999999996,return:tensor([[29360.]], device='cuda:0', dtype=torch.float64)
[[0.96166235 0.9616862  0.96171576 0.961719   0.9616258  0.96171886
  0.96138096 0.96169573 0.9617118  0.9617247  0.96161854 0.96166724
  0.9616524  0.96169835 0.9616406  0.96158826 0.9617111  0.96159244
  0.96170706 0.96169156]]
epoch:0,episode:458,t_rollout:1,name:['erdos20_0'],reward:401.52,return:tensor([[34894.]], device='cuda:0', dtype=torch.float64)
[[0.93542194 0.93544257 0.93554455 0.93551236 0.9354445  0.935484
  0.93548673 0.93553346 0.93552965 0.9355207  0.9354414  0.9355077
  0.93551654 0.9355163  0.9355281  0.9355319  0.93531185 0.9355077
  0.9354971  0.93538594]]
epoch:0,episode:459,t_rollout:1,name:['erdos20_0'],reward:396.32000000000005,return:tensor([[35414.]], device='cuda:0', dtype=torch.float64)
[[0.99804676 0.99795276 0.9980509  0.99786764 0.99795777 0.9979969
  0.9977245  0.99803555 0.9980427  0.9980389  0.99805045 0.99796873
  0.998032   0.9980383  0.99802065 0.9979214  0.99801576 0.9980118
  0.9980104  0.99800086]]
epoch:0,episode:460,t_rollout:1,name:['erdos20_0'],reward:456.85999999999996,return:tensor([[29360.]], device='cuda:0', dtype=torch.float64)
[[1.0010209 1.0009279 1.0010251 1.0008451 1.0009329 1.0009719 1.0007036
  1.00101   1.001017  1.0010132 1.0010247 1.0009439 1.0010064 1.0010127
  1.0009953 1.0008972 1.0009903 1.0009865 1.000985  1.0009755]]
epoch:0,episode:461,t_rollout:1,name:['erdos20_0'],reward:456.85999999999996,return:tensor([[29360.]], device='cuda:0', dtype=torch.float64)
[[1.0020884 1.0019963 1.0020926 1.0019157 1.0020014 1.0020401 1.0017757
  1.0020776 1.0020845 1.0020808 1.0020922 1.0020121 1.0020741 1.0020803
  1.0020632 1.0019662 1.0020583 1.0020543 1.0020529 1.0020436]]
epoch:0,episode:462,t_rollout:1,name:['erdos20_0'],reward:456.85999999999996,return:tensor([[29360.]], device='cuda:0', dtype=torch.float64)
[[0.9867546  0.98666334 0.98675865 0.9865848  0.98666835 0.9867069
  0.9864464  0.98674387 0.98675066 0.98674697 0.9867583  0.9866791
  0.9867403  0.9867465  0.9867297  0.9866339  0.9867247  0.98672086
  0.9867194  0.98671013]]
epoch:0,episode:463,t_rollout:1,name:['erdos20_0'],reward:458.12,return:tensor([[29234.]], device='cuda:0', dtype=torch.float64)
[[1.0094024 1.0093122 1.0094064 1.0092357 1.0093172 1.0093555 1.0090988
  1.0093918 1.0093986 1.0093949 1.0094061 1.0093278 1.0093884 1.0093945
  1.009378  1.0092832 1.009373  1.0093691 1.0093677 1.0093584]]
epoch:0,episode:464,t_rollout:1,name:['erdos20_0'],reward:456.85999999999996,return:tensor([[29360.]], device='cuda:0', dtype=torch.float64)
[[1.01716   1.0170708 1.017164  1.0169961 1.0170757 1.0171138 1.0168608
  1.0171496 1.0171562 1.0171525 1.0171638 1.0170863 1.0171461 1.0171522
  1.0171359 1.0170423 1.0171309 1.0171272 1.0171256 1.0171165]]
epoch:0,episode:465,t_rollout:1,name:['erdos20_0'],reward:456.85999999999996,return:tensor([[29360.]], device='cuda:0', dtype=torch.float64)
[[0.99185246 0.99176407 0.9918564  0.99169135 0.9917691  0.99180704
  0.9915575  0.9918422  0.99184877 0.9918452  0.99185616 0.99177957
  0.99183875 0.9918447  0.99182874 0.9917362  0.9918236  0.9918199
  0.9918185  0.9918094 ]]
epoch:0,episode:466,t_rollout:1,name:['erdos20_0'],reward:456.85999999999996,return:tensor([[29360.]], device='cuda:0', dtype=torch.float64)
[[1.0053773 1.0052898 1.0053812 1.0052191 1.0052948 1.0053326 1.0050867
  1.0053672 1.0053737 1.0053701 1.005381  1.0053052 1.0053638 1.0053697
  1.0053539 1.0052626 1.0053489 1.0053452 1.0053437 1.0053349]]
epoch:0,episode:467,t_rollout:1,name:['erdos20_0'],reward:456.85999999999996,return:tensor([[29360.]], device='cuda:0', dtype=torch.float64)
[[0.9658907  0.9658041  0.9658945  0.9657351  0.96580887 0.9658465
  0.96560395 0.9658806  0.9658871  0.96588355 0.9658944  0.96581936
  0.96587735 0.9658832  0.9658676  0.9657773  0.9658626  0.965859
  0.96585745 0.9658486 ]]
epoch:0,episode:468,t_rollout:1,name:['erdos20_0'],reward:451.5,return:tensor([[29896.]], device='cuda:0', dtype=torch.float64)
[[0.9628652  0.9628957  0.9628758  0.9628683  0.9628266  0.9628641
  0.96284235 0.9627762  0.9628945  0.9628939  0.96282566 0.9628838
  0.9628677  0.9624691  0.96291035 0.9629006  0.9629025  0.9629039
  0.96287435 0.96281445]]
epoch:0,episode:469,t_rollout:1,name:['erdos20_0'],reward:363.12,return:tensor([[38734.]], device='cuda:0', dtype=torch.float64)
[[0.9941774  0.9940926  0.9941812  0.994027   0.99409735 0.9941346
  0.99389875 0.9941676  0.99417394 0.9941705  0.9941811  0.9941077
  0.9941644  0.9941701  0.994155   0.99406683 0.99415    0.9941465
  0.994145   0.9941363 ]]
epoch:0,episode:470,t_rollout:1,name:['erdos20_0'],reward:456.85999999999996,return:tensor([[29360.]], device='cuda:0', dtype=torch.float64)
[[1.0369955 1.0369116 1.0369993 1.0368477 1.0369163 1.0369533 1.0367204
  1.0369859 1.0369921 1.0369886 1.0369992 1.0369266 1.0369828 1.0369884
  1.0369734 1.0368863 1.0369684 1.036965  1.0369633 1.0369548]]
epoch:0,episode:471,t_rollout:1,name:['erdos20_0'],reward:456.85999999999996,return:tensor([[29360.]], device='cuda:0', dtype=torch.float64)
[[1.0375729 1.0374897 1.0375767 1.0374277 1.0374943 1.0375313 1.0373019
  1.0375634 1.0375695 1.0375661 1.0375766 1.0375047 1.0375602 1.0375658
  1.037551  1.037465  1.037546  1.0375427 1.037541  1.0375327]]
epoch:0,episode:472,t_rollout:1,name:['erdos20_0'],reward:456.85999999999996,return:tensor([[29360.]], device='cuda:0', dtype=torch.float64)
[[1.0366364 1.0365541 1.0366402 1.0364938 1.0365585 1.0365955 1.0363692
  1.036627  1.0366331 1.0366297 1.03664   1.036569  1.036624  1.0366294
  1.0366149 1.0365299 1.0366099 1.0366067 1.036605  1.0365965]]
epoch:0,episode:473,t_rollout:1,name:['erdos20_0'],reward:456.85999999999996,return:tensor([[29360.]], device='cuda:0', dtype=torch.float64)
[[0.9684567  0.9683752  0.9684604  0.96831656 0.9683796  0.9684163
  0.9681931  0.9684474  0.96845335 0.96845    0.9684604  0.9683899
  0.9684444  0.9684498  0.96843547 0.9683515  0.96843046 0.96842736
  0.9684256  0.9684172 ]]
epoch:0,episode:474,t_rollout:1,name:['erdos20_0'],reward:412.5,return:tensor([[33796.]], device='cuda:0', dtype=torch.float64)
[[0.9765051  0.97642446 0.9765088  0.97636735 0.97642887 0.9764653
  0.9762452  0.97649604 0.9765019  0.97649854 0.9765088  0.9764392
  0.97649294 0.9764983  0.97648424 0.9764012  0.97647923 0.97647613
  0.97647434 0.9764661 ]]
epoch:0,episode:475,t_rollout:1,name:['erdos20_0'],reward:456.85999999999996,return:tensor([[29360.]], device='cuda:0', dtype=torch.float64)
[[1.0535818 1.0535018 1.0535855 1.0534462 1.0535061 1.0535425 1.053325
  1.0535729 1.0535787 1.0535754 1.0535855 1.0535166 1.0535699 1.0535752
  1.0535612 1.0534791 1.0535562 1.0535532 1.0535514 1.0535433]]
epoch:0,episode:476,t_rollout:1,name:['erdos20_0'],reward:456.85999999999996,return:tensor([[29360.]], device='cuda:0', dtype=torch.float64)
[[1.0018021 1.001723  1.0018058 1.0016689 1.0017273 1.0017635 1.0015489
  1.0017933 1.001799  1.0017958 1.0018058 1.0017377 1.0017903 1.0017955
  1.0017818 1.0017008 1.0017768 1.0017738 1.001772  1.0017639]]
epoch:0,episode:477,t_rollout:1,name:['erdos20_0'],reward:456.85999999999996,return:tensor([[29360.]], device='cuda:0', dtype=torch.float64)
[[0.99597514 0.99589676 0.9959787  0.9958442  0.9959009  0.995937
  0.9957254  0.99596643 0.99597204 0.9959688  0.99597883 0.99591136
  0.99596345 0.9959687  0.9959551  0.9958748  0.9959501  0.9959471
  0.99594533 0.99593747]]
epoch:0,episode:478,t_rollout:1,name:['erdos20_0'],reward:456.85999999999996,return:tensor([[29360.]], device='cuda:0', dtype=torch.float64)
[[0.96407485 0.96409196 0.96417063 0.96414477 0.96408856 0.9641245
  0.96412283 0.96416134 0.96415824 0.9641524  0.9640902  0.96414083
  0.96414894 0.9641476  0.9641573  0.9641598  0.9639909  0.9641414
  0.9641327  0.96405864]]
epoch:0,episode:479,t_rollout:1,name:['erdos20_0'],reward:425.48,return:tensor([[32498.]], device='cuda:0', dtype=torch.float64)
[[1.0050083 1.0049316 1.0050119 1.0048819 1.0049356 1.0049713 1.0047654
  1.0049999 1.0050055 1.0050023 1.005012  1.0049462 1.004997  1.0050021
  1.0049889 1.0049106 1.004984  1.004981  1.0049793 1.0049714]]
epoch:0,episode:480,t_rollout:1,name:['erdos20_0'],reward:456.85999999999996,return:tensor([[29360.]], device='cuda:0', dtype=torch.float64)
[[0.98483455 0.9848354  0.9849021  0.9849066  0.98483926 0.9849033
  0.9848532  0.9848837  0.98483646 0.98489934 0.98481286 0.98485
  0.98486274 0.98491377 0.98483443 0.9848979  0.9849141  0.9848774
  0.9848682  0.9848626 ]]
epoch:0,episode:481,t_rollout:1,name:['erdos20_0'],reward:460.04,return:tensor([[29042.]], device='cuda:0', dtype=torch.float64)
[[1.0093256 1.0092503 1.0093291 1.0092036 1.0092541 1.0092896 1.0090891
  1.0093174 1.0093228 1.0093197 1.0093293 1.0092648 1.0093145 1.0093195
  1.0093067 1.0092301 1.0093018 1.009299  1.0092971 1.0092895]]
epoch:0,episode:482,t_rollout:1,name:['erdos20_0'],reward:456.85999999999996,return:tensor([[29360.]], device='cuda:0', dtype=torch.float64)
[[0.991745   0.9916703  0.99174845 0.99162513 0.9916742  0.9917096
  0.9915118  0.99173677 0.99174213 0.99173903 0.9917486  0.9916849
  0.991734   0.9917389  0.9917264  0.99165076 0.9917214  0.99171877
  0.99171674 0.99170923]]
epoch:0,episode:483,t_rollout:1,name:['erdos20_0'],reward:456.85999999999996,return:tensor([[29360.]], device='cuda:0', dtype=torch.float64)
[[0.9872637  0.98718965 0.98726714 0.98714596 0.98719347 0.98722875
  0.9870336  0.9872556  0.98726094 0.98725784 0.98726726 0.9872043
  0.98725283 0.9872577  0.9872453  0.98717064 0.9872403  0.9872377
  0.98723567 0.9872283 ]]
epoch:0,episode:484,t_rollout:1,name:['erdos20_0'],reward:456.85999999999996,return:tensor([[29360.]], device='cuda:0', dtype=torch.float64)
[[1.0402895 1.0402162 1.0402929 1.0401736 1.0402199 1.0402551 1.0400627
  1.0402815 1.0402868 1.0402837 1.0402931 1.0402309 1.0402788 1.0402836
  1.0402714 1.0401975 1.0402664 1.0402639 1.0402617 1.0402545]]
epoch:0,episode:485,t_rollout:1,name:['erdos20_0'],reward:456.85999999999996,return:tensor([[29360.]], device='cuda:0', dtype=torch.float64)
[[1.0179322 1.0178596 1.0179355 1.0178185 1.0178633 1.0178982 1.0177081
  1.0179243 1.0179296 1.0179265 1.0179358 1.0178742 1.0179216 1.0179263
  1.0179143 1.0178415 1.0179094 1.0179068 1.0179048 1.0178975]]
epoch:0,episode:486,t_rollout:1,name:['erdos20_0'],reward:456.85999999999996,return:tensor([[29360.]], device='cuda:0', dtype=torch.float64)
[[1.003669  1.003597  1.0036724 1.003557  1.0036007 1.0036355 1.0034478
  1.0036613 1.0036664 1.0036633 1.0036726 1.0036118 1.0036585 1.0036633
  1.0036514 1.0035793 1.0036464 1.003644  1.003642  1.0036347]]
epoch:0,episode:487,t_rollout:1,name:['erdos20_0'],reward:456.85999999999996,return:tensor([[29360.]], device='cuda:0', dtype=torch.float64)
[[0.94655687 0.9464857  0.9465602  0.9464468  0.9464893  0.94652385
  0.9463387  0.94654924 0.94655436 0.94655126 0.94656056 0.94650036
  0.9465466  0.94655126 0.9465396  0.94646823 0.9465346  0.9465322
  0.94653016 0.946523  ]]
epoch:0,episode:488,t_rollout:1,name:['erdos20_0'],reward:456.85999999999996,return:tensor([[29360.]], device='cuda:0', dtype=torch.float64)
[[0.9495157  0.9494451  0.9495189  0.9494074  0.9494487  0.94948304
  0.9493004  0.9495081  0.9495132  0.9495101  0.9495193  0.9494598
  0.94950557 0.9495101  0.94949853 0.949428   0.94949365 0.94949126
  0.94948924 0.9494821 ]]
epoch:0,episode:489,t_rollout:1,name:['erdos20_0'],reward:386.06,return:tensor([[36440.]], device='cuda:0', dtype=torch.float64)
[[0.9989971  0.9989271  0.9990003  0.9988906  0.9989306  0.9989649
  0.99878466 0.9989896  0.9989946  0.9989916  0.99900067 0.9989419
  0.99898696 0.9989916  0.99898016 0.9989105  0.9989753  0.9989729
  0.99897087 0.99896383]]
epoch:0,episode:490,t_rollout:1,name:['erdos20_0'],reward:456.85999999999996,return:tensor([[29360.]], device='cuda:0', dtype=torch.float64)
[[1.0141411 1.0140717 1.0141443 1.0140363 1.0140752 1.0141094 1.0139313
  1.0141337 1.0141387 1.0141356 1.0141445 1.0140865 1.0141312 1.0141356
  1.0141244 1.0140554 1.0141195 1.0141171 1.0141151 1.0141082]]
epoch:0,episode:491,t_rollout:1,name:['erdos20_0'],reward:456.85999999999996,return:tensor([[29360.]], device='cuda:0', dtype=torch.float64)
[[0.98456955 0.98451793 0.9845829  0.9845654  0.98452127 0.9845823
  0.9845344  0.9845898  0.98457706 0.98459065 0.98451865 0.98450744
  0.98452747 0.9845673  0.98457587 0.9845449  0.98455834 0.98458064
  0.9845897  0.9845756 ]]
epoch:0,episode:492,t_rollout:1,name:['erdos20_0'],reward:424.15999999999997,return:tensor([[32630.]], device='cuda:0', dtype=torch.float64)
[[0.9905041  0.99043614 0.9905073  0.9904027  0.99043936 0.9904732
  0.9902997  0.99049693 0.9905017  0.9904987  0.99050754 0.9904508
  0.99049443 0.99049884 0.9904879  0.9904206  0.990483   0.9904807
  0.9904786  0.9904718 ]]
epoch:0,episode:493,t_rollout:1,name:['erdos20_0'],reward:456.85999999999996,return:tensor([[29360.]], device='cuda:0', dtype=torch.float64)
[[1.0103408 1.0102735 1.010344  1.0102409 1.0102767 1.0103104 1.010139
  1.0103338 1.0103385 1.0103356 1.0103444 1.0102884 1.0103313 1.0103357
  1.0103248 1.0102582 1.01032   1.0103178 1.0103157 1.010309 ]]
epoch:0,episode:494,t_rollout:1,name:['erdos20_0'],reward:456.85999999999996,return:tensor([[29360.]], device='cuda:0', dtype=torch.float64)
[[1.0306065 1.0305399 1.0306097 1.0305082 1.030543  1.0305765 1.0304073
  1.0305996 1.0306042 1.0306014 1.0306101 1.0305547 1.0305971 1.0306015
  1.0305908 1.0305248 1.0305859 1.0305837 1.0305816 1.0305749]]
epoch:0,episode:495,t_rollout:1,name:['erdos20_0'],reward:456.85999999999996,return:tensor([[29360.]], device='cuda:0', dtype=torch.float64)
[[0.99229556 0.9922295  0.9922988  0.9921988  0.9922325  0.992266
  0.9920989  0.99228865 0.9922934  0.99229044 0.99229914 0.9922442
  0.99228626 0.99229056 0.99227995 0.99221486 0.9922752  0.99227303
  0.9922709  0.99226433]]
epoch:0,episode:496,t_rollout:1,name:['erdos20_0'],reward:456.85999999999996,return:tensor([[29360.]], device='cuda:0', dtype=torch.float64)
[[1.0220807 1.0220152 1.0220838 1.0219854 1.0220182 1.0220515 1.0218866
  1.0220739 1.0220785 1.0220757 1.0220841 1.02203   1.0220715 1.0220757
  1.0220653 1.0220009 1.0220605 1.0220584 1.0220562 1.0220497]]
epoch:0,episode:497,t_rollout:1,name:['erdos20_0'],reward:456.85999999999996,return:tensor([[29360.]], device='cuda:0', dtype=torch.float64)
[[1.0306664 1.0306014 1.0306695 1.0305724 1.0306044 1.0306375 1.0304747
  1.0306596 1.0306642 1.0306613 1.0306698 1.0306162 1.0306573 1.0306615
  1.0306512 1.0305874 1.0306463 1.0306443 1.0306422 1.0306357]]
epoch:0,episode:498,t_rollout:1,name:['erdos20_0'],reward:456.85999999999996,return:tensor([[29360.]], device='cuda:0', dtype=torch.float64)
[[0.9980024  0.99793816 0.9980055  0.99790996 0.997941   0.99797404
  0.99781317 0.99799585 0.9980004  0.9979975  0.99800587 0.9979528
  0.9979936  0.99799764 0.9979875  0.99792457 0.9979826  0.9979806
  0.99797857 0.99797213]]
epoch:0,episode:499,t_rollout:1,name:['erdos20_0'],reward:456.85999999999996,return:tensor([[29360.]], device='cuda:0', dtype=torch.float64)
Epoch 1/9
----------
[[0.96428233 0.9642187  0.96428543 0.9641912  0.9642214  0.9642543
  0.9640956  0.9642758  0.9642803  0.96427745 0.9642858  0.96423334
  0.9642735  0.96427757 0.9642677  0.96420544 0.9642628  0.96426076
  0.96425873 0.9642523 ]]
epoch:1,episode:0,t_rollout:1,name:['erdos20_0'],reward:456.85999999999996,return:tensor([[29360.]], device='cuda:0', dtype=torch.float64)
[[1.0391334 1.0390704 1.0391365 1.0390437 1.039073  1.0391058 1.038949
  1.039127  1.0391314 1.0391285 1.0391369 1.0390849 1.0391247 1.0391288
  1.0391189 1.0390574 1.0391141 1.0391121 1.03911   1.0391036]]
epoch:1,episode:1,t_rollout:1,name:['erdos20_0'],reward:456.85999999999996,return:tensor([[29360.]], device='cuda:0', dtype=torch.float64)
[[1.023571  1.0235085 1.0235741 1.0234826 1.023511  1.0235437 1.023389
  1.0235647 1.0235691 1.0235662 1.0235745 1.0235231 1.0235624 1.0235665
  1.0235567 1.0234959 1.0235518 1.02355   1.0235479 1.0235416]]
epoch:1,episode:2,t_rollout:1,name:['erdos20_0'],reward:456.85999999999996,return:tensor([[29360.]], device='cuda:0', dtype=torch.float64)
[[1.023783  1.0237211 1.0237861 1.0236958 1.0237236 1.023756  1.0236034
  1.0237767 1.0237811 1.0237783 1.0237864 1.0237356 1.0237745 1.0237784
  1.0237688 1.0237088 1.0237641 1.0237622 1.0237601 1.0237539]]
epoch:1,episode:3,t_rollout:1,name:['erdos20_0'],reward:456.85999999999996,return:tensor([[29360.]], device='cuda:0', dtype=torch.float64)
[[0.98198026 0.9819189  0.98198324 0.9818943  0.98192126 0.9819537
  0.9818028  0.98197395 0.98197836 0.9819755  0.9819836  0.9819333
  0.9819718  0.98197573 0.9819662  0.98190695 0.9819614  0.98195964
  0.9819575  0.9819514 ]]
epoch:1,episode:4,t_rollout:1,name:['erdos20_0'],reward:456.85999999999996,return:tensor([[29360.]], device='cuda:0', dtype=torch.float64)
[[1.0194639 1.0194031 1.0194669 1.019379  1.0194055 1.0194377 1.0192888
  1.0194577 1.019462  1.0194592 1.0194672 1.0194175 1.0194557 1.0194595
  1.0194501 1.0193915 1.0194453 1.0194435 1.0194414 1.0194354]]
epoch:1,episode:5,t_rollout:1,name:['erdos20_0'],reward:456.85999999999996,return:tensor([[29360.]], device='cuda:0', dtype=torch.float64)
[[1.0215682 1.021508  1.0215712 1.0214846 1.0215104 1.0215424 1.0213954
  1.0215621 1.0215664 1.0215636 1.0215716 1.0215224 1.0215601 1.0215639
  1.0215546 1.0214967 1.0215498 1.0215482 1.021546  1.0215399]]
epoch:1,episode:6,t_rollout:1,name:['erdos20_0'],reward:456.85999999999996,return:tensor([[29360.]], device='cuda:0', dtype=torch.float64)
[[0.97555506 0.97549534 0.9755579  0.97547257 0.9754976  0.97552943
  0.9753844  0.975549   0.9755533  0.97555053 0.9755584  0.97550964
  0.97554696 0.97555065 0.9755416  0.9754844  0.9755368  0.97553515
  0.975533   0.97552705]]
epoch:1,episode:7,t_rollout:1,name:['erdos20_0'],reward:456.85999999999996,return:tensor([[29360.]], device='cuda:0', dtype=torch.float64)
[[0.9727184  0.9726593  0.9727214  0.97263724 0.97266144 0.97269326
  0.97255015 0.97271246 0.97271675 0.972714   0.97272176 0.9726735
  0.97271055 0.9727141  0.9727052  0.97264856 0.97270054 0.97269875
  0.9726966  0.97269076]]
epoch:1,episode:8,t_rollout:1,name:['erdos20_0'],reward:387.62,return:tensor([[36284.]], device='cuda:0', dtype=torch.float64)
[[1.0081909 1.0081323 1.0081937 1.0081108 1.0081344 1.008166  1.0080248
  1.0081849 1.0081892 1.0081865 1.0081942 1.0081463 1.008183  1.0081866
  1.0081778 1.0081218 1.0081731 1.0081714 1.0081692 1.0081635]]
epoch:1,episode:9,t_rollout:1,name:['erdos20_0'],reward:456.85999999999996,return:tensor([[29360.]], device='cuda:0', dtype=torch.float64)
[[0.94436556 0.9443076  0.9443684  0.94428664 0.94430953 0.9443411
  0.9442017  0.94435984 0.944364   0.94436127 0.9443689  0.9443216
  0.9443578  0.9443614  0.9443527  0.9442975  0.94434804 0.94434637
  0.9443442  0.9443385 ]]
epoch:1,episode:10,t_rollout:1,name:['erdos20_0'],reward:467.47999999999996,return:tensor([[28298.]], device='cuda:0', dtype=torch.float64)
[[1.0021948 1.0021373 1.0021976 1.0021169 1.0021392 1.0021707 1.0020331
  1.002189  1.0021932 1.0021905 1.0021981 1.0021511 1.0021871 1.0021907
  1.0021821 1.0021276 1.0021774 1.0021758 1.0021737 1.0021679]]
epoch:1,episode:11,t_rollout:1,name:['erdos20_0'],reward:456.85999999999996,return:tensor([[29360.]], device='cuda:0', dtype=torch.float64)
[[1.0495765 1.0495195 1.0495793 1.0494996 1.0495213 1.0495527 1.049417
  1.0495708 1.049575  1.0495722 1.0495797 1.0495332 1.0495689 1.0495723
  1.0495639 1.0495101 1.0495592 1.0495577 1.0495555 1.0495499]]
epoch:1,episode:12,t_rollout:1,name:['erdos20_0'],reward:456.85999999999996,return:tensor([[29360.]], device='cuda:0', dtype=torch.float64)
[[0.9969408  0.9968844  0.99694353 0.996865   0.9968861  0.9969172
  0.99678314 0.9969352  0.99693924 0.9969365  0.996944   0.9968979
  0.9969333  0.99693674 0.9969284  0.9968752  0.99692374 0.9969222
  0.99692005 0.99691445]]
epoch:1,episode:13,t_rollout:1,name:['erdos20_0'],reward:456.85999999999996,return:tensor([[29360.]], device='cuda:0', dtype=torch.float64)
[[1.0120173 1.0119613 1.01202   1.0119424 1.011963  1.011994  1.0118614
  1.0120116 1.0120157 1.0120131 1.0120205 1.0119748 1.0120099 1.0120132
  1.012005  1.0119524 1.0120004 1.0119989 1.0119966 1.0119913]]
epoch:1,episode:14,t_rollout:1,name:['erdos20_0'],reward:456.85999999999996,return:tensor([[29360.]], device='cuda:0', dtype=torch.float64)
[[1.0222319 1.0221766 1.0222347 1.022158  1.022178  1.0222089 1.0220779
  1.0222265 1.0222304 1.0222278 1.0222352 1.0221899 1.0222247 1.022228
  1.0222198 1.0221678 1.0222152 1.0222137 1.0222116 1.0222062]]
epoch:1,episode:15,t_rollout:1,name:['erdos20_0'],reward:456.85999999999996,return:tensor([[29360.]], device='cuda:0', dtype=torch.float64)
[[0.9801881  0.9801331  0.9801908  0.980115   0.98013467 0.9801653
  0.98003566 0.9801826  0.98018664 0.9801839  0.9801913  0.98014635
  0.9801808  0.98018414 0.98017615 0.98012465 0.9801715  0.98016995
  0.9801679  0.98016256]]
epoch:1,episode:16,t_rollout:1,name:['erdos20_0'],reward:454.74,return:tensor([[29572.]], device='cuda:0', dtype=torch.float64)
[[1.0081992 1.0081449 1.008202  1.008127  1.0081462 1.0081768 1.0080487
  1.0081939 1.0081978 1.0081952 1.0082023 1.008158  1.0081921 1.0081954
  1.0081874 1.0081365 1.0081829 1.0081813 1.0081792 1.008174 ]]
epoch:1,episode:17,t_rollout:1,name:['erdos20_0'],reward:456.85999999999996,return:tensor([[29360.]], device='cuda:0', dtype=torch.float64)
[[0.97655016 0.9764963  0.9765529  0.97647876 0.9764976  0.976528
  0.9764013  0.9765448  0.97654873 0.9765461  0.97655326 0.9765093
  0.9765431  0.97654635 0.9765385  0.9764882  0.97653395 0.9765325
  0.9765304  0.9765251 ]]
epoch:1,episode:18,t_rollout:1,name:['erdos20_0'],reward:455.7,return:tensor([[29476.]], device='cuda:0', dtype=torch.float64)
[[0.98194724 0.98189396 0.98194987 0.9818768  0.981895   0.9819253
  0.9818003  0.981942   0.98194593 0.9819432  0.98195034 0.9819067
  0.9819403  0.98194355 0.9819357  0.9818861  0.98193115 0.9819297
  0.9819276  0.98192245]]
epoch:1,episode:19,t_rollout:1,name:['erdos20_0'],reward:456.85999999999996,return:tensor([[29360.]], device='cuda:0', dtype=torch.float64)
[[0.94753313 0.9474802  0.94753575 0.94746363 0.9474814  0.94751155
  0.9473879  0.9475279  0.9475318  0.9475292  0.94753623 0.94749296
  0.9475262  0.94752944 0.9475218  0.9474727  0.9475173  0.94751585
  0.9475137  0.9475086 ]]
epoch:1,episode:20,t_rollout:1,name:['erdos20_0'],reward:458.12,return:tensor([[29234.]], device='cuda:0', dtype=torch.float64)
[[0.9587285  0.95867616 0.95873123 0.9586598  0.9586771  0.9587073
  0.958585   0.9587235  0.9587273  0.9587247  0.9587316  0.9586888
  0.9587218  0.9587249  0.9587173  0.95866877 0.9587129  0.95871145
  0.9587093  0.9587042 ]]
epoch:1,episode:21,t_rollout:1,name:['erdos20_0'],reward:455.7,return:tensor([[29476.]], device='cuda:0', dtype=torch.float64)
[[1.0016407 1.0015888 1.0016433 1.0015728 1.0015898 1.0016196 1.0014988
  1.0016357 1.0016395 1.0016369 1.0016438 1.0016012 1.001634  1.0016371
  1.0016296 1.0015817 1.0016252 1.0016237 1.0016216 1.0016167]]
epoch:1,episode:22,t_rollout:1,name:['erdos20_0'],reward:456.85999999999996,return:tensor([[29360.]], device='cuda:0', dtype=torch.float64)
[[1.0404962 1.0404449 1.0404989 1.0404292 1.0404457 1.0404755 1.0403559
  1.0404912 1.040495  1.0404924 1.0404993 1.0404571 1.0404897 1.0404928
  1.0404854 1.0404379 1.0404809 1.0404795 1.0404774 1.0404725]]
epoch:1,episode:23,t_rollout:1,name:['erdos20_0'],reward:456.85999999999996,return:tensor([[29360.]], device='cuda:0', dtype=torch.float64)
[[1.0188563 1.0188054 1.0188589 1.01879   1.0188061 1.0188358 1.0187178
  1.0188514 1.0188551 1.0188525 1.0188594 1.0188175 1.0188497 1.0188528
  1.0188454 1.0187986 1.018841  1.0188397 1.0188376 1.0188327]]
epoch:1,episode:24,t_rollout:1,name:['erdos20_0'],reward:456.85999999999996,return:tensor([[29360.]], device='cuda:0', dtype=torch.float64)
[[1.0233365 1.0232861 1.023339  1.023271  1.0232867 1.0233161 1.0231996
  1.0233316 1.0233353 1.0233328 1.0233395 1.023298  1.0233301 1.0233331
  1.0233258 1.0232794 1.0233214 1.0233201 1.0233179 1.0233132]]
epoch:1,episode:25,t_rollout:1,name:['erdos20_0'],reward:456.85999999999996,return:tensor([[29360.]], device='cuda:0', dtype=torch.float64)
[[0.97240037 0.9723503  0.9724029  0.9723355  0.9723509  0.9723802
  0.9722649  0.9723955  0.9723992  0.97239655 0.97240335 0.9723622
  0.97239393 0.9723969  0.97238976 0.972344   0.97238535 0.97238404
  0.9723819  0.97237724]]
epoch:1,episode:26,t_rollout:1,name:['erdos20_0'],reward:454.74,return:tensor([[29572.]], device='cuda:0', dtype=torch.float64)
[[0.99145645 0.991407   0.9914591  0.99139243 0.99140745 0.99143666
  0.99132264 0.9914517  0.9914554  0.99145275 0.99145955 0.99141866
  0.99145013 0.9914531  0.9914461  0.9914008  0.99144167 0.99144036
  0.9914383  0.9914337 ]]
epoch:1,episode:27,t_rollout:1,name:['erdos20_0'],reward:456.85999999999996,return:tensor([[29360.]], device='cuda:0', dtype=torch.float64)
[[0.96916705 0.9691779  0.96916944 0.9691816  0.96913487 0.96916395
  0.969155   0.96918315 0.969181   0.96918947 0.9691313  0.96916384
  0.9691619  0.9689322  0.96913487 0.9691835  0.96917695 0.96914476
  0.96918494 0.9691537 ]]
epoch:1,episode:28,t_rollout:1,name:['erdos20_0'],reward:435.16,return:tensor([[31530.]], device='cuda:0', dtype=torch.float64)
[[1.0358554 1.0358069 1.035858  1.0357928 1.0358071 1.0358361 1.0357246
  1.0358508 1.0358545 1.0358518 1.0358584 1.0358183 1.0358493 1.0358522
  1.0358453 1.0358009 1.035841  1.0358397 1.0358375 1.035833 ]]
epoch:1,episode:29,t_rollout:1,name:['erdos20_0'],reward:456.85999999999996,return:tensor([[29360.]], device='cuda:0', dtype=torch.float64)
[[1.0302767 1.0302286 1.0302793 1.0302148 1.0302287 1.0302576 1.0301474
  1.0302721 1.0302757 1.0302731 1.0302796 1.0302399 1.0302706 1.0302734
  1.0302666 1.0302228 1.0302624 1.030261  1.030259  1.0302545]]
epoch:1,episode:30,t_rollout:1,name:['erdos20_0'],reward:456.85999999999996,return:tensor([[29360.]], device='cuda:0', dtype=torch.float64)
[[1.0498958 1.0498481 1.0498983 1.0498345 1.0498481 1.0498768 1.0497676
  1.0498912 1.0498948 1.0498922 1.0498986 1.0498592 1.0498897 1.0498925
  1.0498857 1.0498425 1.0498815 1.0498803 1.0498781 1.0498737]]
epoch:1,episode:31,t_rollout:1,name:['erdos20_0'],reward:456.85999999999996,return:tensor([[29360.]], device='cuda:0', dtype=torch.float64)
[[0.9736675  0.9736203  0.97367    0.97360694 0.9736203  0.9736488
  0.97354096 0.973663   0.97366655 0.97366405 0.9736705  0.97363126
  0.97366154 0.9736644  0.9736577  0.9736148  0.97365344 0.97365224
  0.9736501  0.9736458 ]]
epoch:1,episode:32,t_rollout:1,name:['erdos20_0'],reward:458.12,return:tensor([[29234.]], device='cuda:0', dtype=torch.float64)
[[1.0456818 1.045635  1.0456842 1.0456219 1.0456349 1.0456634 1.0455565
  1.0456773 1.0456809 1.0456784 1.0456847 1.0456458 1.0456759 1.0456787
  1.045672  1.0456296 1.0456679 1.0456666 1.0456645 1.0456603]]
epoch:1,episode:33,t_rollout:1,name:['erdos20_0'],reward:456.85999999999996,return:tensor([[29360.]], device='cuda:0', dtype=torch.float64)
[[1.0233157 1.0232693 1.0233182 1.0232564 1.0232692 1.0232974 1.0231918
  1.0233113 1.0233148 1.0233122 1.0233186 1.02328   1.0233098 1.0233126
  1.0233061 1.0232642 1.0233018 1.0233006 1.0232986 1.0232943]]
epoch:1,episode:34,t_rollout:1,name:['erdos20_0'],reward:456.85999999999996,return:tensor([[29360.]], device='cuda:0', dtype=torch.float64)
[[1.0341291 1.0340831 1.0341315 1.0340704 1.034083  1.034111  1.0340065
  1.0341247 1.0341283 1.0341257 1.034132  1.0340937 1.0341233 1.034126
  1.0341196 1.0340781 1.0341154 1.0341142 1.0341122 1.0341079]]
epoch:1,episode:35,t_rollout:1,name:['erdos20_0'],reward:456.85999999999996,return:tensor([[29360.]], device='cuda:0', dtype=torch.float64)
[[0.99014556 0.9901     0.99014795 0.9900875  0.9900998  0.9901277
  0.99002427 0.9901413  0.99014485 0.9901422  0.9901484  0.9901105
  0.99013984 0.9901426  0.99013627 0.990095   0.990132   0.9901308
  0.99012876 0.9901247 ]]
epoch:1,episode:36,t_rollout:1,name:['erdos20_0'],reward:456.85999999999996,return:tensor([[29360.]], device='cuda:0', dtype=torch.float64)
[[0.9471749  0.9471296  0.9471772  0.9471173  0.94712937 0.94715714
  0.9470547  0.9471705  0.9471741  0.94717145 0.94717765 0.94714
  0.9471692  0.9471719  0.9471656  0.94712484 0.9471613  0.94716024
  0.9471581  0.94715416]]
epoch:1,episode:37,t_rollout:1,name:['erdos20_0'],reward:456.85999999999996,return:tensor([[29360.]], device='cuda:0', dtype=torch.float64)
[[0.99160904 0.9915642  0.9916114  0.9915522  0.991564   0.9915915
  0.9914901  0.99160475 0.9916083  0.9916057  0.9916119  0.99157447
  0.99160343 0.9916062  0.99159986 0.99155957 0.9915957  0.9915946
  0.99159247 0.99158853]]
epoch:1,episode:38,t_rollout:1,name:['erdos20_0'],reward:456.85999999999996,return:tensor([[29360.]], device='cuda:0', dtype=torch.float64)
[[1.0284497 1.0284052 1.0284519 1.0283931 1.0284047 1.0284323 1.0283319
  1.0284454 1.0284488 1.0284463 1.0284524 1.0284152 1.028444  1.0284467
  1.0284405 1.0284005 1.0284363 1.0284352 1.0284331 1.0284293]]
epoch:1,episode:39,t_rollout:1,name:['erdos20_0'],reward:456.85999999999996,return:tensor([[29360.]], device='cuda:0', dtype=torch.float64)
[[0.9572539  0.95733184 0.9573291  0.95728606 0.9572974  0.9573247
  0.9572999  0.9573377  0.95734113 0.95733863 0.95731956 0.9573298
  0.957344   0.9572924  0.95734125 0.9573391  0.9573439  0.9572777
  0.9573255  0.9573342 ]]
epoch:1,episode:40,t_rollout:1,name:['erdos20_0'],reward:420.47999999999996,return:tensor([[32998.]], device='cuda:0', dtype=torch.float64)
[[0.9723872  0.9723437  0.97238946 0.972332   0.9723431  0.97237027
  0.97227186 0.972383   0.9723865  0.972384   0.97238994 0.97235346
  0.9723817  0.97238433 0.97237825 0.9723393  0.9723742  0.9723731
  0.972371   0.9723673 ]]
epoch:1,episode:41,t_rollout:1,name:['erdos20_0'],reward:456.85999999999996,return:tensor([[29360.]], device='cuda:0', dtype=torch.float64)
[[1.0203933 1.0203501 1.0203956 1.0203387 1.0203494 1.0203766 1.0202792
  1.0203892 1.0203927 1.0203902 1.0203961 1.0203598 1.0203879 1.0203905
  1.0203846 1.0203458 1.0203805 1.0203793 1.0203773 1.0203736]]
epoch:1,episode:42,t_rollout:1,name:['erdos20_0'],reward:456.85999999999996,return:tensor([[29360.]], device='cuda:0', dtype=torch.float64)
[[1.0001377 1.0000949 1.00014   1.0000836 1.0000942 1.0001211 1.0000249
  1.0001336 1.000137  1.0001345 1.0001404 1.0001044 1.0001323 1.000135
  1.000129  1.0000907 1.0001249 1.0001239 1.0001218 1.0001181]]
epoch:1,episode:43,t_rollout:1,name:['erdos20_0'],reward:456.85999999999996,return:tensor([[29360.]], device='cuda:0', dtype=torch.float64)
[[1.0083942 1.0083518 1.0083965 1.0083406 1.008351  1.0083778 1.0082823
  1.0083902 1.0083935 1.008391  1.008397  1.0083612 1.0083889 1.0083915
  1.0083857 1.0083476 1.0083816 1.0083804 1.0083784 1.0083748]]
epoch:1,episode:44,t_rollout:1,name:['erdos20_0'],reward:456.85999999999996,return:tensor([[29360.]], device='cuda:0', dtype=torch.float64)
[[0.99670345 0.9967138  0.9967298  0.99672097 0.9966869  0.9967182
  0.9966995  0.99671453 0.99673015 0.9967324  0.9966845  0.9966971
  0.9967331  0.99669343 0.99672776 0.99670655 0.99671274 0.99669665
  0.996726   0.9967268 ]]
epoch:1,episode:45,t_rollout:1,name:['erdos20_0'],reward:447.90000000000003,return:tensor([[30256.]], device='cuda:0', dtype=torch.float64)
[[0.98221594 0.9821742  0.9822182  0.9821635  0.9821734  0.98219985
  0.98210645 0.982212   0.98221534 0.98221284 0.9822187  0.9821835
  0.9822108  0.9822133  0.9822075  0.9821704  0.98220354 0.9822025
  0.98220044 0.982197  ]]
epoch:1,episode:46,t_rollout:1,name:['erdos20_0'],reward:456.85999999999996,return:tensor([[29360.]], device='cuda:0', dtype=torch.float64)
[[1.0218617 1.0218203 1.0218639 1.0218097 1.0218194 1.0218458 1.0217532
  1.0218579 1.0218612 1.0218587 1.0218644 1.0218294 1.0218565 1.0218592
  1.0218533 1.0218166 1.0218494 1.0218483 1.0218463 1.021843 ]]
epoch:1,episode:47,t_rollout:1,name:['erdos20_0'],reward:456.85999999999996,return:tensor([[29360.]], device='cuda:0', dtype=torch.float64)
[[1.000295  1.0002539 1.0002972 1.0002434 1.000253  1.0002792 1.0001875
  1.0002911 1.0002944 1.000292  1.0002977 1.000263  1.0002899 1.0002924
  1.0002867 1.0002503 1.0002829 1.0002817 1.0002797 1.0002763]]
epoch:1,episode:48,t_rollout:1,name:['erdos20_0'],reward:456.85999999999996,return:tensor([[29360.]], device='cuda:0', dtype=torch.float64)
[[1.0128955 1.0128548 1.0128976 1.0128443 1.0128537 1.0128798 1.012789
  1.0128917 1.0128949 1.0128925 1.0128981 1.0128636 1.0128903 1.0128928
  1.0128872 1.0128511 1.0128834 1.0128822 1.0128803 1.012877 ]]
epoch:1,episode:49,t_rollout:1,name:['erdos20_0'],reward:456.85999999999996,return:tensor([[29360.]], device='cuda:0', dtype=torch.float64)
[[1.0206935 1.0206532 1.0206957 1.020643  1.0206522 1.0206782 1.0205883
  1.0206897 1.0206931 1.0206906 1.0206962 1.020662  1.0206885 1.020691
  1.0206854 1.0206498 1.0206816 1.0206805 1.0206785 1.0206753]]
epoch:1,episode:50,t_rollout:1,name:['erdos20_0'],reward:456.85999999999996,return:tensor([[29360.]], device='cuda:0', dtype=torch.float64)
[[0.9993136  0.99927354 0.99931574 0.9992635  0.99927247 0.99929833
  0.9992093  0.9993098  0.9993131  0.9993106  0.9993162  0.99928224
  0.9993086  0.9993111  0.9993056  0.9992702  0.9993018  0.9993006
  0.9992987  0.9992955 ]]
epoch:1,episode:51,t_rollout:1,name:['erdos20_0'],reward:456.85999999999996,return:tensor([[29360.]], device='cuda:0', dtype=torch.float64)
[[0.96890134 0.96886164 0.9689035  0.96885175 0.96886045 0.9688862
  0.9687981  0.96889764 0.96890086 0.96889836 0.96890396 0.9688702
  0.96889645 0.96889883 0.96889347 0.9688584  0.96888965 0.9688886
  0.96888655 0.96888345]]
epoch:1,episode:52,t_rollout:1,name:['erdos20_0'],reward:456.85999999999996,return:tensor([[29360.]], device='cuda:0', dtype=torch.float64)
[[0.99031085 0.9902715  0.990313   0.99026173 0.9902703  0.9902958
  0.99020857 0.99030715 0.9903104  0.99030787 0.9903135  0.99028
  0.99030596 0.99030846 0.990303   0.9902683  0.9902993  0.9902981
  0.9902962  0.9902931 ]]
epoch:1,episode:53,t_rollout:1,name:['erdos20_0'],reward:456.85999999999996,return:tensor([[29360.]], device='cuda:0', dtype=torch.float64)
[[0.9970439  0.9970049  0.99704605 0.9969953  0.9970036  0.9970291
  0.9969427  0.99704033 0.99704355 0.99704105 0.99704653 0.9970133
  0.99703914 0.9970415  0.99703616 0.9970018  0.99703246 0.9970313
  0.99702936 0.9970264 ]]
epoch:1,episode:54,t_rollout:1,name:['erdos20_0'],reward:456.85999999999996,return:tensor([[29360.]], device='cuda:0', dtype=torch.float64)
[[1.0327309 1.0326922 1.032733  1.0326827 1.0326909 1.0327163 1.0326307
  1.0327274 1.0327306 1.0327281 1.0327334 1.0327005 1.0327262 1.0327286
  1.0327233 1.0326892 1.0327195 1.0327184 1.0327165 1.0327135]]
epoch:1,episode:55,t_rollout:1,name:['erdos20_0'],reward:456.85999999999996,return:tensor([[29360.]], device='cuda:0', dtype=torch.float64)
[[1.0293212 1.0292828 1.0293233 1.0292734 1.0292815 1.0293067 1.0292219
  1.0293176 1.0293208 1.0293183 1.0293237 1.029291  1.0293164 1.0293189
  1.0293136 1.02928   1.0293099 1.0293088 1.0293069 1.029304 ]]
epoch:1,episode:56,t_rollout:1,name:['erdos20_0'],reward:456.85999999999996,return:tensor([[29360.]], device='cuda:0', dtype=torch.float64)
[[1.0185506 1.0185126 1.0185527 1.0185033 1.0185112 1.0185362 1.0184523
  1.018547  1.0185503 1.0185478 1.0185531 1.0185207 1.0185459 1.0185484
  1.0185431 1.0185097 1.0185394 1.0185384 1.0185364 1.0185336]]
epoch:1,episode:57,t_rollout:1,name:['erdos20_0'],reward:456.85999999999996,return:tensor([[29360.]], device='cuda:0', dtype=torch.float64)
[[0.99353683 0.99349904 0.99353886 0.99349    0.9934976  0.99352264
  0.99343956 0.99353325 0.9935365  0.9935341  0.99353933 0.99350715
  0.9935322  0.99353456 0.99352944 0.9934963  0.99352574 0.9935247
  0.99352276 0.9935199 ]]
epoch:1,episode:58,t_rollout:1,name:['erdos20_0'],reward:453.08,return:tensor([[29738.]], device='cuda:0', dtype=torch.float64)
[[1.0006913 1.0006539 1.0006933 1.0006449 1.0006524 1.0006772 1.0005949
  1.0006878 1.0006909 1.0006886 1.0006938 1.0006617 1.0006866 1.000689
  1.0006839 1.0006511 1.0006803 1.0006793 1.0006773 1.0006745]]
epoch:1,episode:59,t_rollout:1,name:['erdos20_0'],reward:456.85999999999996,return:tensor([[29360.]], device='cuda:0', dtype=torch.float64)
[[0.9613423  0.9613051  0.9613443  0.96129614 0.96130365 0.9613282
  0.9612468  0.9613388  0.9613419  0.96133953 0.96134466 0.96131295
  0.9613376  0.96134    0.961335   0.96130246 0.9613313  0.96133024
  0.9613283  0.9613257 ]]
epoch:1,episode:60,t_rollout:1,name:['erdos20_0'],reward:456.85999999999996,return:tensor([[29360.]], device='cuda:0', dtype=torch.float64)
[[1.0273384 1.0273015 1.0273404 1.0272927 1.0273    1.0273246 1.0272437
  1.0273349 1.027338  1.0273356 1.0273408 1.0273093 1.0273339 1.0273362
  1.0273311 1.027299  1.0273275 1.0273265 1.0273247 1.0273219]]
epoch:1,episode:61,t_rollout:1,name:['erdos20_0'],reward:456.85999999999996,return:tensor([[29360.]], device='cuda:0', dtype=torch.float64)
[[0.9951319  0.9950953  0.9951338  0.9950867  0.99509376 0.9951182
  0.9950382  0.99512845 0.99513155 0.99512917 0.9951343  0.99510294
  0.9951274  0.99512964 0.99512476 0.9950928  0.9951212  0.9951201
  0.9951182  0.9951156 ]]
epoch:1,episode:62,t_rollout:1,name:['erdos20_0'],reward:456.85999999999996,return:tensor([[29360.]], device='cuda:0', dtype=torch.float64)
[[0.9652764  0.9652402  0.9652783  0.9652316  0.9652385  0.96526283
  0.9651837  0.96527296 0.9652762  0.9652737  0.9652788  0.9652477
  0.9652719  0.9652743  0.96526927 0.9652378  0.9652658  0.96526474
  0.96526283 0.9652602 ]]
epoch:1,episode:63,t_rollout:1,name:['erdos20_0'],reward:447.09999999999997,return:tensor([[30336.]], device='cuda:0', dtype=torch.float64)
[[0.96893734 0.9689681  0.9689761  0.96895736 0.9689389  0.9689781
  0.96835786 0.9689607  0.9689767  0.9689799  0.96894675 0.9689664
  0.968973   0.9689377  0.96897477 0.9689744  0.9689608  0.9689353
  0.96896464 0.9689304 ]]
epoch:1,episode:64,t_rollout:1,name:['erdos20_0'],reward:438.28000000000003,return:tensor([[31218.]], device='cuda:0', dtype=torch.float64)
[[1.0244586 1.024423  1.0244606 1.0244148 1.0244213 1.0244453 1.0243679
  1.0244553 1.0244584 1.024456  1.024461  1.0244304 1.0244542 1.0244566
  1.0244517 1.0244209 1.0244483 1.0244472 1.0244454 1.0244428]]
epoch:1,episode:65,t_rollout:1,name:['erdos20_0'],reward:456.85999999999996,return:tensor([[29360.]], device='cuda:0', dtype=torch.float64)
[[1.0020069 1.0019715 1.0020088 1.0019634 1.0019698 1.0019937 1.001917
  1.0020036 1.0020066 1.0020043 1.0020093 1.0019788 1.0020025 1.0020049
  1.002     1.0019695 1.0019966 1.0019954 1.0019937 1.0019912]]
epoch:1,episode:66,t_rollout:1,name:['erdos20_0'],reward:456.85999999999996,return:tensor([[29360.]], device='cuda:0', dtype=torch.float64)
[[0.9765562  0.976521   0.9765581  0.9765129  0.97651935 0.97654307
  0.976467   0.97655284 0.97655594 0.97655356 0.97655845 0.9765283
  0.9765518  0.97655416 0.9765494  0.976519   0.97654593 0.97654486
  0.97654307 0.97654057]]
epoch:1,episode:67,t_rollout:1,name:['erdos20_0'],reward:456.85999999999996,return:tensor([[29360.]], device='cuda:0', dtype=torch.float64)
[[0.95905656 0.9590216  0.95905834 0.95901376 0.95901996 0.95904356
  0.9589682  0.95905334 0.9590563  0.95905393 0.9590588  0.9590288
  0.95905226 0.9590545  0.95904976 0.9590197  0.9590464  0.95904523
  0.95904356 0.95904106]]
epoch:1,episode:68,t_rollout:1,name:['erdos20_0'],reward:467.47999999999996,return:tensor([[28298.]], device='cuda:0', dtype=torch.float64)
[[1.0082173 1.0081828 1.0082191 1.0081749 1.008181  1.0082045 1.0081297
  1.0082141 1.0082172 1.0082147 1.0082196 1.0081898 1.008213  1.0082153
  1.0082107 1.0081809 1.0082073 1.0082061 1.0082045 1.0082021]]
epoch:1,episode:69,t_rollout:1,name:['erdos20_0'],reward:456.85999999999996,return:tensor([[29360.]], device='cuda:0', dtype=torch.float64)
[[1.0047208 1.0046865 1.0047226 1.0046787 1.0046848 1.004708  1.0046341
  1.0047176 1.0047207 1.0047182 1.0047231 1.0046934 1.0047165 1.0047188
  1.0047141 1.0046847 1.0047109 1.0047097 1.0047079 1.0047057]]
epoch:1,episode:70,t_rollout:1,name:['erdos20_0'],reward:456.85999999999996,return:tensor([[29360.]], device='cuda:0', dtype=torch.float64)
[[0.99252695 0.99249274 0.99252874 0.9924851  0.99249107 0.9925143
  0.992441   0.9925237  0.9925267  0.9925243  0.9925292  0.99249977
  0.99252266 0.9925249  0.9925203  0.99249107 0.99251705 0.99251586
  0.9925142  0.9925118 ]]
epoch:1,episode:71,t_rollout:1,name:['erdos20_0'],reward:456.85999999999996,return:tensor([[29360.]], device='cuda:0', dtype=torch.float64)
[[1.0018253 1.0017916 1.0018272 1.001784  1.0017898 1.0018129 1.0017403
  1.0018222 1.0018252 1.0018228 1.0018276 1.0017984 1.0018212 1.0018234
  1.0018189 1.0017899 1.0018156 1.0018145 1.0018128 1.0018104]]
epoch:1,episode:72,t_rollout:1,name:['erdos20_0'],reward:456.85999999999996,return:tensor([[29360.]], device='cuda:0', dtype=torch.float64)
[[0.97136056 0.9713688  0.9713628  0.97137165 0.9713372  0.9713601
  0.9713526  0.97137225 0.9713707  0.9713768  0.971336   0.9713584
  0.9713595  0.9711943  0.97133934 0.9713726  0.97136784 0.97134626
  0.97137344 0.97135234]]
epoch:1,episode:73,t_rollout:1,name:['erdos20_0'],reward:366.84000000000003,return:tensor([[38362.]], device='cuda:0', dtype=torch.float64)
epoch:1,episode:74,t_rollout:1,name:['erdos20_0'],reward:447.09999999999997,return:tensor([[30336.]], device='cuda:0', dtype=torch.float64)
[[1.0189993 1.0189663 1.0190011 1.018959  1.0189645 1.0189872 1.0189166
  1.0189962 1.0189993 1.0189968 1.0190016 1.018973  1.0189953 1.0189976
  1.018993  1.0189648 1.0189899 1.0189887 1.018987  1.0189849]]
epoch:1,episode:75,t_rollout:1,name:['erdos20_0'],reward:456.85999999999996,return:tensor([[29360.]], device='cuda:0', dtype=torch.float64)
[[0.9630689  0.96307975 0.9630906  0.9630918  0.9630558  0.9630917
  0.96298474 0.96308416 0.9630887  0.9630936  0.96305424 0.96307284
  0.963075   0.96308416 0.9630653  0.96305615 0.96308905 0.9630529
  0.9630875  0.9630839 ]]
epoch:1,episode:76,t_rollout:1,name:['erdos20_0'],reward:430.1,return:tensor([[32036.]], device='cuda:0', dtype=torch.float64)
[[0.99480134 0.9947687  0.994803   0.99476165 0.9947669  0.9947893
  0.99472016 0.99479824 0.9948012  0.99479884 0.9948035  0.99477524
  0.9947973  0.99479944 0.99479514 0.99476737 0.9947919  0.99479073
  0.9947892  0.99478704]]
epoch:1,episode:77,t_rollout:1,name:['erdos20_0'],reward:456.85999999999996,return:tensor([[29360.]], device='cuda:0', dtype=torch.float64)
[[0.9835822  0.98359627 0.9836121  0.9836113  0.98359436 0.98362345
  0.9836106  0.9836282  0.983604   0.9836238  0.9836182  0.9836027
  0.98361975 0.9836244  0.98362416 0.98362714 0.98362464 0.9835978
  0.98363036 0.9836144 ]]
epoch:1,episode:78,t_rollout:1,name:['erdos20_0'],reward:418.18,return:tensor([[33228.]], device='cuda:0', dtype=torch.float64)
[[0.98823476 0.9882026  0.9882364  0.9881958  0.9882008  0.98822296
  0.9881551  0.9882318  0.98823464 0.9882324  0.9882369  0.988209
  0.9882307  0.988233   0.9882287  0.9882014  0.9882256  0.9882244
  0.98822284 0.9882207 ]]
epoch:1,episode:79,t_rollout:1,name:['erdos20_0'],reward:412.09999999999997,return:tensor([[33836.]], device='cuda:0', dtype=torch.float64)
[[0.9974137  0.99738187 0.99741536 0.9973751  0.99737996 0.997402
  0.9973348  0.9974107  0.9974137  0.9974113  0.99741584 0.9973882
  0.99740976 0.9974119  0.9974076  0.9973807  0.99740463 0.99740344
  0.9974019  0.99739987]]
epoch:1,episode:80,t_rollout:1,name:['erdos20_0'],reward:456.85999999999996,return:tensor([[29360.]], device='cuda:0', dtype=torch.float64)
[[1.0075549 1.0075232 1.0075566 1.0075165 1.0075214 1.0075433 1.0074768
  1.0075519 1.0075548 1.0075525 1.0075569 1.0075295 1.007551  1.0075531
  1.0075488 1.0075221 1.0075458 1.0075446 1.0075431 1.0075411]]
epoch:1,episode:81,t_rollout:1,name:['erdos20_0'],reward:456.85999999999996,return:tensor([[29360.]], device='cuda:0', dtype=torch.float64)