Set parameter Username
Academic license - for non-commercial use only - expires 2024-09-17
Set parameter TimeLimit to value 5
Epoch 0/9
----------
epoch:0,episode:0,t_rollout:99,name:['erdos30_0', 'erdos30_1', 'erdos30_2', 'erdos30_3', 'erdos30_4', 'erdos30_5', 'erdos30_6', 'erdos30_7', 'erdos30_8', 'erdos30_9', 'erdos30_10', 'erdos30_11', 'erdos30_12', 'erdos30_13', 'erdos30_14', 'erdos30_15'],reward:tensor([[107718.],
        [ 94068.],
        [103810.],
        [105970.],
        [128018.],
        [ 91500.],
        [127596.],
        [ 92884.],
        [119950.],
        [ 99912.],
        [106810.],
        [110858.],
        [128084.],
        [130850.],
        [104460.],
        [134812.]], device='cuda:0', dtype=torch.float64)
epoch:0,episode:1,t_rollout:99,name:['erdos30_16', 'erdos30_17', 'erdos30_18', 'erdos30_19', 'erdos30_20', 'erdos30_21', 'erdos30_22', 'erdos30_23', 'erdos30_24', 'erdos30_25', 'erdos30_26', 'erdos30_27', 'erdos30_28', 'erdos30_29', 'erdos30_30', 'erdos30_31'],reward:tensor([[123438.],
        [ 87814.],
        [107546.],
        [116342.],
        [ 99574.],
        [105442.],
        [111900.],
        [115702.],
        [114472.],
        [134190.],
        [119006.],
        [ 88372.],
        [112102.],
        [ 93536.],
        [ 90098.],
        [ 97586.]], device='cuda:0', dtype=torch.float64)
epoch:0,episode:2,t_rollout:99,name:['erdos30_32', 'erdos30_33', 'erdos30_34', 'erdos30_35', 'erdos30_36', 'erdos30_37', 'erdos30_38', 'erdos30_39', 'erdos30_40', 'erdos30_41', 'erdos30_42', 'erdos30_43', 'erdos30_44', 'erdos30_45', 'erdos30_46', 'erdos30_47'],reward:tensor([[ 96650.],
        [102688.],
        [125392.],
        [133166.],
        [105414.],
        [ 87052.],
        [102728.],
        [100288.],
        [128660.],
        [117728.],
        [113180.],
        [123014.],
        [ 93694.],
        [115196.],
        [ 94636.],
        [104908.]], device='cuda:0', dtype=torch.float64)
epoch:0,episode:3,t_rollout:99,name:['erdos30_48', 'erdos30_49', 'erdos30_50', 'erdos30_51', 'erdos30_52', 'erdos30_53', 'erdos30_54', 'erdos30_55', 'erdos30_56', 'erdos30_57', 'erdos30_58', 'erdos30_59', 'erdos30_60', 'erdos30_61', 'erdos30_62', 'erdos30_63'],reward:tensor([[106772.],
        [132476.],
        [ 96364.],
        [ 99980.],
        [ 98836.],
        [128498.],
        [ 99548.],
        [131796.],
        [106436.],
        [112700.],
        [ 74424.],
        [102842.],
        [119678.],
        [102750.],
        [137372.],
        [112718.]], device='cuda:0', dtype=torch.float64)
epoch:0,episode:4,t_rollout:99,name:['erdos30_64', 'erdos30_65', 'erdos30_66', 'erdos30_67', 'erdos30_68', 'erdos30_69', 'erdos30_70', 'erdos30_71', 'erdos30_72', 'erdos30_73', 'erdos30_74', 'erdos30_75', 'erdos30_76', 'erdos30_77', 'erdos30_78', 'erdos30_79'],reward:tensor([[131598.],
        [108814.],
        [ 96066.],
        [113762.],
        [107310.],
        [103462.],
        [107708.],
        [ 95032.],
        [119158.],
        [103686.],
        [ 97826.],
        [ 96368.],
        [104840.],
        [115646.],
        [108696.],
        [135106.]], device='cuda:0', dtype=torch.float64)
epoch:0,episode:5,t_rollout:99,name:['erdos30_80', 'erdos30_81', 'erdos30_82', 'erdos30_83', 'erdos30_84', 'erdos30_85', 'erdos30_86', 'erdos30_87', 'erdos30_88', 'erdos30_89', 'erdos30_90', 'erdos30_91', 'erdos30_92', 'erdos30_93', 'erdos30_94', 'erdos30_95'],reward:tensor([[115498.],
        [108840.],
        [101582.],
        [ 87352.],
        [ 78132.],
        [111652.],
        [109420.],
        [122010.],
        [102582.],
        [121736.],
        [ 83358.],
        [103848.],
        [103734.],
        [111598.],
        [133584.],
        [118008.]], device='cuda:0', dtype=torch.float64)
epoch:0,episode:6,t_rollout:99,name:['erdos30_96', 'erdos30_97', 'erdos30_98', 'erdos30_99', 'erdos30_100', 'erdos30_101', 'erdos30_102', 'erdos30_103', 'erdos30_104', 'erdos30_105', 'erdos30_106', 'erdos30_107', 'erdos30_108', 'erdos30_109', 'erdos30_110', 'erdos30_111'],reward:tensor([[120464.],
        [107606.],
        [141864.],
        [110106.],
        [104926.],
        [103138.],
        [110612.],
        [101864.],
        [100030.],
        [117236.],
        [111288.],
        [ 87280.],
        [108350.],
        [105806.],
        [ 82214.],
        [110278.]], device='cuda:0', dtype=torch.float64)
epoch:0,episode:7,t_rollout:99,name:['erdos30_112', 'erdos30_113', 'erdos30_114', 'erdos30_115', 'erdos30_116', 'erdos30_117', 'erdos30_118', 'erdos30_119', 'erdos30_120', 'erdos30_121', 'erdos30_122', 'erdos30_123', 'erdos30_124', 'erdos30_125', 'erdos30_126', 'erdos30_127'],reward:tensor([[ 96446.],
        [101784.],
        [111314.],
        [121360.],
        [115654.],
        [ 85536.],
        [114138.],
        [ 98702.],
        [115984.],
        [ 89506.],
        [ 92446.],
        [ 84890.],
        [ 96808.],
        [139178.],
        [ 97650.],
        [ 86286.]], device='cuda:0', dtype=torch.float64)
epoch:0,episode:8,t_rollout:99,name:['erdos30_128', 'erdos30_129', 'erdos30_130', 'erdos30_131', 'erdos30_132', 'erdos30_133', 'erdos30_134', 'erdos30_135', 'erdos30_136', 'erdos30_137', 'erdos30_138', 'erdos30_139', 'erdos30_140', 'erdos30_141', 'erdos30_142', 'erdos30_143'],reward:tensor([[ 93142.],
        [113912.],
        [112652.],
        [101882.],
        [108908.],
        [ 87782.],
        [ 87966.],
        [105538.],
        [ 97730.],
        [106210.],
        [115978.],
        [ 86254.],
        [112454.],
        [107074.],
        [106532.],
        [103582.]], device='cuda:0', dtype=torch.float64)
epoch:0,episode:9,t_rollout:99,name:['erdos30_144', 'erdos30_145', 'erdos30_146', 'erdos30_147', 'erdos30_148', 'erdos30_149', 'erdos30_150', 'erdos30_151', 'erdos30_152', 'erdos30_153', 'erdos30_154', 'erdos30_155', 'erdos30_156', 'erdos30_157', 'erdos30_158', 'erdos30_159'],reward:tensor([[101868.],
        [113576.],
        [106570.],
        [130752.],
        [139084.],
        [ 94484.],
        [141486.],
        [103940.],
        [115498.],
        [ 99736.],
        [102246.],
        [ 98550.],
        [105182.],
        [108252.],
        [ 83072.],
        [ 92650.]], device='cuda:0', dtype=torch.float64)
epoch:0,episode:10,t_rollout:99,name:['erdos30_160', 'erdos30_161', 'erdos30_162', 'erdos30_163', 'erdos30_164', 'erdos30_165', 'erdos30_166', 'erdos30_167', 'erdos30_168', 'erdos30_169', 'erdos30_170', 'erdos30_171', 'erdos30_172', 'erdos30_173', 'erdos30_174', 'erdos30_175'],reward:tensor([[116932.],
        [105800.],
        [129952.],
        [101210.],
        [125392.],
        [ 95694.],
        [ 87896.],
        [106216.],
        [111188.],
        [117040.],
        [111706.],
        [113426.],
        [108758.],
        [119100.],
        [126932.],
        [101748.]], device='cuda:0', dtype=torch.float64)
epoch:0,episode:11,t_rollout:99,name:['erdos30_176', 'erdos30_177', 'erdos30_178', 'erdos30_179', 'erdos30_180', 'erdos30_181', 'erdos30_182', 'erdos30_183', 'erdos30_184', 'erdos30_185', 'erdos30_186', 'erdos30_187', 'erdos30_188', 'erdos30_189', 'erdos30_190', 'erdos30_191'],reward:tensor([[ 98158.],
        [132504.],
        [ 98142.],
        [ 98868.],
        [117988.],
        [107526.],
        [101302.],
        [ 86548.],
        [ 96228.],
        [ 95382.],
        [123276.],
        [114386.],
        [109220.],
        [ 92800.],
        [ 98104.],
        [ 88206.]], device='cuda:0', dtype=torch.float64)
epoch:0,episode:12,t_rollout:99,name:['erdos30_192', 'erdos30_193', 'erdos30_194', 'erdos30_195', 'erdos30_196', 'erdos30_197', 'erdos30_198', 'erdos30_199', 'erdos30_200', 'erdos30_201', 'erdos30_202', 'erdos30_203', 'erdos30_204', 'erdos30_205', 'erdos30_206', 'erdos30_207'],reward:tensor([[126596.],
        [107412.],
        [112518.],
        [ 86500.],
        [127302.],
        [134856.],
        [106816.],
        [ 94694.],
        [114668.],
        [122816.],
        [100394.],
        [118100.],
        [108606.],
        [105616.],
        [ 91788.],
        [109228.]], device='cuda:0', dtype=torch.float64)
epoch:0,episode:13,t_rollout:99,name:['erdos30_208', 'erdos30_209', 'erdos30_210', 'erdos30_211', 'erdos30_212', 'erdos30_213', 'erdos30_214', 'erdos30_215', 'erdos30_216', 'erdos30_217', 'erdos30_218', 'erdos30_219', 'erdos30_220', 'erdos30_221', 'erdos30_222', 'erdos30_223'],reward:tensor([[126196.],
        [110596.],
        [122910.],
        [111982.],
        [110044.],
        [ 77684.],
        [108714.],
        [ 99500.],
        [100922.],
        [ 96808.],
        [105406.],
        [110334.],
        [112076.],
        [124258.],
        [119278.],
        [ 89796.]], device='cuda:0', dtype=torch.float64)
epoch:0,episode:14,t_rollout:99,name:['erdos30_224', 'erdos30_225', 'erdos30_226', 'erdos30_227', 'erdos30_228', 'erdos30_229', 'erdos30_230', 'erdos30_231', 'erdos30_232', 'erdos30_233', 'erdos30_234', 'erdos30_235', 'erdos30_236', 'erdos30_237', 'erdos30_238', 'erdos30_239'],reward:tensor([[108694.],
        [ 98566.],
        [105962.],
        [112106.],
        [ 99612.],
        [123084.],
        [109480.],
        [121340.],
        [115054.],
        [ 79220.],
        [110826.],
        [103692.],
        [117114.],
        [108344.],
        [109156.],
        [115354.]], device='cuda:0', dtype=torch.float64)
epoch:0,episode:15,t_rollout:99,name:['erdos30_240', 'erdos30_241', 'erdos30_242', 'erdos30_243', 'erdos30_244', 'erdos30_245', 'erdos30_246', 'erdos30_247', 'erdos30_248', 'erdos30_249', 'erdos30_250', 'erdos30_251', 'erdos30_252', 'erdos30_253', 'erdos30_254', 'erdos30_255'],reward:tensor([[101824.],
        [132944.],
        [122708.],
        [113716.],
        [108932.],
        [ 86636.],
        [112196.],
        [115080.],
        [107630.],
        [106580.],
        [ 99352.],
        [128266.],
        [110924.],
        [ 98670.],
        [105418.],
        [111492.]], device='cuda:0', dtype=torch.float64)
epoch:0,episode:16,t_rollout:99,name:['erdos30_256', 'erdos30_257', 'erdos30_258', 'erdos30_259', 'erdos30_260', 'erdos30_261', 'erdos30_262', 'erdos30_263', 'erdos30_264', 'erdos30_265', 'erdos30_266', 'erdos30_267', 'erdos30_268', 'erdos30_269', 'erdos30_270', 'erdos30_271'],reward:tensor([[119678.],
        [103314.],
        [111956.],
        [102672.],
        [ 95794.],
        [103110.],
        [135084.],
        [ 94020.],
        [112682.],
        [102928.],
        [127776.],
        [ 95984.],
        [129988.],
        [ 84670.],
        [100756.],
        [ 99012.]], device='cuda:0', dtype=torch.float64)
epoch:0,episode:17,t_rollout:99,name:['erdos30_272', 'erdos30_273', 'erdos30_274', 'erdos30_275', 'erdos30_276', 'erdos30_277', 'erdos30_278', 'erdos30_279', 'erdos30_280', 'erdos30_281', 'erdos30_282', 'erdos30_283', 'erdos30_284', 'erdos30_285', 'erdos30_286', 'erdos30_287'],reward:tensor([[ 95952.],
        [116552.],
        [104864.],
        [ 93090.],
        [ 99794.],
        [110944.],
        [ 98690.],
        [ 96090.],
        [134348.],
        [ 89554.],
        [100774.],
        [128404.],
        [111916.],
        [113772.],
        [ 91644.],
        [ 88212.]], device='cuda:0', dtype=torch.float64)
epoch:0,episode:18,t_rollout:99,name:['erdos30_288', 'erdos30_289', 'erdos30_290', 'erdos30_291', 'erdos30_292', 'erdos30_293', 'erdos30_294', 'erdos30_295', 'erdos30_296', 'erdos30_297', 'erdos30_298', 'erdos30_299', 'erdos30_300', 'erdos30_301', 'erdos30_302', 'erdos30_303'],reward:tensor([[127454.],
        [ 93084.],
        [102648.],
        [106636.],
        [ 94900.],
        [ 97466.],
        [102892.],
        [110228.],
        [ 96598.],
        [ 92318.],
        [120680.],
        [ 92036.],
        [120338.],
        [ 96744.],
        [116094.],
        [ 98200.]], device='cuda:0', dtype=torch.float64)
epoch:0,episode:19,t_rollout:99,name:['erdos30_304', 'erdos30_305', 'erdos30_306', 'erdos30_307', 'erdos30_308', 'erdos30_309', 'erdos30_310', 'erdos30_311', 'erdos30_312', 'erdos30_313', 'erdos30_314', 'erdos30_315', 'erdos30_316', 'erdos30_317', 'erdos30_318', 'erdos30_319'],reward:tensor([[ 89082.],
        [105220.],
        [120680.],
        [ 91216.],
        [136216.],
        [116808.],
        [128960.],
        [122774.],
        [122712.],
        [110714.],
        [103960.],
        [116334.],
        [111366.],
        [101376.],
        [110280.],
        [107712.]], device='cuda:0', dtype=torch.float64)
epoch:0,episode:20,t_rollout:99,name:['erdos30_320', 'erdos30_321', 'erdos30_322', 'erdos30_323', 'erdos30_324', 'erdos30_325', 'erdos30_326', 'erdos30_327', 'erdos30_328', 'erdos30_329', 'erdos30_330', 'erdos30_331', 'erdos30_332', 'erdos30_333', 'erdos30_334', 'erdos30_335'],reward:tensor([[109880.],
        [132978.],
        [124160.],
        [112480.],
        [118874.],
        [119870.],
        [113860.],
        [103022.],
        [118598.],
        [115480.],
        [ 92988.],
        [ 99658.],
        [112160.],
        [ 97970.],
        [ 97354.],
        [ 96488.]], device='cuda:0', dtype=torch.float64)
epoch:0,episode:21,t_rollout:99,name:['erdos30_336', 'erdos30_337', 'erdos30_338', 'erdos30_339', 'erdos30_340', 'erdos30_341', 'erdos30_342', 'erdos30_343', 'erdos30_344', 'erdos30_345', 'erdos30_346', 'erdos30_347', 'erdos30_348', 'erdos30_349', 'erdos30_350', 'erdos30_351'],reward:tensor([[103178.],
        [ 67292.],
        [ 83098.],
        [115640.],
        [105550.],
        [114438.],
        [117774.],
        [106470.],
        [102832.],
        [122168.],
        [104864.],
        [127174.],
        [ 92762.],
        [ 96908.],
        [ 95702.],
        [127052.]], device='cuda:0', dtype=torch.float64)
epoch:0,episode:22,t_rollout:99,name:['erdos30_352', 'erdos30_353', 'erdos30_354', 'erdos30_355', 'erdos30_356', 'erdos30_357', 'erdos30_358', 'erdos30_359', 'erdos30_360', 'erdos30_361', 'erdos30_362', 'erdos30_363', 'erdos30_364', 'erdos30_365', 'erdos30_366', 'erdos30_367'],reward:tensor([[106284.],
        [118342.],
        [105924.],
        [ 99202.],
        [ 90842.],
        [124956.],
        [112946.],
        [101826.],
        [112146.],
        [104554.],
        [ 95890.],
        [101992.],
        [ 87910.],
        [103076.],
        [ 98598.],
        [101176.]], device='cuda:0', dtype=torch.float64)
epoch:0,episode:23,t_rollout:99,name:['erdos30_368', 'erdos30_369', 'erdos30_370', 'erdos30_371', 'erdos30_372', 'erdos30_373', 'erdos30_374', 'erdos30_375', 'erdos30_376', 'erdos30_377', 'erdos30_378', 'erdos30_379', 'erdos30_380', 'erdos30_381', 'erdos30_382', 'erdos30_383'],reward:tensor([[108606.],
        [ 94516.],
        [130174.],
        [134272.],
        [124904.],
        [ 93562.],
        [106128.],
        [113994.],
        [100452.],
        [108222.],
        [106450.],
        [104716.],
        [108360.],
        [105782.],
        [ 96758.],
        [116888.]], device='cuda:0', dtype=torch.float64)
epoch:0,episode:24,t_rollout:99,name:['erdos30_384', 'erdos30_385', 'erdos30_386', 'erdos30_387', 'erdos30_388', 'erdos30_389', 'erdos30_390', 'erdos30_391', 'erdos30_392', 'erdos30_393', 'erdos30_394', 'erdos30_395', 'erdos30_396', 'erdos30_397', 'erdos30_398', 'erdos30_399'],reward:tensor([[126950.],
        [117204.],
        [ 98976.],
        [106928.],
        [ 99318.],
        [ 94532.],
        [ 83628.],
        [111610.],
        [110354.],
        [137812.],
        [116336.],
        [129754.],
        [130632.],
        [ 94000.],
        [ 78024.],
        [117554.]], device='cuda:0', dtype=torch.float64)
epoch:0,episode:25,t_rollout:99,name:['erdos30_400', 'erdos30_401', 'erdos30_402', 'erdos30_403', 'erdos30_404', 'erdos30_405', 'erdos30_406', 'erdos30_407', 'erdos30_408', 'erdos30_409', 'erdos30_410', 'erdos30_411', 'erdos30_412', 'erdos30_413', 'erdos30_414', 'erdos30_415'],reward:tensor([[104150.],
        [112496.],
        [ 97482.],
        [104792.],
        [ 95006.],
        [ 99750.],
        [ 91964.],
        [103812.],
        [101976.],
        [115936.],
        [ 90746.],
        [110270.],
        [104812.],
        [105646.],
        [104136.],
        [115754.]], device='cuda:0', dtype=torch.float64)
epoch:0,episode:26,t_rollout:99,name:['erdos30_416', 'erdos30_417', 'erdos30_418', 'erdos30_419', 'erdos30_420', 'erdos30_421', 'erdos30_422', 'erdos30_423', 'erdos30_424', 'erdos30_425', 'erdos30_426', 'erdos30_427', 'erdos30_428', 'erdos30_429', 'erdos30_430', 'erdos30_431'],reward:tensor([[102804.],
        [125248.],
        [106782.],
        [114448.],
        [122408.],
        [106562.],
        [103266.],
        [112898.],
        [109610.],
        [109136.],
        [117254.],
        [116152.],
        [112652.],
        [117118.],
        [110488.],
        [128622.]], device='cuda:0', dtype=torch.float64)
epoch:0,episode:27,t_rollout:99,name:['erdos30_432', 'erdos30_433', 'erdos30_434', 'erdos30_435', 'erdos30_436', 'erdos30_437', 'erdos30_438', 'erdos30_439', 'erdos30_440', 'erdos30_441', 'erdos30_442', 'erdos30_443', 'erdos30_444', 'erdos30_445', 'erdos30_446', 'erdos30_447'],reward:tensor([[100746.],
        [107370.],
        [ 86940.],
        [102292.],
        [ 96734.],
        [ 99710.],
        [ 92494.],
        [113816.],
        [118232.],
        [103090.],
        [ 90436.],
        [101816.],
        [105162.],
        [108394.],
        [ 94702.],
        [117716.]], device='cuda:0', dtype=torch.float64)
epoch:0,episode:28,t_rollout:99,name:['erdos30_448', 'erdos30_449', 'erdos30_450', 'erdos30_451', 'erdos30_452', 'erdos30_453', 'erdos30_454', 'erdos30_455', 'erdos30_456', 'erdos30_457', 'erdos30_458', 'erdos30_459', 'erdos30_460', 'erdos30_461', 'erdos30_462', 'erdos30_463'],reward:tensor([[ 93204.],
        [100382.],
        [127852.],
        [ 82942.],
        [ 99232.],
        [107182.],
        [104298.],
        [110844.],
        [ 89348.],
        [117172.],
        [108030.],
        [106250.],
        [103864.],
        [107958.],
        [111992.],
        [ 98652.]], device='cuda:0', dtype=torch.float64)
epoch:0,episode:29,t_rollout:99,name:['erdos30_464', 'erdos30_465', 'erdos30_466', 'erdos30_467', 'erdos30_468', 'erdos30_469', 'erdos30_470', 'erdos30_471', 'erdos30_472', 'erdos30_473', 'erdos30_474', 'erdos30_475', 'erdos30_476', 'erdos30_477', 'erdos30_478', 'erdos30_479'],reward:tensor([[ 99862.],
        [102786.],
        [103378.],
        [127628.],
        [105706.],
        [ 95872.],
        [ 89962.],
        [114566.],
        [ 86854.],
        [112910.],
        [105598.],
        [104952.],
        [102298.],
        [106806.],
        [ 94884.],
        [113800.]], device='cuda:0', dtype=torch.float64)
epoch:0,episode:30,t_rollout:99,name:['erdos30_480', 'erdos30_481', 'erdos30_482', 'erdos30_483', 'erdos30_484', 'erdos30_485', 'erdos30_486', 'erdos30_487', 'erdos30_488', 'erdos30_489', 'erdos30_490', 'erdos30_491', 'erdos30_492', 'erdos30_493', 'erdos30_494', 'erdos30_495'],reward:tensor([[107868.],
        [126700.],
        [ 84734.],
        [111548.],
        [ 93246.],
        [111586.],
        [109364.],
        [113974.],
        [ 97726.],
        [ 91556.],
        [104902.],
        [100434.],
        [114710.],
        [123466.],
        [116522.],
        [102888.]], device='cuda:0', dtype=torch.float64)
epoch:0,episode:31,t_rollout:99,name:['erdos30_496', 'erdos30_497', 'erdos30_498', 'erdos30_499', 'erdos30_500', 'erdos30_501', 'erdos30_502', 'erdos30_503', 'erdos30_504', 'erdos30_505', 'erdos30_506', 'erdos30_507', 'erdos30_508', 'erdos30_509', 'erdos30_510', 'erdos30_511'],reward:tensor([[100832.],
        [100160.],
        [104592.],
        [120426.],
        [126838.],
        [127146.],
        [ 92070.],
        [101070.],
        [104422.],
        [102170.],
        [103710.],
        [ 85506.],
        [139842.],
        [117172.],
        [110216.],
        [111132.]], device='cuda:0', dtype=torch.float64)
epoch:0,episode:32,t_rollout:99,name:['erdos30_512', 'erdos30_513', 'erdos30_514', 'erdos30_515', 'erdos30_516', 'erdos30_517', 'erdos30_518', 'erdos30_519', 'erdos30_520', 'erdos30_521', 'erdos30_522', 'erdos30_523', 'erdos30_524', 'erdos30_525', 'erdos30_526', 'erdos30_527'],reward:tensor([[111936.],
        [102514.],
        [ 75648.],
        [ 98888.],
        [109352.],
        [109666.],
        [124748.],
        [101222.],
        [138260.],
        [129150.],
        [124278.],
        [113720.],
        [ 91402.],
        [110628.],
        [121406.],
        [108484.]], device='cuda:0', dtype=torch.float64)
epoch:0,episode:33,t_rollout:99,name:['erdos30_528', 'erdos30_529', 'erdos30_530', 'erdos30_531', 'erdos30_532', 'erdos30_533', 'erdos30_534', 'erdos30_535', 'erdos30_536', 'erdos30_537', 'erdos30_538', 'erdos30_539', 'erdos30_540', 'erdos30_541', 'erdos30_542', 'erdos30_543'],reward:tensor([[111332.],
        [ 95264.],
        [101788.],
        [116576.],
        [117550.],
        [ 97140.],
        [119722.],
        [ 78190.],
        [111472.],
        [118104.],
        [100010.],
        [ 96018.],
        [102732.],
        [ 80872.],
        [106798.],
        [103960.]], device='cuda:0', dtype=torch.float64)
epoch:0,episode:34,t_rollout:99,name:['erdos30_544', 'erdos30_545', 'erdos30_546', 'erdos30_547', 'erdos30_548', 'erdos30_549', 'erdos30_550', 'erdos30_551', 'erdos30_552', 'erdos30_553', 'erdos30_554', 'erdos30_555', 'erdos30_556', 'erdos30_557', 'erdos30_558', 'erdos30_559'],reward:tensor([[116388.],
        [106242.],
        [115822.],
        [ 90512.],
        [107962.],
        [107608.],
        [108008.],
        [ 95486.],
        [ 89148.],
        [102018.],
        [103236.],
        [108244.],
        [113876.],
        [123442.],
        [130890.],
        [111604.]], device='cuda:0', dtype=torch.float64)
epoch:0,episode:35,t_rollout:99,name:['erdos30_560', 'erdos30_561', 'erdos30_562', 'erdos30_563', 'erdos30_564', 'erdos30_565', 'erdos30_566', 'erdos30_567', 'erdos30_568', 'erdos30_569', 'erdos30_570', 'erdos30_571', 'erdos30_572', 'erdos30_573', 'erdos30_574', 'erdos30_575'],reward:tensor([[ 84736.],
        [ 99726.],
        [127488.],
        [111946.],
        [108230.],
        [128528.],
        [103388.],
        [ 95942.],
        [ 92166.],
        [104212.],
        [107928.],
        [107738.],
        [100502.],
        [116706.],
        [125726.],
        [ 97950.]], device='cuda:0', dtype=torch.float64)
epoch:0,episode:36,t_rollout:99,name:['erdos30_576', 'erdos30_577', 'erdos30_578', 'erdos30_579', 'erdos30_580', 'erdos30_581', 'erdos30_582', 'erdos30_583', 'erdos30_584', 'erdos30_585', 'erdos30_586', 'erdos30_587', 'erdos30_588', 'erdos30_589', 'erdos30_590', 'erdos30_591'],reward:tensor([[112202.],
        [112394.],
        [ 93216.],
        [104954.],
        [119168.],
        [133054.],
        [102776.],
        [128374.],
        [108270.],
        [108396.],
        [113814.],
        [117654.],
        [ 88554.],
        [126094.],
        [ 81590.],
        [114276.]], device='cuda:0', dtype=torch.float64)
epoch:0,episode:37,t_rollout:99,name:['erdos30_592', 'erdos30_593', 'erdos30_594', 'erdos30_595', 'erdos30_596', 'erdos30_597', 'erdos30_598', 'erdos30_599', 'erdos30_600', 'erdos30_601', 'erdos30_602', 'erdos30_603', 'erdos30_604', 'erdos30_605', 'erdos30_606', 'erdos30_607'],reward:tensor([[109354.],
        [147370.],
        [114020.],
        [ 94460.],
        [112886.],
        [ 99778.],
        [102186.],
        [107484.],
        [128914.],
        [121506.],
        [118636.],
        [101106.],
        [116130.],
        [ 97492.],
        [116920.],
        [ 96466.]], device='cuda:0', dtype=torch.float64)
epoch:0,episode:38,t_rollout:99,name:['erdos30_608', 'erdos30_609', 'erdos30_610', 'erdos30_611', 'erdos30_612', 'erdos30_613', 'erdos30_614', 'erdos30_615', 'erdos30_616', 'erdos30_617', 'erdos30_618', 'erdos30_619', 'erdos30_620', 'erdos30_621', 'erdos30_622', 'erdos30_623'],reward:tensor([[121160.],
        [109110.],
        [100530.],
        [ 73628.],
        [108578.],
        [110724.],
        [110474.],
        [ 92502.],
        [119610.],
        [124682.],
        [128098.],
        [ 94604.],
        [102760.],
        [100692.],
        [115712.],
        [ 95280.]], device='cuda:0', dtype=torch.float64)
epoch:0,episode:39,t_rollout:99,name:['erdos30_624', 'erdos30_625', 'erdos30_626', 'erdos30_627', 'erdos30_628', 'erdos30_629', 'erdos30_630', 'erdos30_631', 'erdos30_632', 'erdos30_633', 'erdos30_634', 'erdos30_635', 'erdos30_636', 'erdos30_637', 'erdos30_638', 'erdos30_639'],reward:tensor([[116636.],
        [105272.],
        [133540.],
        [108252.],
        [ 96256.],
        [115318.],
        [139222.],
        [115334.],
        [116194.],
        [ 93260.],
        [102060.],
        [ 96662.],
        [108744.],
        [125014.],
        [129660.],
        [102622.]], device='cuda:0', dtype=torch.float64)
