
Gurobi 10.0.1 (linux64) logging started Tue Sep 12 17:03:41 2023

Set parameter LogFile to value "./log/bur26a/bur26a.log"
Set parameter TimeLimit to value 180
Gurobi Optimizer version 10.0.1 build v10.0.1rc0 (linux64)

CPU model: 12th Gen Intel(R) Core(TM) i5-12600KF, instruction set [SSE2|AVX|AVX2]
Thread count: 8 physical cores, 16 logical processors, using up to 16 threads

Optimize a model with 52 rows, 676 columns and 1352 nonzeros
Model fingerprint: 0x94bfeb86
Model has 196300 quadratic objective terms
Variable types: 0 continuous, 676 integer (676 binary)
Coefficient statistics:
  Matrix range     [1e+00, 1e+00]
  Objective range  [0e+00, 0e+00]
  QObjective range [1e+02, 1e+06]
  Bounds range     [1e+00, 1e+00]
  RHS range        [1e+00, 1e+00]
Found heuristic solution: objective 6147379.0000
Presolve time: 1.77s
Presolved: 52 rows, 676 columns, 1352 nonzeros
Presolved model has 196456 quadratic objective terms
Variable types: 0 continuous, 676 integer (676 binary)

Root relaxation: objective -6.950965e+07, 732 iterations, 0.37 seconds (0.63 work units)

    Nodes    |    Current Node    |     Objective Bounds      |     Work
 Expl Unexpl |  Obj  Depth IntInf | Incumbent    BestBd   Gap | It/Node Time

H    0     0                    5957718.0000    0.00000   100%     -    2s
H    0     0                    5881917.0000    0.00000   100%     -    2s
H    0     0                    5879689.0000    0.00000   100%     -    2s
H    0     0                    5877898.0000    0.00000   100%     -    2s
     0     0 125769.000    0  628 5877898.00 125769.000  97.9%     -    2s
H    0     0                    5801101.0000 125769.000  97.8%     -    2s
H    0     0                    5687767.0000 125769.000  97.8%     -    2s
     0     0 125769.000    0  628 5687767.00 125769.000  97.8%     -    2s
H    0     0                    5681972.0000 125769.000  97.8%     -    2s
     0     2 125769.000    0  628 5681972.00 125769.000  97.8%     -    3s
H   31    40                    5572635.0000 125769.000  97.7%  14.4    4s
H   37    40                    5569944.0000 125769.000  97.7%  12.9    4s
H   38    40                    5569839.0000 125769.000  97.7%  12.6    4s
H   76    80                    5566940.0000 125769.000  97.7%   8.5    4s
    87    88 125769.000    6  628 5566940.00 125769.000  97.7%   8.1    7s
H   87    84                    5554123.0000 125769.000  97.7%  10.6    9s
H   87    80                    5538952.0000 125769.000  97.7%  10.6    9s
    88    84 125770.000   22   49 5538952.00 125770.000  97.7%  51.2   10s
H  120   105                    5511707.0000 125770.000  97.7%  95.9   10s
H  188   149                    5508576.0000 125770.000  97.7%  75.1   11s
H  189   144                    5508493.0000 125770.000  97.7%  74.9   11s
H  190   141                    5488244.0000 125770.000  97.7%  75.4   11s
H  234   176                    5486349.0000 125770.000  97.7%  68.6   11s
H  235   173                    5486297.0000 125770.000  97.7%  68.7   11s
H  277   199                    5485207.0000 125770.000  97.7%  62.0   11s
H  279   199                    5482694.0000 125770.000  97.7%  61.8   11s
H  286   226                    5482597.0000 125770.000  97.7%  60.7   12s
H  387   308                    5482499.0000 125770.000  97.7%  52.9   12s
H  388   308                    5482324.0000 125770.000  97.7%  52.9   12s
H  390   308                    5481859.0000 125770.000  97.7%  52.7   12s
H 2043  1933                    5481385.0000 125770.000  97.7%  22.7   13s
  2675  2365 4202046.76  203  628 5481385.00 125770.000  97.7%  23.7   15s
H 2728  2283                    5481041.0000 125770.000  97.7%  28.1   17s
H 2834  2245                    5476962.0000 125770.000  97.7%  30.9   17s
H 2872  2160                    5473560.0000 125770.000  97.7%  31.4   18s
H 2912  2079                    5472013.0000 125770.000  97.7%  31.9   18s
H 2917  1980                    5470195.0000 125770.000  97.7%  31.9   18s
H 2963  1915                    5460755.0000 125770.000  97.7%  32.1   19s
H 2966  1827                    5455712.0000 125770.000  97.7%  32.2   19s
H 3159  1896                    5455333.0000 125770.000  97.7%  33.0   19s
  3571  2134 129303.340   56   61 5455333.00 125770.000  97.7%  33.5   20s
H 3941  2264                    5455153.0000 125770.000  97.7%  33.1   21s
H 4019  2208                    5455113.0000 125770.000  97.7%  33.1   22s
H 4639  2561                    5454996.0000 125770.000  97.7%  31.8   22s
H 4965  2627                    5454911.0000 125770.000  97.7%  32.5   23s
H 4998  2636                    5452562.0000 125770.000  97.7%  32.5   23s
H 5084  2554                    5451606.0000 125770.000  97.7%  32.6   24s
H 5087  2495                    5450639.0000 125770.000  97.7%  32.7   24s
H 5090  2439                    5449473.0000 125770.000  97.7%  32.7   24s
  6010  3390 191065.000   93   54 5449473.00 125770.000  97.7%  32.0   25s
H 9662  6626                    5447079.0000 125770.000  97.7%  27.5   26s
 14564 11354 4188498.42  302   53 5447079.00 125770.000  97.7%  25.4   31s
H15339 11362                    5447058.0000 125770.000  97.7%  25.8   31s
H15340 11362                    5446683.0000 125770.000  97.7%  25.8   31s
H15341 11362                    5446328.0000 125770.000  97.7%  25.8   31s
*16340 12831             202    5445275.0000 125770.000  97.7%  26.1   32s
*16346 12830             202    5444702.0000 125770.000  97.7%  26.1   32s
*16351 12830             204    5443402.0000 125770.000  97.7%  26.0   32s
H20046 15713                    5443352.0000 125770.000  97.7%  27.6   34s
 20610 16629 933659.638  128   65 5443352.00 125770.000  97.7%  28.8   35s
H20716 16629                    5442677.0000 125770.000  97.7%  29.0   35s
H21346 16991                    5441627.0000 125770.000  97.7%  29.3   35s
H23577 18873                    5440399.0000 125770.000  97.7%  30.5   38s
H23853 19428                    5440324.0000 125770.000  97.7%  30.9   38s
 25701 21703 355434.091  124   68 5440324.00 125770.000  97.7%  31.6   40s
H25743 21703                    5439544.0000 125770.000  97.7%  31.7   40s
H27582 22893                    5439451.0000 125770.000  97.7%  31.7   41s
 29285 24062 1202708.55   61  628 5439451.00 125770.000  97.7%  31.4   52s
 29297 24070 3762292.42  162   97 5439451.00 127878.090  97.6%  31.4   55s
H29298 22867                    5439322.0000 127942.318  97.6%  31.4   56s
H29312 21731                    5437833.0000 128002.109  97.6%  31.4   59s
 29315 21733 840338.823   78  101 5437833.00 128002.109  97.6%  31.4   60s
 29334 21755 128105.722   42   84 5437833.00 128105.722  97.6%  32.0   65s
H29401 20710                    5437704.0000 128161.816  97.6%  32.7   65s
H29565 19782                    5437661.0000 128161.816  97.6%  33.6   67s
H29724 18914                    5437473.0000 128161.816  97.6%  34.0   69s
H29827 18043                    5437191.0000 128161.816  97.6%  34.2   69s
 29830 18085 414411.548   72   57 5437191.00 128161.816  97.6%  34.2   70s
H29873 17223                    5437180.0000 128161.816  97.6%  34.3   70s
H29873 16381                    5437091.0000 128161.816  97.6%  34.3   70s
H30273 15870                    5436194.0000 128161.816  97.6%  34.7   71s
H31369 15790                    5436025.0000 128161.816  97.6%  35.2   73s
 32730 16797 929494.519  164   63 5436025.00 128161.816  97.6%  35.3   75s
H33090 16014                    5433954.0000 128161.816  97.6%  35.3   75s
H36823 17715                    5433536.0000 128169.040  97.6%  34.4   77s
H37492 17338                    5433399.0000 128169.040  97.6%  34.4   78s
 39655 18779 1163607.87   56   64 5433399.00 128223.639  97.6%  33.9   80s
H40075 18466                    5433328.0000 128223.639  97.6%  34.0   80s
 45297 21558 2755194.24  198   61 5433328.00 128320.032  97.6%  32.6   85s
H48210 22270                    5432203.0000 128506.366  97.6%  32.7   87s
 51974 24988 2334877.33  221   56 5432203.00 128506.366  97.6%  33.8   90s
 58508 29772 1010821.19  224   78 5432203.00 129126.796  97.6%  33.2   97s
 62637 30343 258859.816   64   61 5432203.00 129426.640  97.6%  32.9  100s
 64919 32832 130089.810  100   76 5432203.00 129488.716  97.6%  35.5  105s
 71843 39344 1726621.56  199   63 5432203.00 129488.716  97.6%  35.4  110s
 78306 44889 1439649.31  193   62 5432203.00 129853.024  97.6%  34.6  115s
 88198 53533 1764398.44   90   65 5432203.00 130146.831  97.6%  33.3  122s
 91805 57246 2986033.46  274   52 5432203.00 130146.831  97.6%  32.9  125s
 101750 66180 3837618.49  162   51 5432203.00 130690.253  97.6%  31.6  130s
 109041 72619 1101909.11  166   70 5432203.00 131100.398  97.6%  30.6  135s
 117659 80646 2693465.72  209   74 5432203.00 131636.478  97.6%  30.1  141s
 126748 88892 832209.160  130   79 5432203.00 132081.351  97.6%  29.3  145s
 134840 95595 1581137.55  187   73 5432203.00 132296.117  97.6%  28.6  150s
 147043 107452 1131675.49   92   71 5432203.00 133046.354  97.6%  27.7  157s
 154069 112533 406239.277   89   68 5432203.00 133790.958  97.5%  27.3  160s
 161510 119504 848578.011  127   65 5432203.00 133857.361  97.5%  27.4  166s
 167498 125418 2955224.30  118   56 5432203.00 134394.081  97.5%  27.5  170s
 176514 134029 822890.778  143   68 5432203.00 134771.107  97.5%  27.1  176s
 184990 140608 804728.356  128   75 5432203.00 134831.376  97.5%  26.6  180s

Cutting planes:
  Gomory: 2
  Implied bound: 141
  MIR: 5
  Flow cover: 18
  Zero half: 1
  RLT: 7
  Relax-and-lift: 1

Explored 185295 nodes (4934798 simplex iterations) in 180.01 seconds (375.93 work units)
Thread count was 16 (of 16 available processors)

Solution count 10: 5.4322e+06 5.43333e+06 5.4334e+06 ... 5.43719e+06

Time limit reached
Best objective 5.432203000000e+06, best bound 1.348320000000e+05, gap 97.5179%
