
Gurobi 10.0.1 (linux64) logging started Tue Sep 12 17:12:43 2023

Set parameter LogFile to value "./log/bur26d/bur26d.log"
Set parameter TimeLimit to value 180
Gurobi Optimizer version 10.0.1 build v10.0.1rc0 (linux64)

CPU model: 12th Gen Intel(R) Core(TM) i5-12600KF, instruction set [SSE2|AVX|AVX2]
Thread count: 8 physical cores, 16 logical processors, using up to 16 threads

Optimize a model with 52 rows, 676 columns and 1352 nonzeros
Model fingerprint: 0xa21fb09a
Model has 191919 quadratic objective terms
Variable types: 0 continuous, 676 integer (676 binary)
Coefficient statistics:
  Matrix range     [1e+00, 1e+00]
  Objective range  [0e+00, 0e+00]
  QObjective range [7e+01, 5e+05]
  Bounds range     [1e+00, 1e+00]
  RHS range        [1e+00, 1e+00]
Found heuristic solution: objective 4268369.0000
Presolve time: 1.56s
Presolved: 52 rows, 676 columns, 1352 nonzeros
Presolved model has 192049 quadratic objective terms
Variable types: 0 continuous, 676 integer (676 binary)

Root relaxation: objective -5.148083e+07, 691 iterations, 0.29 seconds (0.62 work units)

    Nodes    |    Current Node    |     Objective Bounds      |     Work
 Expl Unexpl |  Obj  Depth IntInf | Incumbent    BestBd   Gap | It/Node Time

H    0     0                    4210018.0000    0.00000   100%     -    1s
H    0     0                    4108143.0000    0.00000   100%     -    1s
     0     0 102268.000    0  633 4108143.00 102268.000  97.5%     -    1s
H    0     0                    3983962.0000 102268.000  97.4%     -    1s
     0     0 102268.000    0  633 3983962.00 102268.000  97.4%     -    2s
H    0     0                    3962026.0000 102268.000  97.4%     -    2s
     0     2 102268.000    0  633 3962026.00 102268.000  97.4%     -    3s
H   31    40                    3929058.0000 102268.000  97.4%  13.7    4s
H   32    40                    3912121.0000 102268.000  97.4%  13.4    4s
H   33    40                    3911267.0000 102268.000  97.4%  13.5    4s
H   72    80                    3910671.0000 102268.000  97.4%   9.4    4s
H   73    80                    3904457.0000 102268.000  97.4%   9.3    4s
    87    88 102268.000   10  633 3904457.00 102268.000  97.4%   9.1    6s
   160   147 102268.000   37   66 3904457.00 102268.000  97.4%   113   10s
H  195   167                    3898397.0000 102268.000  97.4%   110   10s
H  241   192                    3895653.0000 102268.000  97.4%   101   10s
H  242   188                    3887287.0000 102268.000  97.4%   101   10s
H  276   207                    3887081.0000 102268.000  97.4%  93.5   10s
H  281   202                    3880214.0000 102268.000  97.4%  93.3   10s
H  315   236                    3878263.0000 102268.000  97.4%  86.3   11s
H  316   236                    3851100.0000 102268.000  97.3%  86.0   11s
H  325   252                    3848500.0000 102268.000  97.3%  86.0   11s
H  805   746                    3845809.0000 102268.000  97.3%  53.4   12s
H 2019  1865                    3844610.0000 102268.000  97.3%  40.0   13s
H 2020  1865                    3844078.0000 102268.000  97.3%  40.5   13s
H 2022  1865                    3839980.0000 102268.000  97.3%  40.5   13s
  3061  2820 955598.810  180  633 3839980.00 102268.000  97.3%  35.9   16s
H 3112  2716                    3839156.0000 102268.000  97.3%  41.1   19s
  3222  2796 111179.410   50   59 3839156.00 102268.000  97.3%  45.7   20s
H 3357  2755                    3838448.0000 102268.000  97.3%  47.1   20s
H 3408  2654                    3838181.0000 102268.000  97.3%  47.5   21s
H 3409  2533                    3837590.0000 102268.000  97.3%  47.8   21s
H 3850  2749                    3837184.0000 102268.000  97.3%  47.4   22s
H 5008  3230                    3836763.0000 102268.000  97.3%  44.4   23s
H 5908  3568                    3836182.0000 102268.000  97.3%  44.3   24s
H 5911  3468                    3836087.0000 102268.000  97.3%  44.3   24s
H 6208  3545                    3835843.0000 102268.000  97.3%  44.3   24s
  6917  4071 244955.656   97   62 3835843.00 102268.000  97.3%  43.2   25s
H 7682  4270                    3835171.0000 102268.000  97.3%  44.7   25s
H 7686  4223                    3835143.0000 102268.000  97.3%  44.7   26s
H 7699  4153                    3835083.0000 102268.000  97.3%  44.7   26s
H 9781  6102                    3835055.0000 102268.000  97.3%  43.1   27s
 13218  9775 628203.333  113   59 3835055.00 102268.000  97.3%  42.4   30s
H13830  9775                    3834866.0000 102268.000  97.3%  41.6   30s
 17014 12784 294891.088   93   59 3834866.00 102268.000  97.3%  42.3   35s
H20236 15226                    3831690.0000 102268.000  97.3%  41.4   37s
 24000 19138 301149.756  105   58 3831690.00 102268.000  97.3%  40.7   40s
 29857 23447 1623497.75  210  633 3831690.00 102268.000  97.3%  38.3   52s
 29865 23452 373923.615  159   69 3831690.00 102305.000  97.3%  38.3   55s
H30010 22383                    3831676.0000 102306.000  97.3%  39.1   58s
H30089 21323                    3831666.0000 102306.000  97.3%  39.3   59s
 30130 21350 338561.849   70   63 3831666.00 102306.000  97.3%  39.4   60s
H30446 20512                    3825471.0000 102306.000  97.3%  39.8   62s
 31462 21126 141721.839  106   69 3825471.00 102306.000  97.3%  39.6   66s
H31723 20398                    3824719.0000 102306.000  97.3%  39.7   67s
H31913 19484                    3824628.0000 102306.000  97.3%  39.6   68s
H31962 18559                    3824293.0000 102306.000  97.3%  39.7   68s
H32535 17992                    3824057.0000 102306.000  97.3%  39.5   69s
 33334 18762 411075.976  140   72 3824057.00 102306.000  97.3%  39.2   70s
H42172 23308                    3823958.0000 102306.000  97.3%  35.5   74s
 43803 24503 429205.683   99   63 3823958.00 102306.000  97.3%  35.0   75s
H44591 23463                    3823729.0000 102306.000  97.3%  34.7   75s
H44832 24038                    3823664.0000 102306.000  97.3%  34.9   77s
H46463 22842                    3823616.0000 102306.000  97.3%  34.6   78s
H46514 22158                    3823411.0000 102306.000  97.3%  34.6   78s
 49979 24785 250501.000  137   68 3823411.00 102306.000  97.3%  34.1   80s
 57561 29198 1782892.24  125   63 3823411.00 102306.000  97.3%  34.0   85s
 60643 30980 1582452.26  222   46 3823411.00 102306.000  97.3%  34.1   90s
 69464 36507 581071.105  161   73 3823411.00 102464.423  97.3%  33.9   95s
 75250 41940 240501.068  133   58 3823411.00 102464.947  97.3%  33.9  100s
 80160 46389 874919.915  211   54 3823411.00 102465.307  97.3%  34.9  105s
H81964 48253                    3823222.0000 102540.110  97.3%  35.1  106s
 89220 55145 197417.695  141   68 3823222.00 102542.871  97.3%  34.2  112s
 95377 60509 761056.994  180   76 3823222.00 102905.748  97.3%  33.8  115s
 103982 68058 1369849.54  230   64 3823222.00 102973.000  97.3%  33.3  121s
 112151 75214 541730.870  167   60 3823222.00 103516.282  97.3%  32.7  125s
 118840 81243 2475252.88  297   65 3823222.00 103600.000  97.3%  32.3  130s
 125913 87991 240714.559  186   65 3823222.00 103600.000  97.3%  33.5  135s
 134615 96126 443401.970  104   64 3823222.00 103600.000  97.3%  33.7  142s
 138966 100012 2276835.03  272   67 3823222.00 103600.000  97.3%  33.9  145s
 148178 108155 840385.766  241   76 3823222.00 103600.000  97.3%  34.3  150s
 151952 111703 2347342.61  287   58 3823222.00 103605.314  97.3%  35.0  155s
 160330 119388 449026.606  223   66 3823222.00 104055.000  97.3%  35.3  160s
 165344 124163 445048.980  227   71 3823222.00 104055.000  97.3%  35.7  165s
 173805 131625 922208.119  240   66 3823222.00 104093.360  97.3%  35.3  170s
 180203 136811 623268.313  161   74 3823222.00 104126.258  97.3%  34.9  175s
 187584 143451 182589.549  100   64 3823222.00 105166.354  97.2%  35.2  180s

Cutting planes:
  Implied bound: 63
  MIR: 1
  Flow cover: 40
  RLT: 4

Explored 187602 nodes (6601052 simplex iterations) in 180.00 seconds (416.51 work units)
Thread count was 16 (of 16 available processors)

Solution count 10: 3.82322e+06 3.82341e+06 3.82362e+06 ... 3.82472e+06

Time limit reached
Best objective 3.823222000000e+06, best bound 1.051670000000e+05, gap 97.2493%
