
Gurobi 10.0.1 (linux64) logging started Tue Sep 12 17:40:22 2023

Set parameter LogFile to value "./log/chr25a/chr25a.log"
Set parameter TimeLimit to value 180
Gurobi Optimizer version 10.0.1 build v10.0.1rc0 (linux64)

CPU model: 12th Gen Intel(R) Core(TM) i5-12600KF, instruction set [SSE2|AVX|AVX2]
Thread count: 8 physical cores, 16 logical processors, using up to 16 threads

Optimize a model with 50 rows, 625 columns and 1250 nonzeros
Model fingerprint: 0xde8eebe7
Model has 14400 quadratic objective terms
Variable types: 0 continuous, 625 integer (625 binary)
Coefficient statistics:
  Matrix range     [1e+00, 1e+00]
  Objective range  [0e+00, 0e+00]
  QObjective range [2e+01, 1e+04]
  Bounds range     [1e+00, 1e+00]
  RHS range        [1e+00, 1e+00]
Found heuristic solution: objective 16328.000000
Presolve time: 0.07s
Presolved: 300 rows, 875 columns, 16150 nonzeros
Variable types: 0 continuous, 875 integer (625 binary)

Root relaxation: objective 0.000000e+00, 130 iterations, 0.00 seconds (0.00 work units)

    Nodes    |    Current Node    |     Objective Bounds      |     Work
 Expl Unexpl |  Obj  Depth IntInf | Incumbent    BestBd   Gap | It/Node Time

     0     0    0.00000    0   30 16328.0000    0.00000   100%     -    0s
H    0     0                    14114.000000    0.00000   100%     -    0s
H    0     0                    10228.000000    0.00000   100%     -    0s
     0     0    0.00000    0   45 10228.0000    0.00000   100%     -    0s
H    0     0                    9454.0000000    0.00000   100%     -    0s
     0     0    0.00000    0   45 9454.00000    0.00000   100%     -    0s
H    0     0                    9394.0000000    0.00000   100%     -    0s
     0     0    0.00000    0   29 9394.00000    0.00000   100%     -    0s
     0     0    0.00000    0   28 9394.00000    0.00000   100%     -    0s
H    0     0                    9278.0000000  228.00000  97.5%     -    0s
     0     0  228.00000    0   28 9278.00000  228.00000  97.5%     -    0s
H    0     0                    8816.0000000  228.00000  97.4%     -    0s
H    0     0                    8802.0000000  228.00000  97.4%     -    0s
     0     0  228.00000    0   28 8802.00000  228.00000  97.4%     -    0s
H    0     0                    7516.0000000  228.00000  97.0%     -    0s
     0     0  228.00000    0   29 7516.00000  228.00000  97.0%     -    0s
     0     0  228.00000    0   29 7516.00000  228.00000  97.0%     -    0s
     0     2  228.00000    0   29 7516.00000  228.00000  97.0%     -    0s
H  128   144                    7426.0000000  228.00000  96.9%  21.9    0s
H  175   202                    6840.0000000  228.00000  96.7%  18.5    0s
H  180   202                    6638.0000000  228.00000  96.6%  18.1    0s
H 1348  1234                    6520.0000000  228.00000  96.5%  16.4    0s
H 1370  1217                    6264.0000000  228.00000  96.4%  16.3    0s
H 1380  1196                    6184.0000000  228.00000  96.3%  16.3    0s
H 1393  1209                    6168.0000000  228.00000  96.3%  16.3    0s
H 1774  1413                    5998.0000000  228.00000  96.2%  16.8    1s
H 1820  1380                    5776.0000000  228.00000  96.1%  16.9    1s
H 1821  1316                    5524.0000000  228.00000  95.9%  16.9    1s
H23555 17613                    5468.0000000  228.00000  95.8%  16.6    2s
H23695 17577                    5394.0000000  228.00000  95.8%  16.5    2s
H32000 23477                    5328.0000000  228.00000  95.7%  16.1    3s
H32001 22651                    5040.0000000  228.00000  95.5%  16.1    3s
H40438 28803                    4942.0000000  228.00000  95.4%  16.4    4s
 42873 30409 1646.00000   73  150 4942.00000  228.00000  95.4%  16.4    5s
H43016 28994                    4804.0000000  228.00000  95.3%  16.5    6s
H43027 27546                    4724.0000000  228.00000  95.2%  16.5    6s
H43253 26291                    4720.0000000  228.00000  95.2%  16.6    7s
H43255 24987                    4692.0000000  228.00000  95.1%  16.6    7s
H43263 23745                    4648.0000000  228.00000  95.1%  16.6    7s
H56339 28891                    4642.0000000  228.00000  95.1%  18.4    9s
 64109 34214 infeasible  142      4642.00000  334.00000  92.8%  19.0   10s
 171843 94708 1270.00000   60   25 4642.00000  692.00000  85.1%  21.0   15s
 290899 180413 3702.79167   75   26 4642.00000  829.61585  82.1%  20.3   20s
 401410 255392 4301.00000   87   15 4642.00000  927.16106  80.0%  20.4   25s
H408519 259006                    4608.0000000  930.00000  79.8%  20.4   26s
 488448 313401 2252.54153   98   40 4608.00000  972.00000  78.9%  20.4   30s
 597265 384151 4223.67206  103   24 4608.00000 1030.73913  77.6%  20.6   35s
 686131 443042 3146.52357  117   15 4608.00000 1071.93099  76.7%  20.7   40s
 800418 517771 1356.00000  111   31 4608.00000 1120.81738  75.7%  20.7   45s
 914410 590064 3484.03676   92   22 4608.00000 1162.00000  74.8%  20.6   50s
 1025281 662871 2405.19759  105   30 4608.00000 1196.66885  74.0%  20.6   55s
 1143713 738435 3141.96495   89   27 4608.00000 1230.46154  73.3%  20.5   60s
*1176602 758716              54    4586.0000000 1236.00000  73.0%  20.4   61s
*1176603 758332              54    4576.0000000 1236.00000  73.0%  20.4   61s
 1254073 806670 4208.72021  111   25 4576.00000 1256.00000  72.6%  20.4   65s
 1363613 876738 infeasible   75      4576.00000 1280.00000  72.0%  20.4   70s
 1465579 940823 3714.00000   83   23 4576.00000 1302.00000  71.5%  20.4   75s
 1580394 1012793 2211.86705   98   25 4576.00000 1324.00000  71.1%  20.3   80s
 1666153 1066370 2505.81500   94   31 4576.00000 1338.17011  70.8%  20.4   85s
*1718925 1095675             128    4512.0000000 1347.97802  70.1%  20.3   87s
 1778897 1132856 3769.36264   95   25 4512.00000 1358.00000  69.9%  20.3   90s
 1894698 1206009 2631.58124   79   29 4512.00000 1376.41420  69.5%  20.2   95s
 2003569 1270521 2444.00000   88   15 4512.00000 1396.00000  69.1%  20.2  100s
 2113348 1338510 2466.00000   46   22 4512.00000 1412.00000  68.7%  20.2  105s
H2227621 1381373                    4362.0000000 1428.00000  67.3%  20.1  110s
H2227631 1357081                    4288.0000000 1428.00000  66.7%  20.1  111s
 2292954 1395782 2061.32254  125   28 4288.00000 1438.15625  66.5%  20.2  115s
 2400961 1457803     cutoff  103      4288.00000 1454.00000  66.1%  20.2  120s
 2508431 1518882 3874.15578   82   20 4288.00000 1470.00348  65.7%  20.2  125s
 2573458 1554729 3413.48513   91   36 4288.00000 1480.45806  65.5%  20.2  130s
 2683138 1618112 1679.22115   71   28 4288.00000 1495.18960  65.1%  20.2  135s
 2788860 1678128 2977.83543  103   23 4288.00000 1508.98413  64.8%  20.2  140s
 2895927 1739231 2854.17391   95   32 4288.00000 1522.00000  64.5%  20.2  145s
 2996401 1796054 3050.00000   87   39 4288.00000 1534.00000  64.2%  20.3  150s
 3089531 1848501 2541.46890   64   19 4288.00000 1546.00000  63.9%  20.3  155s
 3197367 1907832 1954.78441  114   30 4288.00000 1559.25749  63.6%  20.3  160s
 3299568 1964040 2216.71807   77   31 4288.00000 1570.00000  63.4%  20.3  165s
 3394992 2017642     cutoff   75      4288.00000 1578.84550  63.2%  20.3  170s
 3502664 2077939 2205.39094   89   29 4288.00000 1588.00000  63.0%  20.3  175s
 3590563 2127157 2358.97984   87   26 4288.00000 1596.18375  62.8%  20.3  180s

Cutting planes:
  Gomory: 3
  Implied bound: 28
  Flow cover: 23
  RLT: 1

Explored 3591312 nodes (72938381 simplex iterations) in 180.02 seconds (285.33 work units)
Thread count was 16 (of 16 available processors)

Solution count 10: 4288 4362 4512 ... 4720

Time limit reached
Best objective 4.288000000000e+03, best bound 1.598000000000e+03, gap 62.7332%
