
Gurobi 10.0.1 (linux64) logging started Tue Sep 12 18:27:19 2023

Set parameter LogFile to value "./log/had16/had16.log"
Set parameter TimeLimit to value 180
Gurobi Optimizer version 10.0.1 build v10.0.1rc0 (linux64)

CPU model: 12th Gen Intel(R) Core(TM) i5-12600KF, instruction set [SSE2|AVX|AVX2]
Thread count: 8 physical cores, 16 logical processors, using up to 16 threads

Optimize a model with 32 rows, 256 columns and 512 nonzeros
Model fingerprint: 0xd56a7e3c
Model has 28800 quadratic objective terms
Variable types: 0 continuous, 256 integer (256 binary)
Coefficient statistics:
  Matrix range     [1e+00, 1e+00]
  Objective range  [0e+00, 0e+00]
  QObjective range [4e+00, 3e+02]
  Bounds range     [1e+00, 1e+00]
  RHS range        [1e+00, 1e+00]
Found heuristic solution: objective 4204.0000000
Presolve time: 0.15s
Presolved: 32 rows, 256 columns, 512 nonzeros
Presolved model has 29056 quadratic objective terms
Variable types: 0 continuous, 256 integer (256 binary)

Root relaxation: objective -2.755873e+04, 274 iterations, 0.02 seconds (0.04 work units)

    Nodes    |    Current Node    |     Objective Bounds      |     Work
 Expl Unexpl |  Obj  Depth IntInf | Incumbent    BestBd   Gap | It/Node Time

H    0     0                    4144.0000000    0.00000   100%     -    0s
     0     0    0.00000    0  241 4144.00000    0.00000   100%     -    0s
H    0     0                    3984.0000000    0.00000   100%     -    0s
     0     0    0.00000    0  241 3984.00000    0.00000   100%     -    0s
H    0     0                    3946.0000000    0.00000   100%     -    0s
H    0     2                    3916.0000000    0.00000   100%     -    0s
     0     2    0.00000    0  241 3916.00000    0.00000   100%     -    0s
H   32    40                    3900.0000000    0.00000   100%   7.8    0s
H  215   216                    3898.0000000    0.00000   100%   3.3    0s
H  295   265                    3866.0000000    0.00000   100%  32.0    1s
H  349   291                    3792.0000000    0.00000   100%  33.3    1s
H  385   305                    3774.0000000    0.00000   100%  35.8    1s
H  499   362                    3758.0000000    0.00000   100%  36.4    1s
H  568   390                    3746.0000000    0.00000   100%  39.2    1s
 13146 10002  895.43462   51   69 3746.00000  449.54784  88.0%  24.4    5s
H13667 10026                    3734.0000000  450.16724  87.9%  24.2    5s
 29779 23284 3485.67215  134  241 3734.00000  579.34561  84.5%  22.5   10s
 29810 23305 1404.75898   88  341 3734.00000  579.34561  84.5%  22.5   15s
 29859 23337 3431.46194   90  353 3734.00000  579.34561  84.5%  22.5   20s
 29910 23371 1404.75898   88  379 3734.00000  776.26105  79.2%  22.4   25s
 29959 23404 3431.46194   90  402 3734.00000  801.25997  78.5%  22.4   30s
 32628 25036 1425.57765   98  160 3734.00000  852.11479  77.2%  26.4   35s
 47628 33407 1747.24625   93  121 3734.00000  993.00064  73.4%  32.0   40s
 65650 42416 1801.44788   89  120 3734.00000 1078.54908  71.1%  34.2   45s
 82791 50686 2963.87092  106   74 3734.00000 1201.78938  67.8%  35.5   50s
 98848 58378 2710.36462  110   84 3734.00000 1253.09136  66.4%  36.0   55s
 119241 74076 2063.22510   74  114 3734.00000 1289.62135  65.5%  36.0   60s
 137418 88947 1737.93512   71  113 3734.00000 1307.86473  65.0%  36.1   65s
 156913 104275     cutoff  124      3734.00000 1325.19575  64.5%  36.3   70s
 174503 118905 2031.07355   87  117 3734.00000 1339.18862  64.1%  36.4   75s
 194599 135258 2212.21416   90   91 3734.00000 1353.05001  63.8%  36.4   80s
 213922 150612 3579.28835  144   56 3734.00000 1364.01899  63.5%  36.6   85s
 232943 166318 3139.22304  112   68 3734.00000 1377.16018  63.1%  36.6   90s
 252526 181953 3288.74612  114   72 3734.00000 1389.24806  62.8%  36.6   95s
 272961 198153 1829.46196   74  120 3734.00000 1403.51621  62.4%  36.5  100s
 290376 212291 2218.10618   85   96 3734.00000 1414.39069  62.1%  36.6  105s
 312354 229592 2425.28440   98   89 3734.00000 1428.54370  61.7%  36.4  110s
 331735 244867 1833.44640   97  103 3734.00000 1439.63886  61.4%  36.3  115s
 351996 261195 1777.94842   92  124 3734.00000 1448.92523  61.2%  36.2  120s
 372676 277514 1743.74611   79  120 3734.00000 1459.39156  60.9%  36.0  125s
 393738 294495 2626.66986   91   84 3734.00000 1470.73980  60.6%  36.0  130s
 413895 310853 1850.09217   92  122 3734.00000 1480.59976  60.3%  35.9  135s
 434277 326809 2529.69887  103   89 3734.00000 1490.68092  60.1%  35.8  140s
 455951 343809 3593.33123  117   47 3734.00000 1501.67103  59.8%  35.7  145s
 477352 360731 2733.07768  115   82 3734.00000 1512.09967  59.5%  35.6  150s
 500307 378965 infeasible  104      3734.00000 1523.65959  59.2%  35.4  155s
 521240 395504 1755.81882   88  117 3734.00000 1532.34158  59.0%  35.3  160s
 543633 412800     cutoff  114      3734.00000 1542.21782  58.7%  35.2  165s
 564648 429601 3161.32131   88   63 3734.00000 1550.66724  58.5%  35.1  170s
 587274 447798 3567.53905  119   35 3734.00000 1559.63545  58.2%  35.0  175s

Cutting planes:
  Gomory: 1
  Implied bound: 27
  MIR: 75
  Flow cover: 290
  Zero half: 1
  RLT: 3
  Relax-and-lift: 4

Explored 609639 nodes (21273087 simplex iterations) in 180.00 seconds (538.42 work units)
Thread count was 16 (of 16 available processors)

Solution count 10: 3734 3746 3758 ... 3946

Time limit reached
Best objective 3.734000000000e+03, best bound 1.570000000000e+03, gap 57.9539%
