
Gurobi 10.0.1 (linux64) logging started Tue Sep 12 18:37:02 2023

Set parameter LogFile to value "./log/kra30a.log"
Set parameter TimeLimit to value 180
Gurobi Optimizer version 10.0.1 build v10.0.1rc0 (linux64)

CPU model: 12th Gen Intel(R) Core(TM) i5-12600KF, instruction set [SSE2|AVX|AVX2]
Thread count: 8 physical cores, 16 logical processors, using up to 16 threads

Optimize a model with 60 rows, 900 columns and 1800 nonzeros
Model fingerprint: 0x9a567b8f
Model has 143550 quadratic objective terms
Variable types: 0 continuous, 900 integer (900 binary)
Coefficient statistics:
  Matrix range     [1e+00, 1e+00]
  Objective range  [0e+00, 0e+00]
  QObjective range [2e+02, 7e+03]
  Bounds range     [1e+00, 1e+00]
  RHS range        [1e+00, 1e+00]
Found heuristic solution: objective 134560.00000
Presolve time: 1.19s
Presolved: 60 rows, 900 columns, 1800 nonzeros
Presolved model has 144450 quadratic objective terms
Variable types: 0 continuous, 900 integer (900 binary)

Root relaxation: objective -1.801496e+06, 960 iterations, 0.63 seconds (1.16 work units)

    Nodes    |    Current Node    |     Objective Bounds      |     Work
 Expl Unexpl |  Obj  Depth IntInf | Incumbent    BestBd   Gap | It/Node Time

H    0     0                    130330.00000    0.00000   100%     -    1s
H    0     0                    129930.00000    0.00000   100%     -    1s
H    0     0                    120360.00000    0.00000   100%     -    1s
H    0     0                    117860.00000    0.00000   100%     -    1s
     0     0    0.00000    0  900 117860.000    0.00000   100%     -    1s
H    0     0                    115200.00000    0.00000   100%     -    1s
H    0     0                    110420.00000    0.00000   100%     -    1s
     0     0    0.00000    0  900 110420.000    0.00000   100%     -    2s
H    0     0                    105410.00000    0.00000   100%     -    2s
     0     2    0.00000    0  900 105410.000    0.00000   100%     -    3s
H   31    40                    104010.00000    0.00000   100%  14.1    4s
H   33    40                    103190.00000    0.00000   100%  13.4    4s
    63    64    0.00000    8  900 103190.000    0.00000   100%   8.2    6s
   170   146    0.00000   40   69 103190.000    0.00000   100%  98.2   10s
H  172   141                    103080.00000    0.00000   100%  97.1   10s
H  255   221                    101520.00000    0.00000   100%  85.0   10s
H  317   263                    100550.00000    0.00000   100%  76.9   10s
H  318   263                    100310.00000    0.00000   100%  76.8   10s
H  320   263                    99650.000000    0.00000   100%  76.5   10s
H  324   263                    98750.000000    0.00000   100%  77.7   10s
H 1898  1721                    98250.000000    0.00000   100%  51.0   13s
  2924  2811 10276.4497  252   57 98250.0000    0.00000   100%  40.8   15s
H 3186  2862                    98050.000000    0.00000   100%  39.7   15s
  3931  3477 15169.0310  172   62 98050.0000  200.00000   100%  37.3   20s
H 4121  3441                    97450.000000  200.00000   100%  46.0   22s
H 4164  3302                    97150.000000  200.00000   100%  46.3   23s
H 4168  3142                    96750.000000  200.00000   100%  46.5   23s
  4214  3177  600.00000   56   65 96750.0000  200.00000   100%  47.1   25s
H 4220  3026                    96250.000000  200.00000   100%  47.1   25s
  9161  6187  604.30421  111   69 96250.0000  200.00000   100%  43.8   30s
 14899 10904 51364.1220  247   54 96250.0000  200.00000   100%  40.6   36s
 18546 13895 11862.3965  112   62 96250.0000  200.00000   100%  39.2   40s
 25848 20434 12947.2211  176   63 96250.0000  200.00000   100%  40.8   45s
 29404 23501 30068.7063  137  900 96250.0000  200.00000   100%  42.5   61s
 29414 23508 58084.1723  264   78 96250.0000  200.00000   100%  42.5   65s
H29495 22388                    95740.000000  200.00000   100%  43.3   68s
H29702 21416                    94940.000000  200.00000   100%  44.2   70s
 30856 22269 1700.00000  114   55 94940.0000  200.00000   100%  45.9   75s
 37088 26259 32273.4283  308   57 94940.0000  200.00000   100%  47.4   80s
 42151 29182 13481.3358  175   63 94940.0000  200.00000   100%  49.3   85s
 43998 30331 1824.85101  108   59 94940.0000  200.00000   100%  52.5   90s
H44615 29135                    94750.000000  200.00000   100%  53.8   91s
 48280 32465 4346.14458  124   70 94750.0000  200.00000   100%  56.8   95s
H55878 34755                    94550.000000  200.00000   100%  54.7   99s
 56992 36154  800.00000  102   60 94550.0000  200.00000   100%  54.6  100s
 62672 39524 29800.0704  222   57 94550.0000  200.00000   100%  54.1  105s
 69271 43737 7262.89251  159   70 94550.0000  200.00000   100%  54.1  110s
 76014 46248 8975.61866  124   72 94550.0000  200.00000   100%  54.5  115s
 82116 50124 10223.5155  138   71 94550.0000  200.00000   100%  54.8  120s
 87534 53173 4434.30599  119   90 94550.0000  200.00000   100%  55.0  125s
 91953 57789 37565.4130  280   59 94550.0000  200.00000   100%  55.5  130s
 98136 63868 56444.5567  335   49 94550.0000  200.00000   100%  55.3  135s
H103848 67899                    94050.000000  200.00000   100%  54.9  139s
 104224 69339 3500.00000  212   58 94050.0000  200.00000   100%  54.9  140s
 110115 73974 51308.5645  288   47 94050.0000  200.00000   100%  56.3  145s
 115868 78396 10382.0553  189   53 94050.0000  200.00000   100%  57.6  151s
H120292 82349                    93750.000000  200.00000   100%  58.5  155s
H124308 85885                    93650.000000  200.00000   100%  58.4  158s
 126895 88794 9582.09736  124   66 93650.0000  200.00000   100%  58.5  160s
 133275 94699 47029.1940  239   58 93650.0000  200.00000   100%  59.3  165s
 141867 102412 41869.9525  222   64 93650.0000  200.00000   100%  58.9  170s
H144399 103962                    93550.000000  200.00000   100%  59.3  173s
 146658 106935 75514.3217  364   46 93550.0000  200.00000   100%  59.4  175s
 151937 111051 12562.3826  189   68 93550.0000  200.00000   100%  59.8  180s

Cutting planes:
  Implied bound: 4
  MIR: 3
  StrongCG: 3
  Flow cover: 89
  Mod-K: 2
  RLT: 2

Explored 152222 nodes (9113441 simplex iterations) in 180.00 seconds (454.82 work units)
Thread count was 16 (of 16 available processors)

Solution count 10: 93550 93650 93750 ... 96750

Time limit reached
Best objective 9.355000000000e+04, best bound 1.999999999998e+02, gap 99.7862%
