
Gurobi 10.0.1 (linux64) logging started Tue Sep 12 18:40:03 2023

Set parameter LogFile to value "./log/kra30b.log"
Set parameter TimeLimit to value 180
Gurobi Optimizer version 10.0.1 build v10.0.1rc0 (linux64)

CPU model: 12th Gen Intel(R) Core(TM) i5-12600KF, instruction set [SSE2|AVX|AVX2]
Thread count: 8 physical cores, 16 logical processors, using up to 16 threads

Optimize a model with 60 rows, 900 columns and 1800 nonzeros
Model fingerprint: 0x43863aab
Model has 143550 quadratic objective terms
Variable types: 0 continuous, 900 integer (900 binary)
Coefficient statistics:
  Matrix range     [1e+00, 1e+00]
  Objective range  [0e+00, 0e+00]
  QObjective range [2e+02, 7e+03]
  Bounds range     [1e+00, 1e+00]
  RHS range        [1e+00, 1e+00]
Found heuristic solution: objective 133660.00000
Presolve time: 1.23s
Presolved: 60 rows, 900 columns, 1800 nonzeros
Presolved model has 144450 quadratic objective terms
Variable types: 0 continuous, 900 integer (900 binary)

Root relaxation: objective -1.833081e+06, 960 iterations, 0.65 seconds (1.16 work units)

    Nodes    |    Current Node    |     Objective Bounds      |     Work
 Expl Unexpl |  Obj  Depth IntInf | Incumbent    BestBd   Gap | It/Node Time

H    0     0                    133220.00000    0.00000   100%     -    1s
H    0     0                    125450.00000    0.00000   100%     -    1s
H    0     0                    119330.00000    0.00000   100%     -    1s
     0     0    0.00000    0  900 119330.000    0.00000   100%     -    1s
H    0     0                    118170.00000    0.00000   100%     -    1s
H    0     0                    117540.00000    0.00000   100%     -    1s
H    0     0                    116250.00000    0.00000   100%     -    1s
     0     0    0.00000    0  900 116250.000    0.00000   100%     -    2s
H    0     0                    106860.00000    0.00000   100%     -    2s
H    0     2                    105260.00000    0.00000   100%     -    3s
     0     2    0.00000    0  900 105260.000    0.00000   100%     -    3s
    31    40    0.00000    5  841 105260.000    0.00000   100%  15.3    5s
H   32    40                    104860.00000    0.00000   100%  14.8    5s
H   33    40                    104160.00000    0.00000   100%  14.4    5s
H   34    40                    103950.00000    0.00000   100%  14.1    5s
H   38    40                    102520.00000    0.00000   100%  12.8    5s
H   42    48                    101460.00000    0.00000   100%  11.8    5s
H   44    48                    101240.00000    0.00000   100%  11.3    5s
   287   278    0.00000   52   64 101240.000    0.00000   100%  88.4   10s
H  362   372                    99320.000000    0.00000   100%  79.8   10s
H  466   509                    98640.000000    0.00000   100%  71.4   10s
H 1385  1237                    98440.000000    0.00000   100%  56.3   12s
H 1388  1237                    96940.000000    0.00000   100%  56.3   12s
  2100  2122 6507.77819  134   60 96940.0000    0.00000   100%  57.4   15s
  3750  3438 3450.72819   44   71 96940.0000  200.00000   100%  49.5   20s
H 3778  3284                    96640.000000  200.00000   100%  50.4   20s
H 3965  3248                    96410.000000  200.00000   100%  52.3   22s
  5980  4653 4848.42105   79   58 96410.0000  200.00000   100%  50.2   25s
  9746  7227 13732.2925  148   70 96410.0000  200.00000   100%  48.8   30s
 17858 13549 42840.7828  106   57 96410.0000  200.00000   100%  38.6   35s
 28944 23438 56113.4972  333   68 96410.0000  200.00000   100%  36.5   40s
 29402 23439 8148.10512   91  900 96410.0000  200.00000   100%  36.5   51s
 29412 23446 20827.1032  190   92 96410.0000  200.00000   100%  36.5   55s
 29565 23562 9000.35604   61   70 96410.0000  200.00000   100%  37.8   60s
 30599 24310  200.00000   95   69 96410.0000  200.00000   100%  40.5   65s
 31415 24915  693.35661  115   67 96410.0000  200.00000   100%  41.9   72s
 32055 25214  567.12094  137   71 96410.0000  200.00000   100%  42.6   75s
H36474 26814                    95850.000000  200.00000   100%  44.4   79s
 37692 27738 31608.6911  154   47 95850.0000  200.00000   100%  44.8   80s
H40669 28193                    95350.000000  200.00000   100%  45.0   82s
 43974 31255 8505.92906  115   62 95350.0000  200.00000   100%  46.2   86s
H46652 30350                    95250.000000  200.00000   100%  46.6   89s
 47564 31029 7164.61318   79   72 95250.0000  200.00000   100%  46.7   90s
 51587 34154 20770.8257  283   60 95250.0000  200.00000   100%  52.4   95s
 58533 40118 86809.3195  438   48 95250.0000  200.00000   100%  52.0  100s
 65759 41687 3555.15159   81   65 95250.0000  200.00000   100%  50.9  105s
 73781 47959 37784.6100  343   62 95250.0000  200.00000   100%  51.6  110s
 82057 51228 7381.51007  124   54 95250.0000  200.00000   100%  51.0  115s
 86930 55229 4499.39785   91   69 95250.0000  200.00000   100%  52.9  120s
 94200 60241 13536.0822  204   66 95250.0000  200.00000   100%  52.5  125s
 101715 66818 32835.9325  302   68 95250.0000  200.00000   100%  54.1  130s
 108326 72508 34966.7058  252   60 95250.0000  200.00000   100%  54.3  135s
 113133 77922 55866.6934  341   61 95250.0000  200.00000   100%  56.1  140s
 120931 83558 93843.1245  255   53 95250.0000  200.00000   100%  56.4  145s
 127845 89706 13770.1857  245   59 95250.0000  200.00000   100%  56.1  150s
 134099 95944 4560.33206  117   81 95250.0000  200.00000   100%  56.4  155s
 140914 101678 9248.33955  192   70 95250.0000  200.00000   100%  56.7  160s
 147073 107615 4308.49960  181   62 95250.0000  200.00000   100%  57.3  165s
 155292 115128 6277.33878  177   71 95250.0000  200.00000   100%  57.2  170s
 161918 120452 1000.00000  183   67 95250.0000  200.00000   100%  57.7  175s
 167947 124952 7296.21593  156   74 95250.0000  200.00000   100%  58.0  180s

Cutting planes:
  Implied bound: 6
  MIR: 4
  StrongCG: 3
  Flow cover: 103
  RLT: 5
  Relax-and-lift: 1

Explored 167983 nodes (9747289 simplex iterations) in 180.00 seconds (445.89 work units)
Thread count was 16 (of 16 available processors)

Solution count 10: 95250 95350 95850 ... 101240

Time limit reached
Best objective 9.525000000000e+04, best bound 2.000000000002e+02, gap 99.7900%
