
Gurobi 10.0.1 (linux64) logging started Tue Sep 12 18:52:06 2023

Set parameter LogFile to value "./log/lipa30a.log"
Set parameter TimeLimit to value 180
Gurobi Optimizer version 10.0.1 build v10.0.1rc0 (linux64)

CPU model: 12th Gen Intel(R) Core(TM) i5-12600KF, instruction set [SSE2|AVX|AVX2]
Thread count: 8 physical cores, 16 logical processors, using up to 16 threads

Optimize a model with 60 rows, 900 columns and 1800 nonzeros
Model fingerprint: 0xf2784a67
Model has 378450 quadratic objective terms
Variable types: 0 continuous, 900 integer (900 binary)
Coefficient statistics:
  Matrix range     [1e+00, 1e+00]
  Objective range  [0e+00, 0e+00]
  QObjective range [6e+00, 2e+02]
  Bounds range     [1e+00, 1e+00]
  RHS range        [1e+00, 1e+00]
Found heuristic solution: objective 13796.000000
Presolve time: 3.09s
Presolved: 60 rows, 900 columns, 1800 nonzeros
Presolved model has 379350 quadratic objective terms
Variable types: 0 continuous, 900 integer (900 binary)

Root relaxation: objective -4.486287e+04, 960 iterations, 1.16 seconds (1.70 work units)

    Nodes    |    Current Node    |     Objective Bounds      |     Work
 Expl Unexpl |  Obj  Depth IntInf | Incumbent    BestBd   Gap | It/Node Time

H    0     0                    13752.000000    0.00000   100%     -    4s
H    0     0                    13708.000000    0.00000   100%     -    4s
     0     0   -0.00000    0  900 13708.0000    0.00000   100%     -    4s
H    0     0                    13611.000000    0.00000   100%     -    4s
     0     0   -0.00000    0  900 13611.0000    0.00000   100%     -    4s
H    0     0                    13551.000000    0.00000   100%     -    5s
H    0     0                    13528.000000    0.00000   100%     -    6s
     0     2   -0.00000    0  900 13528.0000    0.00000   100%     -    6s
H   31    40                    13526.000000    0.00000   100%  14.1    7s
H   32    40                    13522.000000    0.00000   100%  13.7    7s
H   34    40                    13514.000000    0.00000   100%  13.0    7s
H   36    40                    13513.000000    0.00000   100%  12.4    7s
H   39    48                    13511.000000    0.00000   100%  11.6    7s
   171   185   -0.00000   23  876 13511.0000    0.00000   100%   4.2   10s
H  187   193                    13507.000000    0.00000   100%   4.0   10s
H  191   193                    13505.000000    0.00000   100%   4.0   10s
   428   429   -0.00000   54  900 13505.0000    0.00000   100%   4.5   17s
   428   430   -0.00000   54  900 13505.0000    0.00000   100%   5.3   22s
   428   430    0.00000   54   97 13505.0000    0.00000   100%   5.3   25s
   565   534    0.00000   45  101 13505.0000    0.00000   100%  78.5   30s
H  753   740                    13501.000000    0.00000   100%  91.3   33s
H  964   887                    13494.000000    0.00000   100%  86.1   34s
  1104  1200    0.00000  129  102 13494.0000    0.00000   100%  84.2   35s
H 1423  1074                    13488.000000    0.00000   100%  76.7   35s
  2775  2264  509.00000  318   78 13488.0000    0.00000   100%  71.1   41s
H 2780  2264                    13487.000000    0.00000   100%  71.6   41s
  4604  4367 1278.13485   47   93 13487.0000    0.00000   100%  71.1   45s
H 4769  4367                    13479.000000    0.00000   100%  71.9   45s
  5080  4368  544.00000  251  900 13479.0000    0.00000   100%  70.8   53s
  5085  4371  992.62586   80  102 13479.0000    0.00000   100%  70.7   55s
  5093  4377 1051.69450  265   99 13479.0000    0.00000   100%  70.6   60s
  5212  4468  919.45444   47  103 13479.0000    0.00000   100%  81.8   65s
  5365  4574  900.04845   54  100 13479.0000    0.00000   100%  87.6   70s
H 5375  4351                    13473.000000    0.00000   100%  88.3   70s
  5615  4538  263.03448   64   97 13473.0000    0.00000   100%  94.6   75s
  6196  5017  263.03448   78   97 13473.0000    0.00000   100%   103   80s
  7270  5779  263.03448   99   96 13473.0000    0.00000   100%   107   85s
H 7996  5824                    13465.000000    0.00000   100%   108   87s
H 8406  5953                    13459.000000    0.00000   100%   108   89s
  8788  6174  263.03448  123   94 13459.0000    0.00000   100%   109   90s
 10770  7742  712.42146  141   99 13459.0000    0.00000   100%   102   95s
 13321  9136  292.00000  164   93 13459.0000    0.00000   100%  96.6  100s
 14827  9811  836.89828  175   93 13459.0000    0.00000   100%  92.8  110s
 17375 11998  303.14784  203   95 13459.0000    0.00000   100%  88.1  115s
 20020 14021 1581.61824  228   91 13459.0000    0.00000   100%  83.9  120s
 21415 15803 1286.33725  254   90 13459.0000    0.00000   100%  84.0  125s
 24249 18847 1332.33991  289   95 13459.0000    0.00000   100%  80.5  130s
 28024 21556 4748.26392  385   87 13459.0000    0.00000   100%  76.4  136s

Cutting planes:
  Gomory: 1
  Implied bound: 10
  MIR: 14
  StrongCG: 4
  Flow cover: 131
  RLT: 1

Explored 29644 nodes (2279543 simplex iterations) in 180.03 seconds (404.97 work units)
Thread count was 16 (of 16 available processors)

Solution count 10: 13459 13465 13473 ... 13507

Time limit reached
Best objective 1.345900000000e+04, best bound 4.547473508865e-13, gap 100.0000%
