
Gurobi 10.0.1 (linux64) logging started Tue Sep 12 18:46:04 2023

Set parameter LogFile to value "./log/lipa20a.log"
Set parameter TimeLimit to value 180
Gurobi Optimizer version 10.0.1 build v10.0.1rc0 (linux64)

CPU model: 12th Gen Intel(R) Core(TM) i5-12600KF, instruction set [SSE2|AVX|AVX2]
Thread count: 8 physical cores, 16 logical processors, using up to 16 threads

Optimize a model with 40 rows, 400 columns and 800 nonzeros
Model fingerprint: 0x26d48a67
Model has 72200 quadratic objective terms
Variable types: 0 continuous, 400 integer (400 binary)
Coefficient statistics:
  Matrix range     [1e+00, 1e+00]
  Objective range  [0e+00, 0e+00]
  QObjective range [2e+00, 1e+02]
  Bounds range     [1e+00, 1e+00]
  RHS range        [1e+00, 1e+00]
Found heuristic solution: objective 3941.0000000
Presolve time: 0.58s
Presolved: 40 rows, 400 columns, 800 nonzeros
Presolved model has 72600 quadratic objective terms
Variable types: 0 continuous, 400 integer (400 binary)

Root relaxation: objective -1.033844e+04, 440 iterations, 0.08 seconds (0.14 work units)

    Nodes    |    Current Node    |     Objective Bounds      |     Work
 Expl Unexpl |  Obj  Depth IntInf | Incumbent    BestBd   Gap | It/Node Time

H    0     0                    3902.0000000    0.00000   100%     -    0s
H    0     0                    3901.0000000    0.00000   100%     -    0s
H    0     0                    3888.0000000    0.00000   100%     -    0s
     0     0   -0.00000    0  400 3888.00000    0.00000   100%     -    0s
H    0     0                    3885.0000000    0.00000   100%     -    0s
H    0     0                    3872.0000000    0.00000   100%     -    0s
H    0     0                    3863.0000000    0.00000   100%     -    0s
     0     0   -0.00000    0  400 3863.00000    0.00000   100%     -    0s
H    0     0                    3830.0000000    0.00000   100%     -    1s
H    0     2                    3819.0000000    0.00000   100%     -    1s
     0     2   -0.00000    0  400 3819.00000    0.00000   100%     -    1s
H   32    40                    3812.0000000    0.00000   100%   9.4    1s
H  136   147                    3810.0000000    0.00000   100%   4.1    1s
H  142   147                    3806.0000000    0.00000   100%   4.1    1s
H  254   263                    3793.0000000    0.00000   100%   3.6    1s
H  735   660                    3791.0000000    0.00000   100%  28.0    4s
   818   788    0.00000   51   68 3791.00000    0.00000   100%  33.2    5s
  3417  2504  171.20488   55   72 3791.00000  171.20385  95.5%  73.3   10s
 12025  8349 1352.31709  172   66 3791.00000  222.65835  94.1%  52.6   15s
 29834 23171 1337.69470  140  400 3791.00000  308.36675  91.9%  38.4   27s
 29842 23176 3163.66110  120  190 3791.00000  308.36675  91.9%  38.4   31s
 29857 23186  869.40716  132  362 3791.00000  308.36675  91.9%  38.4   35s
 29875 23198 3527.20757  201  420 3791.00000  308.36675  91.9%  38.3   40s
 29897 23213 1903.26658  154  458 3791.00000  308.36675  91.9%  38.3   45s
 29917 23226 1424.74345  104  467 3791.00000  308.36675  91.9%  38.3   50s
 29937 23240 1084.22683  187  461 3791.00000  308.36675  91.9%  38.3   55s
 29959 23254  692.81670   95  488 3791.00000  308.36675  91.9%  38.2   60s
 29983 23270  753.88063   85  499 3791.00000  338.91795  91.1%  38.2   65s
 30007 23286 1298.65910  163  527 3791.00000  353.89357  90.7%  38.2   70s
 30031 23302 2778.61019  100  528 3791.00000  374.04879  90.1%  38.1   75s
 30573 23667  380.76335   76  257 3791.00000  380.76335  90.0%  42.1   80s
 33611 25656  845.04533  120  151 3791.00000  380.76335  90.0%  46.1   85s
 37860 28286 2502.31932  248   84 3791.00000  380.76335  90.0%  50.1   90s
 44730 32371  787.52268   75  134 3791.00000  380.76335  90.0%  52.1   96s
H46443 31689                    3789.0000000  380.76335  90.0%  52.5   97s
 50415 34432 1068.78060  128  152 3789.00000  380.76335  90.0%  53.5  100s
 55563 37225 1422.74487  162  137 3789.00000  380.76335  90.0%  56.9  105s
H60548 38312                    3780.0000000  380.76335  89.9%  57.0  109s
 61906 39311 3529.95943  180   53 3780.00000  380.76335  89.9%  56.9  110s
 69451 43437 1112.34607  136  132 3780.00000  380.76335  89.9%  57.8  115s
H75148 45382                    3779.0000000  380.76335  89.9%  57.2  118s
H75960 44907                    3778.0000000  380.76335  89.9%  57.0  119s
 78250 46186  952.50699  122  131 3778.00000  380.76335  89.9%  56.6  120s
 87215 50916  638.29672   99  139 3778.00000  380.76335  89.9%  55.4  125s
H92830 55458                    3775.0000000  380.76335  89.9%  54.6  128s
 95210 57725 3399.93949  200   59 3775.00000  380.76335  89.9%  54.6  130s
 103880 65665 1698.97055  108  104 3775.00000  385.72488  89.8%  54.2  135s
 110938 71862 3738.21095  227   37 3775.00000  391.07531  89.6%  54.1  140s
 119809 79293 3294.37063  179   67 3775.00000  399.77453  89.4%  53.8  145s
 127446 86398 2105.12774  161  104 3775.00000  406.49337  89.2%  54.0  150s
 134979 92936  979.61382  129  141 3775.00000  414.20926  89.0%  54.5  155s
 147545 103502 1257.09947  134  113 3775.00000  428.81284  88.6%  53.8  160s
 155919 111072  822.36649   90  152 3775.00000  433.10148  88.5%  54.0  165s
 164516 119036 1456.27635  123  118 3775.00000  438.42607  88.4%  54.1  170s
 173046 126654 1555.24378  131  122 3775.00000  440.74036  88.3%  54.8  175s
 182352 134785 1284.89235   97  125 3775.00000  443.45718  88.3%  54.7  180s

Cutting planes:
  Gomory: 4
  Implied bound: 33
  MIR: 45
  StrongCG: 1
  Flow cover: 486
  Zero half: 1
  RLT: 2
  Relax-and-lift: 7

Explored 183103 nodes (10018175 simplex iterations) in 180.00 seconds (518.28 work units)
Thread count was 16 (of 16 available processors)

Solution count 10: 3775 3778 3779 ... 3812

Time limit reached
Best objective 3.775000000000e+03, best bound 4.440000000000e+02, gap 88.2384%
