
Gurobi 10.0.1 (linux64) logging started Tue Sep 12 15:25:08 2023

Set parameter LogFile to value "./log/nug15/nug15.log"
Gurobi Optimizer version 10.0.1 build v10.0.1rc0 (linux64)

CPU model: 12th Gen Intel(R) Core(TM) i5-12600KF, instruction set [SSE2|AVX|AVX2]
Thread count: 8 physical cores, 16 logical processors, using up to 16 threads

Optimize a model with 30 rows, 225 columns and 450 nonzeros
Model fingerprint: 0xb3c83aa3
Model has 15750 quadratic objective terms
Variable types: 0 continuous, 225 integer (225 binary)
Coefficient statistics:
  Matrix range     [1e+00, 1e+00]
  Objective range  [0e+00, 0e+00]
  QObjective range [4e+00, 2e+02]
  Bounds range     [1e+00, 1e+00]
  RHS range        [1e+00, 1e+00]
Found heuristic solution: objective 1528.0000000
Presolve time: 0.10s
Presolved: 30 rows, 225 columns, 450 nonzeros
Presolved model has 15975 quadratic objective terms
Variable types: 0 continuous, 225 integer (225 binary)

Root relaxation: objective -1.090810e+04, 227 iterations, 0.01 seconds (0.02 work units)

    Nodes    |    Current Node    |     Objective Bounds      |     Work
 Expl Unexpl |  Obj  Depth IntInf | Incumbent    BestBd   Gap | It/Node Time

H    0     0                    1496.0000000    0.00000   100%     -    0s
     0     0    0.00000    0  192 1496.00000    0.00000   100%     -    0s
H    0     0                    1492.0000000    0.00000   100%     -    0s
H    0     0                    1440.0000000    0.00000   100%     -    0s
H    0     0                    1390.0000000    0.00000   100%     -    0s
     0     0    0.00000    0  192 1390.00000    0.00000   100%     -    0s
H    0     0                    1312.0000000    0.00000   100%     -    0s
     0     2    0.00000    0  192 1312.00000    0.00000   100%     -    0s
H   31    40                    1296.0000000    0.00000   100%   8.7    0s
H   33    40                    1278.0000000    0.00000   100%   8.3    0s
H  143   144                    1264.0000000    0.00000   100%   4.9    0s
H  177   166                    1260.0000000    0.00000   100%  20.0    0s
H  233   194                    1244.0000000    0.00000   100%  17.5    0s
H  540   394                    1234.0000000    0.00000   100%  17.3    0s
H  621   466                    1210.0000000    0.00000   100%  17.0    0s
H  731   586                    1198.0000000    0.00000   100%  16.6    1s
H 1288  1104                    1174.0000000    0.00000   100%  15.7    1s
 42390 30255  342.68467   77   45 1174.00000  330.00000  71.9%  13.0    5s
 101633 54917 1025.02905  122   30 1174.00000  398.00000  66.1%  14.9   10s
 207783 121540  853.93122  109   40 1174.00000  446.26768  62.0%  14.5   15s
 312486 194645  681.69207   91   42 1174.00000  468.59894  60.1%  14.2   20s
 421340 269237  632.44226   70   55 1174.00000  486.02116  58.6%  13.9   25s
 537040 349043  679.15309  107   52 1174.00000  499.74727  57.4%  13.6   30s
 648990 426790  784.33126  103   47 1174.00000  509.68643  56.6%  13.4   35s
 763484 505407  637.40636   71   48 1174.00000  518.22906  55.9%  13.2   40s
 878868 582509 1165.66979  117   25 1174.00000  526.28990  55.2%  13.0   45s
 995281 661569 1016.18710  117   31 1174.00000  532.99351  54.6%  12.9   50s
 1109106 736654  636.76149   97   51 1174.00000  539.07902  54.1%  12.7   55s
 1223746 811959 1165.16806  124   28 1174.00000  544.94492  53.6%  12.6   60s
 1336296 885679  958.82213  104   34 1174.00000  550.03671  53.1%  12.5   65s
 1448786 960650     cutoff  119      1174.00000  554.69757  52.8%  12.4   70s
 1564166 1035896 1119.08728  120   31 1174.00000  559.42070  52.3%  12.3   75s
 1674931 1107101  956.74328  117   38 1174.00000  563.37290  52.0%  12.3   80s
 1781160 1176686  813.15464  109   34 1174.00000  566.92680  51.7%  12.2   85s
 1873475 1236319 1042.47358  105   36 1174.00000  569.83318  51.5%  12.1   90s
 1977611 1303953  828.48387  117   36 1174.00000  573.16452  51.2%  12.1   95s
 2088438 1374104  784.40678  112   45 1174.00000  576.31731  50.9%  12.0  100s
 2195981 1443807 1049.07870   91   33 1174.00000  579.22380  50.7%  12.0  105s
 2310520 1516669     cutoff  125      1174.00000  582.22820  50.4%  11.9  110s
 2421271 1587133  920.87877   84   33 1174.00000  584.92625  50.2%  11.9  115s
 2532427 1660033 1115.02550  109   25 1174.00000  587.60412  49.9%  11.8  120s
 2636551 1726549  649.60433   87   56 1174.00000  590.06095  49.7%  11.8  125s
 2756185 1803131  641.15986   96   49 1174.00000  592.65550  49.5%  11.8  130s
H2766294 1806901                    1172.0000000  592.85694  49.4%  11.8  130s
H2772808 1799808                    1164.0000000  593.00990  49.1%  11.8  131s
H2789133 1790591                    1152.0000000  593.37141  48.5%  11.8  131s
 2863139 1837980     cutoff  135      1152.00000  595.02626  48.3%  11.7  135s
 2977440 1908852  817.65269   77   45 1152.00000  597.55788  48.1%  11.7  140s
 3090160 1978661  750.51311   99   55 1152.00000  599.99058  47.9%  11.7  145s
 3199462 2046793  921.98179   93   32 1152.00000  602.24796  47.7%  11.6  150s
 3314542 2118932     cutoff  118      1152.00000  604.61807  47.5%  11.6  155s
 3420571 2183461  950.14648  107   47 1152.00000  606.69067  47.3%  11.6  160s
 3524821 2245546  700.72186   96   33 1152.00000  608.57090  47.2%  11.6  165s
 3633185 2312598  975.65298  105   29 1152.00000  610.53811  47.0%  11.5  170s
 3728149 2370732  838.05660   92   46 1152.00000  612.18080  46.9%  11.5  175s
 3822183 2427875  860.37170   99   49 1152.00000  613.72410  46.7%  11.5  180s
 3898068 2474110 1051.61875  109   34 1152.00000  614.93924  46.6%  11.5  185s
 3992287 2531966 1004.98866  116   34 1152.00000  616.49728  46.5%  11.5  190s
 4098899 2596651  805.02998   92   39 1152.00000  618.19426  46.3%  11.4  195s
 4203763 2661129  969.15709  118   37 1152.00000  619.80918  46.2%  11.4  200s
 4296811 2716573  738.94501   91   49 1152.00000  621.26017  46.1%  11.4  205s
 4400999 2779578 1133.93498  107   29 1152.00000  622.77496  45.9%  11.4  210s
 4507998 2843979  821.85543   97   48 1152.00000  624.29937  45.8%  11.4  215s
 4617752 2910519     cutoff   98      1152.00000  625.89050  45.7%  11.3  220s
 4736267 2980553  758.78226  105   35 1152.00000  627.49873  45.5%  11.3  225s
 4850345 3049905  801.85207   92   54 1152.00000  629.03455  45.4%  11.3  230s
 4970911 3122385 1114.89621   97   31 1152.00000  630.68378  45.3%  11.3  235s
 5093999 3196818  939.43995  111   38 1152.00000  632.25578  45.1%  11.2  240s
 5214308 3268398  846.19229  105   40 1152.00000  633.78784  45.0%  11.2  245s
 5330657 3339221  927.73213   91   38 1152.00000  635.20623  44.9%  11.2  250s
 5454786 3413037 1003.28836  105   37 1152.00000  636.70688  44.7%  11.1  255s
 5576753 3485126 1050.42100   98   41 1152.00000  638.18184  44.6%  11.1  260s
 5688085 3551033     cutoff  100      1152.00000  639.50096  44.5%  11.1  265s
 5778688 3603803  859.24612   89   46 1152.00000  640.53390  44.4%  11.0  270s
 5904345 3678414  709.74574   88   59 1152.00000  641.96687  44.3%  11.0  275s
 6021220 3747884 1120.32027  130   36 1152.00000  643.26144  44.2%  11.0  280s
 6137801 3816128  910.75495  105   45 1152.00000  644.53175  44.1%  11.0  285s
 6257370 3887018 1013.60998  108   39 1152.00000  645.84254  43.9%  10.9  290s
 6374776 3956125  825.38300  110   40 1152.00000  647.11624  43.8%  10.9  295s
 6494014 4025108  877.96192  108   35 1152.00000  648.34305  43.7%  10.9  300s
 6621415 4100949 1045.88223  115   39 1152.00000  649.64703  43.6%  10.9  305s
 6742736 4171857     cutoff  116      1152.00000  650.88226  43.5%  10.8  310s
 6866106 4244220  985.90483   92   39 1152.00000  652.09086  43.4%  10.8  315s
 6990883 4316836  866.36994   99   47 1152.00000  653.30123  43.3%  10.8  320s
 7118600 4392290  845.86242  107   49 1152.00000  654.49371  43.2%  10.8  325s
 7242989 4463625  733.12417  103   52 1152.00000  655.66954  43.1%  10.7  330s
 7368013 4535645  814.17275  105   39 1152.00000  656.84676  43.0%  10.7  335s
 7491646 4606209  716.27586   98   46 1152.00000  657.93901  42.9%  10.7  340s
 7620956 4680541  866.04885   99   40 1152.00000  659.06714  42.8%  10.7  345s
 7744106 4752220  974.27766  110   34 1152.00000  660.13275  42.7%  10.7  350s
 7872853 4825845     cutoff  109      1152.00000  661.27185  42.6%  10.6  355s
 7996957 4897534  791.03702  109   45 1152.00000  662.30775  42.5%  10.6  360s
 8117023 4966806 1088.57601  124   30 1152.00000  663.26897  42.4%  10.6  365s
 8241367 5039073  887.43978   99   25 1152.00000  664.29268  42.3%  10.6  370s
 8365347 5110629 1146.32827  107   30 1152.00000  665.31865  42.2%  10.6  375s
 8494965 5185792 1068.23817  108   29 1152.00000  666.36536  42.2%  10.5  380s
 8620340 5258248  897.62756  111   40 1152.00000  667.35630  42.1%  10.5  385s
 8741556 5328451  897.09848  105   45 1152.00000  668.32745  42.0%  10.5  390s
 8868055 5401722     cutoff  119      1152.00000  669.32012  41.9%  10.5  395s
 8993205 5473104 1045.40699   99   34 1152.00000  670.24999  41.8%  10.5  400s
 9122043 5547706  909.65166   92   35 1152.00000  671.24021  41.7%  10.5  405s
 9249884 5620800  907.48515  103   41 1152.00000  672.17531  41.7%  10.5  410s
 9368871 5688861  971.81126  120   35 1152.00000  673.02581  41.6%  10.4  415s
 9496951 5761855  820.45852  111   45 1152.00000  673.97859  41.5%  10.4  420s
 9626386 5836633  786.27970   95   52 1152.00000  674.89174  41.4%  10.4  425s
 9751182 5907252 1067.79125   79   39 1152.00000  675.77838  41.3%  10.4  430s
 9885197 5982322 1035.00796   99   30 1152.00000  676.73302  41.3%  10.4  435s
 10017632 6056927  970.90455  117   43 1152.00000  677.61369  41.2%  10.4  440s
 10145083 6130503  793.89945   82   47 1152.00000  678.46075  41.1%  10.3  445s
 10269756 6200490  776.54981   89   41 1152.00000  679.30178  41.0%  10.3  450s
 10396870 6273216 1085.10384  126   34 1152.00000  680.14061  41.0%  10.3  455s
 10512806 6338733  782.14715   77   49 1152.00000  680.91241  40.9%  10.3  460s
 10631056 6405312  945.34401  118   40 1152.00000  681.68603  40.8%  10.3  465s
 10754740 6475381     cutoff  122      1152.00000  682.47259  40.8%  10.3  470s
 10874560 6543113  985.00802  103   36 1152.00000  683.24580  40.7%  10.3  475s
 10991114 6607301 1032.27897   93   36 1152.00000  683.97323  40.6%  10.3  480s
 11106795 6672251  935.64429  108   33 1152.00000  684.69032  40.6%  10.3  485s
 11216259 6733635     cutoff  112      1152.00000  685.37358  40.5%  10.3  490s
 11337019 6801969 1016.23120  101   36 1152.00000  686.12692  40.4%  10.3  495s
 11455015 6866644  811.23800   96   37 1152.00000  686.86830  40.4%  10.3  500s
 11571777 6930761  897.58626  112   37 1152.00000  687.58876  40.3%  10.3  505s
 11687496 6995588 1050.15622  111   35 1152.00000  688.27250  40.3%  10.3  510s
 11803939 7060988  856.86385  105   40 1152.00000  688.96674  40.2%  10.3  515s
 11923867 7126631 1109.53398  105   22 1152.00000  689.69601  40.1%  10.3  520s
 12038695 7190237     cutoff  132      1152.00000  690.37833  40.1%  10.3  525s
 12155312 7253986  849.52199   85   43 1152.00000  691.06336  40.0%  10.3  530s
 12275546 7321767 1088.34176  111   29 1152.00000  691.75339  40.0%  10.3  535s
 12390489 7385587  879.36774  109   50 1152.00000  692.40676  39.9%  10.3  540s
 12495855 7443794 1060.98708   94   30 1152.00000  693.02721  39.8%  10.3  545s
 12613446 7510731 1034.86966   99   44 1152.00000  693.67972  39.8%  10.2  550s
 12729081 7575162 1125.46210  122   35 1152.00000  694.31380  39.7%  10.2  555s
 12837805 7634486  788.63078   98   45 1152.00000  694.92481  39.7%  10.2  560s
 12955221 7699038  869.30052   78   41 1152.00000  695.57977  39.6%  10.2  565s
 13074663 7765233  847.95949   92   52 1152.00000  696.21751  39.6%  10.2  570s
 13193715 7830949  858.84022   78   44 1152.00000  696.85146  39.5%  10.2  575s
 13315772 7898725     cutoff  105      1152.00000  697.51518  39.5%  10.2  580s
 13429732 7960587  789.38438   95   56 1152.00000  698.10759  39.4%  10.2  585s
 13544677 8024050 1129.78587  112   28 1152.00000  698.69920  39.3%  10.2  590s
 13674237 8094582  862.58585   98   48 1152.00000  699.37855  39.3%  10.2  595s
 13808036 8168374 1080.35959  107   29 1152.00000  700.06854  39.2%  10.2  600s
 13940792 8241507 1142.59946  112   26 1152.00000  700.73356  39.2%  10.2  605s
 14072621 8313296  998.99163  108   34 1152.00000  701.41083  39.1%  10.2  610s
 14201621 8384175  842.48777  103   46 1152.00000  702.05668  39.1%  10.2  615s
 14331435 8455756 1121.37320  111   31 1152.00000  702.69408  39.0%  10.1  620s
 14455485 8524091 1048.98580  113   38 1152.00000  703.28750  39.0%  10.1  625s
 14589116 8596791 1148.36423  112   26 1152.00000  703.95499  38.9%  10.1  630s
 14715939 8666124 1105.71579   94   24 1152.00000  704.57747  38.8%  10.1  635s
 14839734 8732616  844.58282   78   46 1152.00000  705.17046  38.8%  10.1  640s
 14973037 8806226     cutoff   98      1152.00000  705.80399  38.7%  10.1  645s
 15101778 8875425  923.09837   94   34 1152.00000  706.41916  38.7%  10.1  650s
 15225004 8941378     cutoff  116      1152.00000  706.99797  38.6%  10.1  655s
 15352786 9010088  964.26929  110   43 1152.00000  707.59926  38.6%  10.1  660s
 15484385 9081306     cutoff  111      1152.00000  708.21776  38.5%  10.1  665s
 15615789 9152428  957.87312  102   24 1152.00000  708.83980  38.5%  10.1  670s
 15749011 9224743  803.34261   96   49 1152.00000  709.44361  38.4%  10.0  675s
 15878960 9294245     cutoff  118      1152.00000  710.04524  38.4%  10.0  680s
 15998874 9359951     cutoff  105      1152.00000  710.58869  38.3%  10.0  685s
 16132492 9431909 1123.03947  107   33 1152.00000  711.18645  38.3%  10.0  690s
 16254122 9496661     cutoff  127      1152.00000  711.73036  38.2%  10.0  695s
 16388625 9570730  775.73936   97   43 1152.00000  712.33976  38.2%  10.0  700s
 16523311 9643183 1006.70490  118   26 1152.00000  712.94078  38.1%  10.0  705s
 16653987 9713087  923.01946  113   46 1152.00000  713.51445  38.1%  10.0  710s
 16779726 9780898  902.38337   98   44 1152.00000  714.06136  38.0%  10.0  715s
 16907842 9848836 1082.04414  101   26 1152.00000  714.61242  38.0%  10.0  720s
 17034075 9916191  839.59087   83   35 1152.00000  715.14689  37.9%  10.0  725s
 17164568 9986186  963.88569  111   45 1152.00000  715.69096  37.9%   9.9  730s
 17289503 10052537 1121.14758  113   22 1152.00000  716.21631  37.8%   9.9  735s
 17423286 10123968 1011.53839  122   33 1152.00000  716.75739  37.8%   9.9  740s
 17559459 10195866  919.56252   95   53 1152.00000  717.33075  37.7%   9.9  745s
 17695315 10268120  945.91779   96   32 1152.00000  717.88711  37.7%   9.9  750s
 17828371 10339615 1086.70270  112   16 1152.00000  718.42066  37.6%   9.9  755s
 17954218 10408296  859.19365   75   32 1152.00000  718.92328  37.6%   9.9  760s
 18085475 10479542  849.53197  107   41 1152.00000  719.46433  37.5%   9.9  765s
 18213432 10548521 1025.79978   95   32 1152.00000  719.98323  37.5%   9.9  770s
 18343802 10617317 1118.55854  115   35 1152.00000  720.50594  37.5%   9.9  775s
 18479605 10689757 1110.05130  107   34 1152.00000  721.03197  37.4%   9.9  780s
 18608014 10759075 1109.94472   89   32 1152.00000  721.52460  37.4%   9.9  785s
 18739959 10828044  856.65125   80   49 1152.00000  722.04196  37.3%   9.9  790s
 18873300 10898193 1061.94740   97   37 1152.00000  722.56988  37.3%   9.8  795s
 19007078 10969203  815.22586   82   43 1152.00000  723.07710  37.2%   9.8  800s
 19125566 11032566  871.10540   98   36 1152.00000  723.52668  37.2%   9.8  805s
 19253397 11101154 1044.19330  110   34 1152.00000  724.01501  37.2%   9.8  810s
 19380579 11166804 1054.60891  100   31 1152.00000  724.48795  37.1%   9.8  815s
 19511681 11237155  872.30450  104   47 1152.00000  724.98783  37.1%   9.8  820s
 19649723 11308228  952.44606  119   31 1152.00000  725.48989  37.0%   9.8  825s
 19786841 11380910  957.02834   94   36 1152.00000  725.99241  37.0%   9.8  830s
 19918710 11450265 1147.62654  114   33 1152.00000  726.49512  36.9%   9.8  835s
 20055107 11522520 1038.22441  121   37 1152.00000  727.00002  36.9%   9.8  840s
 20181076 11588708     cutoff  130      1152.00000  727.46710  36.9%   9.8  845s
 20312246 11657905 1025.91342  118   31 1152.00000  727.94057  36.8%   9.8  850s
 20442564 11726172 1076.95083  102   36 1152.00000  728.40119  36.8%   9.8  855s
 20581558 11798809  909.07732   89   43 1152.00000  728.89760  36.7%   9.7  860s
 20714561 11867033  958.52091   96   37 1152.00000  729.36355  36.7%   9.7  865s
 20848514 11936951  906.26354  102   42 1152.00000  729.83048  36.6%   9.7  870s
 20973617 12002889  946.46633  110   44 1152.00000  730.28235  36.6%   9.7  875s
 21103432 12071573 1032.91567   95   41 1152.00000  730.72680  36.6%   9.7  880s
 21242825 12144573 1034.93278  113   35 1152.00000  731.21084  36.5%   9.7  885s
 21368972 12210270     cutoff  108      1152.00000  731.65189  36.5%   9.7  890s
 21506050 12281492 1026.79736   91   39 1152.00000  732.11718  36.4%   9.7  895s
 21627245 12345460 1013.30740  110   48 1152.00000  732.53281  36.4%   9.7  900s
 21749348 12409538 1059.63008   98   25 1152.00000  732.95043  36.4%   9.7  905s
 21870872 12471901  902.45289   89   42 1152.00000  733.35267  36.3%   9.7  910s
 21990282 12535117     cutoff   97      1152.00000  733.75062  36.3%   9.7  915s
 22096141 12588890 1069.62583  109   29 1152.00000  734.09762  36.3%   9.7  920s
 22209569 12647476  893.32234  117   38 1152.00000  734.46605  36.2%   9.7  925s
 22338599 12715000 1082.79431   92   35 1152.00000  734.88797  36.2%   9.7  930s
 22460702 12778990 1032.90501   97   38 1152.00000  735.28646  36.2%   9.7  935s
 22595383 12847816  998.42247  105   41 1152.00000  735.73084  36.1%   9.7  940s
 22716305 12910617  794.02558  112   47 1152.00000  736.12609  36.1%   9.6  945s
 22854013 12982290  808.84872  113   42 1152.00000  736.57263  36.1%   9.6  950s
 22989236 13051704 1003.54724  117   30 1152.00000  737.00273  36.0%   9.6  955s
 23119739 13118103 1017.88286  122   37 1152.00000  737.40802  36.0%   9.6  960s
 23251024 13185731  897.62555   83   42 1152.00000  737.83176  36.0%   9.6  965s
 23387521 13256462  992.61899   93   33 1152.00000  738.25555  35.9%   9.6  970s
 23514901 13321810  852.74432   98   43 1152.00000  738.66044  35.9%   9.6  975s
 23651713 13392730 1080.70713  111   38 1152.00000  739.08676  35.8%   9.6  980s
 23784897 13460890 1081.09634  119   30 1152.00000  739.49698  35.8%   9.6  985s
 23912520 13527030  897.20754  108   37 1152.00000  739.90378  35.8%   9.6  990s
 24041707 13592935     cutoff  109      1152.00000  740.30223  35.7%   9.6  995s
 24174588 13661895  924.51856  109   39 1152.00000  740.70204  35.7%   9.6 1000s
 24301063 13725593  888.79864  114   36 1152.00000  741.07460  35.7%   9.6 1005s
 24432418 13794045     cutoff   96      1152.00000  741.47007  35.6%   9.6 1010s
 24567760 13863012 1040.77041  106   41 1152.00000  741.88232  35.6%   9.6 1015s
 24710024 13935900  825.18566   96   47 1152.00000  742.30799  35.6%   9.6 1020s
 24842994 14003545 1035.30038   96   39 1152.00000  742.70732  35.5%   9.6 1025s
 24983127 14075119 1076.42818  115   25 1152.00000  743.12837  35.5%   9.5 1030s
 25123885 14146436     cutoff  113      1152.00000  743.53909  35.5%   9.5 1035s
 25257651 14214313  905.13616  112   39 1152.00000  743.92725  35.4%   9.5 1040s
 25396684 14284523 1031.70172  110   36 1152.00000  744.32298  35.4%   9.5 1045s
 25535962 14354597     cutoff  103      1152.00000  744.72382  35.4%   9.5 1050s
 25657896 14415420 1090.01279  107   33 1152.00000  745.07486  35.3%   9.5 1055s
 25783667 14479491     cutoff  107      1152.00000  745.43429  35.3%   9.5 1060s
 25915714 14547124  796.47537   86   40 1152.00000  745.80955  35.3%   9.5 1065s
 26051044 14616472 1088.55219  108   33 1152.00000  746.19274  35.2%   9.5 1070s
 26177036 14678694  974.91422  105   24 1152.00000  746.54656  35.2%   9.5 1075s
 26313256 14748571     cutoff   99      1152.00000  746.92088  35.2%   9.5 1080s
 26437647 14811029  987.96273  111   32 1152.00000  747.28385  35.1%   9.5 1085s
 26573546 14879555  908.22469  119   40 1152.00000  747.66217  35.1%   9.5 1090s
 26707382 14946731 1089.55834  106   30 1152.00000  748.03189  35.1%   9.5 1095s
 26834670 15010466  885.71446   86   37 1152.00000  748.38758  35.0%   9.5 1100s
 26965487 15076438 1137.18588  125   27 1152.00000  748.74183  35.0%   9.5 1105s
 27097095 15142710 1137.94277  110   33 1152.00000  749.10945  35.0%   9.5 1110s
 27228942 15209461     cutoff  100      1152.00000  749.46692  34.9%   9.5 1115s
 27359435 15275670  904.21780   93   37 1152.00000  749.82059  34.9%   9.5 1120s
 27489540 15341557     cutoff  104      1152.00000  750.17789  34.9%   9.4 1125s
 27622824 15407361  871.91057   89   39 1152.00000  750.51703  34.9%   9.4 1130s
 27752468 15473535  819.27900   94   47 1152.00000  750.86657  34.8%   9.4 1135s
 27888940 15541510 1004.68157  106   29 1152.00000  751.22396  34.8%   9.4 1140s
 28026935 15611286  924.48436  105   39 1152.00000  751.59183  34.8%   9.4 1145s
 28158518 15677592  915.74021  108   35 1152.00000  751.94075  34.7%   9.4 1150s
 28292785 15743676 1058.04843   88   30 1152.00000  752.28039  34.7%   9.4 1155s
 28430044 15812669 1071.03175   99   41 1152.00000  752.64307  34.7%   9.4 1160s
 28559668 15878333     cutoff  129      1152.00000  752.97656  34.6%   9.4 1165s
 28683115 15939171  870.46995   82   50 1152.00000  753.29132  34.6%   9.4 1170s
 28814161 16004903 1116.06349   94   32 1152.00000  753.62594  34.6%   9.4 1175s
 28939826 16067768  936.10377   73   46 1152.00000  753.94813  34.6%   9.4 1180s
 29068236 16132909     cutoff  108      1152.00000  754.27071  34.5%   9.4 1185s
 29202977 16200324  997.87650  103   45 1152.00000  754.61798  34.5%   9.4 1190s
 29335997 16266074 1121.30994  107   33 1152.00000  754.94603  34.5%   9.4 1195s
 29470350 16334324     cutoff  121      1152.00000  755.27737  34.4%   9.4 1200s
 29594600 16394723  885.06344   91   46 1152.00000  755.58780  34.4%   9.4 1205s
 29713595 16453180  870.52397   85   38 1152.00000  755.87832  34.4%   9.4 1210s
 29828755 16508694 1016.51515  105   34 1152.00000  756.16874  34.4%   9.4 1215s
 29949555 16568949  850.22595   89   43 1152.00000  756.46358  34.3%   9.4 1220s
 30070023 16627653  964.99319  111   33 1152.00000  756.74746  34.3%   9.4 1225s
 30187522 16685649  997.91559  125   33 1152.00000  757.03261  34.3%   9.4 1230s
 30311511 16747110  861.44233   96   45 1152.00000  757.33632  34.3%   9.4 1235s
 30434712 16806558 1117.28845  109   30 1152.00000  757.62515  34.2%   9.4 1240s
 30555885 16866384     cutoff  125      1152.00000  757.90838  34.2%   9.4 1245s
 30675990 16926739     cutoff  112      1152.00000  758.19815  34.2%   9.4 1250s
 30802796 16988750 1134.13580   93   27 1152.00000  758.50228  34.2%   9.4 1255s
 30924941 17048532  827.01076  104   47 1152.00000  758.79428  34.1%   9.4 1260s
 31042229 17105608  875.08328  109   42 1152.00000  759.06069  34.1%   9.4 1265s
 31166103 17167251     cutoff  115      1152.00000  759.35544  34.1%   9.4 1270s
 31272120 17218936 1046.02908  106   37 1152.00000  759.60162  34.1%   9.4 1275s
 31381424 17273284 1004.55398  100   35 1152.00000  759.86063  34.0%   9.4 1280s
 31497242 17330571  851.32757  111   46 1152.00000  760.13032  34.0%   9.4 1285s
 31610548 17385574  853.85641  109   31 1152.00000  760.39451  34.0%   9.4 1290s
 31728482 17443266 1120.18833  107   36 1152.00000  760.67133  34.0%   9.4 1295s
 31847506 17501937     cutoff   96      1152.00000  760.94322  33.9%   9.4 1300s
 31971865 17563838 1084.77091   95   40 1152.00000  761.22444  33.9%   9.4 1305s
 32096569 17624526  885.65615  100   46 1152.00000  761.51424  33.9%   9.4 1310s
 32215598 17682557     cutoff  103      1152.00000  761.78665  33.9%   9.4 1315s
 32338826 17743687     cutoff  110      1152.00000  762.06953  33.8%   9.4 1320s
 32450116 17797432     cutoff  109      1152.00000  762.32409  33.8%   9.4 1325s
 32566021 17854431     cutoff  123      1152.00000  762.58321  33.8%   9.4 1330s
 32683927 17913322  963.73366  103   43 1152.00000  762.84917  33.8%   9.4 1335s
 32796754 17967351 1032.65734  106   28 1152.00000  763.10252  33.8%   9.4 1340s
 32907834 18021082 1050.70928   89   39 1152.00000  763.34794  33.7%   9.4 1345s
 33021541 18075993  965.84330   94   35 1152.00000  763.60443  33.7%   9.4 1350s
 33130487 18128660  985.86137  101   38 1152.00000  763.84219  33.7%   9.4 1355s
 33242222 18182978  997.80800  109   41 1152.00000  764.08869  33.7%   9.4 1360s
 33339474 18230237  937.73243   96   32 1152.00000  764.31057  33.7%   9.4 1365s
 33429256 18274684 1118.48304   94   34 1152.00000  764.50912  33.6%   9.4 1370s
 33525644 18320982 1030.03463  107   35 1152.00000  764.72109  33.6%   9.4 1375s
 33619103 18365992 1139.92643  108   33 1152.00000  764.92865  33.6%   9.4 1380s
 33709456 18409914  943.66917  118   31 1152.00000  765.12469  33.6%   9.4 1385s
 33794113 18450444 1059.60099   99   37 1152.00000  765.30754  33.6%   9.4 1390s
 33889689 18496350  821.96432  112   58 1152.00000  765.51646  33.5%   9.4 1395s
 33987515 18543460  835.74748   86   45 1152.00000  765.73625  33.5%   9.4 1400s
 34082351 18589703 1065.95703   83   27 1152.00000  765.94567  33.5%   9.4 1405s
 34179863 18635487     cutoff  103      1152.00000  766.15158  33.5%   9.4 1410s
 34276511 18683490 1144.83848  129   28 1152.00000  766.35399  33.5%   9.4 1415s
 34370493 18729148 1107.01285   85   41 1152.00000  766.56741  33.5%   9.4 1420s
 34468007 18777187  994.98177  108   27 1152.00000  766.77316  33.4%   9.4 1425s
 34557755 18820400  847.61169   93   51 1152.00000  766.96669  33.4%   9.4 1430s
 34641975 18861495 1030.35921   90   27 1152.00000  767.14291  33.4%   9.4 1435s
 34723268 18900490 1129.88128   84   29 1152.00000  767.31397  33.4%   9.4 1440s
 34795614 18935297 1116.54483  101   17 1152.00000  767.47118  33.4%   9.3 1445s
 34886510 18979616 1131.10880  124   30 1152.00000  767.66297  33.4%   9.3 1450s
 34980574 19024585 1007.08617  105   38 1152.00000  767.85628  33.3%   9.3 1455s
 35064431 19064575 1022.54366   98   29 1152.00000  768.03266  33.3%   9.3 1460s
 35139375 19100774 1058.59343   98   32 1152.00000  768.19311  33.3%   9.3 1465s
 35222500 19141006  880.65499   86   39 1152.00000  768.36474  33.3%   9.3 1470s
 35295493 19176492 1121.18564  100   29 1152.00000  768.52165  33.3%   9.3 1475s
 35375027 19215203 1065.03446  113   27 1152.00000  768.68945  33.3%   9.3 1480s
 35456685 19254213 1024.15143  112   37 1152.00000  768.85946  33.3%   9.3 1485s
 35539207 19293206     cutoff  113      1152.00000  769.03354  33.2%   9.3 1490s
 35616684 19331344 1035.20408  102   34 1152.00000  769.19683  33.2%   9.3 1495s
 35694000 19366892  771.10787   97   42 1152.00000  769.36131  33.2%   9.3 1500s
 35762646 19399781  937.18468   92   39 1152.00000  769.50290  33.2%   9.3 1505s
 35826666 19430293 1108.03428  104   32 1152.00000  769.63527  33.2%   9.3 1510s
 35890898 19460622  936.48161  108   31 1152.00000  769.76956  33.2%   9.3 1515s
 35953326 19491605  964.05911  110   37 1152.00000  769.90083  33.2%   9.3 1520s
 36012445 19520624 1127.41583  102   31 1152.00000  770.02257  33.2%   9.3 1525s
 36079037 19552506 1090.78438   94   27 1152.00000  770.16458  33.1%   9.3 1530s
 36137226 19579763  985.08548   89   40 1152.00000  770.28433  33.1%   9.3 1535s
 36201815 19609637  929.52311  113   37 1152.00000  770.41437  33.1%   9.3 1540s
 36254582 19634994 1099.01859  104   37 1152.00000  770.51841  33.1%   9.3 1545s
 36313501 19663454 1113.06683   96   37 1152.00000  770.63667  33.1%   9.3 1550s
 36368887 19689785  949.93095   83   39 1152.00000  770.75025  33.1%   9.3 1555s
 36422868 19714786 1093.61810   98   34 1152.00000  770.85766  33.1%   9.3 1560s
 36482024 19743370 1132.26661  113   20 1152.00000  770.97571  33.1%   9.3 1565s
 36537634 19770293 1067.25533   93   41 1152.00000  771.09144  33.1%   9.3 1570s
 36585846 19793121 1119.03404  131   37 1152.00000  771.19208  33.1%   9.3 1575s
 36642568 19819954 1118.00275  113   33 1152.00000  771.30743  33.0%   9.3 1580s
 36691262 19843470     cutoff  101      1152.00000  771.40246  33.0%   9.3 1585s
 36746305 19869981 1095.03542  107   36 1152.00000  771.51253  33.0%   9.3 1590s
 36805259 19898930  857.52131  106   44 1152.00000  771.63486  33.0%   9.3 1595s
 36867714 19928934 1036.84770   94   39 1152.00000  771.75915  33.0%   9.3 1600s
 36922340 19955027  925.31219  104   39 1152.00000  771.87202  33.0%   9.3 1605s
 36983565 19984865 1067.16964   93   35 1152.00000  771.99728  33.0%   9.3 1610s
 37047001 20014588  948.86124  109   25 1152.00000  772.11847  33.0%   9.3 1615s
 37104881 20042446  955.95118   89   33 1152.00000  772.23288  33.0%   9.3 1620s
 37164003 20070666  957.38420  114   35 1152.00000  772.35843  33.0%   9.3 1625s
 37222612 20098340  825.09013   92   39 1152.00000  772.47335  32.9%   9.3 1630s
 37287923 20129052  934.59705  100   33 1152.00000  772.60165  32.9%   9.3 1635s
 37345036 20157243  865.36121   95   42 1152.00000  772.71462  32.9%   9.3 1640s
 37397789 20182550 1125.93547   91   31 1152.00000  772.81807  32.9%   9.3 1645s
 37456547 20209936 1009.42963  101   37 1152.00000  772.93077  32.9%   9.3 1650s
 37517789 20238968  809.09955   88   43 1152.00000  773.04703  32.9%   9.3 1655s
 37583300 20270344     cutoff  113      1152.00000  773.17485  32.9%   9.3 1660s
 37651195 20302869  941.35657  113   32 1152.00000  773.31120  32.9%   9.3 1665s
 37715573 20332638  971.52828   95   39 1152.00000  773.43787  32.9%   9.3 1670s
 37767863 20357289  946.13474  103   43 1152.00000  773.54280  32.9%   9.3 1675s
 37833577 20388968  972.00819  101   34 1152.00000  773.67110  32.8%   9.3 1680s
 37897399 20419566  850.26915  100   38 1152.00000  773.79225  32.8%   9.3 1685s
 37962831 20450966     cutoff  117      1152.00000  773.92158  32.8%   9.3 1690s
 38017940 20476979     cutoff  121      1152.00000  774.03049  32.8%   9.3 1695s
 38084305 20509477  846.00024   81   39 1152.00000  774.15933  32.8%   9.3 1700s
 38152724 20541515     cutoff  118      1152.00000  774.29073  32.8%   9.3 1705s
 38215453 20570879  868.58444   95   30 1152.00000  774.40843  32.8%   9.3 1710s
 38271889 20598171  928.10392   99   36 1152.00000  774.51294  32.8%   9.3 1715s
 38322763 20622185  784.04642   93   45 1152.00000  774.61131  32.8%   9.3 1720s
 38375587 20646745  872.52212   80   56 1152.00000  774.70916  32.8%   9.3 1725s
 38423243 20669085     cutoff  121      1152.00000  774.80118  32.7%   9.3 1730s
 38444579 20679584     cutoff   85      1152.00000  774.84358  32.7%   9.3 1738s
 38447566 20680811 1045.03534   93   39 1152.00000  774.84997  32.7%   9.3 1740s
 38477625 20695245 1143.92567   74   33 1152.00000  774.90534  32.7%   9.3 1745s
 38493248 20702540  850.43333   89   45 1152.00000  774.93611  32.7%   9.3 1751s
 38495848 20703535  865.91597   83   58 1152.00000  774.94055  32.7%   9.3 1755s
 38506187 20708336  853.83833  109   41 1152.00000  774.96129  32.7%   9.3 1764s

Cutting planes:
  Gomory: 5
  Implied bound: 57
  MIR: 3
  StrongCG: 1
  Flow cover: 135
  Zero half: 1
  RLT: 5

Explored 38508333 nodes (358254657 simplex iterations) in 1765.45 seconds (2515.63 work units)
Thread count was 16 (of 16 available processors)

Solution count 10: 1152 1164 1172 ... 1264

Solve interrupted
Best objective 1.152000000000e+03, best bound 7.760000000000e+02, gap 32.6389%
