
Gurobi 10.0.1 (linux64) logging started Tue Sep 12 16:22:30 2023

Set parameter LogFile to value "./log/nug17/nug17.log"
Set parameter TimeLimit to value 180
Gurobi Optimizer version 10.0.1 build v10.0.1rc0 (linux64)

CPU model: 12th Gen Intel(R) Core(TM) i5-12600KF, instruction set [SSE2|AVX|AVX2]
Thread count: 8 physical cores, 16 logical processors, using up to 16 threads

Optimize a model with 34 rows, 289 columns and 578 nonzeros
Model fingerprint: 0x591bfc58
Model has 27472 quadratic objective terms
Variable types: 0 continuous, 289 integer (289 binary)
Coefficient statistics:
  Matrix range     [1e+00, 1e+00]
  Objective range  [0e+00, 0e+00]
  QObjective range [4e+00, 3e+02]
  Bounds range     [1e+00, 1e+00]
  RHS range        [1e+00, 1e+00]
Found heuristic solution: objective 2182.0000000
Presolve time: 0.23s
Presolved: 34 rows, 289 columns, 578 nonzeros
Presolved model has 27761 quadratic objective terms
Variable types: 0 continuous, 289 integer (289 binary)

Root relaxation: objective -1.566858e+04, 323 iterations, 0.03 seconds (0.05 work units)

    Nodes    |    Current Node    |     Objective Bounds      |     Work
 Expl Unexpl |  Obj  Depth IntInf | Incumbent    BestBd   Gap | It/Node Time

     0     0   -0.00000    0  289 2182.00000    0.00000   100%     -    0s
H    0     0                    1972.0000000    0.00000   100%     -    0s
     0     0   -0.00000    0  289 1972.00000    0.00000   100%     -    0s
H    0     0                    1804.0000000    0.00000   100%     -    0s
H    0     2                    1772.0000000    0.00000   100%     -    0s
     0     2   -0.00000    0  289 1772.00000    0.00000   100%     -    0s
H   36    40                    1764.0000000    0.00000   100%   8.1    0s
H  552   397                    1760.0000000    0.00000   100%  25.2    1s
  9566  6745  162.51057   72   39 1760.00000   71.56344  95.9%  21.6    5s
 29260 22482 1273.17637  142  289 1760.00000   73.44825  95.8%  17.1   10s
 29299 22508   83.08153   53  153 1760.00000   74.80183  95.7%  17.1   15s
 29346 22539  414.26180  129  192 1760.00000  118.54790  93.3%  17.0   20s
 29402 22577 1740.17647  136  233 1760.00000  142.18538  91.9%  17.0   25s
 34171 25418  308.14958   84   59 1760.00000  146.38603  91.7%  21.7   30s
 68286 42252  712.81857  121   53 1760.00000  210.91171  88.0%  23.1   35s
 106105 63514  348.72586   81   56 1760.00000  249.32939  85.8%  23.8   40s
 148112 97502     cutoff  151      1760.00000  278.34717  84.2%  23.8   45s
 190749 131775  660.29232   90   56 1760.00000  296.27300  83.2%  23.8   50s
 234693 166734 1125.49326   95   44 1760.00000  309.57986  82.4%  23.7   55s
H242312 172731                    1758.0000000  311.36561  82.3%  23.7   56s
 273110 197256  929.06263  109   50 1758.00000  320.00474  81.8%  23.7   60s
 313656 229580  540.22079   99   52 1758.00000  330.24775  81.2%  23.6   65s
 354612 261315 1156.74876   80   46 1758.00000  340.27619  80.6%  23.4   70s
 401195 297927  482.41352   72   61 1758.00000  349.85616  80.1%  23.0   75s
 442473 330880 1036.88871   69   46 1758.00000  357.07381  79.7%  22.9   80s
 487819 366342  920.19584  112   48 1758.00000  365.18708  79.2%  22.8   85s
 530511 399682  839.14702   85   52 1758.00000  372.04870  78.8%  22.6   90s
 572077 432223 1244.48806  114   41 1758.00000  378.20225  78.5%  22.6   95s
 616517 466230  917.03103  111   58 1758.00000  384.22204  78.1%  22.4  100s
 656580 498126  642.60791   86   57 1758.00000  388.96089  77.9%  22.4  105s
 698969 530929 1570.15671  129   36 1758.00000  394.34212  77.6%  22.4  110s
 740098 562485 1523.89878  118   36 1758.00000  398.39643  77.3%  22.3  115s
 778785 592585 1170.86010  114   43 1758.00000  402.25555  77.1%  22.3  120s
 822826 626463  670.32007   71   47 1758.00000  406.82117  76.9%  22.3  125s
 864867 658829 1596.72815  123   36 1758.00000  410.49920  76.6%  22.2  130s
 906266 690947 1120.24670  118   43 1758.00000  414.07429  76.4%  22.2  135s
 949108 724008 1423.36075  121   42 1758.00000  418.14632  76.2%  22.2  140s
 992861 757016 1344.48260   89   40 1758.00000  421.95483  76.0%  22.1  145s
 1035543 789985  793.83119  107   55 1758.00000  425.54994  75.8%  22.1  150s
 1077802 822382 1224.55800  100   38 1758.00000  428.71986  75.6%  22.0  155s
 1122812 856650  708.04432   93   51 1758.00000  432.37897  75.4%  22.0  160s
 1166778 890712 1697.91195  136   34 1758.00000  435.39031  75.2%  21.9  165s
 1210010 923290  613.54615  104   56 1758.00000  438.45028  75.1%  21.9  170s
 1254756 957496  912.71845   93   56 1758.00000  441.59705  74.9%  21.8  175s
 1297232 989088 1176.25893  116   39 1758.00000  444.62526  74.7%  21.8  180s

Cutting planes:
  Gomory: 1
  Implied bound: 6
  MIR: 29
  Flow cover: 184
  Zero half: 1
  RLT: 2
  Relax-and-lift: 1

Explored 1297347 nodes (28257484 simplex iterations) in 180.00 seconds (471.57 work units)
Thread count was 16 (of 16 available processors)

Solution count 7: 1758 1760 1764 ... 2182

Time limit reached
Best objective 1.758000000000e+03, best bound 4.460000000000e+02, gap 74.6303%
