
Gurobi 10.0.1 (linux64) logging started Tue Sep 12 16:26:28 2023

Set parameter LogFile to value "./log/nug18/nug18.log"
Set parameter TimeLimit to value 180
Gurobi Optimizer version 10.0.1 build v10.0.1rc0 (linux64)

CPU model: 12th Gen Intel(R) Core(TM) i5-12600KF, instruction set [SSE2|AVX|AVX2]
Thread count: 8 physical cores, 16 logical processors, using up to 16 threads

Optimize a model with 36 rows, 324 columns and 648 nonzeros
Model fingerprint: 0xc9ad452e
Model has 34578 quadratic objective terms
Variable types: 0 continuous, 324 integer (324 binary)
Coefficient statistics:
  Matrix range     [1e+00, 1e+00]
  Objective range  [0e+00, 0e+00]
  QObjective range [4e+00, 3e+02]
  Bounds range     [1e+00, 1e+00]
  RHS range        [1e+00, 1e+00]
Found heuristic solution: objective 2560.0000000
Presolve time: 0.26s
Presolved: 36 rows, 324 columns, 648 nonzeros
Presolved model has 34902 quadratic objective terms
Variable types: 0 continuous, 324 integer (324 binary)

Root relaxation: objective -1.782480e+04, 360 iterations, 0.04 seconds (0.07 work units)

    Nodes    |    Current Node    |     Objective Bounds      |     Work
 Expl Unexpl |  Obj  Depth IntInf | Incumbent    BestBd   Gap | It/Node Time

     0     0    0.00000    0  324 2560.00000    0.00000   100%     -    0s
H    0     0                    2310.0000000    0.00000   100%     -    0s
H    0     0                    2288.0000000    0.00000   100%     -    0s
H    0     0                    2170.0000000    0.00000   100%     -    0s
H    0     0                    2064.0000000    0.00000   100%     -    0s
     0     0    0.00000    0  324 2064.00000    0.00000   100%     -    0s
H    0     0                    2062.0000000    0.00000   100%     -    0s
     0     2    0.00000    0  324 2062.00000    0.00000   100%     -    0s
H   32    40                    2030.0000000    0.00000   100%   8.5    0s
H  272   231                    2020.0000000    0.00000   100%  29.8    1s
  6172  4159  727.33046  155   36 2020.00000   93.38347  95.4%  19.2    5s
 29011 22835  735.52777  144  324 2020.00000   93.38347  95.4%  16.0   11s
 29041 22855  667.79361  123  177 2020.00000   93.38347  95.4%  15.9   15s
 29076 22878 1317.64930  142  202 2020.00000  101.80374  95.0%  15.9   20s
 29114 22904  302.62457  106  205 2020.00000  127.74425  93.7%  15.9   25s
 29191 22955  134.73949   88  203 2020.00000  134.73949  93.3%  15.9   30s
 34133 25678  205.92047   56   66 2020.00000  136.61574  93.2%  21.2   35s
 58440 39272 1393.11585  142   43 2020.00000  156.63202  92.2%  23.2   40s
 89636 54518 1911.97378   87   36 2020.00000  182.18928  91.0%  22.8   45s
H107498 66101                    1994.0000000  193.34519  90.3%  23.0   48s
 122754 79364  934.69950  101   42 1994.00000  207.60759  89.6%  23.0   50s
 159099 109748 1040.00467  122   46 1994.00000  226.24274  88.7%  23.3   55s
 195587 139914 1571.10626  181   37 1994.00000  237.30741  88.1%  23.4   60s
 233411 171029 1028.51624  155   53 1994.00000  246.66926  87.6%  23.2   65s
 266570 198219  624.54243   91   50 1994.00000  253.86515  87.3%  22.9   70s
 304063 228895  777.88693   93   52 1994.00000  261.88381  86.9%  22.7   75s
 340478 258964  461.10906   95   58 1994.00000  268.77758  86.5%  22.5   80s
 377927 289116 1227.78347  124   42 1994.00000  276.48466  86.1%  22.3   85s
 415004 319378  293.94101   86   62 1994.00000  283.25588  85.8%  22.2   90s
 455189 351914  499.27607  103   64 1994.00000  290.86503  85.4%  22.2   95s
 496782 385505  703.02978  109   53 1994.00000  297.57317  85.1%  22.0  100s
 538311 418882 1005.98676  125   58 1994.00000  302.95558  84.8%  22.0  105s
 579470 452185 1021.89149   97   56 1994.00000  308.09627  84.5%  21.8  110s
 621511 485758  817.98561   73   48 1994.00000  313.53527  84.3%  21.8  115s
 662430 518880  512.29270  107   55 1994.00000  318.45139  84.0%  21.7  120s
 704245 552200  464.36969   77   63 1994.00000  322.93107  83.8%  21.7  125s
 743370 584020 1026.00497   72   51 1994.00000  326.34155  83.6%  21.7  130s
 785089 617924  975.74644   88   45 1994.00000  329.88454  83.5%  21.6  135s
 823756 649734  657.67493   93   61 1994.00000  332.93474  83.3%  21.7  140s
 861668 681330  444.98016   93   65 1994.00000  335.65526  83.2%  21.7  145s
 902906 714342 infeasible  146      1994.00000  338.68175  83.0%  21.7  150s
 939267 744256 1804.37357  154   37 1994.00000  341.32024  82.9%  21.7  155s
 979556 776530 1336.57100  121   48 1994.00000  344.31439  82.7%  21.7  160s
 1017715 807340 1159.12516  129   47 1994.00000  346.64226  82.6%  21.6  165s
H1048906 831774                    1986.0000000  348.90176  82.4%  21.6  169s
 1054823 836787 1636.64383  119   43 1986.00000  349.34464  82.4%  21.6  170s
H1086509 861314                    1982.0000000  351.54006  82.3%  21.6  173s
 1095673 869202 1011.77725  181   55 1982.00000  352.16531  82.2%  21.6  175s
 1133510 898961 1638.73139  114   38 1982.00000  354.79884  82.1%  21.5  180s

Cutting planes:
  Gomory: 4
  Implied bound: 4
  MIR: 41
  StrongCG: 4
  Flow cover: 162
  Zero half: 4
  RLT: 2
  Relax-and-lift: 3

Explored 1134449 nodes (24387135 simplex iterations) in 180.00 seconds (470.89 work units)
Thread count was 16 (of 16 available processors)

Solution count 10: 1982 1986 1994 ... 2310

Time limit reached
Best objective 1.982000000000e+03, best bound 3.560000000000e+02, gap 82.0383%
