
Gurobi 10.0.1 (linux64) logging started Tue Sep 12 16:13:58 2023

Set parameter LogFile to value "./log/nug16a/nug16a.log"
Set parameter TimeLimit to value 180
Gurobi Optimizer version 10.0.1 build v10.0.1rc0 (linux64)

CPU model: 12th Gen Intel(R) Core(TM) i5-12600KF, instruction set [SSE2|AVX|AVX2]
Thread count: 8 physical cores, 16 logical processors, using up to 16 threads

Optimize a model with 32 rows, 256 columns and 512 nonzeros
Model fingerprint: 0x82735253
Model has 22320 quadratic objective terms
Variable types: 0 continuous, 256 integer (256 binary)
Coefficient statistics:
  Matrix range     [1e+00, 1e+00]
  Objective range  [0e+00, 0e+00]
  QObjective range [4e+00, 3e+02]
  Bounds range     [1e+00, 1e+00]
  RHS range        [1e+00, 1e+00]
Found heuristic solution: objective 2094.0000000
Presolve time: 0.15s
Presolved: 32 rows, 256 columns, 512 nonzeros
Presolved model has 22576 quadratic objective terms
Variable types: 0 continuous, 256 integer (256 binary)

Root relaxation: objective -1.317602e+04, 288 iterations, 0.02 seconds (0.03 work units)

    Nodes    |    Current Node    |     Objective Bounds      |     Work
 Expl Unexpl |  Obj  Depth IntInf | Incumbent    BestBd   Gap | It/Node Time

H    0     0                    2088.0000000    0.00000   100%     -    0s
     0     0   -0.00000    0  256 2088.00000    0.00000   100%     -    0s
H    0     0                    1922.0000000    0.00000   100%     -    0s
H    0     0                    1884.0000000    0.00000   100%     -    0s
H    0     0                    1826.0000000    0.00000   100%     -    0s
     0     0   -0.00000    0  256 1826.00000    0.00000   100%     -    0s
H    0     0                    1766.0000000    0.00000   100%     -    0s
H    0     0                    1760.0000000    0.00000   100%     -    0s
     0     2   -0.00000    0  256 1760.00000    0.00000   100%     -    0s
H  307   263                    1732.0000000    0.00000   100%  17.7    1s
H13198  9678                    1728.0000000  211.48339  87.8%  16.6    3s
 29549 22735 1016.86341   95  256 1728.00000  211.48339  87.8%  15.5    6s
H29587 21621                    1724.0000000  274.75616  84.1%  15.5    9s
 29590 21623 1593.46573   98  137 1724.00000  275.24497  84.0%  15.5   10s
H29596 20545                    1722.0000000  277.45261  83.9%  15.5   10s
H29635 19541                    1718.0000000  289.82532  83.1%  15.4   13s
 29669 19564  752.13097  148  222 1718.00000  292.33042  83.0%  15.4   15s
H29689 18595                    1690.0000000  292.97043  82.7%  15.4   16s
 29750 18636 1611.77001  109  258 1690.00000  296.44352  82.5%  15.4   20s
H29787 17731                    1670.0000000  296.63670  82.2%  17.3   20s
H29817 16867                    1666.0000000  296.63670  82.2%  17.4   21s
H29991 16127                    1650.0000000  296.63670  82.0%  17.6   21s
H30034 15340                    1642.0000000  296.63670  81.9%  17.7   21s
H30132 14642                    1638.0000000  296.63670  81.9%  17.8   22s
 38986 19286  658.92225   89   76 1638.00000  301.72048  81.6%  21.7   25s
 78107 38772  531.64345   77   78 1638.00000  347.79625  78.8%  22.5   30s
 122020 72600  567.72954  114   80 1638.00000  368.64659  77.5%  22.3   35s
 172768 110949  523.95232   63   87 1638.00000  389.78919  76.2%  21.7   40s
 225469 149989     cutoff  120      1638.00000  405.34196  75.3%  21.2   45s
 274767 186324  694.53066   80   73 1638.00000  418.11152  74.5%  20.7   50s
 323449 222314  786.54190   87   63 1638.00000  428.78587  73.8%  20.4   55s
 377833 263384 1094.72775  111   62 1638.00000  437.85655  73.3%  20.2   60s
 434666 305745  680.23280  101   64 1638.00000  446.14222  72.8%  19.9   65s
 491814 347609  457.50222  103   97 1638.00000  453.14554  72.3%  19.7   70s
 550042 390553  699.04088  120   78 1638.00000  459.52730  71.9%  19.5   75s
 607516 433070  553.93704   99   82 1638.00000  465.25427  71.6%  19.4   80s
 665070 474912  716.93824  113   72 1638.00000  470.64869  71.3%  19.3   85s
 723925 517694 1369.18507  126   56 1638.00000  475.78525  71.0%  19.1   90s
 777956 557804     cutoff  131      1638.00000  479.79322  70.7%  19.0   95s
 833126 598041     cutoff  147      1638.00000  484.01735  70.5%  18.9  100s
 890512 639402 1262.57391  122   47 1638.00000  487.91098  70.2%  18.8  105s
 945982 679625  651.76279  108   75 1638.00000  491.86565  70.0%  18.7  110s
 1002420 720430  542.05501   92   79 1638.00000  495.35903  69.8%  18.6  115s
 1058106 760211  929.79198  122   49 1638.00000  498.75135  69.6%  18.5  120s
 1113658 800802  863.69804  125   60 1638.00000  501.99438  69.4%  18.4  125s
 1169687 840862 1390.29846  154   39 1638.00000  505.32974  69.1%  18.3  130s
 1226176 881526  913.24998   73   58 1638.00000  508.29666  69.0%  18.2  135s
 1280052 920634  593.67033   93   85 1638.00000  510.95819  68.8%  18.2  140s
 1337313 961449 1455.72887  141   44 1638.00000  513.56629  68.6%  18.1  145s
 1388328 998498  702.09120   97   70 1638.00000  515.92812  68.5%  18.0  150s
 1444096 1038023 1202.05997  124   49 1638.00000  518.46780  68.3%  18.0  155s
 1501354 1079661 1147.39580   98   52 1638.00000  521.06471  68.2%  17.9  160s
 1556430 1119049 1009.09637  105   49 1638.00000  523.31153  68.1%  17.9  165s
 1612674 1158607  965.86315   83   50 1638.00000  525.74328  67.9%  17.8  170s
 1668323 1197849 1503.12046  124   39 1638.00000  527.97045  67.8%  17.8  175s
 1725158 1238203 1076.42160   76   56 1638.00000  529.96730  67.6%  17.7  180s

Cutting planes:
  Implied bound: 78
  MIR: 27
  Flow cover: 227
  RLT: 5
  Relax-and-lift: 7

Explored 1725236 nodes (30574028 simplex iterations) in 180.00 seconds (454.40 work units)
Thread count was 16 (of 16 available processors)

Solution count 10: 1638 1642 1650 ... 1728

Time limit reached
Best objective 1.638000000000e+03, best bound 5.300000000000e+02, gap 67.6435%
