
Gurobi 10.0.1 (linux64) logging started Tue Sep 12 16:54:28 2023

Set parameter LogFile to value "./log/nug28/nug28.log"
Set parameter TimeLimit to value 180
Gurobi Optimizer version 10.0.1 build v10.0.1rc0 (linux64)

CPU model: 12th Gen Intel(R) Core(TM) i5-12600KF, instruction set [SSE2|AVX|AVX2]
Thread count: 8 physical cores, 16 logical processors, using up to 16 threads

Optimize a model with 56 rows, 784 columns and 1568 nonzeros
Model fingerprint: 0xc4aca169
Model has 189756 quadratic objective terms
Variable types: 0 continuous, 784 integer (784 binary)
Coefficient statistics:
  Matrix range     [1e+00, 1e+00]
  Objective range  [0e+00, 0e+00]
  QObjective range [4e+00, 4e+02]
  Bounds range     [1e+00, 1e+00]
  RHS range        [1e+00, 1e+00]
Found heuristic solution: objective 6790.0000000
Presolve time: 1.21s
Presolved: 56 rows, 784 columns, 1568 nonzeros
Presolved model has 190540 quadratic objective terms
Variable types: 0 continuous, 784 integer (784 binary)

Root relaxation: objective -9.182619e+04, 691 iterations, 0.28 seconds (0.58 work units)

    Nodes    |    Current Node    |     Objective Bounds      |     Work
 Expl Unexpl |  Obj  Depth IntInf | Incumbent    BestBd   Gap | It/Node Time

     0     0    0.00000    0  613 6790.00000    0.00000   100%     -    1s
H    0     0                    6762.0000000    0.00000   100%     -    1s
H    0     0                    6640.0000000    0.00000   100%     -    1s
H    0     0                    6388.0000000    0.00000   100%     -    1s
     0     0    0.00000    0  613 6388.00000    0.00000   100%     -    1s
H    0     0                    6112.0000000    0.00000   100%     -    2s
     0     2    0.00000    0  613 6112.00000    0.00000   100%     -    2s
H   31    40                    6020.0000000    0.00000   100%  14.6    3s
H   32    40                    5938.0000000    0.00000   100%  14.2    3s
H   33    40                    5880.0000000    0.00000   100%  13.9    3s
H   37    40                    5842.0000000    0.00000   100%  12.9    3s
    71    73    0.00000    9   71 5842.00000    0.00000   100%  13.3    5s
H   71    69                    5822.0000000    0.00000   100%  13.3    6s
H  149   119                    5736.0000000    0.00000   100%  92.1    7s
H  178   142                    5668.0000000    0.00000   100%  85.0    7s
H  266   221                    5636.0000000    0.00000   100%  79.4    7s
H  313   259                    5614.0000000    0.00000   100%  75.1    8s
H  316   259                    5602.0000000    0.00000   100%  75.0    8s
H  321   259                    5584.0000000    0.00000   100%  76.0    8s
H  325   259                    5554.0000000    0.00000   100%  76.6    8s
H  334   267                    5544.0000000    0.00000   100%  75.6    8s
  1004   912    0.00000   68   67 5544.00000    0.00000   100%  67.4   10s
H 2119  1975                    5494.0000000    0.00000   100%  58.7   11s
  3700  3444 1407.11882  141   68 5494.00000    0.00000   100%  50.4   15s
H 3780  3328                    5470.0000000    2.00000   100%  58.3   17s
H 3815  3189                    5458.0000000    2.00000   100%  60.4   17s
H 3939  3118                    5448.0000000    2.00000   100%  66.0   19s
H 3940  2971                    5446.0000000    2.00000   100%  66.0   19s
  3991  3017  122.00000   45   70 5446.00000    2.00000   100%  67.1   20s
H 4038  2892                    5428.0000000    2.00000   100%  68.4   20s
H 4760  3243                    5424.0000000    2.00000   100%  73.0   22s
  4908  3359  122.00000   61   70 5424.00000    2.00000   100%  75.1   25s
H 6461  4339                    5408.0000000    2.00000   100%  77.9   27s
H 6687  4217                    5372.0000000    2.00000   100%  76.6   28s
  8297  5367  187.65877  128   84 5372.00000    2.00000   100%  71.2   30s
 13856  9450  125.65877   62   70 5372.00000    2.00000   100%  64.1   35s
 17299 13616    2.00000   57   74 5372.00000    2.00000   100%  64.3   40s
 22592 17919  692.64178  115   82 5372.00000    2.00000   100%  58.5   45s
 29205 23473  418.58893   76  613 5372.00000   20.00000   100%  56.1   64s
 29207 23474  616.00853  185   68 5372.00000   20.00000   100%  56.1   65s
 29214 23479 2180.95439  111   68 5372.00000   20.00000   100%  56.1   70s
 29424 23639   46.00000   51   74 5372.00000   46.00000  99.1%  58.2   75s
 29999 24049  795.54314   74   88 5372.00000  167.50624  96.9%  59.6   80s
 32270 25671 1669.43549  176   94 5372.00000  167.50624  96.9%  60.3   85s
 39825 30117 1299.56293  123   98 5372.00000  213.51513  96.0%  56.2   90s
 48237 35804 2665.81507  193   85 5372.00000  300.84718  94.4%  52.2   95s
 57151 40243 4153.31135   83   61 5372.00000  317.78078  94.1%  49.7  100s
 62702 44170 5244.54008   86   48 5372.00000  320.86908  94.0%  50.5  105s
 73965 51046 3761.99715  172   64 5372.00000  334.98235  93.8%  47.4  111s
 83264 56293 1244.26632   93   87 5372.00000  350.63603  93.5%  45.2  115s
 92494 61863 4565.28929  258   75 5372.00000  361.47110  93.3%  43.3  120s
 103202 70035 2625.27093  133   82 5372.00000  368.21447  93.1%  42.4  125s
 110188 75651 2673.40737   76   91 5372.00000  369.62422  93.1%  42.1  130s
 117515 82899 4703.46973  332   68 5372.00000  374.95394  93.0%  42.5  135s
 126898 91262 3954.01335  248   64 5372.00000  382.92970  92.9%  41.8  140s
 134617 98285  779.31043   78   88 5372.00000  387.36333  92.8%  41.6  145s
 146059 108755 1153.72508   87   85 5372.00000  401.68236  92.5%  40.7  150s
 155619 117613 5019.79102  344   58 5372.00000  407.37116  92.4%  40.0  155s
 163997 125616 1542.11494   97   85 5372.00000  412.42765  92.3%  39.6  160s
 173097 133914 1421.53297   84   85 5372.00000  418.22712  92.2%  39.6  165s
 182998 142645 1964.24684  111   86 5372.00000  432.18519  92.0%  39.2  170s
 192515 151394 4168.02794  271   73 5372.00000  438.85693  91.8%  38.8  175s
 205536 163195  953.13452   58   89 5372.00000  447.59608  91.7%  37.9  180s

Cutting planes:
  Implied bound: 133
  MIR: 13
  StrongCG: 1
  Flow cover: 263
  Zero half: 3
  RLT: 3

Explored 205978 nodes (7791373 simplex iterations) in 180.00 seconds (525.65 work units)
Thread count was 16 (of 16 available processors)

Solution count 10: 5372 5408 5424 ... 5544

Time limit reached
Best objective 5.372000000000e+03, best bound 4.480000000000e+02, gap 91.6605%
