
Gurobi 10.0.1 (linux64) logging started Tue Sep 12 16:34:16 2023

Set parameter LogFile to value "./log/nug21/nug21.log"
Set parameter TimeLimit to value 180
Gurobi Optimizer version 10.0.1 build v10.0.1rc0 (linux64)

CPU model: 12th Gen Intel(R) Core(TM) i5-12600KF, instruction set [SSE2|AVX|AVX2]
Thread count: 8 physical cores, 16 logical processors, using up to 16 threads

Optimize a model with 42 rows, 441 columns and 882 nonzeros
Model fingerprint: 0x3080a172
Model has 57540 quadratic objective terms
Variable types: 0 continuous, 441 integer (441 binary)
Coefficient statistics:
  Matrix range     [1e+00, 1e+00]
  Objective range  [0e+00, 0e+00]
  QObjective range [4e+00, 3e+02]
  Bounds range     [1e+00, 1e+00]
  RHS range        [1e+00, 1e+00]
Found heuristic solution: objective 3314.0000000
Presolve time: 0.46s
Presolved: 42 rows, 441 columns, 882 nonzeros
Presolved model has 57981 quadratic objective terms
Variable types: 0 continuous, 441 integer (441 binary)

Root relaxation: objective -3.682240e+04, 375 iterations, 0.04 seconds (0.08 work units)

    Nodes    |    Current Node    |     Objective Bounds      |     Work
 Expl Unexpl |  Obj  Depth IntInf | Incumbent    BestBd   Gap | It/Node Time

H    0     0                    3124.0000000    0.00000   100%     -    0s
     0     0    0.00000    0  320 3124.00000    0.00000   100%     -    0s
H    0     0                    3104.0000000    0.00000   100%     -    0s
     0     0    0.00000    0  320 3104.00000    0.00000   100%     -    0s
H    0     0                    2946.0000000    0.00000   100%     -    0s
H    0     0                    2894.0000000    0.00000   100%     -    0s
     0     2    0.00000    0  320 2894.00000    0.00000   100%     -    0s
H   94    91                    2844.0000000    0.00000   100%   8.0    2s
H   94    86                    2782.0000000    0.00000   100%   8.0    2s
H  129   111                    2746.0000000    0.00000   100%  45.5    2s
H  169   130                    2730.0000000    0.00000   100%  40.7    2s
H  426   359                    2706.0000000    0.00000   100%  29.9    3s
H  825   717                    2670.0000000    0.00000   100%  24.0    3s
H 2272  2048                    2662.0000000    0.00000   100%  20.3    3s
  2311  2060  595.59677  151   58 2662.00000   72.28571  97.3%  20.1    5s
H 2604  2159                    2638.0000000   72.28571  97.3%  27.0    6s
H 7139  4666                    2614.0000000   72.28571  97.2%  28.1    8s
 14829 11738   86.52097  107   57 2614.00000   72.28571  97.2%  26.4   10s
H17144 13473                    2606.0000000   72.28571  97.2%  25.1   10s
 29494 23911  339.00883   85  320 2606.00000   72.28571  97.2%  21.3   16s
 29516 23926  497.95746  116  118 2606.00000   72.28571  97.2%  21.3   20s
 29540 23942  730.76581  173  196 2606.00000   80.00000  96.9%  21.3   25s
 29566 23959 1712.26006  200  222 2606.00000  106.03773  95.9%  21.3   30s
 29593 23977  984.16655  114  217 2606.00000  112.31119  95.7%  21.3   35s
 29630 24002  316.31431   83  263 2606.00000  116.36057  95.5%  21.2   40s
 29688 24040  667.06811  111  269 2606.00000  121.60219  95.3%  21.2   45s
 33512 26507  623.17110  123   49 2606.00000  121.81267  95.3%  24.7   50s
 54708 37978 2084.29252  184   46 2606.00000  121.81267  95.3%  24.3   55s
 79302 50789  472.17058  104   58 2606.00000  121.81267  95.3%  22.7   60s
 105511 65412  761.12822   77   50 2606.00000  133.18169  94.9%  22.1   65s
 132832 88991  712.90633  112   53 2606.00000  143.42893  94.5%  21.7   70s
 156670 109079 1475.47846  118   45 2606.00000  150.60137  94.2%  21.8   75s
 177647 127718  418.74257  117   61 2606.00000  155.35523  94.0%  22.2   80s
 203920 150078  694.52048   94   41 2606.00000  161.91287  93.8%  22.0   85s
 229316 172146 2445.99165  216   39 2606.00000  168.26845  93.5%  21.9   90s
 253478 192795  775.89405   96   51 2606.00000  173.70834  93.3%  21.8   95s
 279086 214903 2045.27214  196   44 2606.00000  178.76928  93.1%  21.8  100s
 306086 238044 2443.82014  200   27 2606.00000  184.23989  92.9%  21.5  105s
 328674 256716  615.72844  148   56 2606.00000  188.53099  92.8%  21.3  110s
 356828 281242 1144.55848  155   49 2606.00000  193.68557  92.6%  21.2  115s
 383661 303940 1584.42537  160   41 2606.00000  199.16474  92.4%  21.1  120s
 409999 326408 2534.90753  203   33 2606.00000  203.35495  92.2%  21.0  125s
 444263 355125 infeasible  203      2606.00000  208.89163  92.0%  20.7  130s
 475632 381703  665.81665  119   53 2606.00000  213.66931  91.8%  20.6  135s
 509800 410957  751.56756   93   55 2606.00000  218.48322  91.6%  20.4  140s
 543427 439014  328.01931   87   67 2606.00000  222.28470  91.5%  20.3  145s
 578256 467993  945.50844   86   53 2606.00000  226.21481  91.3%  20.2  150s
 609114 493695 2062.19881  174   46 2606.00000  229.57360  91.2%  20.1  155s
 641801 521334 1174.26132  112   44 2606.00000  232.81402  91.1%  20.1  160s
 674477 548685 2437.26395  216   34 2606.00000  235.90080  90.9%  20.0  165s
 704030 573570  638.99592   96   56 2606.00000  238.01660  90.9%  20.0  170s
 735588 600590  817.11588  103   53 2606.00000  240.44849  90.8%  20.0  175s
 768625 628145  504.02195  129   55 2606.00000  242.99500  90.7%  20.0  180s

Cutting planes:
  Gomory: 8
  Implied bound: 7
  MIR: 35
  StrongCG: 4
  Flow cover: 192
  RLT: 4
  Relax-and-lift: 2

Explored 768797 nodes (15368633 simplex iterations) in 180.00 seconds (445.95 work units)
Thread count was 16 (of 16 available processors)

Solution count 10: 2606 2614 2638 ... 2844

Time limit reached
Best objective 2.606000000000e+03, best bound 2.440000000000e+02, gap 90.6370%

Gurobi 10.0.1 (linux64) logging started Tue Sep 12 16:39:24 2023

Set parameter LogFile to value "./log/nug21/nug21.log"
Set parameter TimeLimit to value 180
Gurobi Optimizer version 10.0.1 build v10.0.1rc0 (linux64)

CPU model: 12th Gen Intel(R) Core(TM) i5-12600KF, instruction set [SSE2|AVX|AVX2]
Thread count: 8 physical cores, 16 logical processors, using up to 16 threads

Optimize a model with 42 rows, 441 columns and 882 nonzeros
Model fingerprint: 0x3080a172
Model has 57540 quadratic objective terms
Variable types: 0 continuous, 441 integer (441 binary)
Coefficient statistics:
  Matrix range     [1e+00, 1e+00]
  Objective range  [0e+00, 0e+00]
  QObjective range [4e+00, 3e+02]
  Bounds range     [1e+00, 1e+00]
  RHS range        [1e+00, 1e+00]
Found heuristic solution: objective 3314.0000000
Presolve time: 0.49s
Presolved: 42 rows, 441 columns, 882 nonzeros
Presolved model has 57981 quadratic objective terms
Variable types: 0 continuous, 441 integer (441 binary)

Root relaxation: objective -3.682240e+04, 375 iterations, 0.05 seconds (0.08 work units)

    Nodes    |    Current Node    |     Objective Bounds      |     Work
 Expl Unexpl |  Obj  Depth IntInf | Incumbent    BestBd   Gap | It/Node Time

H    0     0                    3124.0000000    0.00000   100%     -    0s
     0     0    0.00000    0  320 3124.00000    0.00000   100%     -    0s
H    0     0                    3104.0000000    0.00000   100%     -    0s
     0     0    0.00000    0  320 3104.00000    0.00000   100%     -    0s
H    0     0                    2946.0000000    0.00000   100%     -    0s
H    0     0                    2894.0000000    0.00000   100%     -    0s
     0     2    0.00000    0  320 2894.00000    0.00000   100%     -    0s
H   94    91                    2844.0000000    0.00000   100%   8.0    2s
H   94    86                    2782.0000000    0.00000   100%   8.0    2s
H  129   111                    2746.0000000    0.00000   100%  45.5    2s
H  169   130                    2730.0000000    0.00000   100%  40.7    2s
H  426   359                    2706.0000000    0.00000   100%  29.9    3s
H  825   717                    2670.0000000    0.00000   100%  24.0    3s
H 2272  2048                    2662.0000000    0.00000   100%  20.3    3s
  2309  2058 1502.02139  208   61 2662.00000   72.28571  97.3%  20.1    5s
H 2604  2159                    2638.0000000   72.28571  97.3%  27.0    6s
H 7139  4666                    2614.0000000   72.28571  97.2%  28.1    8s
 14829 11738   86.52097  107   57 2614.00000   72.28571  97.2%  26.4   10s
H17144 13473                    2606.0000000   72.28571  97.2%  25.1   10s
 29494 23911  339.00883   85  320 2606.00000   72.28571  97.2%  21.3   16s
 29515 23925 1048.10253  136  109 2606.00000   72.28571  97.2%  21.3   20s
 29540 23942  730.76581  173  196 2606.00000   80.00000  96.9%  21.3   25s
 29566 23959 1712.26006  200  222 2606.00000  106.03773  95.9%  21.3   30s
 29592 23976  643.62229  101  231 2606.00000  112.24609  95.7%  21.3   35s
 29625 23998 1371.93735  159  253 2606.00000  116.01410  95.5%  21.2   40s
 29684 24038 1631.15783  186  273 2606.00000  121.53546  95.3%  21.2   45s
 33148 26064  174.03452  116   63 2606.00000  121.81267  95.3%  24.7   50s
 52909 37200 infeasible  146      2606.00000  121.81267  95.3%  24.5   55s
 76524 49409  800.84434  127   51 2606.00000  121.81267  95.3%  22.9   60s
 103498 64235 1835.10036  194   43 2606.00000  132.82266  94.9%  22.2   65s
 129389 86021 1560.48738  171   46 2606.00000  142.84007  94.5%  21.6   70s
 153778 106632  528.47884  118   58 2606.00000  149.55668  94.3%  21.7   75s
 175458 125782  880.97029   74   56 2606.00000  155.07875  94.0%  22.2   80s
 199928 147020  946.69213  127   57 2606.00000  161.10938  93.8%  22.0   85s
 225456 168809  775.10409   92   53 2606.00000  167.40161  93.6%  21.9   90s
 251297 191122 2559.19817  131   39 2606.00000  173.22927  93.4%  21.8   95s
 275475 212001  633.29733  141   57 2606.00000  178.29857  93.2%  21.7  100s
 301474 233614  446.82102  123   62 2606.00000  183.07853  93.0%  21.6  105s
 326978 255777  498.88116   96   64 2606.00000  188.15960  92.8%  21.4  110s
 353073 277695  332.10193  158   63 2606.00000  192.75445  92.6%  21.2  115s
 379650 299916  429.37478  104   60 2606.00000  198.43068  92.4%  21.1  120s
 406461 323072 infeasible  198      2606.00000  202.85943  92.2%  21.0  125s
 439659 351416  646.86873  112   57 2606.00000  208.18660  92.0%  20.8  130s
 473122 379727 1896.23146  161   35 2606.00000  213.23979  91.8%  20.6  135s
 505793 407875  946.46085  138   52 2606.00000  218.12107  91.6%  20.4  140s
 539469 435621 1270.09772  157   52 2606.00000  221.86896  91.5%  20.3  145s
 574315 464942  921.83944  135   53 2606.00000  225.70482  91.3%  20.2  150s
 607337 492335 2391.38384  163   42 2606.00000  229.37867  91.2%  20.1  155s
 637388 517740 1119.57922  140   50 2606.00000  232.32160  91.1%  20.1  160s
 671144 545970  431.12480  111   57 2606.00000  235.69207  91.0%  20.0  165s
 702231 571744  245.26188  147   61 2606.00000  237.97182  90.9%  20.0  170s
 732764 598380  727.90201  137   56 2606.00000  240.20734  90.8%  20.0  175s
 766366 626134 2575.23999  146   29 2606.00000  242.84181  90.7%  20.0  180s

Cutting planes:
  Gomory: 8
  Implied bound: 7
  MIR: 35
  StrongCG: 4
  Flow cover: 192
  RLT: 4
  Relax-and-lift: 2

Explored 766506 nodes (15321078 simplex iterations) in 180.00 seconds (445.03 work units)
Thread count was 16 (of 16 available processors)

Solution count 10: 2606 2614 2638 ... 2844

Time limit reached
Best objective 2.606000000000e+03, best bound 2.440000000000e+02, gap 90.6370%
