
Gurobi 10.0.1 (linux64) logging started Tue Sep 12 16:42:25 2023

Set parameter LogFile to value "./log/nug22/nug22.log"
Set parameter TimeLimit to value 180
Gurobi Optimizer version 10.0.1 build v10.0.1rc0 (linux64)

CPU model: 12th Gen Intel(R) Core(TM) i5-12600KF, instruction set [SSE2|AVX|AVX2]
Thread count: 8 physical cores, 16 logical processors, using up to 16 threads

Optimize a model with 44 rows, 484 columns and 968 nonzeros
Model fingerprint: 0x9b97b7c1
Model has 70686 quadratic objective terms
Variable types: 0 continuous, 484 integer (484 binary)
Coefficient statistics:
  Matrix range     [1e+00, 1e+00]
  Objective range  [0e+00, 0e+00]
  QObjective range [4e+00, 4e+02]
  Bounds range     [1e+00, 1e+00]
  RHS range        [1e+00, 1e+00]
Found heuristic solution: objective 5222.0000000
Presolve time: 0.58s
Presolved: 44 rows, 484 columns, 968 nonzeros
Presolved model has 71170 quadratic objective terms
Variable types: 0 continuous, 484 integer (484 binary)

Root relaxation: objective -5.968189e+04, 400 iterations, 0.05 seconds (0.11 work units)

    Nodes    |    Current Node    |     Objective Bounds      |     Work
 Expl Unexpl |  Obj  Depth IntInf | Incumbent    BestBd   Gap | It/Node Time

H    0     0                    5122.0000000    0.00000   100%     -    0s
H    0     0                    5082.0000000    0.00000   100%     -    0s
     0     0    0.00000    0  343 5082.00000    0.00000   100%     -    0s
H    0     0                    4852.0000000    0.00000   100%     -    0s
H    0     0                    4732.0000000    0.00000   100%     -    0s
H    0     0                    4282.0000000    0.00000   100%     -    0s
     0     0    0.00000    0  343 4282.00000    0.00000   100%     -    0s
H    0     0                    4254.0000000    0.00000   100%     -    0s
     0     2    0.00000    0  343 4254.00000    0.00000   100%     -    0s
H   31    40                    4244.0000000    0.00000   100%  11.2    1s
H   32    40                    4068.0000000    0.00000   100%  11.0    1s
H  284   242                    4064.0000000    0.00000   100%  44.3    3s
H  334   264                    3952.0000000    0.00000   100%  40.5    3s
H  335   264                    3936.0000000    0.00000   100%  40.5    3s
H  337   264                    3882.0000000    0.00000   100%  40.3    3s
H 1045   976                    3832.0000000    0.00000   100%  27.4    4s
H 1064   976                    3774.0000000    0.00000   100%  27.3    4s
  1926  1629 1856.00000  168  343 3774.00000    0.00000   100%  23.2    5s
H 2237  1762                    3772.0000000   80.00000  97.9%  35.0    7s
  6473  4246  121.00725  126   55 3772.00000   80.00000  97.9%  29.2   10s
H15026 11602                    3752.0000000   80.00000  97.9%  24.2   13s
H15033 11608                    3740.0000000   80.00000  97.9%  24.2   13s
H17149 13767                    3716.0000000   80.00000  97.8%  24.9   14s
 18429 14650  361.76416   77   55 3716.00000   80.00000  97.8%  24.9   15s
 29476 24528  104.66667   62  343 3716.00000   80.00000  97.8%  24.6   24s
 29482 24532 2366.81309  183   61 3716.00000   80.00000  97.8%  24.6   25s
 29506 24548 1971.18178  136  172 3716.00000   82.58941  97.8%  24.6   30s
 29528 24563  272.70840  122  181 3716.00000   85.29104  97.7%  24.6   35s
 29548 24576  927.81340  168  223 3716.00000   88.08333  97.6%  24.6   40s
 29570 24591 2564.26949  209  249 3716.00000   92.22608  97.5%  24.5   45s
 29590 24604  999.22871  187  251 3716.00000   95.19688  97.4%  24.5   50s
 29612 24619 1124.41100  126  274 3716.00000   97.01239  97.4%  24.5   55s
 29654 24647 2651.34443  150  281 3716.00000   98.18787  97.4%  24.5   60s
 29815 24763  254.67802   61   56 3716.00000   99.12878  97.3%  27.1   65s
H30237 23826                    3712.0000000   99.12878  97.3%  27.6   67s
 32913 25331  494.44178  165   62 3712.00000   99.12878  97.3%  27.8   70s
 45899 33484  619.21325  159   60 3712.00000   99.12878  97.3%  27.6   75s
 64561 43392 1849.11454  226   50 3712.00000  102.36768  97.2%  25.2   80s
 87398 55969 1860.04103  240   41 3712.00000  122.06370  96.7%  22.6   85s
 115938 77128  824.56082   99   46 3712.00000  137.14195  96.3%  21.2   90s
 149411 106820 2154.40816  190   39 3712.00000  152.85337  95.9%  20.4   95s
 178867 132385 infeasible  233      3712.00000  164.75968  95.6%  19.9  100s
 209876 159299 1764.75346  162   43 3712.00000  169.16054  95.4%  19.7  105s
 238928 184408  389.70575  101   49 3712.00000  176.18601  95.3%  19.6  110s
 268745 210952 2490.86437  205   43 3712.00000  182.33013  95.1%  19.3  115s
 290240 229637 1322.66397  121   52 3712.00000  186.19112  95.0%  19.4  120s
 312925 249979 2317.21105  206   46 3712.00000  189.70307  94.9%  19.5  125s
 342915 276036 3039.38678  171   36 3712.00000  195.82667  94.7%  19.1  130s
 368340 298217 2997.50465  225   46 3712.00000  200.72190  94.6%  19.1  135s
 393418 320481 3186.92679  141   42 3712.00000  205.10722  94.5%  19.0  140s
 416696 340812     cutoff  135      3712.00000  208.65152  94.4%  19.1  145s
 442124 362532 3048.80189  171   42 3712.00000  213.16220  94.3%  19.0  150s
 470200 386852  589.19590  133   55 3712.00000  217.65253  94.1%  18.8  155s
H491643 405143                    3706.0000000  221.03865  94.0%  18.7  159s
 498216 411322  662.47638  100   50 3706.00000  222.18396  94.0%  18.6  160s
H502236 414534                    3702.0000000  222.86473  94.0%  18.6  160s
H505390 416679                    3690.0000000  223.34379  93.9%  18.6  161s
 524977 433818  562.07125  140   66 3690.00000  226.61223  93.9%  18.5  165s
H536604 443157                    3686.0000000  228.04148  93.8%  18.5  167s
 550374 455878 2629.86016  206   46 3686.00000  230.14488  93.8%  18.5  170s
H571370 473711                    3682.0000000  232.34318  93.7%  18.5  174s
 576997 478881  782.12862  130   51 3682.00000  233.12884  93.7%  18.5  175s
 601769 499569     cutoff  223      3682.00000  236.04235  93.6%  18.5  180s

Cutting planes:
  Gomory: 5
  Implied bound: 3
  MIR: 30
  StrongCG: 1
  Flow cover: 225
  RLT: 3
  Relax-and-lift: 3

Explored 602423 nodes (11116322 simplex iterations) in 180.00 seconds (426.10 work units)
Thread count was 16 (of 16 available processors)

Solution count 10: 3682 3686 3690 ... 3772

Time limit reached
Best objective 3.682000000000e+03, best bound 2.380000000000e+02, gap 93.5361%
