
Gurobi 10.0.1 (linux64) logging started Tue Sep 12 16:57:29 2023

Set parameter LogFile to value "./log/nug30/nug30.log"
Set parameter TimeLimit to value 180
Gurobi Optimizer version 10.0.1 build v10.0.1rc0 (linux64)

CPU model: 12th Gen Intel(R) Core(TM) i5-12600KF, instruction set [SSE2|AVX|AVX2]
Thread count: 8 physical cores, 16 logical processors, using up to 16 threads

Optimize a model with 60 rows, 900 columns and 1800 nonzeros
Model fingerprint: 0x4b99cdb0
Model has 254910 quadratic objective terms
Variable types: 0 continuous, 900 integer (900 binary)
Coefficient statistics:
  Matrix range     [1e+00, 1e+00]
  Objective range  [0e+00, 0e+00]
  QObjective range [4e+00, 4e+02]
  Bounds range     [1e+00, 1e+00]
  RHS range        [1e+00, 1e+00]
Found heuristic solution: objective 7976.0000000
Presolve time: 2.20s
Presolved: 60 rows, 900 columns, 1800 nonzeros
Presolved model has 255810 quadratic objective terms
Variable types: 0 continuous, 900 integer (900 binary)

Root relaxation: objective -9.468144e+04, 960 iterations, 0.92 seconds (1.48 work units)

    Nodes    |    Current Node    |     Objective Bounds      |     Work
 Expl Unexpl |  Obj  Depth IntInf | Incumbent    BestBd   Gap | It/Node Time

H    0     0                    7618.0000000    0.00000   100%     -    3s
     0     0    0.00000    0  900 7618.00000    0.00000   100%     -    3s
H    0     0                    7146.0000000    0.00000   100%     -    3s
H    0     0                    6946.0000000    0.00000   100%     -    3s
     0     0    0.00000    0  900 6946.00000    0.00000   100%     -    3s
H    0     0                    6764.0000000    0.00000   100%     -    4s
H    0     2                    6712.0000000    0.00000   100%     -    5s
     0     2    0.00000    0  900 6712.00000    0.00000   100%     -    5s
H   31    40                    6694.0000000    0.00000   100%  14.5    6s
H   33    40                    6656.0000000    0.00000   100%  13.9    6s
    79    80    0.00000    8  900 6656.00000    0.00000   100%   7.8   10s
    79    81    0.00000    8   81 6656.00000    0.00000   100%  11.2   15s
H  382   312                    6632.0000000    0.00000   100%  82.5   18s
H  384   312                    6630.0000000    0.00000   100%  82.5   18s
  1858  2022    0.00000   80   71 6630.00000    0.00000   100%  50.5   20s
H 2428  2290                    6602.0000000    0.00000   100%  44.1   20s
  4543  4267 1010.97164  258   74 6602.00000    0.00000   100%  34.4   25s
H 4593  4093                    6562.0000000  112.00000  98.3%  38.1   29s
  4615  4109  259.18734   43   71 6562.00000  112.00000  98.3%  39.0   30s
H 4673  3938                    6556.0000000  112.00000  98.3%  40.6   30s
H 4704  3771                    6546.0000000  112.00000  98.3%  41.7   31s
H 4779  3639                    6534.0000000  112.00000  98.3%  42.9   32s
H 4781  3463                    6526.0000000  112.00000  98.3%  43.1   32s
H 5046  3497                    6488.0000000  112.00000  98.3%  44.1   34s
  5632  3907  194.80000   76   74 6488.00000  112.00000  98.3%  43.7   35s
H 5682  3742                    6482.0000000  112.00000  98.3%  43.5   35s
H 5684  3591                    6452.0000000  112.00000  98.3%  43.5   35s
H 5686  3448                    6416.0000000  112.00000  98.3%  43.5   35s
  9406  5778  415.90179  158   71 6416.00000  112.00000  98.3%  40.0   40s
 14775  9889  263.25321  280   80 6416.00000  112.00000  98.3%  38.6   48s
H17672 12244                    6414.0000000  112.00000  98.3%  38.4   51s
 21920 16334 1625.47021  124   65 6414.00000  112.00000  98.3%  36.7   55s
H22086 16334                    6390.0000000  112.00000  98.2%  36.6   55s
 30602 24019 3080.79991  465  900 6390.00000  112.00000  98.2%  31.1   77s
 30608 24023 1019.19108  158   83 6390.00000  112.00000  98.2%  31.0   80s
 30613 24026  710.77824  317   89 6390.00000  112.00000  98.2%  31.0   85s
 30621 24032  238.30182  109   86 6390.00000  144.00000  97.7%  31.0   90s
 30630 24038 3488.90555  193  177 6390.00000  144.00000  97.7%  31.0   95s
 30639 24044 2386.93769  383  228 6390.00000  144.00000  97.7%  31.0  100s
 30648 24050 2470.15121  439  266 6390.00000  144.77390  97.7%  31.0  105s
 30656 24055 2559.88510  150  241 6390.00000  144.77395  97.7%  31.0  110s
H30661 22854                    6382.0000000  144.77395  97.7%  31.0  114s
 30664 22856 1176.75757  180  230 6382.00000  144.81426  97.7%  31.0  115s
 30671 22861 5174.58295  396  185 6382.00000  144.81430  97.7%  31.0  120s
 30675 22864 1486.08311  335  196 6382.00000  144.81430  97.7%  31.0  125s
 30680 22867 3682.17932  477  144 6382.00000  144.88713  97.7%  31.0  131s
 30686 22871  280.66158  130  179 6382.00000  146.00000  97.7%  31.0  135s
 30691 22874 1061.94414  111  201 6382.00000  146.00000  97.7%  31.0  140s
 30696 22878 2540.76610  177  138 6382.00000  146.00000  97.7%  31.0  145s
 30703 22882 1206.48214   80  135 6382.00000  146.40003  97.7%  31.0  150s
 30710 22887 2484.68221  315  159 6382.00000  146.41152  97.7%  30.9  155s
 30724 22896  183.35556  131  168 6382.00000  146.60343  97.7%  30.9  160s
 30743 22909 5481.63923  168  215 6382.00000  146.82700  97.7%  30.9  165s
 30756 22918 2559.88510  150  194 6382.00000  146.88115  97.7%  30.9  170s
 30776 22931 4929.98756  486  217 6382.00000  146.99947  97.7%  30.9  175s

Cutting planes:
  Gomory: 2
  Implied bound: 2
  MIR: 16
  StrongCG: 3
  Flow cover: 203
  Zero half: 1
  RLT: 1
  Relax-and-lift: 1

Explored 30792 nodes (1157969 simplex iterations) in 180.01 seconds (366.36 work units)
Thread count was 16 (of 16 available processors)

Solution count 10: 6382 6390 6414 ... 6546

Time limit reached
Best objective 6.382000000000e+03, best bound 1.480000000000e+02, gap 97.6810%
