
Gurobi 10.0.1 (linux64) logging started Tue Sep 12 19:17:06 2023

Set parameter LogFile to value "./log/rou15.log"
Set parameter TimeLimit to value 180
Gurobi Optimizer version 10.0.1 build v10.0.1rc0 (linux64)

CPU model: 12th Gen Intel(R) Core(TM) i5-12600KF, instruction set [SSE2|AVX|AVX2]
Thread count: 8 physical cores, 16 logical processors, using up to 16 threads

Optimize a model with 30 rows, 225 columns and 450 nonzeros
Model fingerprint: 0xac01841d
Model has 21840 quadratic objective terms
Variable types: 0 continuous, 225 integer (225 binary)
Coefficient statistics:
  Matrix range     [1e+00, 1e+00]
  Objective range  [0e+00, 0e+00]
  QObjective range [1e+01, 4e+04]
  Bounds range     [1e+00, 1e+00]
  RHS range        [1e+00, 1e+00]
Found heuristic solution: objective 496244.00000
Presolve time: 0.10s
Presolved: 30 rows, 225 columns, 450 nonzeros
Presolved model has 22065 quadratic objective terms
Variable types: 0 continuous, 225 integer (225 binary)

Root relaxation: objective -1.907166e+06, 255 iterations, 0.01 seconds (0.03 work units)

    Nodes    |    Current Node    |     Objective Bounds      |     Work
 Expl Unexpl |  Obj  Depth IntInf | Incumbent    BestBd   Gap | It/Node Time

H    0     0                    491264.00000    0.00000   100%     -    0s
H    0     0                    457262.00000    0.00000   100%     -    0s
     0     0    0.00000    0  225 457262.000    0.00000   100%     -    0s
H    0     0                    456222.00000    0.00000   100%     -    0s
H    0     0                    441594.00000    0.00000   100%     -    0s
H    0     0                    434422.00000    0.00000   100%     -    0s
     0     0    0.00000    0  225 434422.000    0.00000   100%     -    0s
H    0     0                    431922.00000    0.00000   100%     -    0s
H    0     0                    389712.00000    0.00000   100%     -    0s
H    0     0                    387116.00000    0.00000   100%     -    0s
H    0     2                    385454.00000    0.00000   100%     -    0s
     0     2    0.00000    0  225 385454.000    0.00000   100%     -    0s
H   32    40                    382180.00000    0.00000   100%   7.2    0s
H   33    40                    374438.00000    0.00000   100%   7.0    0s
H  263   264                    371664.00000    0.00000   100%   3.7    0s
H  389   352                    366520.00000    0.00000   100%  12.2    0s
 28181 21233 82047.7384   69   54 366520.000 16505.6832  95.5%  15.8    5s
 29971 21893 115265.697   80  154 366520.000 17309.6832  95.3%  15.8   10s
H29974 20799                    364228.00000 17309.6832  95.2%  15.8   10s
H30008 19779                    363592.00000 17309.6832  95.2%  15.8   13s
 30023 19789 145630.998  109  214 363592.000 17309.6832  95.2%  15.8   15s
 40503 24694 133131.681  106   59 363592.000 17309.6832  95.2%  18.1   20s
 89682 45893 317075.323  142   32 363592.000 41531.2826  88.6%  18.1   25s
 146513 87174 245917.910  108   54 363592.000 50200.1927  86.2%  17.8   30s
 202363 126911 302690.207  137   46 363592.000 56377.3435  84.5%  17.5   35s
 255483 164825 218522.513  116   61 363592.000 60576.9724  83.3%  17.3   40s
 310790 203996 105482.592  118   73 363592.000 64651.2991  82.2%  17.1   45s
 363990 241469 271850.784  109   53 363592.000 67900.3181  81.3%  17.0   50s
 418841 279866 156992.878  110   66 363592.000 71012.7046  80.5%  16.9   55s
 475033 319359 249531.560  109   62 363592.000 73512.0219  79.8%  16.7   60s
 528711 356592 269294.465  119   44 363592.000 75563.6542  79.2%  16.6   65s
 583565 394365 122376.824  105   60 363592.000 77576.9169  78.7%  16.5   70s
 638799 432228 140561.217   97   58 363592.000 79384.7171  78.2%  16.4   75s
 692948 469741 97704.4167   67   66 363592.000 81067.1046  77.7%  16.4   80s
 750861 509308 140930.784  102   64 363592.000 82717.9375  77.2%  16.3   85s
 805138 547033 328601.699  122   40 363592.000 84131.9412  76.9%  16.2   90s
 860293 584754 286439.807  102   40 363592.000 85476.6839  76.5%  16.2   95s
 917457 623488 294566.470   99   45 363592.000 86765.7237  76.1%  16.1  100s
 973542 661664 291180.695  105   45 363592.000 87911.1476  75.8%  16.1  105s
 1028765 699294 123771.961   91   64 363592.000 88980.9977  75.5%  16.0  110s
 1084855 737248     cutoff  126      363592.000 90022.4414  75.2%  16.0  115s
 1140985 774782 341849.089  125   51 363592.000 91039.5793  75.0%  15.9  120s
 1198361 812731 190299.995  115   65 363592.000 92007.8609  74.7%  15.9  125s
 1254993 850932 186248.160   91   58 363592.000 92915.9570  74.4%  15.8  130s
 1310728 888381 338785.342  112   33 363592.000 93783.0592  74.2%  15.8  135s
 1367358 926738 207648.883   99   59 363592.000 94648.5941  74.0%  15.8  140s
 1425981 965570 285443.742  122   52 363592.000 95496.7488  73.7%  15.7  145s
 1483355 1004788 304182.107  118   41 363592.000 96228.2990  73.5%  15.7  150s
 1540736 1044120 348111.348  130   33 363592.000 97029.8404  73.3%  15.7  155s
 1598807 1083108 231412.716  124   46 363592.000 97773.6068  73.1%  15.6  160s
 1656878 1122203 277612.389  103   47 363592.000 98487.3709  72.9%  15.6  165s
 1714475 1160736 310253.214  139   33 363592.000 99213.7470  72.7%  15.5  170s
 1770944 1198195 infeasible  142      363592.000 99817.7658  72.5%  15.5  175s
 1827355 1235447 317282.416   88   41 363592.000 100417.258  72.4%  15.5  180s

Cutting planes:
  Gomory: 1
  Implied bound: 8
  MIR: 41
  Flow cover: 256
  RLT: 1
  Relax-and-lift: 10

Explored 1828144 nodes (28311867 simplex iterations) in 180.00 seconds (450.91 work units)
Thread count was 16 (of 16 available processors)

Solution count 10: 363592 364228 366520 ... 431922

Time limit reached
Best objective 3.635920000000e+05, best bound 1.004260000000e+05, gap 72.3795%
