
Gurobi 10.0.1 (linux64) logging started Tue Sep 12 19:14:04 2023

Set parameter LogFile to value "./log/rou12.log"
Set parameter TimeLimit to value 180
Gurobi Optimizer version 10.0.1 build v10.0.1rc0 (linux64)

CPU model: 12th Gen Intel(R) Core(TM) i5-12600KF, instruction set [SSE2|AVX|AVX2]
Thread count: 8 physical cores, 16 logical processors, using up to 16 threads

Optimize a model with 24 rows, 144 columns and 288 nonzeros
Model fingerprint: 0x66345a20
Model has 8580 quadratic objective terms
Variable types: 0 continuous, 144 integer (144 binary)
Coefficient statistics:
  Matrix range     [1e+00, 1e+00]
  Objective range  [0e+00, 0e+00]
  QObjective range [3e+01, 4e+04]
  Bounds range     [1e+00, 1e+00]
  RHS range        [1e+00, 1e+00]
Found heuristic solution: objective 309970.00000
Presolve time: 0.04s
Presolved: 24 rows, 144 columns, 288 nonzeros
Presolved model has 8724 quadratic objective terms
Variable types: 0 continuous, 144 integer (144 binary)

Root relaxation: objective -9.392041e+05, 168 iterations, 0.01 seconds (0.01 work units)

    Nodes    |    Current Node    |     Objective Bounds      |     Work
 Expl Unexpl |  Obj  Depth IntInf | Incumbent    BestBd   Gap | It/Node Time

H    0     0                    281088.00000    0.00000   100%     -    0s
     0     0    0.00000    0  144 281088.000    0.00000   100%     -    0s
H    0     0                    267510.00000    0.00000   100%     -    0s
H    0     0                    260122.00000    0.00000   100%     -    0s
     0     0    0.00000    0  144 260122.000    0.00000   100%     -    0s
H    0     0                    248124.00000    0.00000   100%     -    0s
     0     2    0.00000    0  144 248124.000    0.00000   100%     -    0s
H   31    40                    246102.00000    0.00000   100%   6.9    0s
H   91    96                    238954.00000    0.00000   100%   4.3    0s
H  472   398                    238502.00000    0.00000   100%   8.2    0s
H  783   583                    238134.00000    0.00000   100%   8.7    0s
 95399 54657 38550.0060   74   35 238134.000 34935.9746  85.3%  10.0    5s
 311255 163308 153233.562   81   27 238134.000 56312.9665  76.4%   8.9   10s
 512186 254485 140450.461   72   30 238134.000 66177.1589  72.2%   8.7   15s
 726617 349367     cutoff   71      238134.000 73914.0408  69.0%   8.4   20s
 950116 442087     cutoff   91      238134.000 80000.0990  66.4%   8.1   25s
 1165250 528611 227379.070   81   24 238134.000 85031.1060  64.3%   8.0   30s
 1377870 609380 146659.027   83   31 238134.000 89225.1549  62.5%   8.0   35s
 1577950 684704 136702.239   82   34 238134.000 92685.5034  61.1%   7.9   40s
 1777369 756425 197422.674   97   27 238134.000 95760.3112  59.8%   7.9   45s
 1971774 824060     cutoff   87      238134.000 98407.0166  58.7%   7.9   50s
 2173168 890771 170203.654   91   29 238134.000 100844.333  57.7%   7.9   55s
 2398160 964959     cutoff   87      238134.000 103361.684  56.6%   7.8   60s
 2630064 1039063 140149.308   56   27 238134.000 105796.501  55.6%   7.7   65s
 2849230 1106913 211010.061   84   29 238134.000 107849.264  54.7%   7.6   70s
 3075994 1174420 187937.612   73   23 238134.000 109897.573  53.9%   7.6   75s
 3300559 1241383 223772.317   91   21 238134.000 111799.701  53.1%   7.5   80s
 3524148 1305590 199472.822   88   25 238134.000 113553.986  52.3%   7.5   85s
 3745231 1368262 146516.313   74   27 238134.000 115252.431  51.6%   7.4   90s
 3972979 1430199 191318.532   81   28 238134.000 116914.728  50.9%   7.4   95s
H4177501 1479422                    235654.00000 118357.665  49.8%   7.3   99s
 4191358 1483230 168679.059   83   25 235654.000 118454.303  49.7%   7.3  100s
H4279696 1505996                    235528.00000 119082.418  49.4%   7.3  102s
 4410128 1539651 162482.419   67   26 235528.000 119990.950  49.1%   7.3  105s
 4633273 1595219 163376.931   78   32 235528.000 121444.370  48.4%   7.3  110s
 4847546 1647905 176451.799   63   24 235528.000 122796.201  47.9%   7.2  115s
 5050995 1696431 198805.970   79   24 235528.000 124059.521  47.3%   7.3  120s
 5256954 1744411 162087.072   92   28 235528.000 125283.100  46.8%   7.3  125s
 5454489 1789337 153901.428   81   28 235528.000 126422.933  46.3%   7.3  130s
 5647811 1832156 213128.925   91   18 235528.000 127494.279  45.9%   7.3  135s
 5844157 1874776     cutoff   88      235528.000 128540.419  45.4%   7.3  140s
 6033607 1915099 156732.869   84   27 235528.000 129550.792  45.0%   7.3  145s
 6230459 1955901 209508.009   85   27 235528.000 130581.249  44.6%   7.3  150s
 6422975 1995272 167573.525   68   25 235528.000 131545.667  44.1%   7.3  155s
 6626779 2036629 221316.733   68   27 235528.000 132554.635  43.7%   7.3  160s
 6825881 2075386 169024.137   73   27 235528.000 133515.423  43.3%   7.3  165s
 7028261 2114621     cutoff   84      235528.000 134478.717  42.9%   7.3  170s
 7228829 2152376 138197.932   76   29 235528.000 135408.342  42.5%   7.3  175s

Cutting planes:
  MIR: 1
  Flow cover: 50

Explored 7432195 nodes (54088875 simplex iterations) in 180.00 seconds (268.68 work units)
Thread count was 16 (of 16 available processors)

Solution count 10: 235528 235654 238134 ... 281088

Time limit reached
Best objective 2.355280000000e+05, best bound 1.363180000000e+05, gap 42.1224%
