
Gurobi 10.0.1 (linux64) logging started Tue Sep 12 19:29:27 2023

Set parameter LogFile to value "./log/ste36b.log"
Set parameter TimeLimit to value 180
Gurobi Optimizer version 10.0.1 build v10.0.1rc0 (linux64)

CPU model: 12th Gen Intel(R) Core(TM) i5-12600KF, instruction set [SSE2|AVX|AVX2]
Thread count: 8 physical cores, 16 logical processors, using up to 16 threads

Optimize a model with 72 rows, 1296 columns and 2592 nonzeros
Model fingerprint: 0xc471288d
Model has 216720 quadratic objective terms
Variable types: 0 continuous, 1296 integer (1296 binary)
Coefficient statistics:
  Matrix range     [1e+00, 1e+00]
  Objective range  [0e+00, 0e+00]
  QObjective range [4e+00, 9e+04]
  Bounds range     [1e+00, 1e+00]
  RHS range        [1e+00, 1e+00]
Found heuristic solution: objective 83082.000000
Presolve time: 2.16s
Presolved: 72 rows, 1296 columns, 2592 nonzeros
Presolved model has 217944 quadratic objective terms
Variable types: 0 continuous, 1296 integer (1296 binary)

Root relaxation: objective -2.589387e+06, 896 iterations, 0.22 seconds (0.62 work units)

    Nodes    |    Current Node    |     Objective Bounds      |     Work
 Expl Unexpl |  Obj  Depth IntInf | Incumbent    BestBd   Gap | It/Node Time

H    0     0                    69806.000000    0.00000   100%     -    2s
H    0     0                    68630.000000    0.00000   100%     -    2s
H    0     0                    61168.000000    0.00000   100%     -    2s
H    0     0                    60772.000000    0.00000   100%     -    2s
     0     0    0.00000    0  645 60772.0000    0.00000   100%     -    2s
H    0     0                    51612.000000    0.00000   100%     -    2s
     0     0    0.00000    0  645 51612.0000    0.00000   100%     -    2s
H    0     0                    48776.000000    0.00000   100%     -    3s
     0     2    0.00000    0  645 48776.0000    0.00000   100%     -    3s
    23    24    0.00000    4  645 48776.0000    0.00000   100%  21.4    6s
H   23    23                    48510.000000    0.00000   100%  32.5    7s
H   23    22                    48360.000000    0.00000   100%  32.5    7s
H   23    21                    47814.000000    0.00000   100%  32.5    8s
H   23    20                    42078.000000    0.00000   100%  32.5    9s
H   23    19                    41194.000000    0.00000   100%  32.5    9s
H   23    18                    40794.000000    0.00000   100%  32.5    9s
    23    18    0.00000    4   87 40794.0000    0.00000   100%  32.5   10s
H   59    45                    40642.000000    0.00000   100%   285   10s
H   89    75                    40066.000000    0.00000   100%   211   11s
H   94    75                    39858.000000    0.00000   100%   203   11s
H  128   113                    39454.000000    0.00000   100%   169   11s
H  134   113                    39422.000000    0.00000   100%   166   11s
H  169   156                    38902.000000    0.00000   100%   147   12s
H  172   156                    38196.000000    0.00000   100%   146   12s
H  173   156                    36248.000000    0.00000   100%   146   12s
H  203   195                    35996.000000    0.00000   100%   136   12s
H  242   242                    34578.000000    0.00000   100%   128   12s
H  246   242                    33368.000000    0.00000   100%   129   12s
H  255   242                    32870.000000    0.00000   100%   127   12s
H  290   276                    31542.000000    0.00000   100%   117   12s
H  292   276                    31356.000000    0.00000   100%   117   12s
H  293   276                    31138.000000    0.00000   100%   117   12s
H  295   276                    28908.000000    0.00000   100%   118   12s
H  347   332                    28538.000000    0.00000   100%   108   13s
  1418  1349    0.00000   98   69 28538.0000    0.00000   100%  64.8   15s
H 2592  2459                    25688.000000    0.00000   100%  56.6   17s
H 2596  2457                    24624.000000    0.00000   100%  56.5   17s
  3445  3204  404.18259  127   90 24624.0000    0.00000   100%  53.6   20s
  3462  3215  106.00000  113   74 24624.0000    0.00000   100%  53.3   25s
H 3498  3083                    24426.000000    0.00000   100%  62.1   26s
H 3502  2929                    24102.000000    0.00000   100%  62.2   26s
H 3538  2812                    22644.000000    0.00000   100%  65.1   27s
H 3582  2702                    22456.000000    0.00000   100%  67.0   27s
H 3625  2603                    22184.000000    0.00000   100%  67.9   28s
H 3657  2510                    22020.000000    0.00000   100%  68.1   28s
H 3711  2416                    19962.000000    0.00000   100%  68.8   29s
  3759  2459   44.08184   57   77 19962.0000    0.00000   100%  69.4   31s
H 3760  2346                    19806.000000    0.00000   100%  69.3   31s
H 3778  2241                    18756.000000    0.00000   100%  69.5   32s
H 3780  2139                    17552.000000    0.00000   100%  69.4   32s
  5373  3210 4526.43469  113   79 17552.0000    0.00000   100%  69.9   35s
H 7062  3922                    17500.000000    0.00000   100%  68.5   40s
H 7114  3812                    17420.000000    0.00000   100%  68.5   40s
  9801  5815    5.52926  141   73 17420.0000    0.00000   100%  71.7   47s
 10056  5945  616.99695  180   72 17420.0000    0.00000   100%  71.9   50s
H11501  7095                    16964.000000    0.00000   100%  71.8   53s
H11509  7081                    16804.000000    0.00000   100%  72.0   53s
 11512  7289 1171.04678   92   81 16804.0000    0.00000   100%  72.0   55s
 14856 10731 1777.98378  161   78 16804.0000    0.00000   100%  79.0   61s
 17103 12350 6614.36396  216   72 16804.0000    0.00000   100%  81.0   65s
 19834 14126 8896.88849  116   78 16804.0000    0.00000   100%  84.6   70s
 25700 18936 15915.9984  234   60 16804.0000    0.00000   100%  82.1   80s
H25705 18935                    16794.000000    0.00000   100%  82.1   80s
 26860 20623 5656.12384   56   77 16794.0000    0.00000   100%  82.1   85s
 29450 23549 2969.28251  134   70 16794.0000    0.00000   100%  86.3  108s
 31349 24095 7257.27750  205   66 16794.0000    0.00000   100%  88.8  111s
 33877 27115 3186.84773  109   90 16794.0000    0.00000   100%  93.6  115s
 36709 29205    0.00000  104   78 16794.0000    0.00000   100%  93.9  120s
 40088 31891 13632.0000  167   68 16794.0000    0.00000   100%  97.0  125s
 41016 31896 1830.10880  108   67 16794.0000    0.00000   100%  98.0  132s
H41017 31856                    16616.000000    0.00000   100%  98.0  132s
 41422 32843 14461.4873  197   69 16616.0000    0.00000   100%  98.5  135s
 43913 34265  253.09935   87   84 16616.0000    0.00000   100%   103  140s
 44143 37960 2576.00000   87   68 16616.0000    0.00000   100%   103  146s
 49096 38950 4725.06569   84   81 16616.0000    0.00000   100%   109  150s
 52801 42689 13067.7929  271   50 16616.0000    0.00000   100%   109  155s
 57243 45338  325.66753  150   80 16616.0000    0.00000   100%   112  161s
 59065 47562 11668.0000  195   77 16616.0000    0.00000   100%   113  165s
 60713 48011 12669.0621  224   74 16616.0000    0.00000   100%   114  170s
 64156 52048 14626.5232  206   73 16616.0000    0.00000   100%   113  175s
 68217 54479 15965.0047  143   66 16616.0000    0.00000   100%   114  180s

Cutting planes:
  Implied bound: 7
  StrongCG: 1
  Flow cover: 46
  RLT: 4

Explored 68915 nodes (7912282 simplex iterations) in 180.01 seconds (456.74 work units)
Thread count was 16 (of 16 available processors)

Solution count 10: 16616 16794 16804 ... 19962

Time limit reached
Best objective 1.661600000000e+04, best bound 2.688880519025e-11, gap 100.0000%
