
Gurobi 10.0.1 (linux64) logging started Tue Sep 12 19:32:29 2023

Set parameter LogFile to value "./log/ste36c.log"
Set parameter TimeLimit to value 180
Gurobi Optimizer version 10.0.1 build v10.0.1rc0 (linux64)

CPU model: 12th Gen Intel(R) Core(TM) i5-12600KF, instruction set [SSE2|AVX|AVX2]
Thread count: 8 physical cores, 16 logical processors, using up to 16 threads

Optimize a model with 72 rows, 1296 columns and 2592 nonzeros
Model fingerprint: 0xfd8ac555
Model has 216720 quadratic objective terms
Variable types: 0 continuous, 1296 integer (1296 binary)
Coefficient statistics:
  Matrix range     [1e+00, 1e+00]
  Objective range  [0e+00, 0e+00]
  QObjective range [4e+03, 1e+07]
  Bounds range     [1e+00, 1e+00]
  RHS range        [1e+00, 1e+00]
Found heuristic solution: objective 1.823469e+07
Presolve time: 2.12s
Presolved: 72 rows, 1296 columns, 2592 nonzeros
Presolved model has 217944 quadratic objective terms
Variable types: 0 continuous, 1296 integer (1296 binary)

Root relaxation: objective -4.802189e+08, 1136 iterations, 0.35 seconds (0.84 work units)

    Nodes    |    Current Node    |     Objective Bounds      |     Work
 Expl Unexpl |  Obj  Depth IntInf | Incumbent    BestBd   Gap | It/Node Time

H    0     0                    1.470010e+07    0.00000   100%     -    2s
H    0     0                    1.392263e+07    0.00000   100%     -    2s
H    0     0                    1.383272e+07    0.00000   100%     -    2s
     0     0    0.00000    0  745 1.3833e+07    0.00000   100%     -    2s
H    0     0                    1.195638e+07    0.00000   100%     -    2s
     0     0    0.00000    0  745 1.1956e+07    0.00000   100%     -    2s
H    0     0                    1.191303e+07    0.00000   100%     -    3s
     0     2    0.00000    0  745 1.1913e+07    0.00000   100%     -    4s
    31    32    0.00000    5  745 1.1913e+07    0.00000   100%  18.9    6s
H   31    31                    1.190946e+07    0.00000   100%  27.7    7s
H   31    29                    1.177370e+07    0.00000   100%  27.7    7s
H   31    28                    1.172858e+07    0.00000   100%  27.7    9s
H   31    26                    1.170789e+07    0.00000   100%  27.7    9s
H   31    25                    1.170015e+07    0.00000   100%  27.7    9s
    31    25    0.00000    5   71 1.1700e+07    0.00000   100%  27.7   10s
H  139   116                    1.153245e+07    0.00000   100%   224   11s
H  175   151                    1.147484e+07    0.00000   100%   197   11s
H  224   218                    1.130622e+07    0.00000   100%   176   12s
H  224   218                    1.114977e+07    0.00000   100%   176   12s
H  226   218                    1.111415e+07    0.00000   100%   179   12s
H  235   218                    1.099867e+07    0.00000   100%   173   12s
H  310   289                    1.065604e+07    0.00000   100%   148   13s
H  311   289                    1.047811e+07    0.00000   100%   148   13s
H  992  1060                    1.040405e+07    0.00000   100%  99.3   14s
  1101  1239    0.00000   75   74 1.0404e+07    0.00000   100%  93.8   15s
  4174  3985 8233721.19  313   79 1.0404e+07    0.00000   100%  51.8   20s
H 4284  3867                    1.039592e+07    0.00000   100%  58.1   21s
H 4319  3703                    1.039441e+07    0.00000   100%  58.7   22s
H 4358  3545                    1.038863e+07    0.00000   100%  60.4   23s
H 4441  3432                    1.035496e+07    0.00000   100%  61.5   23s
H 4443  3268                    1.019085e+07    0.00000   100%  61.7   23s
  4646  3445 44268.0000   63   86 1.0191e+07    0.00000   100%  65.0   25s
H 4745  3318                    1.018778e+07    0.00000   100%  65.5   26s
H 4746  3170                    1.003897e+07    0.00000   100%  65.5   26s
  5900  3924 1536943.10   83   80 1.0039e+07    0.00000   100%  66.6   30s
H 9458  6176                    1.003822e+07    0.00000   100%  58.8   34s
  9683  6386 3428664.63  131   65 1.0038e+07    0.00000   100%  57.8   35s
 16049 11458 2512996.10  254   75 1.0038e+07    0.00000   100%  52.2   40s
H16328 11455                    9876682.0000    0.00000   100%  53.3   42s
H16333 11450                    9829940.0000    0.00000   100%  53.4   42s
H16334 11385                    9576160.0000    0.00000   100%  53.4   42s
H17093 12405                    9563616.0000    0.00000   100%  54.9   43s
H18021 13455                    9473552.0000    0.00000   100%  56.7   45s
H19607 14773                    9398238.0000    0.00000   100%  57.4   47s
H21481 16201                    9387560.0000    0.00000   100%  58.0   48s
 22330 18333 708438.873   85   66 9387560.00    0.00000   100%  58.0   50s
H23159 18314                    9368268.0000    0.00000   100%  57.1   50s
H23994 19869                    9338230.0000    0.00000   100%  56.1   51s
H26703 21680                    9316184.0000    0.00000   100%  53.9   52s
H28361 22346                    9312640.0000    0.00000   100%  53.7   53s
 29828 25841 3675884.42  191   76 9312640.00    0.00000   100%  53.4   65s
H36777 30196                    9278382.0000    0.00000   100%  51.6   68s
H37013 30849                    9263458.0000    0.00000   100%  51.6   69s
 39018 32906 6188026.39  235   61 9263458.00    0.00000   100%  50.5   70s
H45916 38411                    9244940.0000    0.00000   100%  49.0   77s
H45917 37908                    8948234.0000    0.00000   100%  49.0   77s
 47060 39747 6727130.53   88   67 8948234.00    0.00000   100%  49.8   80s
 52288 44921 5480407.41  310   71 8948234.00    0.00000   100%  53.1   86s
 59357 50146 2987971.84  185   65 8948234.00    0.00000   100%  52.5   92s
 59367 57576 3033646.86  186   75 8948234.00    0.00000   100%  52.5   97s
 70871 61519 44042.6956   96   74 8948234.00    0.00000   100%  50.5  100s
 76443 66936 7134894.41  224   68 8948234.00    0.00000   100%  49.6  105s
 82282 72164 2943968.48  182   72 8948234.00    0.00000   100%  50.1  110s
 87654 77888 436686.231   68   74 8948234.00    0.00000   100%  50.6  115s
 95040 84204 4687282.64  184   70 8948234.00    0.00000   100%  49.9  120s
H98086 85708                    8856352.0000    0.00000   100%  49.4  123s
H98087 85639                    8839332.0000    0.00000   100%  49.4  123s
H98095 85429                    8785592.0000    0.00000   100%  49.4  123s
 99506 87319 7872031.03  134   64 8785592.00    0.00000   100%  49.4  125s
H101958 89307                    8781552.0000    0.00000   100%  49.3  127s
 103891 91993 1498282.00  109   67 8781552.00    0.00000   100%  49.9  130s
H106576 93388                    8714818.0000    0.00000   100%  49.8  131s
 110037 97217 5921598.31  115   61 8714818.00    0.00000   100%  49.9  135s
 118743 104658 1491602.00   85   69 8714818.00    0.00000   100%  49.7  141s
 122246 108466 636180.704  101   63 8714818.00    0.00000   100%  51.1  145s
 128432 114528 108758.355   80   71 8714818.00    0.00000   100%  50.9  150s
 136191 120951 2705662.00  177   66 8714818.00    0.00000   100%  51.0  155s
 141129 125008 2343294.19  103   71 8714818.00    0.00000   100%  51.6  160s
 145991 129926 4591501.19  240   71 8714818.00    0.00000   100%  52.9  165s
 149343 132984 1522760.48  128   67 8714818.00    0.00000   100%  53.2  170s
 154589 138027    0.00000   94   85 8714818.00    0.00000   100%  53.6  175s
H160033 141621                    8668034.0000    0.00000   100%  54.0  179s
 160041 141642 4285418.00   64   75 8668034.00    0.00000   100%  54.0  180s

Cutting planes:
  Implied bound: 6

Explored 160062 nodes (8640097 simplex iterations) in 180.01 seconds (425.94 work units)
Thread count was 16 (of 16 available processors)

Solution count 10: 8.66803e+06 8.71482e+06 8.78155e+06 ... 9.27838e+06

Time limit reached
Best objective 8.668034000000e+06, best bound 0.000000000000e+00, gap 100.0000%
