
Gurobi 10.0.1 (linux64) logging started Tue Sep 12 19:39:42 2023

Set parameter LogFile to value "./log/tai15a.log"
Set parameter TimeLimit to value 180
Gurobi Optimizer version 10.0.1 build v10.0.1rc0 (linux64)

CPU model: 12th Gen Intel(R) Core(TM) i5-12600KF, instruction set [SSE2|AVX|AVX2]
Thread count: 8 physical cores, 16 logical processors, using up to 16 threads

Optimize a model with 30 rows, 225 columns and 450 nonzeros
Model fingerprint: 0x574fd826
Model has 21424 quadratic objective terms
Variable types: 0 continuous, 225 integer (225 binary)
Coefficient statistics:
  Matrix range     [1e+00, 1e+00]
  Objective range  [0e+00, 0e+00]
  QObjective range [8e+00, 4e+04]
  Bounds range     [1e+00, 1e+00]
  RHS range        [1e+00, 1e+00]
Found heuristic solution: objective 511000.00000
Presolve time: 0.11s
Presolved: 30 rows, 225 columns, 450 nonzeros
Presolved model has 21649 quadratic objective terms
Variable types: 0 continuous, 225 integer (225 binary)

Root relaxation: objective -1.848898e+06, 255 iterations, 0.01 seconds (0.02 work units)

    Nodes    |    Current Node    |     Objective Bounds      |     Work
 Expl Unexpl |  Obj  Depth IntInf | Incumbent    BestBd   Gap | It/Node Time

H    0     0                    503320.00000    0.00000   100%     -    0s
H    0     0                    485324.00000    0.00000   100%     -    0s
     0     0    0.00000    0  225 485324.000    0.00000   100%     -    0s
H    0     0                    483218.00000    0.00000   100%     -    0s
H    0     0                    442856.00000    0.00000   100%     -    0s
H    0     0                    439614.00000    0.00000   100%     -    0s
     0     0    0.00000    0  225 439614.000    0.00000   100%     -    0s
H    0     0                    406370.00000    0.00000   100%     -    0s
H    0     0                    405488.00000    0.00000   100%     -    0s
H    0     2                    405424.00000    0.00000   100%     -    0s
     0     2    0.00000    0  225 405424.000    0.00000   100%     -    0s
H   32    40                    400692.00000    0.00000   100%   7.1    0s
H  317   312                    397376.00000    0.00000   100%   3.7    0s
 26471 19556 78618.8703  110   64 397376.000 8586.12524  97.8%  15.6    5s
 30059 21475 70050.2963   68  158 397376.000 9706.40964  97.6%  15.4   10s
 30106 21506 284474.038   92  187 397376.000 9706.40964  97.6%  15.4   15s
 30445 21732 40519.7349   63   98 397376.000 9706.40964  97.6%  16.4   20s
 64404 37194 136206.691   75   66 397376.000 32142.1693  91.9%  19.4   25s
 116770 66484     cutoff  117      397376.000 44730.3262  88.7%  19.1   30s
 171761 106948 353140.653  107   39 397376.000 52515.6741  86.8%  18.8   35s
 226257 146196 265691.551   79   51 397376.000 57457.7828  85.5%  18.5   40s
 280201 184847 232982.657  100   54 397376.000 61813.9433  84.4%  18.4   45s
 330732 221359 231781.584  107   62 397376.000 65125.8767  83.6%  18.3   50s
 382309 258534     cutoff  123      397376.000 67813.1726  82.9%  18.2   55s
 433016 294444 155324.399  106   73 397376.000 70486.4153  82.3%  18.2   60s
 485303 331143 235291.678  123   67 397376.000 72875.8907  81.7%  18.0   65s
 537252 367293 335846.237  112   43 397376.000 75072.9354  81.1%  18.0   70s
 588775 404182 208122.384   91   68 397376.000 76991.9123  80.6%  17.9   75s
 640515 440607 343514.553  110   42 397376.000 78668.6073  80.2%  17.9   80s
 693310 477400 293369.106  105   47 397376.000 80412.3379  79.8%  17.8   85s
 747375 514613 381943.958  130   38 397376.000 81922.9401  79.4%  17.7   90s
 800544 551499 159724.439  124   63 397376.000 83380.9756  79.0%  17.6   95s
 856699 590400 277362.987   72   43 397376.000 84823.2040  78.7%  17.5  100s
 910924 628737 156543.013   88   60 397376.000 86099.4379  78.3%  17.4  105s
 968086 667505 205885.803  110   64 397376.000 87342.2398  78.0%  17.4  110s
 1023039 705894 295473.456  103   58 397376.000 88452.1436  77.7%  17.3  115s
 1078762 744837 202209.605   73   59 397376.000 89536.3031  77.5%  17.2  120s
 1134713 783068     cutoff  127      397376.000 90515.4067  77.2%  17.1  125s
 1189370 820147 135077.181   96   77 397376.000 91431.9230  77.0%  17.1  130s
 1244544 858354 209459.689   79   62 397376.000 92337.3485  76.8%  17.0  135s
 1300528 896961 203821.089   87   57 397376.000 93215.1660  76.5%  17.0  140s
 1357427 936299 137777.332   79   65 397376.000 94103.0075  76.3%  16.9  145s
 1413677 974682 156036.774  104   72 397376.000 94917.2426  76.1%  16.9  150s
 1467564 1012371 175024.699   94   54 397376.000 95687.0811  75.9%  16.9  155s
 1524641 1051207 394506.851  106   26 397376.000 96499.2548  75.7%  16.8  160s
 1580188 1089518 147004.439   79   72 397376.000 97217.2908  75.5%  16.8  165s
 1636988 1128622 208926.086   80   65 397376.000 97978.9326  75.3%  16.7  170s
 1689899 1164761 249547.607   94   50 397376.000 98581.7418  75.2%  16.7  175s
 1742731 1201241 226413.972   98   48 397376.000 99219.1020  75.0%  16.7  180s

Cutting planes:
  Gomory: 3
  Implied bound: 12
  MIR: 48
  StrongCG: 1
  Flow cover: 235
  Zero half: 1
  Relax-and-lift: 5

Explored 1743430 nodes (29129738 simplex iterations) in 180.00 seconds (456.05 work units)
Thread count was 16 (of 16 available processors)

Solution count 10: 397376 400692 405424 ... 503320

Time limit reached
Best objective 3.973760000000e+05, best bound 9.922600000000e+04, gap 75.0297%
