
Gurobi 10.0.1 (linux64) logging started Tue Sep 12 19:48:45 2023

Set parameter LogFile to value "./log/tai20a.log"
Set parameter TimeLimit to value 180
Gurobi Optimizer version 10.0.1 build v10.0.1rc0 (linux64)

CPU model: 12th Gen Intel(R) Core(TM) i5-12600KF, instruction set [SSE2|AVX|AVX2]
Thread count: 8 physical cores, 16 logical processors, using up to 16 threads

Optimize a model with 40 rows, 400 columns and 800 nonzeros
Model fingerprint: 0x79ddaeca
Model has 69938 quadratic objective terms
Variable types: 0 continuous, 400 integer (400 binary)
Coefficient statistics:
  Matrix range     [1e+00, 1e+00]
  Objective range  [0e+00, 0e+00]
  QObjective range [4e+00, 4e+04]
  Bounds range     [1e+00, 1e+00]
  RHS range        [1e+00, 1e+00]
Found heuristic solution: objective 883050.00000
Presolve time: 0.48s
Presolved: 40 rows, 400 columns, 800 nonzeros
Presolved model has 70338 quadratic objective terms
Variable types: 0 continuous, 400 integer (400 binary)

Root relaxation: objective -3.825090e+06, 440 iterations, 0.08 seconds (0.14 work units)

    Nodes    |    Current Node    |     Objective Bounds      |     Work
 Expl Unexpl |  Obj  Depth IntInf | Incumbent    BestBd   Gap | It/Node Time

H    0     0                    822998.00000    0.00000   100%     -    0s
     0     0    0.00000    0  400 822998.000    0.00000   100%     -    0s
H    0     0                    798374.00000    0.00000   100%     -    0s
H    0     0                    797026.00000    0.00000   100%     -    0s
H    0     0                    796494.00000    0.00000   100%     -    0s
     0     0    0.00000    0  400 796494.000    0.00000   100%     -    0s
H    0     0                    768196.00000    0.00000   100%     -    0s
     0     2    0.00000    0  400 768196.000    0.00000   100%     -    1s
H   32    40                    763788.00000    0.00000   100%   9.4    1s
H   36    40                    759000.00000    0.00000   100%   8.6    1s
H  199   208                    758078.00000    0.00000   100%   5.3    1s
H  516   426                    751792.00000    0.00000   100%  18.6    3s
H  520   412                    749074.00000    0.00000   100%  18.7    3s
  2117  1678 218765.985  121   55 749074.000    0.00000   100%  19.9    5s
H 2491  1851                    748440.00000    2.00000   100%  26.6    6s
H 2492  1771                    739762.00000    2.00000   100%  26.6    6s
  8720  6311 153227.638  184   67 739762.000    2.00000   100%  26.7   10s
 22878 18497 366341.656  187   50 739762.000    2.00000   100%  29.6   15s
 29615 23746 330656.968  213  400 739762.000    2.00000   100%  29.5   21s
 29629 23755 89511.6264  156  129 739762.000  318.95134   100%  29.5   25s
 29649 23769 310236.214  116  234 739762.000 1288.32296   100%  29.5   30s
 29665 23779 303386.438  206  285 739762.000 1815.21891   100%  29.5   35s
 29683 23791 108064.883   78  298 739762.000 2096.88327   100%  29.5   40s
 29704 23805 154132.305   97  331 739762.000 2204.58113   100%  29.4   45s
 29725 23819 80372.5795   99  349 739762.000 3707.28383  99.5%  29.4   50s
 29747 23834 121273.241   58  363 739762.000 5338.00000  99.3%  29.4   55s
 30610 24337 8468.85476   79  126 739762.000 5493.85557  99.3%  31.5   60s
 36825 27872 70636.4920   92  104 739762.000 5493.85557  99.3%  32.1   65s
 46156 33658 190667.789  117   88 739762.000 5493.85557  99.3%  31.9   70s
H55207 36764                    739540.00000 5493.85557  99.3%  31.4   73s
H57626 36801                    733256.00000 5493.85557  99.3%  31.5   74s
H58097 36342                    732944.00000 5493.85557  99.3%  31.5   74s
 58890 36593 116081.751  118  102 732944.000 5493.85557  99.3%  31.4   75s
H60039 36239                    730246.00000 5493.85557  99.2%  31.4   75s
 71723 42299 50441.3557  103  107 730246.000 5493.85557  99.2%  31.0   80s
 85242 49456 436218.800  187   74 730246.000 5493.85557  99.2%  30.6   85s
 95105 56688 91402.7903  121  104 730246.000 5493.85557  99.2%  30.4   90s
 106570 66265 11153.1048  136  116 730246.000 5493.85557  99.2%  30.7   95s
 119172 76524 40661.2699  132  119 730246.000 5493.85557  99.2%  30.4  100s
 133768 89054 537380.595  120   65 730246.000 7110.64904  99.0%  30.2  105s
 147438 100975 105479.932   99  104 730246.000 8166.79989  98.9%  29.6  110s
 163713 114365     cutoff  224      730246.000 8773.09257  98.8%  28.9  115s
 180057 128480 82275.9553  109   96 730246.000 10586.1320  98.6%  28.6  120s
 201874 147127 361711.746  170   79 730246.000 12465.4281  98.3%  28.3  125s
 222037 164147 74844.3547  133  106 730246.000 14464.2578  98.0%  28.0  130s
 247207 184595 223943.174  170   95 730246.000 16907.1999  97.7%  27.5  135s
 268385 202244 540623.366  140   61 730246.000 18358.3020  97.5%  27.2  140s
 289513 219494 321655.076  158   79 730246.000 19467.1598  97.3%  27.2  145s
 309782 236393 223540.848  108   86 730246.000 20389.5854  97.2%  27.0  150s
 334190 256349 418318.485  174   82 730246.000 21591.4320  97.0%  26.6  155s
 354324 273776 327404.396  157   90 730246.000 22218.7577  97.0%  26.4  160s
 376827 292115 713600.616  210   39 730246.000 22916.7020  96.9%  26.2  165s
 398713 310120 45164.9340   86  123 730246.000 23678.4722  96.8%  26.2  170s
H402245 312535                    727558.00000 23769.4202  96.7%  26.1  170s
 417848 326587 132608.398  129   96 727558.000 24094.4367  96.7%  26.0  175s
 438485 342943 142142.299  145   97 727558.000 24920.3389  96.6%  26.0  180s

Cutting planes:
  Implied bound: 13
  MIR: 54
  Flow cover: 488
  Relax-and-lift: 25

Explored 438506 nodes (11392442 simplex iterations) in 180.00 seconds (453.51 work units)
Thread count was 16 (of 16 available processors)

Solution count 10: 727558 730246 732944 ... 758078

Time limit reached
Best objective 7.275580000000e+05, best bound 2.492200000000e+04, gap 96.5746%
