5.1500327587127686 0.013478994369506836 -897.020327784038 76.00360973062311
5.1434643268585205 0.011925935745239258 -887.6777654887893 66.66104743537437
5.135416030883789 0.01167917251586914 -899.9021371596839 78.88541910626896
5.185818672180176 0.016318082809448242 -896.2817770942052 75.26505904079022
5.143205404281616 0.011570930480957031 -893.7672265983117 72.75050854489677
5.149798393249512 0.012611150741577148 -910.9287316860548 89.91201363263986
5.157836437225342 0.01378178596496582 -904.6753003923711 83.6585823389562
5.149229288101196 0.012283086776733398 -889.1789702567772 68.1622522033623
5.16339898109436 0.013744115829467773 -895.7771003486185 74.76038229520361
5.139621734619141 0.011872053146362305 -903.2518197344071 82.23510168099222
5.149399518966675 0.012652158737182617 -897.9735649143022 76.95684686088725
5.143466234207153 0.013020038604736328 -890.3072367879124 69.29051873449748
5.13835334777832 0.012670040130615234 -898.9838816112759 77.967163557861
5.15146803855896 0.013700008392333984 -888.0788385542319 67.06212050081695
5.158395767211914 0.011686086654663086 -884.8796535274598 63.86293547404489
5.144144296646118 0.012716054916381836 -888.6611080884934 67.64439003507846
5.139035701751709 0.01196599006652832 -904.2319645402847 83.21524648686977
5.160670518875122 0.012508153915405273 -895.8295319131023 74.81281385968737
5.142443656921387 0.011894941329956055 -894.9463125742532 73.92959452083824
5.15963339805603 0.012212038040161133 -891.2713635226683 70.25464546925332
5.14183497428894 0.012600898742675781 -891.416303299151 70.39958524573603
5.139478445053101 0.014379024505615234 -896.3261004287324 75.30938237531745
5.142867565155029 0.01300191879272461 -900.6508472458494 79.63412919243444
5.144606351852417 0.011974811553955078 -901.8559330355258 80.83921498211089
5.165393352508545 0.01376199722290039 -889.9554957014522 68.93877764803722
5.143301010131836 0.011727094650268555 -898.1377646748326 77.12104662141769
5.130082130432129 0.011121034622192383 -904.6575516734517 83.6408336200368
5.1334309577941895 0.011454105377197266 -891.3633986420296 70.34668058861462
5.158429145812988 0.01152491569519043 -902.5123653376619 81.49564728424696
5.182441234588623 0.014053821563720703 -893.6342787357056 72.61756068229067
5.141252517700195 0.011742115020751953 -901.4324008068882 80.41568275347322
5.1353349685668945 0.012185096740722656 -895.668925723662 74.6522076702471
5.140018463134766 0.011542081832885742 -900.7110430226835 79.69432496926856
5.133458852767944 0.011755943298339844 -888.888437382631 67.87171932921603
5.1554670333862305 0.014163017272949219 -894.2714681819459 73.25475012853099
5.137992858886719 0.011526107788085938 -902.1325999393607 81.11588188594578
5.1454243659973145 0.011680126190185547 -894.4288017841544 73.41208373073948
5.138700485229492 0.011868953704833984 -898.1517754827698 77.1350574293549
5.137342214584351 0.011703968048095703 -903.4090582868566 82.3923402334417
5.1536865234375 0.011870861053466797 -897.5482710204019 76.53155296698696
5.139895677566528 0.011870145797729492 -892.5161705569619 71.49945250354699
5.1600048542022705 0.012490987777709961 -895.5996261716912 74.58290811827624
5.138122081756592 0.014503955841064453 -898.997546449134 77.98082839571907
5.137598991394043 0.012109041213989258 -881.7932333044956 60.776515251080696
5.131089210510254 0.01146078109741211 -907.971643158489 86.95492510507404
5.135512351989746 0.011393070220947266 -893.4313449112958 72.41462685788088
5.138613939285278 0.011476993560791016 -895.4524500399481 74.43573198653314
5.135708332061768 0.011409997940063477 -902.6611325781722 81.64441452475728
5.141022682189941 0.01200103759765625 -912.806639127994 91.78992107457907
5.141432046890259 0.011765003204345703 -900.6341894309165 79.6174713775016
5.166075229644775 0.012382030487060547 -899.439459502762 78.42274144934709
5.140952110290527 0.011819124221801758 -898.6405352128585 77.62381715944355
5.1379008293151855 0.011854171752929688 -891.6823140799518 70.66559602653683
5.148757696151733 0.01175999641418457 -899.2327400491886 78.21602199577364
5.1436192989349365 0.011548995971679688 -901.2630215912964 80.24630353788143
5.148753643035889 0.015702009201049805 -893.3637268590925 72.34700880567755
5.189971208572388 0.015794038772583008 -901.2727063398659 80.25598828645093
5.1420676708221436 0.011517047882080078 -889.7260861281779 68.709368074763
5.136739730834961 0.011445999145507812 -907.2214604293046 86.20474237588962
5.1317138671875 0.012291908264160156 -903.2216257534214 82.20490770000652
5.135324716567993 0.012614011764526367 -883.6051115187781 62.5883934653632
5.163196086883545 0.011332035064697266 -895.8311750324419 74.814456979027
5.136460781097412 0.01188802719116211 -908.1731731925483 87.15645513913341
5.136165142059326 0.011970043182373047 -906.0297013745387 85.01298332112378
5.1328840255737305 0.012090921401977539 -904.8339609753209 83.81724292190597
5.140148401260376 0.012170076370239258 -901.8842885568479 80.86757050343294
5.133049249649048 0.011489152908325195 -901.5553038039611 80.53858575054619
5.151819705963135 0.013339042663574219 -887.3351127946783 66.31839474126332
5.144932270050049 0.015458106994628906 -900.2999509868424 79.28323293342748
5.142116069793701 0.012063026428222656 -900.7872551152777 79.7705370618628
5.133343696594238 0.01203012466430664 -898.8918938944227 77.87517584100772
5.128982305526733 0.011278867721557617 -905.6919239804464 84.67520592703147
5.177366018295288 0.014126062393188477 -901.2877982696074 80.27108021619244
5.1361589431762695 0.011795997619628906 -915.4917115897147 94.47499353629973
5.144795656204224 0.011458873748779297 -877.7837705058407 56.76705245242579
5.1301281452178955 0.011358022689819336 -898.7606154959575 77.74389744254256
5.133303642272949 0.011271953582763672 -908.384293721198 87.36757566778306
5.1532533168792725 0.013782978057861328 -897.4612978438647 76.44457979044978
5.1599133014678955 0.012436151504516602 -904.2415974998962 83.22487944648128
5.139131307601929 0.011468172073364258 -902.5232717690674 81.50655371565244
5.132768392562866 0.011219978332519531 -900.5149137258877 79.49819567247278
5.132731199264526 0.011860847473144531 -900.1469103911764 79.13019233776151
5.126958608627319 0.011114120483398438 -901.0003188249808 79.98360077156588
5.160582780838013 0.014896869659423828 -899.6273302891022 78.61061223568731
5.142881393432617 0.011473894119262695 -904.0490626031437 83.0323445497288
5.137722492218018 0.01129913330078125 -909.7864572742931 88.76973922087814
5.144167900085449 0.012185096740722656 -893.4913942719876 72.47467621857265
5.136414051055908 0.011914968490600586 -891.3293473488363 70.3126292954214
5.145409822463989 0.011487007141113281 -896.2313149476777 75.21459689426274
5.152117967605591 0.012778997421264648 -895.7334517958711 74.7167337424562
5.13382625579834 0.01184988021850586 -892.9852619843797 71.96854393096476
5.136877536773682 0.01222991943359375 -892.5326453411079 71.51592728769299
5.184001445770264 0.016360044479370117 -888.8236963545874 67.80697830117242
5.135412216186523 0.011221885681152344 -904.4949613939336 83.4782433405187
5.160975217819214 0.011570215225219727 -904.6349269928389 83.618208939424
5.138079643249512 0.011497974395751953 -899.8517879356261 78.8350698822112
5.1384382247924805 0.011665821075439453 -898.8989769793221 77.8822589259072
5.137023448944092 0.011089086532592773 -901.0069062607031 79.99018820728816
5.140085458755493 0.012214899063110352 -892.011754493616 70.99503644020103
5.132848024368286 0.011808156967163086 -899.2929826409736 78.27626458755867
5.148343324661255 0.011581897735595703 -899.8284596967274 78.81174164331242
5.1383936405181885 0.011442184448242188 -897.2526492091231 76.23593115570816
5.14932107925415 0.011593818664550781 -888.3744490662275 67.35773101281256
5.135936498641968 0.01184391975402832 -891.2393177170472 70.22259966363231
5.135141611099243 0.011562824249267578 -906.8909479196493 85.87422986623437
5.165273427963257 0.011837005615234375 -892.5832572401423 71.56653918672737
5.135671377182007 0.011517047882080078 -908.5137248535852 87.49700680017031
5.131692409515381 0.011990070343017578 -899.124270334803 78.10755228138805
5.13386344909668 0.011328935623168945 -888.6855667525028 67.6688486990879
5.139938116073608 0.011579036712646484 -897.8608269997233 76.84410894630832
5.140355587005615 0.012248039245605469 -900.8344475376225 79.81772948420758
5.141689777374268 0.0123291015625 -901.4369733560242 80.42025530260923
5.143090486526489 0.01203012466430664 -902.9768804351304 81.96016238171546
5.137550115585327 0.012251138687133789 -894.8812227482235 73.8645046948086
5.142735242843628 0.012345075607299805 -903.2224534531505 82.20573539973554
5.1453516483306885 0.011915922164916992 -891.7018031490852 70.68508509567027
5.1653478145599365 0.013267993927001953 -878.3635158133193 57.34679775990435
5.136700868606567 0.01182699203491211 -902.8792241221777 81.86250606876274
5.140450954437256 0.012254953384399414 -889.0732036091381 68.05648555572316
5.1423351764678955 0.01178598403930664 -907.1308997749468 86.11418172153185
5.137348413467407 0.012454986572265625 -909.5564284776123 88.53971042419732
5.1440160274505615 0.012639045715332031 -903.1660683139115 82.14935026049659
5.146101951599121 0.014140129089355469 -896.5441759273829 75.52745787396793
5.1584367752075195 0.012212038040161133 -888.8428630166493 67.82614496323436
5.139403820037842 0.01235198974609375 -892.8174597949362 71.80074174152128
5.142771244049072 0.011846065521240234 -906.3185562165595 85.30183816314457
5.138540983200073 0.012388944625854492 -895.8842562687157 74.86753821530078
5.159158945083618 0.013866901397705078 -886.5282898200551 65.51157176664015
5.150362253189087 0.014684915542602539 -896.7530166861666 75.73629863275164
5.14092493057251 0.012652158737182617 -894.202491747179 73.18577369376408
5.141807317733765 0.011697769165039062 -889.6403266320107 68.62360857859574
5.143750190734863 0.01353597640991211 -901.2103548932656 80.19363683985068
5.140852928161621 0.011904001235961914 -901.801857615175 80.78513956176005
5.1782472133636475 0.012573003768920898 -884.1814294695421 63.16471141612715
5.140300273895264 0.015009164810180664 -883.6556584960977 62.638940442682724
5.140365839004517 0.011409997940063477 -902.3517785687959 81.33506051538097
5.147239923477173 0.01225900650024414 -900.8710875850643 79.85436953164935
5.149519205093384 0.012407064437866211 -895.6918547984662 74.6751367450513
5.13435697555542 0.011569976806640625 -895.9588742605032 74.94215620708826
5.150548219680786 0.01200103759765625 -900.4801058472269 79.46338779381199
5.138981580734253 0.011305093765258789 -891.5841498854556 70.56743183204071
5.137023448944092 0.012070178985595703 -894.4389711961184 73.42225314270343
5.142232418060303 0.011543989181518555 -904.0098730524799 82.99315499906493
5.133450508117676 0.011830806732177734 -889.300870882968 68.28415282955302
5.136616945266724 0.012048959732055664 -898.8392793701217 77.82256131670681
5.142067909240723 0.01615309715270996 -896.3649057251084 75.3481876716935
5.137467861175537 0.011507987976074219 -893.0058944239058 71.9891763704909
5.131687164306641 0.011504888534545898 -911.3874585721633 90.37074051874833
5.146083116531372 0.011454105377197266 -896.2518864322899 75.23516837887496
5.155627489089966 0.010270118713378906 -897.2616661256229 76.24494807220799
5.1582701206207275 0.012137889862060547 -897.6656854652856 76.64896741187067
5.13356614112854 0.012346029281616211 -886.6840030186681 65.6672849652532
5.141982555389404 0.011475086212158203 -914.8645487094514 93.84783065603642
5.135417461395264 0.012080192565917969 -900.7388107780936 79.72209272467865
5.167422533035278 0.01316213607788086 -895.1305415438112 74.11382349039627
5.135328769683838 0.012288808822631836 -898.7835879195791 77.76686986616414
5.1394429206848145 0.011409997940063477 -888.1912762734078 67.17455821999283
5.135577440261841 0.012265920639038086 -895.9556839140452 74.93896586063022
5.132265090942383 0.012156963348388672 -906.7180532721978 85.7013352187829
5.151048898696899 0.01479792594909668 -903.7065104564261 82.68979240301121
5.138773441314697 0.011430025100708008 -884.3570171780221 63.34029912460721
5.155852556228638 0.011928081512451172 -897.8894383849206 76.87272033150566
5.13492488861084 0.011542081832885742 -895.0985819346427 74.08186388122772
5.147122859954834 0.011860847473144531 -893.1179398238226 72.10122177040762
5.148894786834717 0.014261960983276367 -899.9907441236173 78.9740260702024
5.141394138336182 0.014430999755859375 -900.790502791464 79.77378473804902
5.1371519565582275 0.01212000846862793 -901.2306858548004 80.21396780138548
5.139759063720703 0.012130975723266602 -907.4015520202087 86.38483396679374
5.138576030731201 0.012660026550292969 -898.6946229479548 77.67790489453989
5.140116214752197 0.012498855590820312 -899.4199992932558 78.40328123984091
5.143337726593018 0.01252889633178711 -888.4506857068709 67.43396765345597
5.141028881072998 0.012271881103515625 -884.1152782668696 63.098560213454675
5.156125545501709 0.012083053588867188 -902.8751042641763 81.85838621076141
5.141932010650635 0.013657808303833008 -896.9174160523032 75.90069799888829
5.142120838165283 0.012215137481689453 -908.0056603201446 86.98894226672962
5.138175964355469 0.012312889099121094 -892.3771365547058 71.36041850129084
5.142164468765259 0.013729095458984375 -913.1613910053384 92.14467295192344
5.149718523025513 0.012006044387817383 -879.4256150227071 58.408896969292186
5.141491174697876 0.012508869171142578 -889.29411693062 68.27739887720509
5.140166521072388 0.012659072875976562 -903.3492527350973 82.33253468168232
5.143689155578613 0.012111902236938477 -909.7508888463469 88.73417079293199
5.14495849609375 0.012125015258789062 -906.9475574256526 85.93083937223764
5.141821384429932 0.012248039245605469 -886.712513252334 65.69579519891909
5.153905630111694 0.012250185012817383 -908.1716908027379 87.15497274932295
5.143951416015625 0.01217198371887207 -900.9073133294223 79.89059527600739
5.1382975578308105 0.012243986129760742 -905.5923427017019 84.57562464828698
5.138139486312866 0.013773918151855469 -882.5715417267563 61.55482367334139
5.1428821086883545 0.015473127365112305 -898.1470300714653 77.1303120180504
5.141952276229858 0.011574983596801758 -894.2013615274698 73.18464347405484
5.13882040977478 0.011677980422973633 -904.8621007589238 83.84538270550888
5.142073154449463 0.012454032897949219 -896.3515702166544 75.33485216323947
5.159126043319702 0.013467073440551758 -897.1828936647981 76.16617561138321
5.14241886138916 0.011831045150756836 -889.3846271351526 68.36790908173771
5.14151930809021 0.012251853942871094 -899.7660230988971 78.74930504548217
5.157932281494141 0.012291908264160156 -891.8704800062042 70.85376195278923
5.143903493881226 0.01222085952758789 -903.5198427091407 82.50312465572574
5.152989625930786 0.013400077819824219 -891.1009065237643 70.08418847034932
5.135164022445679 0.01188206672668457 -895.3393222980219 74.32260424460696
5.146997928619385 0.01241302490234375 -913.7462889455505 92.7295708921356
5.13879132270813 0.012228965759277344 -905.0248289910428 84.00811093762786
