5.137993335723877 0.01160883903503418 -910.8662406843157 76.92188081650261
5.13442063331604 0.011574983596801758 -917.0725327980233 83.12817293021021
5.140068531036377 0.012450933456420898 -921.9745926988459 88.03023283103278
5.155751466751099 0.012068033218383789 -920.5514165635664 86.60705669575327
5.152318716049194 0.013340950012207031 -917.1645512542018 83.2201913863887
5.152730226516724 0.012366056442260742 -891.3402706768442 57.39591080903108
5.140629768371582 0.01172184944152832 -916.2598702609903 82.31551039317719
5.130244970321655 0.011818885803222656 -927.0877868488346 93.14342698102155
5.143623352050781 0.011683940887451172 -916.392312250517 82.44795238270387
5.149793863296509 0.014837026596069336 -920.2968729812103 86.35251311339721
5.139637231826782 0.012104034423828125 -913.1702399889775 79.22588012116444
5.129414796829224 0.011365890502929688 -912.6672513568087 78.72289148899563
5.147173166275024 0.012826919555664062 -908.2602469613258 74.31588709351274
5.147852659225464 0.011316061019897461 -915.7767007518892 81.83234088407607
5.16922402381897 0.013741016387939453 -913.5511404670602 79.60678059924714
5.1317055225372314 0.011955976486206055 -913.8354749210353 79.89111505322217
5.13735032081604 0.011246919631958008 -912.4207422396546 78.47638237184151
5.135130405426025 0.012076139450073242 -909.7092649080836 75.76490504027049
5.1309309005737305 0.011126041412353516 -915.7126520920428 81.76829222422975
5.157094717025757 0.012172937393188477 -915.0906439169785 81.14628404916539
5.147829055786133 0.011876106262207031 -912.045549285381 78.10118941756787
5.131042957305908 0.011352062225341797 -915.9301012956106 81.9857414277975
5.132244348526001 0.011926889419555664 -916.1206169392035 82.17625707139041
5.135096549987793 0.011294126510620117 -913.1233847594756 79.1790248916625
5.131048917770386 0.013627052307128906 -909.9116459908396 75.9672861230265
5.147543907165527 0.011902093887329102 -916.4553689546105 82.51100908679746
5.133894205093384 0.013058185577392578 -922.7702045130167 88.82584464520357
5.138300180435181 0.012382984161376953 -907.4348696133038 73.49050974549073
5.138171672821045 0.012331008911132812 -919.7142751251454 85.76991525733229
5.1292665004730225 0.011042118072509766 -912.8990709429108 78.95471107509775
5.128732681274414 0.011322021484375 -914.709509702711 80.7651498348979
5.133844614028931 0.011352062225341797 -918.4016624293903 84.4573025615772
5.137693643569946 0.012057781219482422 -916.7119546359743 82.76759476816119
5.135174036026001 0.010990142822265625 -913.8454318397946 79.90107197198154
5.132701396942139 0.01111602783203125 -915.7588286888083 81.81446882099522
5.12591028213501 0.011414051055908203 -921.4549355570068 87.51057568919373
5.147770643234253 0.011240959167480469 -911.3824053942601 77.43804552644701
5.130157232284546 0.011666059494018555 -907.7271914609477 73.78283159313457
5.128356695175171 0.011047840118408203 -927.3447117062569 93.40035183844384
5.132363557815552 0.011326074600219727 -916.9606768002378 83.01631693242473
5.129526615142822 0.011262178421020508 -925.5166980184374 91.57233815062432
5.1407575607299805 0.011012077331542969 -915.3498241754978 81.40546430768472
5.132235288619995 0.011265993118286133 -913.8235920371499 79.87923216933677
5.124236345291138 0.01090693473815918 -917.0207544464753 83.07639457866219
5.13458776473999 0.011259794235229492 -924.9841157865235 91.0397559187104
5.138322591781616 0.011656999588012695 -913.2514274308929 79.30706756307984
5.149137258529663 0.011933088302612305 -914.7026943471574 80.75833447934428
5.160174131393433 0.011826038360595703 -925.9989806934552 92.05462082564213
5.160919189453125 0.01349496841430664 -902.0396860930388 68.09532622522568
5.1412434577941895 0.011726856231689453 -903.906835756683 69.9624758888699
5.136396646499634 0.012735128402709961 -919.801353570895 85.85699370308191
5.135550022125244 0.011539936065673828 -916.6603664279171 82.716006560104
5.135255575180054 0.011656045913696289 -924.9559927663372 91.01163289852411
5.1420371532440186 0.0136871337890625 -921.715552287199 87.7711924193859
5.138258218765259 0.011714935302734375 -921.8633621760353 87.91900230822216
5.130138158798218 0.011581897735595703 -919.4971877292413 85.55282786142823
5.132117033004761 0.012166023254394531 -907.8526390141228 73.90827914630972
5.15424919128418 0.024731159210205078 -914.6189444215908 80.67458455377766
5.151413679122925 0.010389089584350586 -925.2188180130033 91.27445814519024
5.1269426345825195 0.011049985885620117 -918.7155339777203 84.77117410990718
5.1298699378967285 0.011434078216552734 -922.024405619411 88.08004575159794
5.129897832870483 0.011113166809082031 -918.0571249342526 84.11276506643947
5.131938457489014 0.01150202751159668 -905.123264289397 71.17890442158387
5.1572792530059814 0.013458013534545898 -918.4441009372363 84.49974106942318
5.131145238876343 0.011092901229858398 -911.1142017913036 77.16984192349048
5.132327556610107 0.010980844497680664 -914.3586533291401 80.41429346132702
5.1414995193481445 0.011617898941040039 -908.2915019014425 74.34714203362944
5.1402692794799805 0.012250900268554688 -917.666207998978 83.72184813116496
5.158024549484253 0.01640796661376953 -913.4442594454179 79.49989957760476
5.160879135131836 0.010982036590576172 -908.9656320734889 75.02127220567581
5.159477472305298 0.011899948120117188 -914.3296151382576 80.38525527044453
5.144086837768555 0.012358903884887695 -901.1919822121598 67.24762234434672
5.133112907409668 0.011446952819824219 -899.2741469348832 65.32978706707013
5.149141788482666 0.013339042663574219 -918.0702347833037 84.12587491549061
5.133930444717407 0.011274099349975586 -926.4136360813162 92.46927621350312
5.133911371231079 0.011137008666992188 -902.7649342313077 68.82057436349464
5.12639045715332 0.011198997497558594 -911.195351129666 77.25099126185296
5.126149892807007 0.011175155639648438 -907.1335709069535 73.18921103914045
5.144286632537842 0.011348962783813477 -905.3392446640983 71.39488479628517
5.131603479385376 0.011933088302612305 -916.908519481959 82.96415961414596
5.171993017196655 0.011255025863647461 -908.1917446187049 74.2473847508918
5.1361143589019775 0.011385917663574219 -914.8375604917369 80.8932006239238
5.127440452575684 0.011328935623168945 -919.3293378822269 85.38497801441383
5.125886917114258 0.011398077011108398 -911.6401347865781 77.69577491876498
5.139172077178955 0.01154017448425293 -919.9797531402412 86.03539327242811
5.136203289031982 0.0118408203125 -916.7764582452223 82.83209837740924
5.143474340438843 0.011722087860107422 -920.9983027843768 87.05394291656376
5.140002965927124 0.011693000793457031 -918.0859046050783 84.14154473726524
5.138023376464844 0.011667013168334961 -903.691442530674 69.74708266286086
5.143126726150513 0.012090921401977539 -910.1745511913213 76.23019132350817
5.135852098464966 0.011720895767211914 -915.0456805793631 81.10132071154999
5.15569543838501 0.011640071868896484 -915.3750221277934 81.4306622599803
5.151545524597168 0.011660099029541016 -913.6818592985337 79.73749943072062
5.143094062805176 0.012163877487182617 -902.8698108457061 68.92545097789298
5.136902809143066 0.011704206466674805 -909.5906944288924 75.64633456107936
5.137809991836548 0.012218952178955078 -910.946849833252 77.00248996543894
5.138357162475586 0.012048006057739258 -912.9734330923689 79.02907322455576
5.137816905975342 0.012034177780151367 -900.6966550271312 66.75229515931812
5.1371071338653564 0.01240396499633789 -917.8099552197309 83.86559535191782
5.135064601898193 0.012211084365844727 -912.8720388389845 78.92767897117142
5.13802695274353 0.012248039245605469 -907.5137167941552 73.56935692634215
5.138184309005737 0.012537956237792969 -912.6858514367087 78.74149156889564
5.153186321258545 0.011941909790039062 -907.3134198964685 73.36906002865544
5.138806104660034 0.012533903121948242 -915.8806028410746 81.93624297326153
5.131359815597534 0.011124134063720703 -908.9686913360974 75.02433146828434
5.134136915206909 0.011620044708251953 -922.8497005870402 88.90534071922707
5.126757383346558 0.011407136917114258 -902.0139459121519 68.06958604433885
5.128472328186035 0.011136054992675781 -908.606637173735 74.66227730592186
5.132283926010132 0.011475086212158203 -918.7036146148233 84.75925474701023
5.132122278213501 0.011281967163085938 -924.2658043391007 90.32144447128758
5.128147840499878 0.011368036270141602 -918.0101400514923 84.06578018367918
5.129588603973389 0.011631011962890625 -916.6128824356729 82.66852256785978
5.135873079299927 0.011283159255981445 -911.1888639083111 77.24450404049799
5.155203342437744 0.013194084167480469 -919.9349170100677 85.9905571422546
5.159536838531494 0.013349056243896484 -918.3385044229213 84.39414455510826
5.1362810134887695 0.011281967163085938 -919.0221134804844 85.07775361267136
5.126640558242798 0.011571884155273438 -916.3750388499134 82.43067898210029
5.133906364440918 0.011575937271118164 -919.3773965160333 85.4330366482202
5.1339428424835205 0.011395931243896484 -914.6415771388391 80.69721727102603
5.129224061965942 0.011140108108520508 -915.9674460813419 82.02308621352881
5.128152370452881 0.010950088500976562 -914.939451177566 80.99509130975287
5.133949041366577 0.011780023574829102 -917.384935501335 83.44057563352192
5.12756872177124 0.011065959930419922 -916.2897773527444 82.34541748493132
5.136965036392212 0.011347055435180664 -920.0613884447425 86.11702857692944
5.146840572357178 0.012852191925048828 -919.5662455015911 85.62188563377799
5.128961086273193 0.011031866073608398 -913.3676969021587 79.42333703434565
5.1368796825408936 0.01214289665222168 -898.8367178713743 64.89235800356118
5.13498592376709 0.012031078338623047 -912.6070785425961 78.66271867478304
5.129485130310059 0.01134490966796875 -915.2106934692752 81.26633360146207
5.138834714889526 0.01197195053100586 -915.7075567703848 81.76319690257174
5.137905597686768 0.011766910552978516 -912.2326839079353 78.28832404012223
5.13189959526062 0.011272907257080078 -916.3285984805289 82.38423861271576
5.130637168884277 0.01149296760559082 -912.5367015697733 78.59234170196021
5.127880334854126 0.011109113693237305 -912.8410981738452 78.89673830603215
5.137604236602783 0.017282962799072266 -916.4673128262441 82.522952958431
5.127432346343994 0.011291027069091797 -913.6179720199042 79.6736121520911
5.147313833236694 0.011644840240478516 -916.7188693577378 82.77450948992475
5.128527402877808 0.011604070663452148 -914.2554134447521 80.311053576939
5.140218734741211 0.011500120162963867 -927.177842793611 93.23348292579794
5.124314069747925 0.011295080184936523 -908.7912996930118 74.84693982519866
5.124380588531494 0.0109100341796875 -915.8092551213384 81.86489525352533
5.1302995681762695 0.011612892150878906 -915.0334630618938 81.08910319408074
5.128293752670288 0.011823177337646484 -916.4681409429048 82.52378107509173
5.139129877090454 0.011085987091064453 -917.4516505519475 83.50729068413443
5.128013849258423 0.011752843856811523 -915.9802447906491 82.03588492283598
5.129311800003052 0.01117396354675293 -923.2168084458226 89.27244857800952
5.1353230476379395 0.011637210845947266 -919.8050851545929 85.86072528677983
5.150775194168091 0.011224985122680664 -905.4875007562825 71.54314088846945
5.13922381401062 0.011353015899658203 -906.1510571310685 72.20669726325536
5.129181623458862 0.011105060577392578 -913.8042485586793 79.85988869086623
5.1353394985198975 0.011655807495117188 -912.0765049756035 78.1321451077904
5.145730257034302 0.011636018753051758 -916.1812805125296 82.23692064471652
5.133817434310913 0.012195110321044922 -911.0716271274198 77.1272672596067
5.129746198654175 0.012106895446777344 -908.0276103314263 74.08325046361324
5.130499601364136 0.011417865753173828 -920.5020555212184 86.55769565340529
5.130258798599243 0.01205301284790039 -917.4841898445876 83.53982997677451
5.153290510177612 0.013001203536987305 -919.875167999089 85.93080813127585
5.131875038146973 0.011646032333374023 -900.716322195454 66.77196232764095
5.149815797805786 0.012591123580932617 -909.6094143584694 75.6650544906563
5.1309332847595215 0.011265039443969727 -920.577354242335 86.6329943745219
5.14038872718811 0.011698007583618164 -908.5846599569697 74.64030008915665
5.160711050033569 0.013211965560913086 -912.5062607747044 78.56190090689131
5.129058361053467 0.011656999588012695 -907.6381500229189 73.69379015510583
5.141069412231445 0.011728048324584961 -901.0964366265251 67.15207675871204
5.137313365936279 0.012497901916503906 -921.742053135588 87.79769326777489
5.137821912765503 0.011693000793457031 -914.1976914823865 80.25333161457343
5.1518285274505615 0.013625144958496094 -917.5027771328581 83.55841726504502
5.138958692550659 0.012265920639038086 -916.5572908271375 82.61293095932444
5.136245250701904 0.011988162994384766 -919.0551660736492 85.11080620583607
5.164876699447632 0.011904001235961914 -921.4942649525576 87.54990508474452
5.1392552852630615 0.011807918548583984 -919.4483826833706 85.5040228155575
5.148686408996582 0.011729955673217773 -920.8319625078194 86.88760264000632
5.134432792663574 0.011065959930419922 -913.0967483383791 79.15238847056605
5.12925386428833 0.011483907699584961 -919.1983256172953 85.25396574948218
5.131168603897095 0.011747121810913086 -908.3504912997607 74.40613143194764
5.126899242401123 0.011414051055908203 -916.965544055299 83.02118418748591
5.140153408050537 0.011456012725830078 -920.5233687800169 86.57900891220379
5.128619432449341 0.012565135955810547 -911.4639948165686 77.51963494875554
5.131723880767822 0.011272907257080078 -911.6067486429654 77.6623887751523
5.131721258163452 0.011374950408935547 -922.7126964246165 88.76833655680343
5.15073299407959 0.011366844177246094 -907.9947079340398 74.05034806622666
5.131241321563721 0.011316061019897461 -918.3065413548342 84.36218148702108
5.151323556900024 0.013909101486206055 -929.7612756473432 95.81691577953006
5.125938892364502 0.011615991592407227 -921.1442883203263 87.19992845251318
5.134532928466797 0.015508174896240234 -916.3057679333245 82.36140806551145
5.126566648483276 0.011512994766235352 -922.1439647344912 88.1996048666781
5.1278605461120605 0.011198043823242188 -916.717950098672 82.77359023085887
5.138521194458008 0.013759136199951172 -906.0257704002004 72.08141053238728
5.1311726570129395 0.01178598403930664 -922.2751234151262 88.33076354731315
5.133714199066162 0.010936975479125977 -904.8715529016567 70.92719303384365
5.13389778137207 0.012022018432617188 -916.1786254307649 82.2342655629518
5.150668144226074 0.011525154113769531 -914.6858134043971 80.741453536584
5.133772850036621 0.011461019515991211 -915.3637838383158 81.41942397050275
5.131324529647827 0.011847972869873047 -924.8315777781112 90.88721791029809
5.142951726913452 0.011636018753051758 -908.9671115217664 75.02275165395326
5.130572080612183 0.011389017105102539 -906.0005750353746 72.0562151675615
5.140253067016602 0.013242959976196289 -904.7759034828692 70.83154361505615
5.131962776184082 0.011467933654785156 -911.5988426353497 77.65448276753659
5.136003494262695 0.011216878890991211 -919.5851195466174 85.64075967880433
5.143551349639893 0.011526107788085938 -910.4466117942945 76.50225192648145
