5.348264455795288 0.011328935623168945 -893.1644156741802 31.253569390786424
5.295547246932983 0.013480901718139648 -907.0537270455719 45.14288076217815
5.131054639816284 0.012989044189453125 -905.6754108692014 43.76456458580765
5.261669874191284 0.01075601577758789 -913.9768231107576 52.065976827363784
5.292452573776245 0.01158595085144043 -903.2219618753489 41.31111559195517
5.322245359420776 0.011115074157714844 -908.0144161510751 46.10356986768136
5.128026723861694 0.011925935745239258 -907.0222527225203 45.11140643912654
5.126944303512573 0.011666059494018555 -906.0015139715945 44.09066768820071
5.150015354156494 0.011313915252685547 -920.4863641128073 58.57551782941357
5.264470100402832 0.012504100799560547 -916.3830219903577 54.47217570696398
5.314552545547485 0.011430978775024414 -909.3100771647507 47.39923088135697
5.3059751987457275 0.011533975601196289 -912.3043552465276 50.393508963133854
5.3226540088653564 0.011506795883178711 -897.2271891355199 35.31634285212613
5.12839674949646 0.011345148086547852 -910.6123375727212 48.701491289327464
5.135849714279175 0.011929035186767578 -911.119217780535 49.20837149714123
5.330428600311279 0.011835098266601562 -913.5587998565877 51.647953573193945
5.298237323760986 0.011700868606567383 -915.3706252566318 53.45977897323803
5.419506072998047 0.01392507553100586 -920.2968971897066 58.38605090631279
5.129761219024658 0.010803937911987305 -908.7314024996515 46.82055621625773
5.1523566246032715 0.011006832122802734 -898.9472908284597 37.03644454506593
5.135010719299316 0.011182069778442383 -912.1430361416699 50.232189858276115
5.256899118423462 0.01175999641418457 -916.1856804298172 54.27483414642347
5.364729404449463 0.013310909271240234 -910.4622860679367 48.551439784542936
5.140772819519043 0.016078948974609375 -902.1192889003873 40.20844261699358
5.140691518783569 0.014130115509033203 -908.7809949468218 46.87014866342804
5.281221628189087 0.011408090591430664 -914.204368715597 52.29352243220319
5.441744565963745 0.013213157653808594 -917.446683644365 55.535837360971186
5.131920337677002 0.011888980865478516 -913.9147079529334 52.003861669539674
5.258381605148315 0.011646032333374023 -908.6160388813678 46.70519259797402
5.270644426345825 0.011542081832885742 -905.1799821790028 43.269135895609
5.3407557010650635 0.011364936828613281 -903.6158891114299 41.705042828036085
5.152407646179199 0.014143943786621094 -911.7632439732456 49.85239768985184
5.129826068878174 0.011673927307128906 -911.7585639970173 49.847717713623524
5.26245903968811 0.011751890182495117 -909.0118199206565 47.10097363726277
5.2676918506622314 0.011452198028564453 -898.235456450715 36.324610167321225
5.311497688293457 0.014873027801513672 -905.1874555451011 43.276609261707335
5.136043310165405 0.010869979858398438 -904.807342246238 42.896495962844256
5.124927759170532 0.010962963104248047 -911.525077336338 49.614231052944206
5.131500720977783 0.011497020721435547 -909.6814655511506 47.77061926775684
5.14472222328186 0.011996030807495117 -905.241743406872 43.33089712347828
5.142093181610107 0.012405872344970703 -912.8998772372872 50.98903095389346
5.158724069595337 0.011330842971801758 -911.8879504315038 49.977104148110016
5.137812614440918 0.012182950973510742 -907.1528883387432 45.24204205534943
5.1430370807647705 0.011947870254516602 -908.6383637262652 46.72751744287143
5.138020753860474 0.012032032012939453 -900.0187394186669 38.107893135273116
5.138144254684448 0.012122869491577148 -917.2587144227657 55.34786813937194
5.29913592338562 0.012393951416015625 -907.1437581487558 45.232911865361984
5.139329195022583 0.011893033981323242 -915.1968925044844 53.2860462210906
5.1362996101379395 0.011696100234985352 -913.7941841394204 51.88333785602663
5.2945990562438965 0.01214599609375 -910.5883509962507 48.677504712856944
5.30556583404541 0.011870861053466797 -905.2722316676782 43.361385384284404
5.138243913650513 0.012636184692382812 -907.0172998208928 45.10645353749908
5.15709662437439 0.013805150985717773 -911.7237432880884 49.812897004694605
5.139574766159058 0.011810064315795898 -910.3175235683079 48.40667728491417
5.139274597167969 0.01223897933959961 -920.1619756486864 58.25112936529263
5.136391639709473 0.012067079544067383 -912.0029653185435 50.09211903514972
5.134674549102783 0.01178288459777832 -903.9143684881142 42.00352220472041
5.298484563827515 0.011677980422973633 -911.8951410674229 49.98429478402909
5.138468503952026 0.012248992919921875 -911.3342808978247 49.4234346144309
5.140825986862183 0.013187885284423828 -899.282866016802 37.37201973340825
5.140620470046997 0.01226806640625 -914.2078326209411 52.29698633754731
5.133894205093384 0.012198925018310547 -909.230387186024 47.31954090263025
5.141790390014648 0.011399030685424805 -913.6591285976351 51.74828231424135
5.154733896255493 0.013253927230834961 -913.1503750707016 51.23952878730779
5.269230842590332 0.011445999145507812 -897.2092468691394 35.29840058574564
5.130764484405518 0.01155710220336914 -907.2516161800581 45.34076989666437
5.128458261489868 0.011166810989379883 -913.8235152463429 51.91266896294917
5.241279363632202 0.011036872863769531 -911.007970291344 49.09712400795024
5.129314184188843 0.013264179229736328 -922.3529155584699 60.442069275076165
5.276966333389282 0.011707067489624023 -904.7327860522001 42.821939768806374
5.136902809143066 0.012339115142822266 -904.0816519743116 42.17080569091786
5.3310322761535645 0.013019084930419922 -912.1694344433681 50.25858815997435
5.319699764251709 0.012655019760131836 -909.4703942467661 47.559547963372324
5.129958391189575 0.012025833129882812 -899.7604741644132 37.84962788101939
5.274192571640015 0.011281013488769531 -906.8594929135263 44.948646630132544
5.28575325012207 0.011492013931274414 -917.4221635823526 55.51131729895883
5.317264080047607 0.011456966400146484 -921.4122936370932 59.501447353699405
5.13759970664978 0.012003898620605469 -910.6591336047716 48.7482873213778
5.269264459609985 0.011439085006713867 -908.5172702079249 46.6064239245311
5.295528173446655 0.011564016342163086 -912.525780408374 50.61493412498021
5.13222861289978 0.013459205627441406 -902.8932494879036 40.982403204509865
5.313950777053833 0.011739015579223633 -907.2404018243406 45.329555540946785
5.302779912948608 0.01178121566772461 -923.0946784601958 61.18383217680207
5.27979850769043 0.01171112060546875 -908.3848352098187 46.47398892642491
5.286468267440796 0.013017892837524414 -902.4858015607645 40.57495527737069
5.127034664154053 0.011327028274536133 -910.4299200215728 48.51907373817903
5.148519277572632 0.0109710693359375 -904.4137620763446 42.50291579295083
5.280084848403931 0.011011838912963867 -913.1024261781831 51.191579894789356
5.289309501647949 0.011157035827636719 -916.1238837238882 54.21303744049442
5.1313371658325195 0.012738943099975586 -909.0828852588211 47.17203897542731
5.264225482940674 0.011831998825073242 -911.188809891336 49.27796360794218
5.149390459060669 0.013519048690795898 -920.2878730690861 58.37702678569235
5.346163511276245 0.011452198028564453 -905.0356624509092 43.124816167515405
5.315839767456055 0.012245893478393555 -899.7547527138227 37.84390643042889
5.132730007171631 0.011566877365112305 -920.3852139358391 58.47436765244538
5.132120132446289 0.011204004287719727 -915.0183810896915 53.107534806297735
5.151572227478027 0.01326298713684082 -911.5009008323556 49.5900545489618
5.150609254837036 0.011078119277954102 -907.9703390088283 46.05949272543455
5.124764680862427 0.011583089828491211 -908.7944317127656 46.883585429371806
5.289149522781372 0.011467933654785156 -908.6007128434663 46.68986656007257
5.270916223526001 0.011499166488647461 -910.0541148590613 48.14326857566755
5.317475318908691 0.011408090591430664 -910.0725516992486 48.16170541585484
5.283718109130859 0.012824058532714844 -898.0075127477567 36.0966664643629
5.288540363311768 0.013311147689819336 -906.0258752867352 44.11502900334142
5.301808834075928 0.015185117721557617 -904.060006768325 42.14916048493126
5.132534980773926 0.011844873428344727 -908.9308998154931 47.02005353209938
5.31644868850708 0.011299848556518555 -921.1295701743963 59.21872389100258
5.308687210083008 0.011504888534545898 -906.1900003562412 44.279154072847405
5.150018215179443 0.011507987976074219 -912.3099915094516 50.39914522605784
5.310907363891602 0.011173009872436523 -915.723627491208 53.81278120781428
5.1533379554748535 0.01385188102722168 -911.755633055513 49.84478677211928
5.137402534484863 0.011638164520263672 -916.4392029717126 54.52835668831881
5.28864860534668 0.011244058609008789 -915.4256360906281 53.514789807234365
5.130143880844116 0.011104106903076172 -919.3227181256298 57.411871842235996
5.132458925247192 0.012246847152709961 -915.5688941336753 53.65804785028149
5.1534435749053955 0.013908863067626953 -906.720831447577 44.80998516418322
5.128710031509399 0.011507987976074219 -912.9043819021625 50.99353561876876
5.244231939315796 0.011487007141113281 -909.7259016062043 47.81505532281051
5.2569739818573 0.011667013168334961 -913.4342959460816 51.52344966268788
5.313865661621094 0.013543844223022461 -905.0613235290643 43.15047724567057
5.150537490844727 0.013302087783813477 -907.5930926100054 45.682246326611676
5.2927632331848145 0.011441946029663086 -904.6159174355146 42.70507115212081
5.132440090179443 0.011366844177246094 -906.618037299934 44.707191016540264
5.127714157104492 0.01110386848449707 -912.9433997007427 51.032553417348936
5.132185697555542 0.01257014274597168 -918.0050320426312 56.09418575923746
5.150862455368042 0.012918949127197266 -909.8739165932202 47.963070309826435
5.1332597732543945 0.012101173400878906 -905.9797909987539 44.06894471536009
5.19164514541626 0.019179821014404297 -907.1955954578164 45.284749174422586
5.3171937465667725 0.011570930480957031 -907.468543948464 45.557697665070236
5.131596088409424 0.010983943939208984 -911.123848535985 49.213002252591195
5.152133464813232 0.011422157287597656 -909.0580821548349 47.147235871441126
5.1265342235565186 0.011087894439697266 -903.8592628645133 41.948416581119545
5.129634857177734 0.01092982292175293 -907.6440202474815 45.73317396408777
5.236631393432617 0.011244058609008789 -903.5031667558774 41.59232047248361
5.128687858581543 0.011665105819702148 -906.8020765561623 44.89123027276855
5.314868450164795 0.012216806411743164 -918.868834094766 56.95798781137228
5.137991666793823 0.012002944946289062 -913.0613496707193 51.15050338732556
5.303497552871704 0.012319087982177734 -918.2820026674115 56.371156384017695
5.29177188873291 0.0117340087890625 -904.916356864355 43.005510580961186
5.331865549087524 0.01245880126953125 -924.1734940365214 62.26264775312768
5.362822532653809 0.013579845428466797 -914.0086276537371 52.09778137034334
5.339758634567261 0.012440919876098633 -909.0204888837399 47.10964260034609
5.312449932098389 0.012283802032470703 -917.4653201586978 55.554473875303984
5.139927864074707 0.013661861419677734 -900.8473581951762 38.93651191178242
5.138452529907227 0.012256145477294922 -905.0062895327023 43.09544324930857
5.14717173576355 0.01205897331237793 -912.0333959730743 50.12254968968057
5.137861967086792 0.011950016021728516 -919.961390673064 58.05054438967022
5.138592004776001 0.012201070785522461 -915.392323436318 53.481477152924185
5.138528823852539 0.012569904327392578 -909.0320444799338 47.121198196540035
5.140687465667725 0.011605024337768555 -914.5212704325179 52.61042414912413
5.1397316455841064 0.01244807243347168 -913.381069681898 51.47022339850423
5.139124870300293 0.012503862380981445 -895.5430684124724 33.63222212907863
5.160280466079712 0.01256704330444336 -915.5752963249527 53.664450041558894
5.139776706695557 0.014271020889282227 -901.9462858557052 40.035439572311475
5.141680955886841 0.011834144592285156 -905.4285532751577 43.51770699176393
5.13700532913208 0.012086153030395508 -907.3025218818645 45.39167559847078
5.1357903480529785 0.010614871978759766 -915.2824803573636 53.37163407396986
5.125264644622803 0.011150121688842773 -906.2576432873666 44.346797003972824
5.128023624420166 0.011568069458007812 -912.0812259316604 50.17037964826659
5.153273105621338 0.013353824615478516 -907.4109125771906 45.50006629379686
5.2749550342559814 0.011404991149902344 -910.0361696869152 48.125323403521406
5.269202947616577 0.011359930038452148 -914.0432675608004 52.13242127740659
5.125065803527832 0.01105809211730957 -911.6845361202918 49.77368983689803
5.313249826431274 0.011281013488769531 -909.0823344305777 47.171488147183936
5.154438257217407 0.013985872268676758 -911.8419384856891 49.931092202295304
5.327250242233276 0.012152910232543945 -911.370158175592 49.45931189219823
5.1452813148498535 0.012362003326416016 -899.8161572409899 37.90531095759616
5.13712477684021 0.011785030364990234 -898.9174533190799 37.0066070356861
5.13999080657959 0.012480020523071289 -904.5980433119516 42.687197028557875
5.403148889541626 0.013932943344116211 -905.745976539421 43.83513025602724
5.286642551422119 0.012831926345825195 -912.2452396849374 50.33439340154359
5.13188910484314 0.011831998825073242 -908.8815065537378 46.97066027034407
5.131108522415161 0.011614084243774414 -918.3530854642328 56.44223918083901
5.275908946990967 0.013751983642578125 -907.5628737264742 45.65202744308044
5.174304962158203 0.013267040252685547 -925.8701691424193 63.95932285902552
5.142948389053345 0.011893987655639648 -911.995478691585 50.08463240819128
5.135916233062744 0.011712789535522461 -905.919609546365 44.00876326297123
5.239868879318237 0.011538982391357422 -912.4517736948015 50.54092741140778
5.135185718536377 0.013865947723388672 -897.3746849976876 35.46383871429384
5.258878946304321 0.012508153915405273 -910.1239916372945 48.2131453539007
5.273794174194336 0.011783123016357422 -920.3878432100771 58.47699692668334
5.299763441085815 0.011384963989257812 -916.5355854102763 54.62473912688256
5.3413403034210205 0.013938188552856445 -902.3583428363461 40.447496552952316
5.1334428787231445 0.011989116668701172 -906.0853854411025 44.17453915770875
5.135500907897949 0.011712074279785156 -910.7712087982088 48.86036251481505
5.352752447128296 0.013225078582763672 -908.0293362830207 46.118489999626945
5.138265132904053 0.012568950653076172 -907.2016663214727 45.29082003807889
5.156428098678589 0.013328075408935547 -902.555707672866 40.644861389472226
5.1435253620147705 0.011834144592285156 -912.6351066591948 50.72426037580101
5.140678405761719 0.011666059494018555 -910.2416270360748 48.330780752680994
5.141901016235352 0.011960983276367188 -905.8467945919838 43.935948308590014
5.140851259231567 0.011430978775024414 -914.9383388757858 53.027492592392036
5.135934591293335 0.01316690444946289 -909.4300495543935 47.5192032709997
5.137664318084717 0.012692928314208984 -906.5500050477676 44.63915876437386
5.1346070766448975 0.011829137802124023 -916.107836661718 54.196990378324244
5.312929153442383 0.012449979782104492 -915.1738414155404 53.26299513214667
5.318919897079468 0.014567136764526367 -911.6786600364304 49.76781375303665
5.309433698654175 0.011716842651367188 -920.2363691174055 58.325522834011736
5.125807046890259 0.010967016220092773 -906.0363654543474 44.12551917095368
5.134348630905151 0.01394796371459961 -918.9284795342256 57.017633250831864
