5.138364553451538 0.011610984802246094 -927.3209348005706 33.01060862018721
5.163160800933838 0.012212038040161133 -935.0499163376036 40.739590157220164
5.1342010498046875 0.012425899505615234 -924.9453301511888 30.63500397080543
5.136934280395508 0.011833906173706055 -918.9775268118544 24.66720063147102
5.138299465179443 0.01163482666015625 -927.8313353844972 33.52100920411374
5.140862941741943 0.012428998947143555 -923.996228388103 29.68590220771955
5.135325193405151 0.012305021286010742 -927.5721067937583 33.26178061337487
5.136411905288696 0.011643171310424805 -924.7172991529176 30.406972972534163
5.138224363327026 0.012042999267578125 -934.6261835553951 40.31585737501166
5.134387016296387 0.011443138122558594 -928.4937988253835 34.18347264500005
5.136173248291016 0.011057138442993164 -922.907453822669 28.597127642285614
5.127403497695923 0.011188030242919922 -920.8530195029514 26.54269332256797
5.148102045059204 0.01318812370300293 -924.0043476769565 29.6940214965731
5.129378795623779 0.011513948440551758 -919.1655338537762 24.855207673392783
5.1272101402282715 0.011396169662475586 -914.0563746447284 19.746048464344994
5.122573614120483 0.011292219161987305 -923.67124850362 29.360922323236537
5.131979465484619 0.011008024215698242 -927.7286260832102 33.41829990282679
5.123461484909058 0.012555837631225586 -928.980678468613 34.67035228822954
5.121614217758179 0.010776996612548828 -929.6339390818745 35.32361290149106
5.126682281494141 0.01089787483215332 -929.223990600567 34.913664420183636
5.128548860549927 0.011076927185058594 -927.1328108025713 32.82248462218786
5.1274919509887695 0.010999202728271484 -932.0384068268106 37.7280806464272
5.13518500328064 0.011144876480102539 -924.9511464464975 30.640820266114133
5.17673397064209 0.014150857925415039 -920.7316983638153 26.421372183431913
5.1228601932525635 0.011387109756469727 -922.9751260949934 28.664799914609944
5.129416227340698 0.011461973190307617 -931.9392586913839 37.62893251100047
5.127787828445435 0.011418819427490234 -917.4654745906369 23.155148410253446
5.1300880908966064 0.011193990707397461 -916.4262709283216 22.115944747938215
5.1587066650390625 0.013773918151855469 -926.6611345622877 32.350808381904244
5.125284671783447 0.011209964752197266 -932.1201727810189 37.809846600635524
5.128156423568726 0.01139378547668457 -929.5787174993759 35.268391318992485
5.132626295089722 0.011880874633789062 -922.5385697529423 28.22824357255888
5.128776550292969 0.013343095779418945 -922.393132209976 28.082806029592575
5.157119512557983 0.013993978500366211 -922.5347254534902 28.22439927310677
5.149699449539185 0.011512041091918945 -918.4220451553218 24.111718974938412
5.136539697647095 0.011448144912719727 -915.0918270980524 20.78150091766895
5.129014730453491 0.010989904403686523 -921.6107434882817 27.30041730789833
5.13069486618042 0.011615991592407227 -918.9491091756142 24.638782995230827
5.135741949081421 0.014075994491577148 -918.7961607961216 24.485834615738213
5.133673667907715 0.011916875839233398 -931.0052566358293 36.69493045544584
5.12880802154541 0.012460947036743164 -924.7830975661225 30.472771385739065
5.125497341156006 0.011768102645874023 -919.669941467346 25.359615286962594
5.133185386657715 0.012360095977783203 -919.8120939957887 25.501767815405287
5.1265928745269775 0.01114797592163086 -932.3405593871481 38.030233206764706
5.1374852657318115 0.011641979217529297 -930.2343213755453 35.923995195161865
5.151262521743774 0.011389017105102539 -921.3975559980477 27.08722981766425
5.134056806564331 0.011340856552124023 -932.5187628221804 38.20843664179699
5.127773761749268 0.011352062225341797 -930.8264037423272 36.5160775619438
5.125861406326294 0.011287927627563477 -945.0586846560373 50.748358475653845
5.134262800216675 0.011187076568603516 -929.4418021747779 35.131475994394464
5.130421161651611 0.011468172073364258 -923.9205908651501 29.610264684766662
5.135466814041138 0.011445045471191406 -923.6263731539486 29.31604697356522
5.13013219833374 0.011497020721435547 -928.8366608220322 34.52633464164876
5.136061191558838 0.01374197006225586 -925.0955847641492 30.785258583765767
5.13072657585144 0.011610031127929688 -933.0753356229685 38.7650094425851
5.129356622695923 0.011141061782836914 -923.9864075913217 29.67608141093831
5.148721933364868 0.011258840560913086 -915.2339122402935 20.92358605991012
5.133452892303467 0.011569976806640625 -924.454120896351 30.1437947159676
5.134541034698486 0.01157689094543457 -917.7799075594913 23.46958137910792
5.125871419906616 0.011327028274536133 -925.2372005454599 30.926874365076515
5.128979682922363 0.011391878128051758 -924.217120342522 29.906794162138567
5.130041599273682 0.011694908142089844 -932.9247584865082 38.61443230612474
5.131083726882935 0.011364936828613281 -925.3781917224529 31.067865542069512
5.125014543533325 0.01135110855102539 -936.5433813424509 42.233055162067444
5.126675128936768 0.01157999038696289 -918.5230801599348 24.212753979551394
5.133106708526611 0.011488199234008789 -927.8146182111278 33.50429203074441
5.127449035644531 0.011276960372924805 -920.9974143723142 26.687088191930798
5.148791074752808 0.010992050170898438 -922.4957007964213 28.185374616037848
5.13613748550415 0.011535167694091797 -932.8945260191249 38.58419983874148
5.131593227386475 0.011376142501831055 -927.1640399062744 32.853713725891
5.1267688274383545 0.011071920394897461 -921.1895654099808 26.879239229597374
5.129295587539673 0.011445045471191406 -929.1828615650879 34.87253538470452
5.1313393115997314 0.012485027313232422 -920.59343721606 26.283111035676598
5.129565954208374 0.011701822280883789 -929.9032159035813 35.592889723197914
5.129027366638184 0.011452913284301758 -922.6425971617308 28.332270981347392
5.128538131713867 0.011240005493164062 -922.2793766929528 27.969050512569424
5.134332180023193 0.01157999038696289 -923.9904503590426 29.680124178659185
5.132234811782837 0.012741804122924805 -919.3165331716733 25.0062069912899
5.149235725402832 0.010415077209472656 -912.8217735929179 18.511447412534494
5.134315729141235 0.011620044708251953 -930.9920031142152 36.681676933831795
5.137831926345825 0.012055158615112305 -923.312779883049 29.002453702665548
5.1383562088012695 0.012133121490478516 -917.9305568152944 23.620230634910968
5.137968063354492 0.011972904205322266 -921.0028560223245 26.69252984194111
5.1424078941345215 0.012459039688110352 -926.1710709433734 31.860744762989953
5.133922338485718 0.011942148208618164 -925.2343575733511 30.924031392967663
5.14458441734314 0.011651039123535156 -919.926914694438 25.61658851405457
5.136519908905029 0.012148857116699219 -930.36105314041 36.05072696002662
5.136088132858276 0.011954069137573242 -916.3524188112738 22.04209263089035
5.139939069747925 0.01194906234741211 -922.8809418995818 28.570615719198372
5.154319524765015 0.011814117431640625 -926.8719375659514 32.56161138556797
5.147933721542358 0.011786937713623047 -915.2784767835383 20.968150603154868
5.139814138412476 0.011287927627563477 -923.9068606706749 29.596534490291447
5.1294801235198975 0.011193037033081055 -920.2904695096929 25.9801433293095
5.1382317543029785 0.01149606704711914 -922.4900243061891 28.179698125805658
5.13603949546814 0.011253118515014648 -927.0147461606147 32.70441998023125
5.129458427429199 0.01152801513671875 -929.4652314498194 35.15490526943597
5.134552478790283 0.015902996063232422 -925.9352066724945 31.62488049211106
5.133822202682495 0.011549949645996094 -924.5157985973651 30.205472416981706
5.129999160766602 0.011271953582763672 -924.9150270029877 30.604700822604286
5.154607534408569 0.014348030090332031 -922.2938137485587 27.983487568175292
5.151957750320435 0.011114120483398438 -938.2728057712777 43.962479590894304
5.136048078536987 0.012129068374633789 -919.3741970417097 25.063870861326336
5.1373982429504395 0.012138128280639648 -928.7223534888813 34.41202730849784
5.137579441070557 0.011778831481933594 -926.5803594249967 32.27003324461327
5.1346704959869385 0.011495828628540039 -926.083061640699 31.77273546031563
5.131486654281616 0.01145482063293457 -924.103470315559 29.793144135175567
5.1319420337677 0.011587858200073242 -913.1106990102969 18.8003728299135
5.132565498352051 0.011313915252685547 -921.3457336152914 27.03540743490794
5.131863832473755 0.011451005935668945 -920.6433867806115 26.333060600228123
5.145303249359131 0.01070404052734375 -929.7207681629185 35.410441982535076
5.132422208786011 0.011622190475463867 -917.3220477912903 23.011721610906875
5.166171550750732 0.013566970825195312 -926.6582966905801 32.34797051019666
5.132523536682129 0.011584043502807617 -923.9533457362438 29.643019555860405
5.131767988204956 0.011782169342041016 -922.2164247336585 27.906098553275115
5.1518707275390625 0.013676881790161133 -929.1259936913289 34.815667510945445
5.131214141845703 0.01170206069946289 -915.7015395601243 21.39121337974086
5.133177042007446 0.011338949203491211 -924.9496984008204 30.63937222043694
5.128274202346802 0.011753082275390625 -917.5337216187589 23.22339543837552
5.130160093307495 0.011568069458007812 -919.3448630922259 25.03453691184245
5.157530069351196 0.013528108596801758 -921.746158342267 27.43583216188358
5.131348133087158 0.01110219955444336 -932.3118332735828 38.00150709319939
5.131199836730957 0.011744976043701172 -923.1486270795856 28.83830089920218
5.148352384567261 0.012932062149047852 -915.2684869621268 20.958160781743345
5.129375457763672 0.011575937271118164 -926.1439789314464 31.833652751063028
5.131290674209595 0.012012958526611328 -930.9506869068994 36.64036072651595
5.12986946105957 0.011458873748779297 -921.4781620476206 27.16783586723716
5.128430128097534 0.011709928512573242 -926.3821068279819 32.07178064759853
5.13470983505249 0.012115001678466797 -932.394271973285 38.083945792901545
5.132521390914917 0.011755943298339844 -923.158336730515 28.848010550131562
5.131767511367798 0.01186513900756836 -928.7596854908641 34.449359310480645
5.129048109054565 0.011538982391357422 -918.4274326970642 24.117106516680792
5.1295325756073 0.011610984802246094 -936.0285505500096 41.71822436962623
5.130291938781738 0.011096954345703125 -935.516824371826 41.20649819144262
5.128844976425171 0.01156306266784668 -930.4847762586852 36.17445007830179
5.143085241317749 0.011354923248291016 -929.4231099328308 35.1127837524474
5.128995418548584 0.011246204376220703 -921.4470297361277 27.136703555744248
5.129223823547363 0.01172494888305664 -934.2591623907715 39.948836210388095
5.128004789352417 0.011543989181518555 -924.9271693813623 30.616843200978906
5.128062725067139 0.011407136917114258 -923.8074013931173 29.497075212733876
5.134941101074219 0.011744976043701172 -932.8295417795671 38.51921559918367
5.128649473190308 0.012054920196533203 -928.0047025166919 33.69437633630844
5.128974199295044 0.011565923690795898 -931.7498268831208 37.439500702737405
5.1326069831848145 0.011462926864624023 -928.6490253240903 34.33869914370689
5.129471063613892 0.011481046676635742 -923.4761327629687 29.165806582585333
5.129051685333252 0.011274099349975586 -920.9124491807984 26.602123000414963
5.1465373039245605 0.01118612289428711 -939.6602168360315 45.349890655648096
5.133236408233643 0.011065006256103516 -923.002809375804 28.69248319542055
5.1273415088653564 0.011046886444091797 -918.8152818768145 24.504955696431125
5.123175382614136 0.011468887329101562 -929.424441090528 35.11411491014462
5.128998756408691 0.011584043502807617 -921.3676353953434 27.057309214960014
5.129192352294922 0.010776996612548828 -924.3450104088237 30.034684228440256
5.128471374511719 0.01129603385925293 -920.4420638656948 26.13173768531135
5.138103723526001 0.011012077331542969 -921.793860641211 27.483534460827627
5.136250019073486 0.011414051055908203 -922.3584274614749 28.048101281091476
5.1277971267700195 0.011008977890014648 -918.4199538975628 24.109627717179364
5.127378225326538 0.011088132858276367 -927.2847253232144 32.974399142830976
5.152839660644531 0.01238703727722168 -924.2425885440773 29.932262363693894
5.136919736862183 0.012100934982299805 -928.7631991641243 34.45287298374092
5.136545896530151 0.01176595687866211 -922.2228780338216 27.91255185343823
5.138349294662476 0.011584997177124023 -927.7748511179334 33.46452493754998
5.135362148284912 0.011723995208740234 -920.3299728590615 26.0196466786781
5.135853052139282 0.012224912643432617 -939.6992451768856 45.388918996502184
5.133800745010376 0.012048959732055664 -931.7015413187266 37.39121513834323
5.140306234359741 0.012417078018188477 -924.1836771010196 29.8733509206362
5.140264511108398 0.012761116027832031 -924.26939123703 29.959065056646637
5.137021780014038 0.011898040771484375 -923.658147186327 29.347821005943615
5.1391377449035645 0.012236833572387695 -925.0462420595726 30.73591587918918
5.152582168579102 0.011572122573852539 -920.2292660687297 25.918939888346245
5.133745431900024 0.012139081954956055 -928.6626654372867 34.35233925690329
5.135026693344116 0.011939048767089844 -921.6866832445985 27.376357064215085
5.136613607406616 0.012311935424804688 -925.7152728490662 31.404946668682783
5.135465621948242 0.012078046798706055 -927.7157211849016 33.40539500451814
5.145756721496582 0.011330127716064453 -929.5423143740531 35.231988193669736
5.127873420715332 0.012103796005249023 -918.9320213984115 24.621695218028094
5.125702619552612 0.01155710220336914 -921.810574757118 27.500248576734634
5.1297595500946045 0.01143503189086914 -921.5298551465769 27.21952896619348
5.133700847625732 0.011312007904052734 -927.9860928838483 33.67576670346489
5.128292798995972 0.011660099029541016 -930.8965911417952 36.58626496141176
5.146930694580078 0.011800050735473633 -923.0131804049101 28.70285422452673
5.133410453796387 0.011397123336791992 -928.7357164306591 34.425390250275655
5.1251325607299805 0.011025190353393555 -916.9254346180323 22.615108437648928
5.126838684082031 0.011657953262329102 -926.5125727866987 32.20224660631527
5.126124143600464 0.010920047760009766 -935.0508608344273 40.74053465404393
5.135303735733032 0.012336969375610352 -915.9106175319889 21.600291351605506
5.130053281784058 0.011132955551147461 -916.3543305744815 22.044004394098124
5.148971080780029 0.01349020004272461 -927.8969364267848 33.58661024640139
5.131221771240234 0.011626958847045898 -918.6359780950704 24.325651914687
5.13084864616394 0.012736082077026367 -922.6110864772087 28.300760296825274
5.129763603210449 0.011660099029541016 -921.2644979825338 26.954171802150427
5.147013902664185 0.011132955551147461 -930.5622027775509 36.25187659716744
5.154300212860107 0.01385498046875 -921.2117410402209 26.901414859837473
5.131802320480347 0.01165318489074707 -929.4985946994746 35.18826851909114
5.12806510925293 0.011683940887451172 -922.7425763715271 28.43225019114368
5.126011610031128 0.010824918746948242 -927.4325080061083 33.12218182572485
5.134104251861572 0.011459112167358398 -923.7595397151947 29.449213534811292
5.1529059410095215 0.020592927932739258 -919.2143537959419 24.904027615558448
5.126866340637207 0.011152982711791992 -920.4552191955333 26.144893015149933
5.130608558654785 0.01157999038696289 -930.6149550812479 36.304628900864486
5.131032705307007 0.011674165725708008 -923.6791710394879 29.368844859104456
5.126681566238403 0.011398077011108398 -926.2475708897888 31.937244709405377
