5.144341707229614 0.012991905212402344 -935.1904418649 91.64999404000116
5.143535614013672 0.012490987777709961 -938.0224848849448 94.48203706004597
5.149479627609253 0.01271200180053711 -938.7315087240696 95.1910608991708
5.152969837188721 0.013531923294067383 -937.6564938381666 94.1160460132678
5.143793106079102 0.012559890747070312 -927.773031101781 84.23258327688222
5.150417804718018 0.013038158416748047 -943.1984885466459 99.65804072174706
5.165271759033203 0.012044906616210938 -926.630823611075 83.0903757861762
5.149843692779541 0.012951135635375977 -938.1555256613619 94.61507783646312
5.150163173675537 0.012803077697753906 -934.2805684931344 90.74012066823559
5.142721176147461 0.01254892349243164 -938.7222935271607 95.18184570226185
5.157756805419922 0.013700008392333984 -940.2776570400848 96.737209215186
5.1400368213653564 0.012504816055297852 -927.5773927244459 84.03694489954705
5.138179540634155 0.01209712028503418 -934.126603386552 90.58615556165319
5.153672695159912 0.011993169784545898 -939.9160283445585 96.3755805196597
5.142729759216309 0.011523008346557617 -942.8382448093024 99.29779698440359
5.165648460388184 0.016503095626831055 -928.6074691219567 85.06702129705786
5.139058828353882 0.013319015502929688 -929.7660259835678 86.22557815866901
5.187382459640503 0.016070127487182617 -923.9629961499764 80.42254832507763
5.137747764587402 0.012084007263183594 -938.2364970124584 94.69604918755954
5.132619619369507 0.01182699203491211 -940.6750782411888 97.13463041628995
5.159267902374268 0.013778924942016602 -937.4301573620963 93.88970953719752
5.143397569656372 0.012549877166748047 -941.8915840726031 98.35113624770429
5.1552159786224365 0.013927936553955078 -925.66203547053 82.12158764563117
5.131548881530762 0.01188516616821289 -924.5643928299194 81.02394500502055
5.159208059310913 0.01209712028503418 -944.3632220242773 100.8227741993785
5.131549835205078 0.01223897933959961 -946.4661255429271 102.92567771802828
5.136894226074219 0.011990785598754883 -933.1307323649264 89.5902845400276
5.157554864883423 0.013134002685546875 -929.7553583451098 86.21491052021099
5.190731048583984 0.014811992645263672 -939.2851772307272 95.74472940582837
5.177453517913818 0.015038013458251953 -939.3663949920226 95.82594716712379
5.144329071044922 0.012629985809326172 -941.4578061330969 97.91735830819812
5.137940883636475 0.012515068054199219 -941.6522881262861 98.11184030138725
5.141338109970093 0.012543916702270508 -926.7718020586133 83.23135423371446
5.166001558303833 0.014190196990966797 -929.1555156316736 85.61506780677473
5.144518613815308 0.012929916381835938 -951.5225121710096 107.98206434611075
5.14424467086792 0.012813806533813477 -930.2849959255682 86.74454810066936
5.145157337188721 0.011417150497436523 -946.8427462483344 103.30229842343556
5.194304943084717 0.016416072845458984 -929.9940629214734 86.4536150965746
5.160848140716553 0.011994123458862305 -939.827710111269 96.28726228637015
5.162295818328857 0.01207113265991211 -939.1947352190687 95.65428739416984
5.138660907745361 0.012672185897827148 -935.8306471022557 92.29019927735692
5.137725830078125 0.012104988098144531 -938.9890774402859 95.44862961538706
5.139393329620361 0.012747049331665039 -933.4995899060111 89.9591420811123
5.1391379833221436 0.01221919059753418 -930.6635032816886 87.12305545678976
5.1415345668792725 0.012274980545043945 -928.6716792079741 85.13123138307526
5.140918254852295 0.012362003326416016 -923.8058171999683 80.26536937506944
5.149616003036499 0.014786005020141602 -956.5983820106045 113.05793418570568
5.14062762260437 0.011933088302612305 -939.5083296171609 95.96788179226212
5.140817403793335 0.011593818664550781 -925.8417962801846 82.30134845528573
5.136477947235107 0.012119054794311523 -934.4524131814226 90.91196535652375
5.165379047393799 0.014492988586425781 -936.0716001516678 92.53115232676896
5.167142391204834 0.014143943786621094 -938.4469844864113 94.90653666151252
5.140605688095093 0.012411117553710938 -941.2189770315451 97.67852920664632
5.147736549377441 0.013020038604736328 -925.4242777855688 81.88382996067003
5.1369948387146 0.011929988861083984 -933.9223074748745 90.3818596499757
5.145869731903076 0.012572050094604492 -926.779268931703 83.23882110680415
5.139680862426758 0.011862993240356445 -933.3096307476263 89.76918292272751
5.140337228775024 0.011982917785644531 -931.4820216775424 87.94157385264361
5.160460710525513 0.012118101119995117 -935.9032155784939 92.36276775359511
5.143317222595215 0.0120849609375 -930.2761660269789 86.73571820208008
5.159082651138306 0.012075185775756836 -947.7568516894472 104.2164038645484
5.169811010360718 0.014383077621459961 -941.5531821842404 98.01273435934161
5.137228488922119 0.013799905776977539 -933.9039663119797 90.36351848708091
5.138841867446899 0.011805057525634766 -930.5646477101402 87.02419988524139
5.159716606140137 0.012014150619506836 -940.8176690532295 97.27722122833063
5.137281894683838 0.011898994445800781 -931.2147436100015 87.67429578510269
5.154371500015259 0.01194620132446289 -942.4220138484138 98.881566023515
5.1654369831085205 0.014434099197387695 -947.5128388552573 103.9723910303585
5.1460652351379395 0.012018918991088867 -934.7879809150645 91.24753309016569
5.1498122215271 0.012192964553833008 -936.3481398936417 92.80769206874288
5.142072677612305 0.013200044631958008 -937.4640099948522 93.92356216995336
5.142501592636108 0.011996030807495117 -939.855322472121 96.31487464722215
5.160760402679443 0.014348030090332031 -932.0594993480713 88.5190515231725
5.16476583480835 0.013737916946411133 -940.9703546337611 97.42990680886226
5.137889385223389 0.011966943740844727 -938.8226153578291 95.28216753293032
5.142600059509277 0.011976003646850586 -930.6774867533458 87.13703892844694
5.142640113830566 0.012160062789916992 -940.0862809581431 96.54583313324429
5.149176120758057 0.01223301887512207 -939.3424847814771 95.80203695657826
5.1458423137664795 0.012520074844360352 -938.5344338118665 94.99398598696769
5.155479669570923 0.014065980911254883 -932.3713859611414 88.8309381362426
5.143744230270386 0.0123748779296875 -929.2944515082447 85.7540036833459
5.140570402145386 0.013344049453735352 -930.7354168706789 87.19496904578011
5.144921779632568 0.011894941329956055 -933.5195697496192 89.9791219247204
5.157020330429077 0.012472152709960938 -940.5144689199242 96.97402109502536
5.157922267913818 0.011981010437011719 -926.6079195634161 83.06747173851727
5.139617443084717 0.012365102767944336 -943.5235703328002 99.98312250790138
5.135068893432617 0.012942075729370117 -940.6007404110896 97.06029258619083
5.146176815032959 0.014796018600463867 -943.636089493875 100.09564166897621
5.133769512176514 0.011514902114868164 -937.1285411364584 93.58809331155953
5.142188787460327 0.012017965316772461 -922.8548714328458 79.31442360794699
5.142772674560547 0.01186513900756836 -932.7984977891874 89.2580499642886
5.145515441894531 0.011713981628417969 -932.8900332325824 89.34958540768355
5.132897615432739 0.011441946029663086 -932.5603228470916 89.01987502219276
5.137630224227905 0.012459039688110352 -938.1663677661645 94.62591994126569
5.146896600723267 0.011902093887329102 -928.6267130673317 85.08626524243289
5.1631760597229 0.012507200241088867 -955.6959770705423 112.15552924564349
5.147259950637817 0.012309789657592773 -935.6790112484296 92.13856342353074
5.150571823120117 0.013298988342285156 -918.857974651779 75.31752682688023
5.150686264038086 0.012372016906738281 -929.6594706219942 86.11902279709534
5.14204478263855 0.01226496696472168 -931.7358311580933 88.19538333319451
5.149756669998169 0.012378931045532227 -933.9203238437094 90.37987601881059
5.148857355117798 0.014156103134155273 -934.2116185814459 90.6711707565471
5.1568825244903564 0.014600038528442383 -928.8750891024961 85.33464127759726
5.1486499309539795 0.0126190185546875 -938.588098561457 95.04765073655813
5.148260116577148 0.01244211196899414 -937.5091927877121 93.96874496281328
5.145089626312256 0.012427091598510742 -930.2711689659473 86.73072114104843
5.16153883934021 0.0126800537109375 -950.1112806618066 106.57083283690781
5.164722681045532 0.013649940490722656 -934.1474696295368 90.60702180463795
5.152284622192383 0.012397050857543945 -938.0999965796027 94.55954875470388
5.146190166473389 0.012367963790893555 -928.974649933474 85.43420210857516
5.1458024978637695 0.012959003448486328 -930.1903863924174 86.64993856751857
5.149039268493652 0.012638092041015625 -924.6922684771166 81.1518206522178
5.1563401222229 0.014265775680541992 -923.0441260668139 79.50367824191505
5.140967607498169 0.012313127517700195 -936.5778559682444 93.0374081433456
5.136879920959473 0.01187896728515625 -938.3827059449429 94.84225812004411
5.143330335617065 0.011915922164916992 -935.1001611507402 91.55971332584136
5.136948108673096 0.01210784912109375 -934.787482194982 91.24703437008316
5.152843713760376 0.011337041854858398 -934.1979180840982 90.65747025919939
5.139419078826904 0.011834859848022461 -944.7900941408634 101.24964631596458
5.154405355453491 0.012192964553833008 -942.3114105857675 98.77096276086866
5.139029026031494 0.011957168579101562 -931.1139094858275 87.57346166092873
5.140760183334351 0.012438058853149414 -935.4530439611966 91.9125961362978
5.1389453411102295 0.011950016021728516 -930.8796769920655 87.33922916716665
5.137904167175293 0.012208938598632812 -948.8063378825981 105.26589005769927
5.1366894245147705 0.012359142303466797 -938.4552689173381 94.9148210924393
5.141662120819092 0.013027191162109375 -931.459870299706 87.91942247480722
5.138534784317017 0.012228965759277344 -932.6038682303092 89.0634204054104
5.148973703384399 0.012080907821655273 -950.464128518719 106.92368069382019
5.1648476123809814 0.011873960494995117 -929.9418566297834 86.40140880488457
5.141834497451782 0.012124061584472656 -934.061380602391 90.52093277749213
5.156165838241577 0.01182103157043457 -922.9130688698826 79.37262104498382
5.136520862579346 0.011944055557250977 -937.3443415193186 93.8038936944198
5.140216827392578 0.01203608512878418 -927.7840561702122 84.24360834531342
5.141499280929565 0.011974811553955078 -933.5460034324717 90.00555560757289
5.142392635345459 0.012724876403808594 -934.5737756310857 91.03332780618689
5.138451814651489 0.011735916137695312 -945.3039159359512 101.76346811105236
5.135450601577759 0.014453887939453125 -932.7856642835108 89.24521645861194
5.134650945663452 0.01640915870666504 -924.7028564388331 81.1624086139343
5.153978109359741 0.012211084365844727 -936.7372330088076 93.19678518390879
5.151546239852905 0.011292219161987305 -931.9393254101572 88.39887758525833
5.153095483779907 0.013185977935791016 -934.793151702283 91.25270387738419
5.151686429977417 0.011916160583496094 -937.9618104540293 94.4213626291305
5.156064748764038 0.011696100234985352 -935.0440164193919 91.50356859449312
5.1412036418914795 0.01395416259765625 -936.111544622029 92.57109679713017
5.151318550109863 0.012086153030395508 -939.9725166521087 96.43206882720983
5.142899990081787 0.012820005416870117 -942.1628763150566 98.62242849015774
5.155722379684448 0.014201879501342773 -931.3880128555395 87.84756503064068
5.133444786071777 0.011522054672241211 -934.7856091352377 91.24516131033886
5.137024641036987 0.01175999641418457 -944.6818227688044 101.14137494390559
5.142456769943237 0.012309074401855469 -931.6279724444855 88.0875246195867
5.162615060806274 0.01188206672668457 -929.4655808068446 85.92513298194581
5.1641716957092285 0.014540910720825195 -918.4072256335153 74.86677780861646
5.156953811645508 0.012490034103393555 -936.3165709147137 92.77612308981486
5.137256145477295 0.011905908584594727 -941.3759471776293 97.8354993527305
5.154209852218628 0.012140989303588867 -942.4137905833607 98.87334275846183
5.142529726028442 0.01202702522277832 -925.842783502831 82.3023356779322
5.156175851821899 0.014194011688232422 -934.932864386829 91.39241656193019
5.141146898269653 0.012060165405273438 -938.2467990475473 94.70635122264844
5.134758234024048 0.012274026870727539 -935.8708636847987 92.33041585989986
5.142257452011108 0.011605024337768555 -904.7719274456263 61.23147962072744
5.138766527175903 0.012066841125488281 -932.9066898037308 89.36624197883202
5.1564085483551025 0.011754035949707031 -952.6339202211939 109.09347239629506
5.152709007263184 0.011976003646850586 -928.4598931973424 84.91944537244353
5.1405439376831055 0.012564897537231445 -936.8716055598926 93.33115773499378
5.1378843784332275 0.012121915817260742 -947.7965034882027 104.25605566330387
5.150415897369385 0.012337923049926758 -925.9922647862062 82.45181696130737
5.140164375305176 0.012391805648803711 -945.9063979963973 102.36595017149853
5.139248847961426 0.011948823928833008 -939.5563972912303 96.01594946633145
5.136291980743408 0.012165069580078125 -933.4628422089997 89.92239438410093
5.142366886138916 0.01225590705871582 -950.5273944421797 106.98694661728086
5.140955448150635 0.012379884719848633 -929.2494415269327 85.70899370203392
5.141192197799683 0.014697074890136719 -923.6622429244964 80.12179509959753
5.156004428863525 0.011317014694213867 -928.8776203977054 85.3371725728066
5.141867637634277 0.011717081069946289 -933.1947219944242 89.65427416952537
5.136547803878784 0.01242208480834961 -930.9931693887776 87.45272156387875
5.1383891105651855 0.014061927795410156 -934.3735292379362 90.83308141303735
5.141771078109741 0.012490034103393555 -935.982818008787 92.44237018388822
5.140787839889526 0.0122528076171875 -937.71686019352 94.17641236862119
5.14213228225708 0.012627124786376953 -935.076961464489 91.53651363959023
5.138676881790161 0.01232290267944336 -941.3079118079098 97.767463983011
5.145464658737183 0.012208938598632812 -936.600386165923 93.05993834102424
5.144097805023193 0.012206077575683594 -928.3999514684599 84.85950364356108
5.15704345703125 0.012363195419311523 -953.5414685810675 110.00102075616871
5.184033155441284 0.013458013534545898 -938.4976293170113 94.95718149211245
5.1619439125061035 0.013712167739868164 -938.5462858922193 95.0058380673205
5.141289234161377 0.012659072875976562 -934.3866754900969 90.84622766519806
5.140057563781738 0.012015104293823242 -920.8055925333372 77.26514470843836
5.139103889465332 0.01182413101196289 -935.0211868084567 91.4807389835579
5.136725187301636 0.012594938278198242 -949.9569762511014 106.4165284262026
5.135573148727417 0.012244939804077148 -934.4941422001802 90.95369437528143
5.14096736907959 0.011873960494995117 -940.658352339546 97.1179045146472
5.148150682449341 0.012212991714477539 -937.5081166319326 93.96766880703376
5.1367692947387695 0.012102842330932617 -933.3290087068794 89.78856088198063
5.140769958496094 0.012256860733032227 -939.0858127787521 95.54536495385332
5.1670520305633545 0.014065980911254883 -939.0397637076546 95.49931588275581
5.142823219299316 0.01326298713684082 -942.1848053614807 98.64435753658188
5.136874437332153 0.012202024459838867 -933.1585752523547 89.61812742745587
5.139641046524048 0.012518882751464844 -933.4593330300766 89.91888520517773
5.147832155227661 0.012246847152709961 -937.8934798939175 94.3530320690187
5.141064643859863 0.011599063873291016 -922.8128417370872 79.27239391218836
