5.140951633453369 0.014734983444213867 -931.4150539592957 67.94768990670275
5.136552810668945 0.011372804641723633 -936.7175046299285 73.25014057733551
5.140811443328857 0.011473894119262695 -936.8672287315426 73.3998646789496
5.1505022048950195 0.011909008026123047 -936.5938863753336 73.12652232274058
5.134116172790527 0.012711048126220703 -943.2890023795499 79.82163832695687
5.163342714309692 0.012314081192016602 -929.7021153727278 66.23475132013482
5.133547067642212 0.01209402084350586 -935.8196757264388 72.35231167384586
5.1505444049835205 0.011873006820678711 -933.48954677367 70.022182721077
5.147075653076172 0.011902093887329102 -943.4186709476758 79.95130689508278
5.13436222076416 0.012591123580932617 -949.4186578238941 85.95129377130115
5.13490629196167 0.010780811309814453 -941.2900723888332 77.82270833624023
5.134116172790527 0.011468887329101562 -941.5958271570055 78.1284631044125
5.156733989715576 0.013677835464477539 -940.5572081947471 77.0898441421541
5.13737940788269 0.012052059173583984 -929.7759837276612 66.30861967506826
5.13505482673645 0.011706113815307617 -932.8372882819793 69.36992422938636
5.136875152587891 0.011674165725708008 -943.473704401054 80.00634034846098
5.150294065475464 0.011337041854858398 -934.1852120229564 70.71784797036344
5.155642986297607 0.013604879379272461 -939.8513645814536 76.38400052886061
5.129762172698975 0.011296987533569336 -932.4095488014798 68.9421847488868
5.13709020614624 0.011511087417602539 -944.531772939462 81.06440888686905
5.13415002822876 0.011701107025146484 -935.4561902679784 71.98882621538542
5.1295671463012695 0.011439085006713867 -920.650899504737 57.18353545214404
5.143137693405151 0.013505220413208008 -934.1609091750306 70.69354512243763
5.205000638961792 0.012540102005004883 -938.5067534411843 75.0393893885913
5.1373610496521 0.011648893356323242 -941.9102296207643 78.44286556817133
5.182154655456543 0.015919923782348633 -944.2377536724437 80.77038961985068
5.136510133743286 0.01198887825012207 -938.654615762562 75.18725170996902
5.1513683795928955 0.011456012725830078 -940.8919629618299 77.42459890923692
5.133210897445679 0.011662006378173828 -939.819941886338 76.35257783374504
5.149616241455078 0.011430978775024414 -933.0347339834003 69.56736993080733
5.131071090698242 0.01137995719909668 -928.1528979856306 64.68553393303762
5.138809680938721 0.011723041534423828 -931.4960105025496 68.02864644995657
5.145101308822632 0.014611959457397461 -936.0194287097411 72.5520646571481
5.133722543716431 0.011394023895263672 -944.6849572327092 81.21759318011618
5.135391473770142 0.012211084365844727 -938.2970691383373 74.82970508574431
5.134947776794434 0.011289119720458984 -943.9993166475551 80.53195259496215
5.135927438735962 0.011701107025146484 -937.7877129961596 74.32034894356661
5.131203651428223 0.011636018753051758 -932.9913178626434 69.52395381005044
5.154664993286133 0.011666059494018555 -937.2894164023346 73.82205234974163
5.13217830657959 0.011825084686279297 -938.4289333652981 74.96156931270514
5.13311767578125 0.011942863464355469 -938.4959364946009 75.02857244200789
5.133807897567749 0.01184988021850586 -933.6257405487786 70.15837649618561
5.159817218780518 0.011794090270996094 -936.9081167826123 73.44075273001931
5.137927293777466 0.012520074844360352 -943.1939671616926 79.72660310909964
5.1388280391693115 0.011703968048095703 -941.6265080177125 78.15914396511948
5.144315242767334 0.01205587387084961 -944.9576949444404 81.4903308918474
5.138338565826416 0.01277303695678711 -940.1151400063115 76.64777595371856
5.153447151184082 0.013608932495117188 -944.9813174848325 81.51395343223953
5.134394884109497 0.011883020401000977 -935.2396076059379 71.77224355334488
5.1531150341033936 0.011686086654663086 -933.2374150626235 69.77005101003056
5.140452861785889 0.011947870254516602 -932.1322021654457 68.66483811285275
5.1331117153167725 0.011734962463378906 -936.6766249788452 73.20926092625223
5.173027753829956 0.01439213752746582 -935.3675007043058 71.90013665171284
5.1377339363098145 0.013178110122680664 -938.7135684352155 75.24620438262252
5.133267879486084 0.011673927307128906 -939.4614104123272 75.99404635973417
5.149714946746826 0.011965036392211914 -935.7106507684234 72.24328671583044
5.135765314102173 0.012141942977905273 -931.7900450164168 68.32268096382381
5.133734941482544 0.011883974075317383 -946.8724878393483 83.40512378675533
5.134370803833008 0.011608123779296875 -938.3140767003091 74.84671264771612
5.137258768081665 0.012053966522216797 -932.6589578090866 69.1915937564936
5.15362548828125 0.0116729736328125 -937.6848038472708 74.21743979467783
5.13614559173584 0.012085914611816406 -934.5361140255793 71.06874997298632
5.134564161300659 0.011655092239379883 -942.9997135117476 79.5323494591546
5.1349406242370605 0.011530160903930664 -931.5965510653513 68.12918701275828
5.13411808013916 0.011638879776000977 -936.8014278571505 73.33406380455756
5.138356685638428 0.013225793838500977 -940.86022957867 77.392865526077
5.150328636169434 0.012419939041137695 -937.7716882084285 74.3043241558355
5.1327736377716064 0.011970043182373047 -939.7978832957708 76.33051924317783
5.13685941696167 0.011590957641601562 -937.1143770228477 73.64701297025476
5.14739727973938 0.011638879776000977 -939.7703549303023 76.30299087770936
5.1352317333221436 0.01246190071105957 -934.2263557016079 70.75899164901489
5.153101444244385 0.011506080627441406 -942.2624738165808 78.79510976398785
5.141786098480225 0.011434793472290039 -932.2957570681651 68.82839301557215
5.152657508850098 0.012257099151611328 -939.0858611769036 75.61849712431058
5.133584260940552 0.012086868286132812 -933.2113368421255 69.74397278953256
5.1349875926971436 0.011932134628295898 -938.1558710939082 74.68850704131523
5.1337127685546875 0.011765003204345703 -936.4676041268327 73.00024007423974
5.133211374282837 0.012258052825927734 -931.7912395278885 68.3238754752955
5.143294811248779 0.012298107147216797 -932.5695683217664 69.1022042691734
5.155927419662476 0.014142990112304688 -942.6592340585526 79.19187000595957
5.133974313735962 0.01129603385925293 -942.9651484853265 79.49778443273351
5.146543025970459 0.011806011199951172 -940.0522509228181 76.58488687022509
5.153682231903076 0.011747121810913086 -932.0393491577951 68.57198510520209
5.133749485015869 0.012485027313232422 -938.5370399079634 75.0696758553704
5.153769016265869 0.014246940612792969 -937.5356619035863 74.0682978509933
5.144282579421997 0.011850118637084961 -932.7870210366452 69.31965698405224
5.1377952098846436 0.012108087539672852 -923.5877267551929 60.12036270259989
5.1396753787994385 0.01184701919555664 -932.4747178685615 69.00735381596849
5.134777069091797 0.012649059295654297 -939.2392358085941 75.77187175600113
5.158855199813843 0.014309167861938477 -934.0574284280217 70.59006437542871
5.133874416351318 0.011593103408813477 -945.544770730294 82.07740667770099
5.132655143737793 0.011469841003417969 -944.5416079964975 81.07424394390455
5.135641098022461 0.012061119079589844 -942.0983106869903 78.63094663439733
5.155060291290283 0.013570070266723633 -932.8207465523075 69.35338249971448
5.139501333236694 0.011884927749633789 -929.997772303501 66.53040825090807
5.147106409072876 0.012394905090332031 -939.4752876618679 76.00792360927494
5.159234046936035 0.012240886688232422 -941.2412844347241 77.77392038213111
5.140456438064575 0.012984991073608398 -936.4978975836262 73.03053353103326
5.1397788524627686 0.012542009353637695 -940.8310626206187 77.36369856802571
5.139178276062012 0.011983871459960938 -935.826261590739 72.35889753814604
5.155363082885742 0.014256000518798828 -939.6695395399702 76.20217548737719
5.144675254821777 0.015267133712768555 -946.2715542948297 82.8041902422367
5.140796184539795 0.012671947479248047 -944.8212909933186 81.35392694072561
5.142056703567505 0.011960983276367188 -934.8116358805064 71.34427182791342
5.165534257888794 0.011569023132324219 -936.3389435766727 72.87157952407972
5.157051086425781 0.013746976852416992 -931.8488575857995 68.38149353320648
5.140668153762817 0.012450933456420898 -943.1216429452589 79.65427889266596
5.13909912109375 0.013527870178222656 -937.7041131664355 74.2367491138425
5.142033338546753 0.011955022811889648 -937.8325613858104 74.36519733321745
5.154456853866577 0.011816024780273438 -940.4064043819251 76.9390403293321
5.144256353378296 0.012909889221191406 -939.8815996458579 76.41423559326495
5.135983943939209 0.011955022811889648 -931.1903492700543 67.72298521746131
5.142653942108154 0.012553215026855469 -937.0353633882298 73.56799933563684
5.1558380126953125 0.012820959091186523 -933.5073225256011 70.03995847300814
5.153709650039673 0.014684915542602539 -928.8797765684577 65.41241251586473
5.162664890289307 0.013450860977172852 -932.8725114828112 69.40514743021822
5.133844614028931 0.012238025665283203 -951.2189267303073 87.75156267771433
5.131044387817383 0.01158595085144043 -941.9211438486736 78.45377979608065
5.131667852401733 0.011617898941040039 -942.6926888950327 79.2253248424397
5.140493392944336 0.011691093444824219 -943.4101326798875 79.94276862729453
5.135914087295532 0.011631965637207031 -931.8869612259384 68.41959717334544
5.1322455406188965 0.011036157608032227 -941.2879339695794 77.82056991698641
5.134039640426636 0.011898040771484375 -934.8044205473491 71.3370564947561
5.135331392288208 0.013602018356323242 -930.1212578406356 66.65389378804264
5.136379241943359 0.01240396499633789 -940.195866149769 76.72850209717603
5.140716791152954 0.01190805435180664 -937.1821475797841 73.71478352719112
5.155813455581665 0.013469934463500977 -945.5391198934925 82.07175584089953
5.133316516876221 0.012256145477294922 -938.7700638601224 75.3026998075294
5.138260364532471 0.01164388656616211 -919.1266501531114 55.65928610051844
5.136902093887329 0.013924837112426758 -929.9855424614464 66.51817840885337
5.135411739349365 0.011868953704833984 -940.3233111294066 76.85594707681366
5.142668008804321 0.016081809997558594 -936.0516499118958 72.58428585930278
5.134295701980591 0.012016057968139648 -933.1822850656946 69.71492101310162
5.1336047649383545 0.012380838394165039 -945.0128265112555 81.54546245866254
5.1359992027282715 0.012166976928710938 -934.3967604281653 70.92939637557231
5.133452415466309 0.011219024658203125 -934.963523187715 71.49615913512207
5.131884574890137 0.01170492172241211 -938.6206385385076 75.15327448591461
5.157313823699951 0.01182699203491211 -933.8090321512352 70.34166809864223
5.152794599533081 0.012742996215820312 -935.5372307418929 72.06986668929994
5.133929491043091 0.01137995719909668 -936.454648562137 72.987284509544
5.135045051574707 0.011340141296386719 -928.5227045368522 65.0553404842592
5.140091419219971 0.01271820068359375 -946.5042549634754 83.03689091088245
5.134685516357422 0.011948108673095703 -941.9171391655448 78.44977511295178
5.139318466186523 0.012849092483520508 -937.6704670057363 74.20310295314334
5.137173891067505 0.012363910675048828 -937.7940983771548 74.32673432456181
5.135699272155762 0.01385807991027832 -934.2426058315177 70.77524177892474
5.1420862674713135 0.01312398910522461 -943.4603112420048 79.99294718941178
5.162919282913208 0.016541004180908203 -930.2157637461537 66.74839969356071
5.1449503898620605 0.01214599609375 -934.9338991205218 71.46653506792882
5.159652233123779 0.012425899505615234 -934.4487714151135 70.98140736252049
5.141094207763672 0.012247085571289062 -943.0358197009942 79.56845564840125
5.153475284576416 0.012126922607421875 -937.5009143781595 74.03355032556647
5.15687370300293 0.012063980102539062 -932.441599394416 68.97423534182303
5.135508060455322 0.011771202087402344 -936.8710457074241 73.40368165483108
5.1348936557769775 0.011768102645874023 -932.2527068182835 68.78534276569053
5.1501030921936035 0.011548995971679688 -935.9259226332681 72.45855858067512
5.137216567993164 0.012160062789916992 -932.1039514158136 68.63658736322066
5.129950284957886 0.01144099235534668 -926.0045449163404 62.53718086374738
5.13594388961792 0.011406898498535156 -935.3117400918786 71.84437603928563
5.136341571807861 0.011666059494018555 -937.3423566913059 73.87499263871291
5.151007652282715 0.011349916458129883 -932.6982433952384 69.23087934264538
5.1337950229644775 0.01144099235534668 -942.8870574440531 79.4196933914601
5.139837026596069 0.012081146240234375 -938.5247972431465 75.05743319055352
5.134321689605713 0.01157689094543457 -941.9194834550988 78.45211940250579
5.136316776275635 0.012566804885864258 -946.102781821672 82.63541776907903
5.144768953323364 0.011689186096191406 -940.987406685888 77.52004263329502
5.143589019775391 0.011999130249023438 -935.8376902569955 72.37032620440255
5.139180898666382 0.011677980422973633 -928.9659989037808 65.49863485118783
5.139477252960205 0.012134075164794922 -941.6185182362038 78.15115418361086
5.143481969833374 0.012616157531738281 -938.0237825799011 74.5564185273081
5.1342854499816895 0.011970043182373047 -942.6350322037304 79.16766815113738
5.154329299926758 0.011738061904907227 -939.9263627633582 76.45899871076517
5.139058351516724 0.011884927749633789 -931.9264858759622 68.45912182336917
5.151660203933716 0.018355846405029297 -934.649065636862 71.18170158426904
5.1375181674957275 0.011575937271118164 -934.7832309860978 71.31586693350482
5.1461358070373535 0.01175999641418457 -936.0857080120968 72.61834395950382
5.140670299530029 0.012007951736450195 -937.7847011694591 74.31733711686616
5.1359827518463135 0.01260685920715332 -933.4730823657146 70.00571831312163
5.137745141983032 0.012389183044433594 -937.5165642401766 74.04920018758366
5.139345169067383 0.011551141738891602 -934.5081256709824 71.04076161838941
5.138851165771484 0.012476921081542969 -934.8852049138329 71.41784086123994
5.135050058364868 0.011451005935668945 -943.5913978646838 80.12403381209083
5.156961917877197 0.011441946029663086 -928.9840220495344 65.51665799694138
5.135313987731934 0.011533021926879883 -935.0811875975016 71.61382354490866
5.134240388870239 0.012617826461791992 -935.6164036031997 72.14903955060674
5.1884918212890625 0.011944055557250977 -929.1032756497441 65.63591159715111
5.139514923095703 0.012064933776855469 -947.5418727637307 84.0745087111377
5.143022775650024 0.011996984481811523 -935.7357382508092 72.26837419821618
5.136346340179443 0.01138615608215332 -938.1341954613389 74.6668314087459
5.13866662979126 0.011663198471069336 -953.8919398725802 90.42457581998724
5.137269496917725 0.011441946029663086 -937.0895479865616 73.62218393396859
5.137009143829346 0.012277841567993164 -938.1703838729355 74.70301982034255
5.134117603302002 0.011857986450195312 -934.4126997429994 70.94533569040641
5.156269550323486 0.011914968490600586 -937.9963456178114 74.52898156521837
5.134845018386841 0.01192784309387207 -946.6431510515636 83.17578699897058
5.139150142669678 0.012200117111206055 -937.5314829299028 74.06411887730985
5.134594917297363 0.011447906494140625 -941.1776742612842 77.71031020869123
5.141549348831177 0.011722087860107422 -942.8227623072676 79.35539825467458
5.135376214981079 0.01194906234741211 -930.1043884943167 66.63702444172372
5.147928476333618 0.011776924133300781 -923.3788186250415 59.91145457244852
