5.136052846908569 0.012450933456420898 -924.4452147477839 35.15003725950521
5.136905908584595 0.013661861419677734 -929.8623857780985 40.56720828981986
5.163671255111694 0.011272192001342773 -935.2208836653467 45.92570617706804
5.142563343048096 0.011533021926879883 -926.324458800012 37.02928131173337
5.14532732963562 0.01177215576171875 -924.4711854430109 35.1760079547322
5.12779688835144 0.011446952819824219 -925.6373981814232 36.342220693144554
5.141362905502319 0.01283884048461914 -927.7684000045822 38.47322251630351
5.149241209030151 0.012548208236694336 -929.3359742522314 40.0407967639527
5.136976480484009 0.012092113494873047 -926.0223653183391 36.727187830060416
5.132976531982422 0.012378931045532227 -927.262948990457 37.967771502178266
5.146993398666382 0.011764049530029297 -932.377914468319 43.082736980040295
5.136038780212402 0.011919975280761719 -925.4672662752595 36.172088786980794
5.137076377868652 0.011888980865478516 -918.0483814007715 28.753203912492836
5.160580635070801 0.011317968368530273 -922.1767980168377 32.88162052855898
5.130322456359863 0.011588096618652344 -922.6730387251639 33.377861236885224
5.1334052085876465 0.011827945709228516 -925.498641614428 36.203464126149356
5.137871026992798 0.01119685173034668 -919.6660316802293 30.37085419195057
5.1395933628082275 0.011979103088378906 -938.4866529292462 49.191475440967565
5.145199775695801 0.016434192657470703 -930.0921635767402 40.796986088461495
5.130799293518066 0.01240086555480957 -917.3705239715534 28.075346483274757
5.151313066482544 0.011216878890991211 -929.7263513566635 40.4311738683848
5.15465521812439 0.01405787467956543 -921.6772555478537 32.382078059575065
5.136814832687378 0.011750936508178711 -920.6943026849394 31.399125196660748
5.131359338760376 0.013638019561767578 -916.5062594295414 27.211081941262705
5.1618242263793945 0.011544942855834961 -935.0688289631811 45.77365147490241
5.1412742137908936 0.011323928833007812 -920.1868840629572 30.89170657467855
5.158293008804321 0.016772985458374023 -924.7581382568934 35.46296076861472
5.134356498718262 0.012813091278076172 -928.1531838902259 38.85800640194725
5.13607931137085 0.011739015579223633 -921.8500578659998 32.55488037772113
5.139546871185303 0.012259960174560547 -925.4726754146196 36.17749792634095
5.1375412940979 0.011553049087524414 -917.2152225419752 27.920045053696526
5.157138109207153 0.014280080795288086 -921.9423089364734 32.64713144819473
5.1361610889434814 0.011993169784545898 -932.9895261904678 43.69434870218913
5.142716646194458 0.011591196060180664 -930.768866579597 41.473689091318306
5.135786533355713 0.012063980102539062 -919.4680341372066 30.172856648927905
5.152275800704956 0.011911869049072266 -922.6858362907833 33.39065880250462
5.136785268783569 0.01205587387084961 -931.6958821549556 42.400704666676916
5.130652904510498 0.01158905029296875 -923.6494603521439 34.35428286386525
5.136256456375122 0.012079954147338867 -926.6026285660805 37.30745107780183
5.133729934692383 0.011533021926879883 -916.8130764253606 27.517898937081895
5.135967254638672 0.012065887451171875 -926.8510362232036 37.55585873492487
5.135217905044556 0.012336015701293945 -922.4269447805206 33.131767292241875
5.143535375595093 0.01807403564453125 -925.9583747419213 36.66319725364258
5.1351542472839355 0.01161813735961914 -930.7598195498006 41.464642061521886
5.135013580322266 0.011806011199951172 -923.3763548563029 34.081177368024214
5.1371071338653564 0.011727094650268555 -922.1739931600291 32.87881567175043
5.1585657596588135 0.011533975601196289 -930.0801677633585 40.78499027507985
5.1567442417144775 0.013596057891845703 -927.5976712184071 38.30249373012839
5.13620400428772 0.01191401481628418 -934.721038270132 45.425860781853316
5.140485763549805 0.012456893920898438 -919.7724528827849 30.47727539450625
5.135817050933838 0.011569023132324219 -924.8711699362798 35.5759924480011
5.133450031280518 0.012053966522216797 -927.0370097559457 37.741832267667064
5.132956266403198 0.012195110321044922 -932.295294439175 43.00011695089631
5.135909557342529 0.012119054794311523 -928.4349416574026 39.139764169123964
5.135891914367676 0.012010812759399414 -925.7334792879172 36.438301799638566
5.137638092041016 0.012249946594238281 -922.8722199398801 33.577042451601415
5.135972023010254 0.011573076248168945 -925.8129775825673 36.517800094288646
5.150287628173828 0.011812210083007812 -923.8373494652857 34.542171977007
5.134849786758423 0.01524496078491211 -920.8898958165513 31.59471832827262
5.133081912994385 0.011513948440551758 -925.0501492848955 35.754971796616815
5.157439470291138 0.014497995376586914 -927.5822255969513 38.28704810867259
5.1437201499938965 0.01160287857055664 -918.7358855477771 29.440708059498434
5.131218194961548 0.011992931365966797 -922.2963251043068 33.001147616028106
5.130488634109497 0.011386871337890625 -925.2777941101588 35.982616621880084
5.128840208053589 0.011288166046142578 -920.9158580399991 31.620680551720397
5.1316752433776855 0.011745929718017578 -921.715863047546 32.420685559267326
5.13136887550354 0.011898040771484375 -919.5011007397427 30.205923251464014
5.153550386428833 0.011646032333374023 -923.0281960173784 33.733018529099695
5.156468152999878 0.011898994445800781 -916.9117975822369 27.616620093958204
5.1359312534332275 0.012129068374633789 -924.4152359393524 35.12005845107376
5.131311655044556 0.013740062713623047 -926.7419439476871 37.44676645940842
5.1406543254852295 0.01229095458984375 -921.6140216472415 32.31884415896286
5.130492925643921 0.012081146240234375 -921.3818977437024 32.08672025542376
5.1515703201293945 0.011825799942016602 -925.757741368067 36.46256387978826
5.134345293045044 0.011863946914672852 -920.6888689500909 31.393691461812182
5.151917219161987 0.012653112411499023 -919.4420298461395 30.14685235786078
5.142240762710571 0.014389991760253906 -927.0795160504854 37.7843385622067
5.139257192611694 0.011847972869873047 -926.9310598852194 37.6358823969407
5.131481409072876 0.01194000244140625 -914.6853147421309 25.39013725385223
5.152646541595459 0.011120080947875977 -918.7783460368578 29.4831685485791
5.129735708236694 0.011748075485229492 -931.6979688437451 42.402791355466434
5.13536262512207 0.011708974838256836 -930.8598149874026 41.56463749912393
5.1506664752960205 0.012263059616088867 -924.4558885367319 35.16071104845321
5.1354992389678955 0.011599063873291016 -924.8665372471139 35.57135975883523
5.138335466384888 0.01166391372680664 -919.7208585973164 30.42568110903767
5.1362316608428955 0.011662960052490234 -913.5277140841947 24.23253659591603
5.133720397949219 0.011941909790039062 -932.4516738869077 43.156496398628974
5.127495527267456 0.012240171432495117 -923.4685513674947 34.173373879216
5.1467604637146 0.012192010879516602 -918.1254342042193 28.830256715940664
5.134800434112549 0.013810873031616211 -924.9772530544012 35.682075566122535
5.154473543167114 0.012022972106933594 -927.095935626996 37.800758138717356
5.139431476593018 0.012122869491577148 -914.3179831040934 25.02280561581472
5.135127782821655 0.011867046356201172 -928.0845132726614 38.78933578438273
5.13327693939209 0.012166023254394531 -923.3706313188902 34.075453830611536
5.127540588378906 0.011403083801269531 -928.4568727306952 39.1616952424165
5.128757476806641 0.011532068252563477 -927.0577675821946 37.76259009391595
5.132573127746582 0.011718988418579102 -931.5405434212302 42.24536593295147
5.143550634384155 0.011832952499389648 -920.5342648875646 31.23908739928595
5.142921209335327 0.013019084930419922 -931.3886801056769 42.09350261739826
5.1481475830078125 0.014431953430175781 -927.5452714485107 38.25009396023199
5.142582893371582 0.012453079223632812 -929.3676544083233 40.072476920044664
5.162735939025879 0.011714935302734375 -928.275508293472 38.98033080519326
5.150744438171387 0.012621879577636719 -921.2511685414768 31.95599105319809
5.13995361328125 0.012411832809448242 -924.1057464594817 34.810568971203
5.147129774093628 0.012005805969238281 -927.2452694338682 37.95009194558952
5.148131370544434 0.013349771499633789 -928.1224158078047 38.82723831952603
5.136547565460205 0.011934041976928711 -919.0177088642906 29.722531376011943
5.180698871612549 0.017024993896484375 -928.8501803774973 39.5550028892186
5.1372597217559814 0.0116729736328125 -927.1641173326708 37.868939844392116
5.13497519493103 0.012086868286132812 -917.0059592733251 27.71078178504638
5.162450551986694 0.014580965042114258 -928.6627872233399 39.36760973506125
5.139708995819092 0.011707067489624023 -921.1464565158436 31.851279027564942
5.162212371826172 0.01374506950378418 -916.616740545137 27.32156305685828
5.134754180908203 0.011742115020751953 -938.7142070206544 49.4190295323757
5.146652460098267 0.011982202529907227 -925.8563769203905 36.561199432111835
5.159621238708496 0.014278888702392578 -913.56894478217 24.273767293891297
5.146911144256592 0.011084794998168945 -923.8773277219807 34.58215023370201
5.13360071182251 0.011152982711791992 -923.7155227886623 34.42034530038359
5.127151012420654 0.011768102645874023 -921.4558150788841 32.16063759060546
5.129165887832642 0.011440038681030273 -931.8756365209391 42.58045903266043
5.154215574264526 0.013679981231689453 -926.252896234159 36.957718745880356
5.1304473876953125 0.011148929595947266 -920.403701516293 31.108524028014358
5.13274073600769 0.011141777038574219 -925.230762576098 35.93558508781928
5.154930353164673 0.01357889175415039 -930.5785895132993 41.28341202502065
5.138118743896484 0.011632919311523438 -927.4065654488909 38.111387960612205
5.1277992725372314 0.010936975479125977 -920.9929814870004 31.697803998721724
5.146654844284058 0.011758804321289062 -921.2695851844622 31.97440769618356
5.13235068321228 0.011870861053466797 -923.0317521173356 33.73657462905692
5.139804840087891 0.011893987655639648 -919.9069427142467 30.611765225968043
5.133896112442017 0.01172494888305664 -922.7535566335582 33.45837914527954
5.168115139007568 0.012349843978881836 -920.6958244282625 31.400646939983858
5.14190936088562 0.012097835540771484 -926.380209046303 37.0850315580243
5.139373064041138 0.011818885803222656 -916.2301277306742 26.93495024239553
5.137861490249634 0.012099027633666992 -919.2092378548165 29.914060366537797
5.136739253997803 0.012042045593261719 -917.3891774720046 28.093999983725894
5.150300741195679 0.011500120162963867 -936.1221474371489 46.826969948870214
5.135971546173096 0.012542009353637695 -924.6900557495369 35.394878261258214
5.13188624382019 0.011631011962890625 -923.1321738952518 33.83699640697307
5.132614850997925 0.011987924575805664 -924.4130379312872 35.11786044300857
5.139657497406006 0.012431859970092773 -925.6118636650374 36.31668617675871
5.144219398498535 0.012578010559082031 -923.3968664599654 34.10168897168671
5.14239239692688 0.012686967849731445 -922.4629830500598 33.167805561781165
5.1678478717803955 0.012135982513427734 -925.7013939640126 36.40621647573391
5.131171464920044 0.011245012283325195 -934.9949153679336 45.69973787965489
5.1399760246276855 0.01161503791809082 -915.9376438388683 26.642466350589643
5.13165283203125 0.011675834655761719 -925.4611697434318 36.16599225515313
5.155300855636597 0.011478900909423828 -925.0055594783267 35.71038199004806
5.136739492416382 0.011810064315795898 -918.8173485689887 29.522171080709995
5.133038282394409 0.012092113494873047 -927.9193965814025 38.62421909312377
5.126562833786011 0.011284112930297852 -922.9851936336838 33.69001614540514
5.133655071258545 0.011590957641601562 -925.0705232092978 35.77534572101911
5.150976657867432 0.012089014053344727 -927.3752149859665 38.08003749768784
5.131925344467163 0.012135982513427734 -929.6545135843464 40.35933609606775
5.130259275436401 0.011731863021850586 -913.7941993697663 24.49902188148758
5.133290529251099 0.012407064437866211 -924.3268480318116 35.03167054353287
5.143291473388672 0.01265096664428711 -927.7876121856065 38.49243469732778
5.155473947525024 0.013720035552978516 -921.9612859881688 32.66610849989013
5.160406827926636 0.011595964431762695 -916.7919805253164 27.496803037037694
5.138227462768555 0.011750936508178711 -920.726405351479 31.43122786320032
5.138080358505249 0.011782169342041016 -927.3192994857293 38.02412199745061
5.1585853099823 0.011518001556396484 -922.6187091840263 33.32353169574765
5.13174033164978 0.011358976364135742 -925.0495446367783 35.75436714849957
5.143327951431274 0.011374950408935547 -919.5669392053605 30.27176171708186
5.128740072250366 0.0117340087890625 -915.2363561640432 25.94117867576449
5.135125398635864 0.011905908584594727 -922.8548150823615 33.5596375940828
5.1391003131866455 0.011836051940917969 -926.0197105277628 36.72453303948407
5.137040138244629 0.01182699203491211 -915.8913721207042 26.596194632425522
5.139564752578735 0.012132883071899414 -927.0960018439866 37.80082435570796
5.159191370010376 0.013211965560913086 -923.1702667876755 33.87508929939679
5.1381871700286865 0.011928081512451172 -923.0753617036978 33.780184215419126
5.1386919021606445 0.012164115905761719 -924.7400374936881 35.444860005409396
5.141378164291382 0.012276887893676758 -920.27173654677 30.97655905849126
5.145765066146851 0.012674093246459961 -930.2671852863101 40.97200779803143
5.1426849365234375 0.014808893203735352 -920.7181537947476 31.422976306468968
5.151498079299927 0.012346029281616211 -930.9878475853895 41.69267009711086
5.137693166732788 0.01215505599975586 -919.6289519567968 30.333774468518072
5.160420656204224 0.012753009796142578 -921.1442068595845 31.849029371305846
5.133461952209473 0.012247085571289062 -926.1955695885749 36.900392100296244
5.140294313430786 0.011755943298339844 -928.9988616702481 39.70368418196938
5.15549898147583 0.01147007942199707 -928.072303789584 38.777126301305316
5.134467840194702 0.011677026748657227 -915.1812234097977 25.886045921518985
5.141996383666992 0.01524209976196289 -922.999003586184 33.703826097905335
5.133069276809692 0.011944770812988281 -919.7130289090815 30.417851420802776
5.144473314285278 0.011609792709350586 -925.4011355568578 36.10595806857907
5.155895233154297 0.01432180404663086 -926.6125264337554 37.31734894547674
5.138344049453735 0.011348962783813477 -926.3812454663863 37.08606797810762
5.128798007965088 0.011866092681884766 -922.9820367827634 33.68685929448475
5.136731863021851 0.01137685775756836 -924.226841198685 34.93166371040627
5.1380391120910645 0.012243986129760742 -919.5162005446387 30.221023056359968
5.173175573348999 0.013830184936523438 -933.5084682211459 44.21329073286722
5.152577877044678 0.011746883392333984 -933.0254980006749 43.73032051239625
5.130302429199219 0.011747121810913086 -922.5516565805517 33.256479092273025
5.137392997741699 0.012360811233520508 -932.5889928129386 43.29381532465993
5.133031368255615 0.01129007339477539 -933.042737096327 43.74755960804828
5.156951904296875 0.013839960098266602 -916.9610809127076 27.66590342442896
5.144463300704956 0.011492013931274414 -921.9300253405413 32.634847852262624
5.133775234222412 0.01208186149597168 -936.9373925422772 47.642215053998484
5.134412527084351 0.011831045150756836 -918.0806911938796 28.78551370560092
5.133065700531006 0.01159214973449707 -923.7545387747787 34.459361286499984
5.136368751525879 0.011761903762817383 -924.9060912191617 35.610913730883
