5.134469747543335 0.014971017837524414 -886.195070796481 65.44822286287956
5.128373861312866 0.011475086212158203 -881.3485005693938 60.601652635792334
5.132331848144531 0.013555049896240234 -881.0743244904071 60.327476556805664
5.142124652862549 0.013763189315795898 -876.4295740589405 55.68272612533906
5.13204288482666 0.011427879333496094 -885.0722415430992 64.32539360949772
5.129164218902588 0.011287927627563477 -879.2953723990736 58.548524465472155
5.132436990737915 0.01321101188659668 -881.8340750293947 61.08722709579331
5.146734714508057 0.010738134384155273 -885.9830999928059 65.2362520592045
5.133242130279541 0.01148080825805664 -887.8762261624199 67.1293782288185
5.131073713302612 0.011476993560791016 -885.6501149982071 64.90326706460564
5.13386082649231 0.011297941207885742 -881.579528920075 60.83268098647352
5.133710145950317 0.011277914047241211 -882.8720099213039 62.12516198770243
5.128432035446167 0.011066913604736328 -881.3653309233009 60.61848298969949
5.1326820850372314 0.011115074157714844 -893.1106963994789 72.36384846587748
5.132321119308472 0.011088848114013672 -890.2010767249926 69.45422879139119
5.134226560592651 0.010975122451782227 -888.7062433128875 67.9593953792861
5.129442453384399 0.011341094970703125 -876.4731174695429 55.72626953594147
5.141556262969971 0.01165008544921875 -886.2399480085364 65.493100074935
5.154466867446899 0.012026071548461914 -891.9040589600422 71.15721102644079
5.183789491653442 0.014338970184326172 -893.2871540886728 72.54030615507133
5.137754201889038 0.01335597038269043 -878.9997108741087 58.25286294050727
5.147507190704346 0.012027978897094727 -895.6645458231385 74.91769788953707
5.140781402587891 0.012613058090209961 -887.8812742643756 67.1344263307742
5.138385057449341 0.012194156646728516 -880.142927486256 59.396079552654555
5.138777732849121 0.011482954025268555 -895.2968703839235 74.5500224503221
5.137256383895874 0.012373208999633789 -868.7862774136065 48.03942948000508
5.13349175453186 0.011754035949707031 -876.5281233990447 55.78127546544329
5.1334357261657715 0.011931896209716797 -876.4328798606194 55.68603192701801
5.154576063156128 0.011811017990112305 -876.7925282512538 56.04568031765234
5.151743173599243 0.011294126510620117 -879.219885005422 58.47303707182061
5.158325910568237 0.013899803161621094 -884.0064453191671 63.25959738556571
5.142866134643555 0.012557029724121094 -890.1649611774246 69.4181132438232
5.140672922134399 0.012597084045410156 -876.8408557981339 56.0940078645325
5.135187864303589 0.012098073959350586 -885.7100169334219 64.96316899982048
5.1410417556762695 0.012637853622436523 -874.7491174242434 54.00226949064199
5.155145645141602 0.013650894165039062 -879.3653272394829 58.618479305881465
5.141017436981201 0.011538982391357422 -890.0256000817712 69.27875214816981
5.137019634246826 0.011796951293945312 -885.7621726264044 65.015324692803
5.139494895935059 0.011482954025268555 -885.3885723046146 64.6417243710132
5.144324541091919 0.01282191276550293 -892.5578603678257 71.81101243422427
5.164650917053223 0.01317286491394043 -891.9564957920045 71.20964785840306
5.1372199058532715 0.011510133743286133 -880.8482322267237 60.10138429312224
5.142266035079956 0.011881828308105469 -883.7416608464905 62.994812912889074
5.2046403884887695 0.012985944747924805 -891.526053494616 70.77920556101458
5.1479246616363525 0.014008045196533203 -881.1076187747042 60.36077084110275
5.15323281288147 0.015362977981567383 -882.2585438729186 61.51169593931718
5.1327619552612305 0.011653900146484375 -882.7735212768009 62.02667334319949
5.136353015899658 0.012293100357055664 -897.6112161113517 76.8643681777503
5.145642042160034 0.01566600799560547 -885.5534835141233 64.80663558052186
5.171138048171997 0.015538215637207031 -890.7176430853024 69.97079515170094
5.147589445114136 0.011774063110351562 -877.9268209284919 57.17997299489048
5.160210371017456 0.012529850006103516 -875.2352907492896 54.48844281568813
5.145124197006226 0.013550043106079102 -881.4212615832423 60.67441364964088
5.146754503250122 0.013528108596801758 -878.1595467371453 57.41269880354389
5.147873640060425 0.012022972106933594 -882.6240320438588 61.87718411025742
5.158411979675293 0.016891956329345703 -876.6736770681712 55.92682913456974
5.149274826049805 0.013484001159667969 -885.5849076236916 64.83805969009018
5.171128511428833 0.012526988983154297 -885.829647025974 65.08279909237262
5.1503660678863525 0.01322793960571289 -893.8179915437106 73.07114361010917
5.1535325050354 0.01223897933959961 -883.33761211172 62.59076417811855
5.144259691238403 0.011398077011108398 -893.430454698524 72.68360676492262
5.1358678340911865 0.01173090934753418 -878.5834675555525 57.83661962195106
5.166304588317871 0.014641046524047852 -882.871701254337 62.12485332073561
5.135821580886841 0.011394023895263672 -882.3535206006534 61.60667266705195
5.128280878067017 0.010986089706420898 -882.5401961151426 61.793348181541205
5.148173093795776 0.011426925659179688 -891.3638000769652 70.61695214336373
5.147101879119873 0.013462066650390625 -882.3068598524281 61.56001191882672
5.130837678909302 0.01123499870300293 -889.5679940343259 68.82114610072449
5.140923738479614 0.012518882751464844 -886.7133883197134 65.966540386112
5.130304336547852 0.011296987533569336 -879.2614568504218 58.51460891682041
5.1376566886901855 0.012259960174560547 -884.468334481176 63.721486547574614
5.152119874954224 0.01258993148803711 -875.1558267378036 54.40897880420221
5.147912263870239 0.012586116790771484 -885.9422998941835 65.19545196058209
5.1556384563446045 0.014304876327514648 -888.4679798258113 67.72113189220988
5.17379093170166 0.013630151748657227 -878.5443944299416 57.797546496340146
5.1452107429504395 0.01253819465637207 -870.9467231985816 50.199875264980165
5.148091554641724 0.012497901916503906 -885.9884022389117 65.24155430531027
5.172155857086182 0.0153350830078125 -890.2889476165954 69.54209968299392
5.147202968597412 0.0117340087890625 -876.7228043687328 55.975956435131366
5.154757499694824 0.014628171920776367 -890.2220896563156 69.47524172271414
5.150957107543945 0.013427972793579102 -885.4698764006499 64.7230284670485
5.137714862823486 0.011483907699584961 -882.6000836173783 61.853235683776916
5.133844375610352 0.012080907821655273 -890.7138054065898 69.96695747298838
5.12793755531311 0.011902809143066406 -876.1120644481343 55.365216514532904
5.1385321617126465 0.011851072311401367 -882.1253648468919 61.37851691329047
5.155930995941162 0.011649847030639648 -875.7462127654615 54.99936483186002
5.136224746704102 0.015819787979125977 -879.5471643039346 58.80031637033312
5.147527694702148 0.012099981307983398 -874.2679776910492 53.52112975744774
5.173007488250732 0.013626813888549805 -883.858497523345 63.11164958974359
5.135124921798706 0.011243104934692383 -885.5068750094364 64.76002707583496
5.137540578842163 0.011395931243896484 -875.263649306606 54.51680137300457
5.136007785797119 0.012326955795288086 -885.9641442272729 65.21729629367144
5.141511678695679 0.011591911315917969 -884.3996069207543 63.65275898715288
5.160057783126831 0.012703895568847656 -884.6360680523837 63.889220118782305
5.133484601974487 0.011787176132202148 -880.2564645675276 59.50961663392616
5.134973764419556 0.011509895324707031 -884.3959656194208 63.64911768581942
5.158864974975586 0.011909961700439453 -882.47371989309 61.72687195948856
5.1458868980407715 0.01320505142211914 -888.2949368761138 67.54808894251232
5.164039850234985 0.014103174209594727 -883.2003021217322 62.45345418813076
5.137361288070679 0.013157129287719727 -885.0233550790574 64.27650714545598
5.135147571563721 0.011626005172729492 -886.870303865539 66.12345593193754
5.127766847610474 0.0117340087890625 -883.8930654633469 63.14621752974551
5.135995388031006 0.011934995651245117 -882.9987324601761 62.25188452657471
5.153609037399292 0.014608144760131836 -883.9149386938528 63.1680907602514
5.134231090545654 0.011720895767211914 -888.6493543632421 67.90250642964065
5.137258529663086 0.01182413101196289 -894.7005550037634 73.95370707016195
5.159381866455078 0.011699914932250977 -888.0318287743618 67.28498084076034
5.165483236312866 0.012345075607299805 -892.1005489077036 71.35370097410214
5.135035276412964 0.01184988021850586 -891.7862951612931 71.03944722769165
5.128694295883179 0.011645078659057617 -878.4418238241515 57.69497589055004
5.161510944366455 0.015316963195800781 -869.5539777924349 48.80712985883349
5.14449667930603 0.011826038360595703 -883.004338066175 62.257490132573594
5.166531801223755 0.012295007705688477 -887.2661815031709 66.51933356956943
5.136768341064453 0.011534929275512695 -879.8650408712506 59.118192937649155
5.13469386100769 0.01162099838256836 -884.1630118082104 63.41616387460897
5.131580352783203 0.011694908142089844 -896.9681229343778 76.22127500077636
5.130924701690674 0.011591911315917969 -893.8437575174257 73.0969095838243
5.18147087097168 0.015625 -882.7501317487006 62.00328381509917
5.192447662353516 0.016358137130737305 -890.7676629172419 70.02081498364043
5.178082227706909 0.014047861099243164 -881.9660501246058 61.21920219100434
5.139739274978638 0.011754035949707031 -882.0046199391281 61.257772005526704
5.14639687538147 0.013144969940185547 -880.3177909330817 59.57094299948028
5.167317628860474 0.01463007926940918 -886.6956283410259 65.94878040742447
5.158957004547119 0.013750076293945312 -880.4607176880813 59.7138697544799
5.152024507522583 0.014105081558227539 -878.6574080583587 57.91056012475724
5.146616458892822 0.011208057403564453 -894.6179614775087 73.87111354390731
5.18623948097229 0.017784833908081055 -881.3142513225789 60.56740338897748
5.169998645782471 0.014101028442382812 -890.7245107015281 69.97766276792663
5.166266918182373 0.013993024826049805 -876.9303647396296 56.18351680602814
5.182557582855225 0.013862848281860352 -886.4911988373535 65.74435090375209
5.164179801940918 0.015364885330200195 -880.7890153112626 60.042167377661144
5.160897493362427 0.01681995391845703 -884.5535043798186 63.806656446217175
5.162683486938477 0.014416933059692383 -883.9545847507413 63.2077368171399
5.145357847213745 0.011831998825073242 -898.0308407022017 77.28399276860023
5.143937110900879 0.012684106826782227 -882.5540358466425 61.80718791304105
5.146061658859253 0.014894962310791016 -886.7278554753673 65.98100754176585
5.145445823669434 0.012583017349243164 -894.7814364723795 74.03458853877805
5.143383264541626 0.012450933456420898 -886.1622610893032 65.4154131557018
5.152572393417358 0.013077974319458008 -887.2665176796208 66.51966974601942
5.140331029891968 0.013152122497558594 -885.7100373900585 64.96318945645703
5.170120477676392 0.011974096298217773 -887.895269624744 67.14842169114252
5.141040325164795 0.012178897857666016 -880.3202789478744 59.573431014272956
5.135291576385498 0.011451005935668945 -881.1862430972399 60.43939516363844
5.13670539855957 0.01203012466430664 -889.47095280128 68.72410486767853
5.142715692520142 0.012616872787475586 -886.7992550794129 66.05240714581146
5.1466193199157715 0.012792110443115234 -892.4519216968265 71.70507376322507
5.167359352111816 0.014605045318603516 -879.6770455871034 58.93019765350198
5.134783506393433 0.011761188507080078 -881.6815504666492 60.93470253304781
5.126651048660278 0.011395931243896484 -897.2023272782633 76.45547934466185
5.136601686477661 0.011800050735473633 -879.9597515202189 59.21290358661747
5.130323648452759 0.011214017868041992 -882.8513111646453 62.10446323104384
5.1706178188323975 0.011658906936645508 -884.7028143476402 63.95596641403881
5.130090713500977 0.011293888092041016 -874.3918450564718 53.644997122870336
5.1320881843566895 0.011899948120117188 -882.9459877510915 62.19913981749005
5.133907079696655 0.01126718521118164 -874.0337788535486 53.28693091994717
5.133969783782959 0.011383056640625 -882.7540230522699 62.00717511866844
5.137255430221558 0.012717008590698242 -874.7217343448056 53.974886411204125
5.138427734375 0.011606931686401367 -886.0985718722918 65.35172393869038
5.14939546585083 0.013070106506347656 -885.6996567068645 64.95280877326309
5.14017915725708 0.012286901473999023 -883.5630060531951 62.81615811959364
5.159817934036255 0.013919830322265625 -891.6886570126344 70.94180907903296
5.132798433303833 0.01149892807006836 -889.3875522063621 68.64070427276067
5.1586785316467285 0.011584043502807617 -883.327426154752 62.58057822115052
5.1438446044921875 0.013135910034179688 -880.9365500681562 60.18970213455475
5.159513473510742 0.014631032943725586 -887.1370223535683 66.39017441996691
5.159965753555298 0.013849020004272461 -891.2740236906807 70.52717575707925
5.157428503036499 0.015192985534667969 -885.3099487594069 64.56310082580546
5.141881942749023 0.013926982879638672 -884.9199566889279 64.17310875532644
5.155264616012573 0.014266014099121094 -889.2201991692457 68.47335123564426
5.159924745559692 0.014000177383422852 -879.5076514971431 58.760803563541685
5.145499229431152 0.012840986251831055 -885.389287723286 64.64243978968454
5.139279842376709 0.011565923690795898 -884.0367302666989 63.28988233309747
5.1607301235198975 0.014990091323852539 -880.5009123137958 59.754064380194336
5.1665589809417725 0.012190103530883789 -881.8448098946722 61.09796196107072
5.153633117675781 0.013599157333374023 -879.8277962147583 59.08094828115691
5.154473304748535 0.013550996780395508 -884.4768060059185 63.72995807231712
5.154369115829468 0.01202392578125 -898.5795784654022 77.83273053180073
5.141147136688232 0.011288881301879883 -889.598869773233 68.85202183963156
5.136373281478882 0.014935970306396484 -886.3667943130322 65.61994637943076
5.138048887252808 0.011494159698486328 -881.0480923199016 60.30124438630014
5.13830828666687 0.011484146118164062 -887.4292971222026 66.68244918860114
5.15283989906311 0.013566970825195312 -884.1275822543955 63.38073432079409
5.1434643268585205 0.013390064239501953 -882.9762909326262 62.22944299902474
5.134081125259399 0.011845111846923828 -888.7275637036735 67.98071577007204
5.157462120056152 0.012845993041992188 -887.1525633808823 66.40571544728084
5.134326934814453 0.011905908584594727 -877.9369955236583 57.19014759005688
5.180218696594238 0.01596212387084961 -886.6000057799307 65.85315784632928
5.132707118988037 0.012063026428222656 -875.7849154658634 55.03806753226195
5.126988887786865 0.011036872863769531 -893.4516023689132 72.70475443531177
5.157970905303955 0.012868881225585938 -891.4534549005448 70.70660696694335
5.154452085494995 0.012704133987426758 -876.2454894877955 55.49864155419402
5.150541305541992 0.015285968780517578 -877.1453801462145 56.39853221261308
5.154448747634888 0.013107061386108398 -886.4905333305304 65.74368539692898
5.155651092529297 0.012832164764404297 -891.8841991253795 71.13735119177807
5.149998426437378 0.013995885848999023 -888.4885146856852 67.7416667520838
5.155447959899902 0.012550830841064453 -893.5730490632416 72.82620112964014
5.134907960891724 0.012853145599365234 -896.9671933667689 76.2203454331675
5.152944564819336 0.013072013854980469 -882.8408864314706 62.09403849786918
5.13861608505249 0.014508962631225586 -890.5811921124464 69.83434417884496
5.138023376464844 0.012231826782226562 -876.0510951228175 55.304247189216085
