5.14274001121521 0.012330055236816406 -968.7082722004459 70.25858330901542
5.143237113952637 0.013803958892822266 -987.6907335836568 89.2410446922263
5.14108419418335 0.011871814727783203 -969.5210391119838 71.07135022055331
5.156380653381348 0.011986970901489258 -966.1339526092163 67.68426371778583
5.14406418800354 0.012607097625732422 -971.6013368719953 73.1516479805648
5.13711142539978 0.01176595687866211 -966.6575161567282 68.20782726529774
5.1450889110565186 0.012404918670654297 -967.0573977226296 68.60770883119915
5.139438629150391 0.012534856796264648 -974.5254783336771 76.07578944224667
5.139695405960083 0.01345205307006836 -972.3862579042454 73.93656901281497
5.140148401260376 0.012485980987548828 -970.0020138820303 71.5523249905998
5.141730546951294 0.011810064315795898 -968.6532326738221 70.20354378239165
5.147240400314331 0.013252973556518555 -961.6518276417437 63.202138750313225
5.1373209953308105 0.011924028396606445 -965.7117923463107 67.26210345488028
5.137431859970093 0.012331008911132812 -954.6553551488175 56.205666257387065
5.161538124084473 0.011762857437133789 -963.3007845024445 64.85109561101399
5.152512788772583 0.018891096115112305 -961.9479295259736 63.498240634543095
5.134843349456787 0.01149296760559082 -964.3156405783014 65.86595168687097
5.141939163208008 0.012389183044433594 -970.5911336117372 72.14144472030671
5.145335674285889 0.012713193893432617 -972.1986210273151 73.74893213588462
5.151916027069092 0.012173891067504883 -960.2555202906575 61.80583139922703
5.15120267868042 0.013016939163208008 -966.8269526104701 68.37726371903966
5.146628379821777 0.012935876846313477 -957.883088284092 59.4333993926615
5.149307727813721 0.013135910034179688 -964.0183914078746 65.56870251644409
5.147143125534058 0.012964963912963867 -960.7380027424167 62.28831385098624
5.145344495773315 0.013315916061401367 -958.8627957117283 60.4131068202978
5.164519786834717 0.014369010925292969 -953.641118159805 55.19142926837458
5.143632173538208 0.01248311996459961 -970.1099652617581 71.66027637032767
5.143231630325317 0.01241302490234375 -959.3370338474556 60.88734495602512
5.144137382507324 0.012164115905761719 -961.1094853114668 62.65979642003629
5.140402317047119 0.013966083526611328 -952.1223601464552 53.67267125502474
5.142353534698486 0.01257777214050293 -960.491865329721 62.04217643829054
5.135997772216797 0.011875152587890625 -970.1292905016251 71.6796016101946
5.154516220092773 0.012260913848876953 -960.851287485541 62.40159859411051
5.140777826309204 0.01187586784362793 -966.7085521362658 68.25886324483531
5.1417248249053955 0.012323141098022461 -978.1471483046279 79.69745941319741
5.136092662811279 0.011727094650268555 -970.5432835975159 72.09359470608547
5.159757852554321 0.012731790542602539 -962.7980665922888 64.34837770085835
5.137937545776367 0.012419939041137695 -958.2514692027927 59.80178031136222
5.147237539291382 0.012164115905761719 -972.540947641801 74.09125875037057
5.152084589004517 0.015032052993774414 -969.3107079785941 70.86101908716364
5.147553205490112 0.012552976608276367 -963.9576864221499 65.50799753071942
5.145982503890991 0.013489007949829102 -964.1438016796253 65.69411278819484
5.135661363601685 0.011972904205322266 -966.8421607961784 68.39247190474794
5.142095327377319 0.012417078018188477 -955.75633293619 57.30664404475954
5.139404058456421 0.012189865112304688 -958.2954839322483 59.84579504081785
5.145073175430298 0.014811992645263672 -970.9033031676811 72.45361427625062
5.163757562637329 0.014286994934082031 -973.0829918582824 74.63330296685194
5.164764404296875 0.013675928115844727 -967.495655527156 69.04596663572556
5.140502214431763 0.012480974197387695 -968.9793336728985 70.52964478146805
5.145182132720947 0.012552976608276367 -963.4275925170298 64.97790362559931
5.1465744972229 0.01235198974609375 -964.138188654884 65.68849976345348
5.168469667434692 0.014848947525024414 -959.7400622328196 61.29037334138911
5.144795179367065 0.01269078254699707 -966.9101729465747 68.4604840551442
5.144290208816528 0.012438058853149414 -954.943997194061 56.49430830263054
5.1411848068237305 0.012940168380737305 -984.394115618772 85.94442672734158
5.154176950454712 0.014693021774291992 -962.4189009616114 63.9692120701809
5.161830186843872 0.015362977981567383 -969.3402583835016 70.89056949207111
5.142913103103638 0.012588977813720703 -969.3387209198066 70.88903202837616
5.162021636962891 0.014224052429199219 -970.1137052929246 71.66401640149411
5.145727157592773 0.013047218322753906 -955.6991530341404 57.24946414270994
5.137191295623779 0.011543035507202148 -954.8607512332773 56.41106234184679
5.137462854385376 0.011816978454589844 -953.3334165838598 54.883727692429375
5.143526554107666 0.012311220169067383 -958.9480470233111 60.49835813188065
5.1385719776153564 0.012115955352783203 -960.6578095317391 62.20812064030861
5.139607191085815 0.012181997299194336 -963.4540911710023 65.00440227957188
5.14316987991333 0.012593984603881836 -965.4144921374349 66.96480324600441
5.14567232131958 0.013031959533691406 -959.7771397492586 61.327450857828126
5.141721487045288 0.01342010498046875 -970.4853948645293 72.03570597309886
5.140061616897583 0.011996030807495117 -960.7802300234516 62.33054113202115
5.143794298171997 0.011866092681884766 -959.6470297966816 61.19734090525117
5.1504600048065186 0.01200413703918457 -970.0064691781484 71.55678028671798
5.131377220153809 0.012330055236816406 -959.8946145143289 61.44492562289838
5.130938291549683 0.01182699203491211 -971.1197378304569 72.6700489390264
5.146494626998901 0.011937856674194336 -972.7536100352952 74.30392114386473
5.136945486068726 0.012139081954956055 -968.7809482593573 70.3312593679268
5.133113145828247 0.011707067489624023 -967.983755705384 69.53406681395359
5.193255186080933 0.013230085372924805 -966.9574694105672 68.50778051913676
5.151827573776245 0.013228893280029297 -962.7002252171449 64.25053632571439
5.145166635513306 0.012835979461669922 -967.4787148003647 69.02902590893427
5.144796133041382 0.012310981750488281 -971.5299691372783 73.0802802458478
5.142444610595703 0.0126190185546875 -972.3572888413537 73.90759994992322
5.163504123687744 0.013009071350097656 -968.2437070564126 69.79401816498216
5.142541885375977 0.01291203498840332 -961.9723690602945 63.522680168863985
5.148578882217407 0.01239013671875 -969.3405594104107 70.89087051898025
5.153177261352539 0.01239919662475586 -962.4909913738776 64.04130248244712
5.140379905700684 0.012974023818969727 -977.6011715736216 79.15148268219116
5.146686553955078 0.013018131256103516 -946.4673695509091 48.01768065947863
5.145155668258667 0.012128829956054688 -961.2839103936985 62.834221502268065
5.148112773895264 0.012198209762573242 -962.1816134057686 63.731924514338175
5.14214015007019 0.0126190185546875 -973.4244383753543 74.9747494839238
5.141605854034424 0.013695001602172852 -978.8671802901135 80.41749139868307
5.151577711105347 0.01329803466796875 -959.199126209835 60.74943731840449
5.16600775718689 0.01283884048461914 -964.4169392743004 65.9672503828699
5.150719881057739 0.013050079345703125 -971.8844856288912 73.43479673746072
5.145496129989624 0.013180017471313477 -972.143656789558 73.69396789812754
5.156763553619385 0.014930963516235352 -961.5918231244741 63.142134233043635
5.145497560501099 0.013154983520507812 -955.65534703321 57.20565814177951
5.1478211879730225 0.012979984283447266 -976.2237260383733 77.77403714694287
5.145480155944824 0.013317108154296875 -969.1291467825645 70.679457891134
5.14464259147644 0.012581110000610352 -964.7303203552513 66.28063146382078
5.151359796524048 0.013234853744506836 -961.2507632083531 62.80107431692261
5.144708871841431 0.012755155563354492 -964.580032147248 66.13034325581748
5.150170803070068 0.012542963027954102 -964.8566326905425 66.40694379911201
5.161425828933716 0.013053178787231445 -957.1229108587836 58.67322196735313
5.148471117019653 0.012567996978759766 -958.9371655594846 60.487476668054114
5.14324426651001 0.012379169464111328 -963.9583642882853 65.50867539685487
5.144384860992432 0.012542963027954102 -971.6815055164275 73.23181662499701
5.148106813430786 0.012542963027954102 -982.1727185948735 83.72302970344299
5.149219989776611 0.01236581802368164 -958.8728579879923 60.42316909656188
5.149620771408081 0.0127410888671875 -972.6688090504803 74.2191201590498
5.1470911502838135 0.012974023818969727 -962.964456415526 64.51476752409553
5.143913507461548 0.012547016143798828 -975.6114903552101 77.16180146377963
5.148107528686523 0.012470006942749023 -972.7127808423738 74.26309195094336
5.150284290313721 0.015804052352905273 -960.6732963376662 62.22360744623575
5.1689441204071045 0.013503789901733398 -960.3364265254532 61.88673763402278
5.13833475112915 0.012353181838989258 -964.7478364155405 66.29814752411005
5.1411120891571045 0.011842012405395508 -963.4980405510971 65.04835165966665
5.160627841949463 0.014904975891113281 -965.8823597000699 67.43267080863939
5.13773775100708 0.012339115142822266 -963.7412332619867 65.29154437055627
5.140415668487549 0.01225900650024414 -959.9599746406061 61.51028574917564
5.149641513824463 0.012429952621459961 -960.6756069003907 62.22591800896021
5.145341873168945 0.012109994888305664 -954.0813866513755 55.63169775994504
5.164065599441528 0.014806985855102539 -960.6487888382628 62.19909994683235
5.138571500778198 0.012484073638916016 -966.6563405904535 68.20665169902304
5.135286331176758 0.011868953704833984 -977.9703223785384 79.52063348710794
5.157594203948975 0.011723041534423828 -962.608025771885 64.1583368804545
5.134746313095093 0.012301921844482422 -965.2569989144215 66.80731002299103
5.167180776596069 0.014567852020263672 -961.0611431057267 62.61145421429626
5.153596878051758 0.012732982635498047 -954.4404096370099 55.99072074557944
5.149418115615845 0.012616872787475586 -960.2724772989449 61.822788407514395
5.148360729217529 0.012320995330810547 -959.0850504489072 60.6353615574767
5.145356893539429 0.012523889541625977 -969.1342397707632 70.68455087933273
5.145547389984131 0.012865066528320312 -974.9301696054458 76.48048071401536
5.143707990646362 0.0124969482421875 -974.1685219850556 75.71883309362511
5.144050121307373 0.01273488998413086 -961.7064808807337 63.256791989303224
5.138787508010864 0.012295961380004883 -973.7008625952244 75.25117370379394
5.161067485809326 0.01200413703918457 -963.8321906741512 65.38250178272074
5.134412050247192 0.012476921081542969 -968.9464988326179 70.4968099411874
5.143953323364258 0.012111902236938477 -963.3421475499815 64.89245865855105
5.139876842498779 0.011821985244750977 -961.0160142574271 62.56632536599659
5.137781858444214 0.012464046478271484 -960.2171718843485 61.767482992918076
5.141511917114258 0.012001991271972656 -962.1106936078156 63.66100471638515
5.14004373550415 0.012931108474731445 -969.1981282349641 70.74843934353362
5.141486167907715 0.013000011444091797 -963.8610383398911 65.41134944846067
5.142576694488525 0.012418031692504883 -971.895949071449 73.4462601800185
5.135763168334961 0.01233816146850586 -975.1187824272904 76.66909353585993
5.138749361038208 0.012489080429077148 -968.9366544562467 70.48696556481627
5.158094882965088 0.012068033218383789 -964.990640340625 66.5409514491945
5.147940158843994 0.012392997741699219 -972.2518656374677 73.80217674603728
5.139885187149048 0.012082815170288086 -969.8659592407528 71.4162703493223
5.135535478591919 0.012089014053344727 -971.1426735506259 72.69298465919542
5.1380791664123535 0.011883974075317383 -967.346881166686 68.89719227525552
5.136298656463623 0.012041091918945312 -968.9912142836612 70.54152539223071
5.142509937286377 0.011766910552978516 -960.4572981192291 62.00760922779864
5.133119821548462 0.012319803237915039 -961.1314841983492 62.68179530691873
5.1404032707214355 0.012008905410766602 -964.6213953799152 66.17170648848469
5.141448497772217 0.01205897331237793 -960.7469650903158 62.297276198885356
5.141431093215942 0.012151002883911133 -970.2946233891005 71.84493449767001
5.153120756149292 0.012690067291259766 -966.3172004928153 67.86751160138488
5.136061191558838 0.011932849884033203 -963.3863395045707 64.93665061314027
5.1332762241363525 0.012044906616210938 -980.3964824464948 81.94679355506435
5.141071796417236 0.011918067932128906 -953.1120593436203 54.66237045218986
5.140880346298218 0.011970996856689453 -971.8334866316527 73.38379774022224
5.142972946166992 0.012827157974243164 -971.0454328967505 72.59574400532006
5.144817113876343 0.012661933898925781 -956.8900716898045 58.440382798374
5.142744064331055 0.012370109558105469 -968.8809504330566 70.4312615416261
5.142813682556152 0.01262807846069336 -970.6977805728823 72.2480916814518
5.13989520072937 0.013110160827636719 -962.4948690215931 64.04518013016263
5.144615173339844 0.01219487190246582 -964.7356580614994 66.28596917006894
5.168652772903442 0.015640974044799805 -956.1556811407286 57.705992249298106
5.143123149871826 0.01301884651184082 -969.972738020376 71.52304912894556
5.143068313598633 0.012659072875976562 -966.6735897524106 68.22390086098017
5.139848709106445 0.012499809265136719 -975.4733962671228 77.02370737569231
5.141290664672852 0.012791156768798828 -963.7762108987436 65.32652200731309
5.139201879501343 0.012556076049804688 -949.6421177398324 51.19242884840196
5.1464762687683105 0.012339115142822266 -963.5541453663533 65.10445647492281
5.14040470123291 0.012161016464233398 -970.0110288524281 71.56133996099766
5.141392707824707 0.014611959457397461 -958.5210900824918 60.07140119106134
5.138932228088379 0.012514114379882812 -959.5480767699682 61.09838787853778
5.1438889503479 0.012851953506469727 -974.8566863713339 76.40699747990345
5.159818410873413 0.01430821418762207 -964.7156302127628 66.26594132133232
5.143592834472656 0.011845111846923828 -963.0369223549292 64.5872334634987
5.139239311218262 0.01270604133605957 -958.2957824838724 59.84609359244189
5.142282009124756 0.012415170669555664 -964.4861044934726 66.0364156020421
5.1430535316467285 0.012871026992797852 -970.9885360269187 72.53884713548825
5.148454904556274 0.01306605339050293 -958.9411033816523 60.491414490221814
5.145536661148071 0.012875080108642578 -964.3251955223791 65.87550663094862
5.145134687423706 0.013308048248291016 -964.8429542187973 66.39326532736686
5.145516395568848 0.012686967849731445 -965.4802983712112 67.03060947978076
5.142967462539673 0.012629032135009766 -964.6208149027057 66.17112601127519
5.141264200210571 0.012611865997314453 -972.6816674859199 74.23197859448942
5.159923553466797 0.01386117935180664 -955.5064828922235 57.05679400079305
5.141559600830078 0.012748003005981445 -965.8348768642486 67.38518797281813
5.1426050662994385 0.012387990951538086 -976.2313908527553 77.78170196132487
5.152630805969238 0.013177156448364258 -971.1112800636317 72.66159117220127
5.149723052978516 0.013231992721557617 -970.4991723283124 72.04948343688193
5.152192115783691 0.013298988342285156 -968.2786626852687 69.82897379383826
5.145862579345703 0.014121055603027344 -965.4961492687644 67.04646037733391
5.147897720336914 0.012429952621459961 -957.2808509538893 58.831162062458816
5.1424901485443115 0.012286901473999023 -965.4504198479286 67.00073095649816
