5.131663084030151 0.011306047439575195 -901.6271664453125 21.795832305425165
5.146321058273315 0.01100015640258789 -901.998544175601 22.16721003571365
5.135173320770264 0.010946989059448242 -911.5188574640529 31.687523324165568
5.129432201385498 0.011808156967163086 -900.0765812517252 20.245247111837898
5.126934051513672 0.011183977127075195 -909.8602479297319 30.028913789844637
5.128954648971558 0.011261940002441406 -895.6967988275561 15.865464687668805
5.130762815475464 0.013338804244995117 -906.9863223270543 27.154988187166964
5.127575635910034 0.01178288459777832 -910.2513310365362 30.419996896648854
5.143251419067383 0.011381149291992188 -900.6980525766414 20.866718436754127
5.134174585342407 0.011409997940063477 -900.31469945301 20.483365313122704
5.144007921218872 0.010987043380737305 -906.4982207922058 26.666886652318453
5.1432201862335205 0.011233091354370117 -903.2178990493258 23.386564909438448
5.1445019245147705 0.010644912719726562 -904.8290463289898 24.997712189102458
5.123540163040161 0.011452913284301758 -907.8357669963453 28.00443285645804
5.129414081573486 0.01143503189086914 -907.0884234023408 27.25708926245352
5.127085208892822 0.011606216430664062 -904.4077165597138 24.576382419826473
5.122251272201538 0.011461973190307617 -900.8308306906765 20.999496550789218
5.134388208389282 0.01299285888671875 -902.2501442942012 22.41881015431386
5.146449565887451 0.011245012283325195 -906.6062258777554 26.774891737868074
5.1387739181518555 0.014119863510131836 -906.6662371311529 26.834902991265608
5.134312152862549 0.012515068054199219 -904.2992318099706 24.46789767008329
5.130764961242676 0.013426065444946289 -903.1721175795013 23.34078343961403
5.130622625350952 0.011991024017333984 -908.9987960325068 29.167461892619485
5.149981498718262 0.011908769607543945 -897.4635496621025 17.632215522215233
5.1329734325408936 0.011837005615234375 -900.7014238344299 20.87008969454257
5.128987073898315 0.011358976364135742 -902.9594731279838 23.128138988096453
5.130054473876953 0.01166391372680664 -906.5813003444484 26.749966204561133
5.127502202987671 0.011293888092041016 -903.8308769069195 23.999542767032153
5.13319206237793 0.013046979904174805 -900.4385850514 20.607250911512665
5.132965803146362 0.012341022491455078 -910.6277304932953 30.796396353408
5.129996299743652 0.011273860931396484 -898.2216064188594 18.390272278972134
5.128249645233154 0.011739015579223633 -899.5561448458337 19.724810705946425
5.133517742156982 0.011432886123657227 -904.8746077877634 25.04327364787605
5.1310083866119385 0.011538982391357422 -899.3086353881695 19.477301248282174
5.14858865737915 0.012002944946289062 -905.9994512549381 26.16811711505079
5.126718997955322 0.011328935623168945 -908.6157186265901 28.784384486702834
5.1362457275390625 0.012992143630981445 -907.6158704149153 27.784536275028017
5.130817651748657 0.011656999588012695 -900.8463019295847 21.01496778969738
5.130613327026367 0.011211872100830078 -898.1098356866153 18.278501546727966
5.138728857040405 0.011783838272094727 -897.072215933164 17.240881793276685
5.132482290267944 0.01123499870300293 -902.4393288808499 22.607994740962567
5.131507635116577 0.011406898498535156 -911.1126643845116 31.281330244624314
5.142514228820801 0.01162099838256836 -904.8758135655517 25.04447942566435
5.132887840270996 0.01204991340637207 -900.4486253152169 20.61729117532957
5.126527547836304 0.010236978530883789 -902.3126849546204 22.481350814733105
5.148748874664307 0.013418912887573242 -903.9150161679063 24.083682028018984
5.134836196899414 0.011246919631958008 -901.8626633129136 22.03132917302628
5.152112722396851 0.011100053787231445 -912.0594407885653 32.22810664867802
5.125926971435547 0.011881828308105469 -905.015533922025 25.18419978213774
5.127216577529907 0.011313915252685547 -902.4984283269189 22.66709418703158
5.124861478805542 0.011135101318359375 -904.9804724020943 25.149138262206975
5.127838134765625 0.011394977569580078 -902.1631931069667 22.33185896707937
5.142237901687622 0.013264894485473633 -907.3393391006385 27.508004960751236
5.137054443359375 0.011433124542236328 -901.1763067683338 21.3449726284465
5.140177488327026 0.01437997817993164 -902.6489231986632 22.817589058775866
5.141549587249756 0.01146697998046875 -900.8656390317897 21.034304891902366
5.155218124389648 0.012974977493286133 -898.1934926307283 18.36215849084101
5.135523319244385 0.011716127395629883 -904.5516421246452 24.720307984757937
5.13654899597168 0.011616945266723633 -910.4381769140152 30.606842774127927
5.13582706451416 0.012221097946166992 -902.759335874154 22.928001734266672
5.153319358825684 0.014245033264160156 -900.0331309579632 20.201796818075877
5.1368536949157715 0.014724016189575195 -902.7030317842623 22.87169764437499
5.140298128128052 0.011941909790039062 -904.7464467011177 24.915112561230444
5.135717153549194 0.011929035186767578 -908.2406877478618 28.40935360797448
5.134921073913574 0.012840986251831055 -904.3359264819824 24.504592342095066
5.148623943328857 0.014055967330932617 -908.7709533421721 28.939619202284803
5.138037204742432 0.012133121490478516 -904.475895150051 24.64456101016367
5.141338109970093 0.01081705093383789 -900.8291440851016 20.99780994521427
5.1490325927734375 0.010557889938354492 -902.7743074852863 22.94297334539897
5.128819942474365 0.011424064636230469 -904.9903560545342 25.159021914646928
5.13852596282959 0.01509404182434082 -901.7988982500092 21.967564110121884
5.129923343658447 0.011322975158691406 -899.2920048856145 19.460670745727157
5.12691593170166 0.011430025100708008 -905.7871539869784 25.955819847091107
5.1309814453125 0.011692047119140625 -903.1141904320643 23.28285629217703
5.130553960800171 0.011509895324707031 -906.1418721303968 26.310537990509488
5.127258539199829 0.011587858200073242 -898.8962896403384 19.064955500451106
5.135404825210571 0.01100015640258789 -905.225243075751 25.393908935863692
5.130204200744629 0.011116981506347656 -900.6919735889517 20.860639449064365
5.128910303115845 0.011107921600341797 -903.6034087292978 23.772074589410522
5.146441698074341 0.011257171630859375 -904.5956087512047 24.764274611317433
5.129728317260742 0.013702869415283203 -902.4893920975459 22.65805795765857
5.128570795059204 0.011003971099853516 -900.8308928615227 20.999558721635367
5.127402305603027 0.01125788688659668 -907.1424673084168 27.311133168529523
5.131079196929932 0.012146949768066406 -905.147774034779 25.316439894891687
5.137436628341675 0.012212991714477539 -904.217247338383 24.3859131984957
5.132117748260498 0.012163877487182617 -902.2498354609362 22.418501321048893
5.140080451965332 0.011363983154296875 -901.1333084875203 21.30197434763295
5.1270506381988525 0.011512994766235352 -899.3058968010141 19.47456266112681
5.1275928020477295 0.011235952377319336 -906.105811511176 26.27447737128864
5.129958391189575 0.011009931564331055 -905.6790828647917 25.847748724904363
5.14759087562561 0.011729001998901367 -908.2878356528221 28.45650151293478
5.133239030838013 0.011478185653686523 -905.8650496228842 26.033715482996854
5.12980842590332 0.011775016784667969 -901.5433473077028 21.712013167815485
5.129995346069336 0.011183977127075195 -903.4953035041192 23.66396936423189
5.132774591445923 0.011644840240478516 -909.2189607629573 29.38762662306999
5.1322221755981445 0.011159896850585938 -904.7462355603086 24.9149014204213
5.126944541931152 0.011268854141235352 -901.991291323261 22.15995718337365
5.128819942474365 0.011204957962036133 -908.0275986202203 28.196264480332957
5.12790846824646 0.01134490966796875 -902.8789154770661 23.047581337178826
5.132612228393555 0.011774063110351562 -908.368950936281 28.53761679639365
5.127788543701172 0.011319160461425781 -902.1353152806496 22.30398114076229
5.151527166366577 0.01491999626159668 -900.1167286418645 20.28539450197718
5.127950191497803 0.01135706901550293 -899.5378258488608 19.706491708973545
5.129892587661743 0.012135028839111328 -900.5939275083083 20.762593368420994
5.124652147293091 0.01079106330871582 -900.8365585268937 21.005224387006365
5.125539541244507 0.011502981185913086 -905.1033894166483 25.272055276760966
5.12886643409729 0.013910055160522461 -904.0586894235212 24.22735528363387
5.1371543407440186 0.01152491569519043 -905.1240681512165 25.29273401132923
5.127556562423706 0.011269092559814453 -898.8756524228655 19.044318282978224
5.1270318031311035 0.011137962341308594 -907.3360907790268 27.504756639139487
5.129828214645386 0.011588096618652344 -903.579746055025 23.748411915137694
5.148858547210693 0.010859966278076172 -897.08182511488 17.25049097499266
5.144821643829346 0.0115509033203125 -906.4273199763395 26.5959858364522
5.127695083618164 0.011169910430908203 -904.8747869775134 25.04345283762609
5.132100582122803 0.010977029800415039 -897.4513263886404 17.61999224875308
5.131059408187866 0.013254880905151367 -904.3439791499927 24.512645010105416
5.1485960483551025 0.011223077774047852 -901.3601558013634 21.52882166147606
5.124988079071045 0.011458873748779297 -904.4558541303861 24.62451999049881
5.130257606506348 0.01170206069946289 -901.4521629324499 21.620828792562634
5.134283781051636 0.012931108474731445 -905.7503171632898 25.91898302340246
5.137542963027954 0.012198925018310547 -906.0700983951343 26.23876425524702
5.14627742767334 0.01168513298034668 -904.4102305958835 24.578896455996187
5.139472961425781 0.012627840042114258 -904.7304555133308 24.89912137344345
5.148609638214111 0.010987043380737305 -906.2858063245034 26.454472184616066
5.128168344497681 0.01120901107788086 -909.366695113612 29.535360973724664
5.129802703857422 0.01175999641418457 -908.8678377962292 29.036503656341893
5.136306047439575 0.011973142623901367 -904.6518872120657 24.820553072178427
5.135008811950684 0.012346982955932617 -903.01443974512 23.18310560523264
5.13838791847229 0.012439966201782227 -907.1679200719614 27.33658593207406
5.141229152679443 0.013789892196655273 -900.0550641932232 20.223730053335885
5.137514114379883 0.012423038482666016 -904.1595090675776 24.32817492769027
5.140125036239624 0.011944055557250977 -904.9732191312681 25.141884991380834
5.138294696807861 0.011892080307006836 -904.6803019001021 24.848967760214805
5.13821005821228 0.01215815544128418 -900.5717341732288 20.74040003334153
5.159677028656006 0.012215137481689453 -901.7314346674983 21.900100527611016
5.135520696640015 0.011955976486206055 -912.3784316924275 32.54709755254021
5.129428863525391 0.011622905731201172 -905.5983811635778 25.767047023690452
5.132345676422119 0.011233091354370117 -897.344467466463 17.513133326575712
5.128754615783691 0.011272907257080078 -905.3029449211508 25.471610781263507
5.126036882400513 0.01114511489868164 -907.9734364824242 28.142102342536873
5.12764048576355 0.011330127716064453 -902.4967390509817 22.665404911094356
5.133634567260742 0.011090993881225586 -900.9952706454104 21.16393650552311
5.129333019256592 0.011547088623046875 -896.599871988965 16.76853784907769
5.14038610458374 0.011544942855834961 -904.1211673683574 24.289833228470116
5.130756616592407 0.011670827865600586 -899.2812073166906 19.449873176803294
5.146512985229492 0.01061391830444336 -907.2072141013039 27.375879961416558
5.152445316314697 0.013010978698730469 -904.8424875040247 25.011153364137385
5.129911184310913 0.01482701301574707 -905.5620209190771 25.730686779189796
5.140727758407593 0.01424717903137207 -900.4460407919412 20.614706652053883
5.13511061668396 0.012480974197387695 -902.8652358298206 23.03390168993326
5.134839296340942 0.011670827865600586 -903.6352745128934 23.80394037300607
5.148330926895142 0.013589859008789062 -904.521556594125 24.69022245423764
5.1442787647247314 0.018119096755981445 -903.9666105790993 24.13527643921202
5.139844179153442 0.011980056762695312 -903.4760734880604 23.64473934817306
5.1353514194488525 0.012028932571411133 -902.4303684535687 22.599034313681386
5.139736175537109 0.011628866195678711 -907.9373905197585 28.106056379871234
5.171860694885254 0.013756036758422852 -902.9808720905914 23.149537950704143
5.134007215499878 0.014024972915649414 -903.2106124855818 23.3792783456945
5.124605178833008 0.011178970336914062 -901.4195373106596 21.588203170772317
5.134663343429565 0.011945009231567383 -903.1072676261394 23.275933486252143
5.128137588500977 0.011692047119140625 -909.355760322908 29.52442618302075
5.131572246551514 0.011590003967285156 -904.3616741306502 24.530339990762855
5.128384590148926 0.011236906051635742 -899.579496968008 19.748162828120712
5.1274237632751465 0.010977029800415039 -903.7391229112386 23.907788771351306
5.128645181655884 0.011214017868041992 -905.2291429413513 25.397808801463952
5.131285190582275 0.011169910430908203 -902.4109168736716 22.579582733784264
5.1303582191467285 0.011399984359741211 -907.609001473246 27.77766733335875
5.1530609130859375 0.010896921157836914 -909.1289465215673 29.297612381679983
5.130656719207764 0.011425018310546875 -902.0520592814819 22.220725141594585
5.132746696472168 0.011165857315063477 -905.4983054468903 25.666971307002996
5.127979040145874 0.011139869689941406 -901.9580264918116 22.126692351924248
5.124805212020874 0.010931968688964844 -907.0842023716981 27.252868231810794
5.131880044937134 0.011371135711669922 -901.261183649334 21.42984950944674
5.143978118896484 0.011547088623046875 -905.285422891589 25.454088751701647
5.182780027389526 0.012804985046386719 -906.8278006399171 26.996466500029783
5.133885622024536 0.01229715347290039 -912.7211353547915 32.889801214904196
5.13529896736145 0.01289987564086914 -905.4428143467408 25.611480206853457
5.133952856063843 0.011581897735595703 -898.193070835772 18.3617366958847
5.151103496551514 0.012662887573242188 -908.6697840040736 28.83844986418626
5.1370790004730225 0.011874198913574219 -906.1986589785091 26.367324838621812
5.134703636169434 0.012030839920043945 -904.5348025907908 24.70346845090353
5.135229110717773 0.011857032775878906 -903.2714381561923 23.440104016304986
5.137619495391846 0.012038946151733398 -901.4266316142891 21.595297474401832
5.1394617557525635 0.010926008224487305 -895.4475262430317 15.616192103144385
5.12990665435791 0.011124134063720703 -900.3883261612622 20.556992021374867
5.123740911483765 0.010727882385253906 -908.0034678872412 28.172133747353882
5.146186351776123 0.011384010314941406 -902.6645279426734 22.833193802786127
5.141551494598389 0.01214289665222168 -901.3520181632152 21.52068402332793
5.142660140991211 0.012289047241210938 -898.889277304786 19.05794316489869
5.15327000617981 0.013141870498657227 -894.9198844796098 15.088550339722474
5.135823726654053 0.012745141983032227 -900.7412892880122 20.909955148124936
5.136960029602051 0.011902809143066406 -906.4580375603007 26.626703420413378
5.136430978775024 0.011600017547607422 -907.0444631537844 27.21312901389706
5.135499477386475 0.011227846145629883 -903.9606388767363 24.129304736849008
5.142945766448975 0.011972904205322266 -904.2179739483471 24.38663980845979
5.134143829345703 0.012784957885742188 -903.46864332588 23.63730918599265
5.136403799057007 0.012166023254394531 -899.7216641107512 19.890329970863945
5.136387348175049 0.011732101440429688 -902.0500469660616 22.218712826174283
5.142009496688843 0.011890888214111328 -904.070808435871 24.239474295983655
5.137729644775391 0.012346982955932617 -906.0640884628685 26.232754322981236
