
Gurobi 10.0.1 (linux64) logging started Tue Sep 12 17:06:41 2023

Set parameter LogFile to value "./log/bur26b/bur26b.log"
Set parameter TimeLimit to value 180
Gurobi Optimizer version 10.0.1 build v10.0.1rc0 (linux64)

CPU model: 12th Gen Intel(R) Core(TM) i5-12600KF, instruction set [SSE2|AVX|AVX2]
Thread count: 8 physical cores, 16 logical processors, using up to 16 threads

Optimize a model with 52 rows, 676 columns and 1352 nonzeros
Model fingerprint: 0x1bdce002
Model has 196300 quadratic objective terms
Variable types: 0 continuous, 676 integer (676 binary)
Coefficient statistics:
  Matrix range     [1e+00, 1e+00]
  Objective range  [0e+00, 0e+00]
  QObjective range [7e+01, 7e+05]
  Bounds range     [1e+00, 1e+00]
  RHS range        [1e+00, 1e+00]
Found heuristic solution: objective 4347438.0000
Presolve time: 1.74s
Presolved: 52 rows, 676 columns, 1352 nonzeros
Presolved model has 196456 quadratic objective terms
Variable types: 0 continuous, 676 integer (676 binary)

Root relaxation: objective -4.925585e+07, 741 iterations, 0.30 seconds (0.62 work units)

    Nodes    |    Current Node    |     Objective Bounds      |     Work
 Expl Unexpl |  Obj  Depth IntInf | Incumbent    BestBd   Gap | It/Node Time

H    0     0                    4188428.0000    0.00000   100%     -    2s
H    0     0                    4155115.0000    0.00000   100%     -    2s
H    0     0                    4148730.0000    0.00000   100%     -    2s
     0     0 87801.0000    0  625 4148730.00 87801.0000  97.9%     -    2s
H    0     0                    4127073.0000 87801.0000  97.9%     -    2s
H    0     0                    4039740.0000 87801.0000  97.8%     -    2s
     0     0 87801.0000    0  625 4039740.00 87801.0000  97.8%     -    2s
H    0     0                    4027745.0000 87801.0000  97.8%     -    2s
     0     2 87801.0000    0  625 4027745.00 87801.0000  97.8%     -    3s
H   31    40                    4002676.0000 87801.0000  97.8%  15.3    4s
H   36    40                    3974211.0000 87801.0000  97.8%  13.8    4s
    96    95 87801.0000   12  625 3974211.00 87801.0000  97.8%   7.9    6s
H   96    91                    3970486.0000 87801.0000  97.8%  10.1    8s
H  128   116                    3969858.0000 87802.0000  97.8%   100    9s
H  133   110                    3955214.0000 87802.0000  97.8%   101    9s
   160   135 87802.0000   31   62 3955214.00 87802.0000  97.8%  91.7   10s
H  162   130                    3950322.0000 87802.0000  97.8%  90.6   10s
H  195   145                    3945565.0000 87802.0000  97.8%  90.4   10s
H  197   141                    3943753.0000 87802.0000  97.8%  90.4   10s
H  233   169                    3935810.0000 87802.0000  97.8%  82.3   10s
H  234   164                    3926738.0000 87802.0000  97.8%  82.8   10s
H  235   161                    3881308.0000 87802.0000  97.7%  83.3   10s
H  290   204                    3881167.0000 87802.0000  97.7%  79.8   10s
H  292   204                    3877964.0000 87802.0000  97.7%  79.6   10s
H  296   204                    3872974.0000 87802.0000  97.7%  79.0   10s
H  330   243                    3860150.0000 87802.0000  97.7%  73.1   11s
H  338   266                    3855067.0000 87802.0000  97.7%  72.0   11s
H  614   565                    3854657.0000 87802.0000  97.7%  57.6   12s
H  616   565                    3848484.0000 87802.0000  97.7%  59.0   12s
H 1244  1107                    3848416.0000 87802.0000  97.7%  44.6   12s
H 1624  1466                    3847948.0000 87802.0000  97.7%  40.7   13s
  3267  2911 650415.797   91  625 3847948.00 87802.0000  97.7%  32.5   15s
H 3415  2871                    3847884.0000 87802.0000  97.7%  41.4   18s
H 3462  2767                    3847739.0000 87802.0000  97.7%  43.0   18s
H 3496  2654                    3846306.0000 87802.0000  97.7%  43.3   18s
H 3703  2666                    3846221.0000 87802.0000  97.7%  44.2   20s
H 3706  2546                    3846076.0000 87802.0000  97.7%  44.4   20s
  8590  5612 353822.950  211   73 3846076.00 87802.0000  97.7%  38.1   25s
 15010 11500 2079769.64   57   53 3846076.00 87802.0000  97.7%  33.0   31s
 20140 15592 87802.0000   52   65 3846076.00 87802.0000  97.7%  31.7   35s
H24323 19024                    3845989.0000 87802.0000  97.7%  31.2   37s
H27921 22023                    3845739.0000 87802.0000  97.7%  31.9   39s
 28748 23485 193594.528  156   68 3845739.00 87802.0000  97.7%  31.8   40s
 29625 23486 1293369.03   56  625 3845739.00 87802.0000  97.7%  31.9   50s
 29639 23495 449435.730  115  110 3845739.00 89586.3367  97.7%  31.9   55s
 29655 23506 686744.602   48  133 3845739.00 89736.1275  97.7%  31.8   60s
H29666 22336                    3845571.0000 89848.0282  97.7%  31.8   64s
 29668 22338 2289126.84  263  130 3845571.00 89848.4936  97.7%  31.8   65s
H29670 21221                    3845537.0000 89848.9218  97.7%  31.8   66s
 29680 21228 2114101.00  169  140 3845537.00 89857.4853  97.7%  31.8   70s
H29686 20170                    3845452.0000 90478.0000  97.6%  31.8   75s
H29687 19160                    3845347.0000 90687.0000  97.6%  31.8   75s
 29720 19191 91165.9532   47  112 3845347.00 91165.9532  97.6%  33.8   80s
H30280 18606                    3842227.0000 91165.9532  97.6%  35.4   84s
 30341 18666 95354.2172   72  101 3842227.00 91165.9532  97.6%  35.5   85s
H30431 17778                    3834839.0000 91165.9532  97.6%  35.6   85s
H30432 16912                    3834499.0000 91165.9532  97.6%  35.6   85s
H30433 16089                    3832084.0000 91165.9532  97.6%  35.6   85s
H30699 15424                    3831939.0000 91165.9532  97.6%  35.8   86s
H30798 14759                    3831180.0000 91165.9532  97.6%  36.0   87s
H30919 14147                    3831174.0000 91165.9532  97.6%  36.2   87s
 32381 15198 96005.9159  106   95 3831174.00 91165.9532  97.6%  36.4   90s
 37732 18433 1355703.02  222   70 3831174.00 91165.9532  97.6%  36.1   95s
H39712 18342                    3831094.0000 91165.9532  97.6%  35.4   96s
 44691 22379 579044.042   58   63 3831094.00 91165.9532  97.6%  33.9  102s
H47549 21955                    3831066.0000 91165.9532  97.6%  32.9  102s
 51058 24858 172653.687   97   80 3831066.00 91165.9532  97.6%  32.0  105s
 59170 29137 91165.9532   55  108 3831066.00 91165.9532  97.6%  31.0  111s
H61134 29684                    3830887.0000 91165.9532  97.6%  31.5  113s
 61795 30638 451477.483   88   68 3830887.00 91165.9532  97.6%  31.5  115s
 70865 37984 3118671.96  294   64 3830887.00 91165.9532  97.6%  31.7  120s
 75901 42132 254120.156   59   94 3830887.00 91165.9532  97.6%  31.6  125s
 82641 48247 874553.522  193   85 3830887.00 91165.9532  97.6%  31.8  130s
H86149 51017                    3830873.0000 91165.9532  97.6%  31.9  132s
 88603 54131 2502068.61  260   69 3830873.00 91165.9532  97.6%  31.9  136s
 94918 59637 675190.725  109   83 3830873.00 91175.7767  97.6%  32.0  140s
 103326 67256 91555.4469   81   86 3830873.00 91555.4469  97.6%  31.6  147s
 108429 71456 3151628.13  248   58 3830873.00 91650.3512  97.6%  31.9  150s
 116061 78870 568518.310  109   86 3830873.00 91727.5683  97.6%  32.0  155s
 121369 83664 296331.342   84   72 3830873.00 91881.8052  97.6%  31.8  160s
 130362 91280 344987.415  114   80 3830873.00 91985.0317  97.6%  31.6  165s
 135655 96336 312199.315   76   73 3830873.00 92133.3345  97.6%  31.3  170s
 142491 102553 3008261.58  225   73 3830873.00 92378.1055  97.6%  31.9  175s

Cutting planes:
  Gomory: 1
  Implied bound: 142
  MIR: 13
  Flow cover: 67
  Zero half: 3
  RLT: 15
  Relax-and-lift: 1

Explored 148396 nodes (4749551 simplex iterations) in 180.01 seconds (397.99 work units)
Thread count was 16 (of 16 available processors)

Solution count 10: 3.83087e+06 3.83089e+06 3.83107e+06 ... 3.83484e+06

Time limit reached
Best objective 3.830873000000e+06, best bound 9.274200000000e+04, gap 97.5791%
