
Gurobi 10.0.1 (linux64) logging started Tue Sep 12 17:18:44 2023

Set parameter LogFile to value "./log/bur26f/bur26f.log"
Set parameter TimeLimit to value 180
Gurobi Optimizer version 10.0.1 build v10.0.1rc0 (linux64)

CPU model: 12th Gen Intel(R) Core(TM) i5-12600KF, instruction set [SSE2|AVX|AVX2]
Thread count: 8 physical cores, 16 logical processors, using up to 16 threads

Optimize a model with 52 rows, 676 columns and 1352 nonzeros
Model fingerprint: 0x9490834c
Model has 179075 quadratic objective terms
Variable types: 0 continuous, 676 integer (676 binary)
Coefficient statistics:
  Matrix range     [1e+00, 1e+00]
  Objective range  [0e+00, 0e+00]
  QObjective range [7e+01, 6e+05]
  Bounds range     [1e+00, 1e+00]
  RHS range        [1e+00, 1e+00]
Found heuristic solution: objective 4275678.0000
Presolve time: 1.38s
Presolved: 52 rows, 676 columns, 1352 nonzeros
Presolved model has 179205 quadratic objective terms
Variable types: 0 continuous, 676 integer (676 binary)

Root relaxation: objective -5.355970e+07, 720 iterations, 0.37 seconds (0.62 work units)

    Nodes    |    Current Node    |     Objective Bounds      |     Work
 Expl Unexpl |  Obj  Depth IntInf | Incumbent    BestBd   Gap | It/Node Time

H    0     0                    4183763.0000    0.00000   100%     -    1s
H    0     0                    4102812.0000    0.00000   100%     -    1s
H    0     0                    4030277.0000    0.00000   100%     -    1s
     0     0 105598.000    0  636 4030277.00 105598.000  97.4%     -    1s
H    0     0                    3927174.0000 105598.000  97.3%     -    1s
     0     0 105598.000    0  636 3927174.00 105598.000  97.3%     -    1s
H    0     0                    3904507.0000 105598.000  97.3%     -    2s
     0     2 105598.000    0  636 3904507.00 105598.000  97.3%     -    2s
H   31    40                    3882536.0000 105598.000  97.3%  14.6    3s
H   32    40                    3863610.0000 105598.000  97.3%  14.3    3s
    79    80 105598.000    8  636 3863610.00 105598.000  97.3%   8.7    5s
H  115   104                    3861939.0000 105598.000  97.3%   141    8s
H  181   152                    3841712.0000 105598.000  97.3%   121    9s
H  219   173                    3836473.0000 105598.000  97.2%   117    9s
   249   202 105598.000   38   76 3836473.00 105598.000  97.2%   116   10s
H  253   196                    3834231.0000 105598.000  97.2%   114   10s
H  261   191                    3833867.0000 105598.000  97.2%   113   10s
H  276   202                    3832535.0000 105598.000  97.2%   109   10s
H  304   233                    3814344.0000 105598.000  97.2%   108   10s
H  312   260                    3814288.0000 105598.000  97.2%   107   10s
H 2483  2196                    3813841.0000 105598.000  97.2%  43.8   13s
  2486  2197 121781.890   33  636 3813841.00 105598.000  97.2%  44.0   15s
H 2494  2091                    3813435.0000 105598.000  97.2%  43.9   16s
H 2572  2048                    3796002.0000 105598.000  97.2%  54.4   18s
H 2626  1977                    3794696.0000 105598.000  97.2%  55.9   18s
H 2660  1911                    3794111.0000 105598.000  97.2%  56.6   19s
H 2704  1852                    3793360.0000 105598.000  97.2%  57.8   19s
H 2709  1765                    3792343.0000 105598.000  97.2%  58.1   19s
H 2736  1714                    3791952.0000 105598.000  97.2%  59.1   19s
H 2742  1635                    3791593.0000 105598.000  97.2%  59.0   19s
H 2745  1561                    3785565.0000 105598.000  97.2%  59.0   19s
H 2752  1498                    3784707.0000 105598.000  97.2%  58.9   19s
  2791  1521 105598.000   50   63 3784707.00 105598.000  97.2%  60.1   20s
H 2792  1455                    3784351.0000 105598.000  97.2%  60.1   20s
H 2794  1391                    3784208.0000 105598.000  97.2%  60.5   20s
  6632  4030 112127.020  108   71 3784208.00 105598.000  97.2%  47.5   25s
 13054 10014 322506.878  222   80 3784208.00 105598.000  97.2%  43.1   30s
H13613 10350                    3784078.0000 105598.000  97.2%  43.2   30s
H15594 11836                    3783931.0000 105598.000  97.2%  42.7   33s
H15595 11836                    3783649.0000 105598.000  97.2%  42.7   33s
H15599 11836                    3783597.0000 105598.000  97.2%  42.7   33s
H15996 12627                    3783285.0000 105598.000  97.2%  42.6   34s
 17284 13689 3408069.88  158   53 3783285.00 105598.000  97.2%  42.1   35s
 23471 19284 467036.021  128   84 3783285.00 105746.787  97.2%  42.7   40s
 29489 23901 2055466.15  153   67 3783285.00 106906.842  97.2%  41.6   53s
 29546 30861 2076769.17  160   68 3783285.00 106907.781  97.2%  41.5   57s
 43265 36294 3371439.40  276   69 3783285.00 107044.477  97.2%  38.5   60s
H48474 40321                    3783236.0000 110962.372  97.1%  36.5   64s
 50019 42068 2538505.65  258   59 3783236.00 112366.956  97.0%  36.3   65s
H57449 47738                    3783231.0000 114897.316  97.0%  35.7   69s
 58013 48640 135077.659   77   68 3783231.00 114904.106  97.0%  36.5   70s
 61265 52018 1285721.55  162   62 3783231.00 114904.106  97.0%  37.6   75s
H63943 53716                    3783217.0000 114933.882  97.0%  37.6   76s
H65415 55700                    3783215.0000 115577.811  96.9%  37.5   77s
H68502 58125                    3783208.0000 115805.361  96.9%  37.2   79s
 70047 60138 310211.394  151   76 3783208.00 115966.086  96.9%  37.0   80s
H77293 66108                    3783201.0000 116710.793  96.9%  36.1   84s
 78924 67439 3132496.85  265   82 3783201.00 116725.912  96.9%  35.9   85s
 88512 76503 680205.895  162   85 3783201.00 117719.982  96.9%  34.6   91s
H93452 79356                    3783188.0000 118430.772  96.9%  33.9   92s
 97861 83664 1089151.91  152   77 3783188.00 118986.457  96.9%  33.6   95s
H100077 85586                    3783160.0000 119022.000  96.9%  33.4   96s
 105077 89934 791260.749  175   70 3783160.00 120269.447  96.8%  33.1  100s
 113405 97514 501380.740  156   87 3783160.00 121290.239  96.8%  33.0  105s
H120397 102550                    3783132.0000 123766.160  96.7%  32.6  109s
 120423 103394 1842660.38  199   65 3783132.00 123941.359  96.7%  32.6  110s
H124072 105952                    3783041.0000 124908.133  96.7%  32.2  111s
 132262 113669 1044087.58  107   79 3783041.00 126527.520  96.7%  31.6  116s
 141060 121572 3345087.86  256   52 3783041.00 127327.361  96.6%  31.1  120s
 151109 130366 878001.107  186   81 3783041.00 128390.802  96.6%  30.3  125s
 161984 140467 2740874.38  204   65 3783041.00 129441.730  96.6%  29.6  130s
 172653 149611 3127652.54  237   66 3783041.00 130634.395  96.5%  29.2  135s
 181160 156810 999498.586  102   66 3783041.00 131910.356  96.5%  28.8  140s
 189960 164795 3194223.92  214   74 3783041.00 133844.980  96.5%  28.7  145s
 195897 170361 2489856.14  246   75 3783041.00 134116.470  96.5%  28.7  150s
 207633 180850 3593255.71  282   60 3783041.00 135788.007  96.4%  28.4  156s
 217294 189172 311634.931  113   63 3783041.00 137554.815  96.4%  28.0  160s
 223417 194484 2928066.57  225   66 3783041.00 138119.695  96.3%  28.0  165s
 236063 205453 3001912.44  240   67 3783041.00 139561.122  96.3%  27.8  170s
 242082 211307 862789.105  118   80 3783041.00 140348.192  96.3%  27.9  175s

Cutting planes:
  Gomory: 3
  Implied bound: 111
  MIR: 5
  Flow cover: 48
  RLT: 1

Explored 251817 nodes (6944241 simplex iterations) in 180.02 seconds (402.08 work units)
Thread count was 16 (of 16 available processors)

Solution count 10: 3.78304e+06 3.78313e+06 3.78316e+06 ... 3.78324e+06

Time limit reached
Best objective 3.783041000000e+06, best bound 1.416710000000e+05, gap 96.2551%
