
Gurobi 10.0.1 (linux64) logging started Tue Sep 12 17:21:45 2023

Set parameter LogFile to value "./log/bur26g/bur26g.log"
Set parameter TimeLimit to value 180
Gurobi Optimizer version 10.0.1 build v10.0.1rc0 (linux64)

CPU model: 12th Gen Intel(R) Core(TM) i5-12600KF, instruction set [SSE2|AVX|AVX2]
Thread count: 8 physical cores, 16 logical processors, using up to 16 threads

Optimize a model with 52 rows, 676 columns and 1352 nonzeros
Model fingerprint: 0xe8a27c67
Model has 203736 quadratic objective terms
Variable types: 0 continuous, 676 integer (676 binary)
Coefficient statistics:
  Matrix range     [1e+00, 1e+00]
  Objective range  [0e+00, 0e+00]
  QObjective range [1e+02, 2e+06]
  Bounds range     [1e+00, 1e+00]
  RHS range        [1e+00, 1e+00]
Found heuristic solution: objective 1.141156e+07
Presolve time: 1.61s
Presolved: 52 rows, 676 columns, 1352 nonzeros
Presolved model has 203892 quadratic objective terms
Variable types: 0 continuous, 676 integer (676 binary)

Root relaxation: objective -1.324251e+08, 727 iterations, 0.38 seconds (0.64 work units)

    Nodes    |    Current Node    |     Objective Bounds      |     Work
 Expl Unexpl |  Obj  Depth IntInf | Incumbent    BestBd   Gap | It/Node Time

H    0     0                    1.113652e+07    0.00000   100%     -    2s
H    0     0                    1.081845e+07    0.00000   100%     -    2s
H    0     0                    1.081734e+07    0.00000   100%     -    2s
H    0     0                    1.077257e+07    0.00000   100%     -    2s
     0     0 609288.000    0  627 1.0773e+07 609288.000  94.3%     -    2s
H    0     0                    1.066537e+07 609288.000  94.3%     -    2s
     0     0 609288.000    0  627 1.0665e+07 609288.000  94.3%     -    2s
H    0     0                    1.064852e+07 609288.000  94.3%     -    2s
     0     2 609288.000    0  627 1.0649e+07 609288.000  94.3%     -    3s
H   31    40                    1.052858e+07 609288.000  94.2%  13.2    4s
H   32    40                    1.044031e+07 609288.000  94.2%  12.9    4s
H   34    40                    1.036440e+07 609288.000  94.1%  12.3    4s
    79    80 609288.000    5  627 1.0364e+07 609288.000  94.1%   6.9    6s
H   79    76                    1.034563e+07 609288.000  94.1%   9.8    8s
H   79    73                    1.033381e+07 609288.000  94.1%   9.8    8s
H   79    69                    1.033028e+07 609288.000  94.1%   9.8    8s
H  153   124                    1.031786e+07 609289.000  94.1%   102    9s
   178   146 609289.000   37   57 1.0318e+07 609289.000  94.1%  97.7   10s
H  193   150                    1.031476e+07 609289.000  94.1%  95.4   10s
H  198   146                    1.031284e+07 609289.000  94.1%  94.7   10s
H  200   142                    1.030107e+07 609289.000  94.1%  94.1   10s
H  227   170                    1.027679e+07 609289.000  94.1%  87.3   10s
H  233   166                    1.027066e+07 609289.000  94.1%  88.0   10s
H  278   208                    1.026896e+07 609289.000  94.1%  78.9   10s
H  282   208                    1.026667e+07 609289.000  94.1%  77.9   10s
H  392   327                    1.026656e+07 609289.000  94.1%  65.4   11s
H  396   327                    1.026649e+07 609289.000  94.1%  64.8   11s
H 1075  1044                    1.026646e+07 609289.000  94.1%  32.2   11s
H 2144  1918                    1.024690e+07 609289.000  94.1%  27.0   12s
  2578  2267 621239.671   72   55 1.0247e+07 609289.000  94.1%  28.4   15s
H 2691  2237                    1.024537e+07 609289.000  94.1%  34.0   16s
H 2817  2211                    1.024381e+07 609289.000  94.1%  35.3   17s
H 2819  2108                    1.024281e+07 609289.000  94.1%  35.3   17s
H 2860  2035                    1.023720e+07 609289.000  94.0%  35.7   17s
H 2864  1942                    1.023470e+07 609289.000  94.0%  35.6   17s
H 3336  2128                    1.023440e+07 609289.000  94.0%  35.0   18s
H 3338  2044                    1.023184e+07 609289.000  94.0%  35.0   18s
H 3342  1962                    1.023077e+07 609289.000  94.0%  35.1   18s
H 4570  2615                    1.022947e+07 609289.000  94.0%  32.7   18s
H 5355  3103                    1.022631e+07 609289.000  94.0%  31.4   19s
  7082  4042 1422221.45  172   61 1.0226e+07 609289.000  94.0%  27.7   20s
H 7090  4042                    1.022470e+07 609289.000  94.0%  27.7   20s
H 7094  4042                    1.021956e+07 609289.000  94.0%  27.7   20s
 14850 11447 653664.708   85   55 1.0220e+07 609289.000  94.0%  22.8   26s
H16294 12574                    1.021919e+07 609289.000  94.0%  22.4   27s
 24483 19987 9756358.91  220   24 1.0219e+07 609289.000  94.0%  19.2   30s
H28425 23052                    1.021845e+07 609289.000  94.0%  18.4   31s
 29695 24066 7606021.48  159  627 1.0218e+07 609289.000  94.0%  18.2   40s
 29711 24077 8037724.73  166   87 1.0218e+07 616114.046  94.0%  18.2   45s
 29720 24083 3542613.39  194   81 1.0218e+07 616412.000  94.0%  18.2   50s
 29732 24091 3107642.75  145   71 1.0218e+07 616676.000  94.0%  18.2   55s
H30080 23121                    1.021630e+07 616676.000  94.0%  20.7   59s
 30134 23193 697621.682   71   64 1.0216e+07 616676.000  94.0%  21.0   60s
H32012 23167                    1.021411e+07 616676.000  94.0%  23.5   65s
H36906 24927                    1.021354e+07 616676.000  94.0%  24.2   69s
 38112 25741 731902.281  186   74 1.0214e+07 616676.000  94.0%  24.3   70s
 44303 29867 4648931.30  335   63 1.0214e+07 616676.000  94.0%  23.5   77s
 47887 32008 1101352.30  127   66 1.0214e+07 616676.000  94.0%  24.7   80s
 56461 36619 1732913.03   60   52 1.0214e+07 616676.000  94.0%  23.3   85s
 61079 38886 631582.903   64   70 1.0214e+07 616676.000  94.0%  23.0   90s
 70700 44692 3963231.64  188   71 1.0214e+07 616676.000  94.0%  22.4   95s
 76519 47110 3361322.58  108   63 1.0214e+07 623124.199  93.9%  21.9  100s
 86277 53007 7043692.80  321   37 1.0214e+07 624649.718  93.9%  21.7  105s
 91622 56697     cutoff  258      1.0214e+07 624882.802  93.9%  21.4  110s
 101066 64983 8617451.38  290   57 1.0214e+07 632527.116  93.8%  21.2  115s
 107127 70239 1949821.98  100   61 1.0214e+07 636137.889  93.8%  20.9  120s
 114432 77174 1652799.76  148   76 1.0214e+07 636678.443  93.8%  20.9  125s
 121395 82955 3564164.15  131   58 1.0214e+07 641719.024  93.7%  20.4  130s
 129035 89716 4220876.25  179   65 1.0214e+07 646458.562  93.7%  21.2  135s
 133783 94398 1745939.87  109   66 1.0214e+07 646508.175  93.7%  21.2  140s
 144541 104204 3728940.43   92   50 1.0214e+07 650687.104  93.6%  20.9  145s
 150762 109593 5428613.19  130   70 1.0214e+07 653861.630  93.6%  20.6  150s
 161267 119342 9108568.01  280   49 1.0214e+07 655303.202  93.6%  20.4  155s
 168502 125270 1766896.04   96   63 1.0214e+07 663307.950  93.5%  20.0  160s
 178151 134899 5565317.92  221   68 1.0214e+07 668458.808  93.5%  19.6  165s
 188563 143173 6570979.66  204   59 1.0214e+07 674002.413  93.4%  19.3  170s
 194904 148832 infeasible  258      1.0214e+07 679804.917  93.3%  19.2  175s
 203347 156939 4142680.80  161   60 1.0214e+07 682888.993  93.3%  19.2  180s

Cutting planes:
  Gomory: 12
  Implied bound: 174
  MIR: 1
  Flow cover: 12
  Zero half: 1
  RLT: 5

Explored 204137 nodes (3918427 simplex iterations) in 180.00 seconds (335.31 work units)
Thread count was 16 (of 16 available processors)

Solution count 10: 1.02135e+07 1.02141e+07 1.02163e+07 ... 1.02308e+07

Time limit reached
Best objective 1.021354000000e+07, best bound 6.831650106268e+05, gap 93.3112%
