
Gurobi 10.0.1 (linux64) logging started Tue Sep 12 17:24:45 2023

Set parameter LogFile to value "./log/bur26h/bur26h.log"
Set parameter TimeLimit to value 180
Gurobi Optimizer version 10.0.1 build v10.0.1rc0 (linux64)

CPU model: 12th Gen Intel(R) Core(TM) i5-12600KF, instruction set [SSE2|AVX|AVX2]
Thread count: 8 physical cores, 16 logical processors, using up to 16 threads

Optimize a model with 52 rows, 676 columns and 1352 nonzeros
Model fingerprint: 0x1c979b9f
Model has 203736 quadratic objective terms
Variable types: 0 continuous, 676 integer (676 binary)
Coefficient statistics:
  Matrix range     [1e+00, 1e+00]
  Objective range  [0e+00, 0e+00]
  QObjective range [7e+01, 1e+06]
  Bounds range     [1e+00, 1e+00]
  RHS range        [1e+00, 1e+00]
Found heuristic solution: objective 8083744.0000
Presolve time: 1.68s
Presolved: 52 rows, 676 columns, 1352 nonzeros
Presolved model has 203892 quadratic objective terms
Variable types: 0 continuous, 676 integer (676 binary)

Root relaxation: objective -9.383564e+07, 730 iterations, 0.34 seconds (0.64 work units)

    Nodes    |    Current Node    |     Objective Bounds      |     Work
 Expl Unexpl |  Obj  Depth IntInf | Incumbent    BestBd   Gap | It/Node Time

H    0     0                    7846163.0000    0.00000   100%     -    2s
H    0     0                    7583189.0000    0.00000   100%     -    2s
     0     0 425352.000    0  628 7583189.00 425352.000  94.4%     -    2s
H    0     0                    7537935.0000 425352.000  94.4%     -    2s
     0     0 425352.000    0  628 7537935.00 425352.000  94.4%     -    2s
H    0     0                    7532464.0000 425352.000  94.4%     -    2s
     0     2 425352.000    0  628 7532464.00 425352.000  94.4%     -    3s
H   31    40                    7385514.0000 425352.000  94.2%  12.8    4s
H   33    40                    7384547.0000 425352.000  94.2%  12.3    4s
H   35    40                    7356616.0000 425352.000  94.2%  11.7    4s
H   37    40                    7319608.0000 425352.000  94.2%  11.6    4s
H   39    48                    7313738.0000 425352.000  94.2%  11.2    4s
    55    64 425352.000    9  620 7313738.00 425352.000  94.2%   9.1    5s
H   87    84                    7305756.0000 425352.000  94.2%   9.9    8s
    90    91 425353.000   28   63 7305756.00 425353.000  94.2%  49.2   10s
H  120   109                    7298923.0000 425353.000  94.2%   104   10s
H  159   133                    7298181.0000 425353.000  94.2%   110   10s
H  163   128                    7283575.0000 425353.000  94.2%   114   10s
H  166   123                    7245106.0000 425353.000  94.1%   112   10s
H  201   152                    7244532.0000 425353.000  94.1%  98.4   10s
H  202   149                    7244122.0000 425353.000  94.1%  97.9   10s
H  233   181                    7219800.0000 425353.000  94.1%  88.7   11s
H  256   178                    7210952.0000 425353.000  94.1%  82.6   11s
H  290   212                    7209558.0000 425353.000  94.1%  78.3   11s
H  291   212                    7206251.0000 425353.000  94.1%  83.4   11s
H  293   212                    7202341.0000 425353.000  94.1%  83.0   11s
H  609   548                    7201252.0000 425353.000  94.1%  60.7   12s
H  997   912                    7200172.0000 425353.000  94.1%  60.4   13s
H 1416  1280                    7195364.0000 425353.000  94.1%  58.5   13s
  2406  2072 3624962.00  224  628 7195364.00 425353.000  94.1%  49.8   16s
H 2722  2187                    7195196.0000 425377.018  94.1%  57.2   19s
H 2726  2086                    7194650.0000 425377.018  94.1%  57.3   19s
H 2786  2032                    7193370.0000 425377.018  94.1%  57.2   19s
  2790  2095 564804.382   55   68 7193370.00 425377.018  94.1%  57.3   20s
H 7088  4478                    7193003.0000 425377.018  94.1%  36.0   23s
  8734  6095 1433303.98   94   66 7193003.00 425377.018  94.1%  32.9   25s
 14427 11378 2898549.75  214   80 7193003.00 425377.018  94.1%  27.0   30s
H17282 13498                    7192837.0000 425377.018  94.1%  25.2   32s
H20413 16269                    7192669.0000 425377.018  94.1%  24.1   33s
H20549 16269                    7192620.0000 425377.018  94.1%  24.0   33s
 22791 17915 441621.000   90   55 7192620.00 425377.018  94.1%  24.3   35s
H23985 19262                    7191997.0000 425377.018  94.1%  24.2   35s
 29543 23870 4900749.08  221  628 7191997.00 425377.018  94.1%  24.5   48s
 29552 23876 1746197.51   65   80 7191997.00 427242.298  94.1%  24.5   50s
 29567 23886 3324648.37  127   92 7191997.00 452903.000  93.7%  24.4   55s
 29583 23897 3321426.99   88   96 7191997.00 454854.589  93.7%  24.4   60s
H29596 22708                    7191864.0000 455321.534  93.7%  24.4   63s
 29601 22712 1834253.27   70   99 7191864.00 455345.000  93.7%  24.4   65s
 29612 22719 3642823.56  231  105 7191864.00 455833.087  93.7%  24.4   70s
 30037 23011 593182.433   78   76 7191864.00 455833.087  93.7%  26.5   75s
 32191 24630 643434.092  143   79 7191864.00 455833.087  93.7%  27.8   80s
 37925 27842 4479440.01  316   63 7191864.00 455833.087  93.7%  28.4   85s
 42869 31092 544961.263   98   65 7191864.00 455833.087  93.7%  29.0   90s
 46444 32693 811442.743  112   77 7191864.00 455833.087  93.7%  29.8   95s
 52099 36650 4165957.42  228   53 7191864.00 455833.087  93.7%  30.1  100s
 58929 40719 3332075.23  186   75 7191864.00 455833.087  93.7%  30.2  107s
 65378 44115 6983875.00  330   47 7191864.00 455833.087  93.7%  29.1  110s
 73901 49065 1753655.80  171   75 7191864.00 455833.087  93.7%  27.8  115s
 84103 54219 909001.292   77   68 7191864.00 455833.087  93.7%  26.4  120s
 89701 57715 4471266.22  155   62 7191864.00 455833.087  93.7%  26.3  125s
 101186 65203 1613865.83   80   66 7191864.00 461464.455  93.6%  25.5  130s
 108621 71632 815192.425  107   58 7191864.00 463497.642  93.6%  24.9  135s
 118808 82447 4016277.98  111   53 7191864.00 466316.629  93.5%  24.2  141s
 127148 89056 infeasible  285      7191864.00 469190.697  93.5%  23.6  145s
 135672 96541 2768976.20   85   60 7191864.00 473163.923  93.4%  23.0  150s
 147423 107126 5371670.34  167   60 7191864.00 480139.873  93.3%  22.4  155s
 152213 111920 6104468.46  266   53 7191864.00 486077.123  93.2%  22.6  160s
 162636 121187 1371204.11  116   83 7191864.00 487453.451  93.2%  22.4  167s
 167948 125715 862195.494  129   81 7191864.00 487549.133  93.2%  22.5  170s
 176721 133195 1279024.74  158   90 7191864.00 487722.048  93.2%  23.0  175s
 180500 137216 5289751.09  268   62 7191864.00 487902.941  93.2%  23.4  180s

Cutting planes:
  Gomory: 14
  Implied bound: 160
  MIR: 7
  Flow cover: 35
  Zero half: 2
  RLT: 5
  Relax-and-lift: 3

Explored 181194 nodes (4248734 simplex iterations) in 180.00 seconds (365.06 work units)
Thread count was 16 (of 16 available processors)

Solution count 10: 7.19186e+06 7.192e+06 7.19262e+06 ... 7.19536e+06

Time limit reached
Best objective 7.191864000000e+06, best bound 4.879030000000e+05, gap 93.2159%
