
Gurobi 10.0.1 (linux64) logging started Tue Sep 12 17:15:43 2023

Set parameter LogFile to value "./log/bur26e/bur26e.log"
Set parameter TimeLimit to value 180
Gurobi Optimizer version 10.0.1 build v10.0.1rc0 (linux64)

CPU model: 12th Gen Intel(R) Core(TM) i5-12600KF, instruction set [SSE2|AVX|AVX2]
Thread count: 8 physical cores, 16 logical processors, using up to 16 threads

Optimize a model with 52 rows, 676 columns and 1352 nonzeros
Model fingerprint: 0x86079633
Model has 179075 quadratic objective terms
Variable types: 0 continuous, 676 integer (676 binary)
Coefficient statistics:
  Matrix range     [1e+00, 1e+00]
  Objective range  [0e+00, 0e+00]
  QObjective range [1e+02, 8e+05]
  Bounds range     [1e+00, 1e+00]
  RHS range        [1e+00, 1e+00]
Found heuristic solution: objective 6058269.0000
Presolve time: 1.44s
Presolved: 52 rows, 676 columns, 1352 nonzeros
Presolved model has 179205 quadratic objective terms
Variable types: 0 continuous, 676 integer (676 binary)

Root relaxation: objective -7.559172e+07, 723 iterations, 0.33 seconds (0.59 work units)

    Nodes    |    Current Node    |     Objective Bounds      |     Work
 Expl Unexpl |  Obj  Depth IntInf | Incumbent    BestBd   Gap | It/Node Time

H    0     0                    5921988.0000    0.00000   100%     -    1s
H    0     0                    5787985.0000    0.00000   100%     -    1s
     0     0 151262.000    0  625 5787985.00 151262.000  97.4%     -    1s
H    0     0                    5625321.0000 151262.000  97.3%     -    1s
     0     0 151262.000    0  625 5625321.00 151262.000  97.3%     -    1s
H    0     0                    5597016.0000 151262.000  97.3%     -    2s
     0     2 151262.000    0  625 5597016.00 151262.000  97.3%     -    2s
H   31    40                    5556632.0000 151262.000  97.3%  14.9    3s
H   32    40                    5542153.0000 151262.000  97.3%  14.5    3s
H   33    40                    5518846.0000 151262.000  97.3%  14.2    3s
H   37    40                    5506858.0000 151262.000  97.3%  13.3    3s
    79    80 151262.000    4  625 5506858.00 151262.000  97.3%   8.8    5s
   880   782 245164.756   95   42 5506858.00 167114.000  97.0%  91.9   10s
  2841  2511 566374.695  110   71 5506858.00 174745.118  96.8%  88.0   15s
  5421  4141 656223.997  115   85 5506858.00 205003.395  96.3%  64.2   20s
 13931 10292 3486877.79  188   96 5506858.00 205003.431  96.3%  40.2   25s
 25988 21940 1366464.39   84   95 5506858.00 263671.708  95.2%  31.7   30s
 29416 24470 4793334.24  208  625 5506858.00 273441.820  95.0%  30.9   39s
 29419 24472 4311151.42  247   72 5506858.00 331000.373  94.0%  30.9   40s
 29434 24482 1379688.82   77  155 5506858.00 1028258.99  81.3%  30.9   45s
H29443 23263                    5442430.0000 1029818.81  81.1%  30.9   48s
H29445 22100                    5439831.0000 1030554.06  81.1%  30.9   49s
H29447 20996                    5439595.0000 1032045.52  81.0%  30.9   50s
H29449 19947                    5439120.0000 1033840.42  81.0%  30.9   51s
H29451 18950                    5437935.0000 1034291.59  81.0%  30.8   51s
H29452 18003                    5434154.0000 1034361.15  81.0%  30.8   51s
H29453 17103                    5433779.0000 1034361.15  81.0%  30.8   52s
H29453 16247                    5433505.0000 1034980.35  81.0%  30.8   53s
H29453 15434                    5429179.0000 1034980.35  80.9%  30.8   53s
H29454 14662                    5416894.0000 1035057.15  80.9%  30.8   53s
H29455 13929                    5416637.0000 1035057.15  80.9%  30.8   53s
H29455 13232                    5415748.0000 1035694.23  80.9%  30.8   54s
H29457 12570                    5415552.0000 1035834.08  80.9%  30.8   55s
H29457 11941                    5415157.0000 1035834.08  80.9%  30.8   55s
H29461 11346                    5415149.0000 1036292.53  80.9%  30.8   56s
 29468 11351 1737570.31   76  255 5415149.00 1039198.33  80.8%  30.8   60s
 29480 11359 1736572.26   93  262 5415149.00 1041842.89  80.8%  30.8   65s
H29486 10794                    5413404.0000 1045208.69  80.7%  30.8   67s
 29492 10798 1920697.61  154  242 5413404.00 1047432.03  80.7%  30.8   70s
H29494 10258                    5411221.0000 1047848.32  80.6%  30.8   70s
H29495  9744                    5409231.0000 1048518.00  80.6%  30.8   71s
H29495  9256                    5408683.0000 1048518.00  80.6%  30.8   71s
H29495  8792                    5407819.0000 1048518.00  80.6%  30.8   71s
H29497  8352                    5407679.0000 1049266.71  80.6%  30.8   72s
 29506  8358 3090953.40  188  251 5407679.00 1050695.33  80.6%  30.8   75s
 29520  8367 3410452.64  188  249 5407679.00 1051025.84  80.6%  30.8   80s
H29547  7963                    5407627.0000 1051757.71  80.6%  30.7   85s
 30133  8326 1097194.94   76  143 5407627.00 1051757.71  80.6%  32.9   90s
 33433 10373 1398986.80  161  169 5407627.00 1051757.71  80.6%  34.6   95s
 38282 13672 1051757.71   57  133 5407627.00 1051757.71  80.6%  36.1  100s
 43221 15964 1367242.78  138  144 5407627.00 1051757.71  80.6%  37.0  105s
 46787 18521 1051757.71   68  191 5407627.00 1051757.71  80.6%  38.3  110s
 53918 23047 1629397.96  145  135 5407627.00 1051757.71  80.6%  37.7  115s
 58545 27214 1414294.43  138  131 5407627.00 1051757.71  80.6%  37.6  120s
 65277 33580 1051757.71  106  114 5407627.00 1051757.71  80.6%  37.4  125s
 72653 39078 2367800.61  194  140 5407627.00 1051757.71  80.6%  36.4  130s
 77705 43700     cutoff  217      5407627.00 1051757.71  80.6%  36.0  135s
 84456 49582 5112719.62  227  132 5407627.00 1051757.71  80.6%  35.9  140s
 90310 54761 1234168.54  122  127 5407627.00 1051757.71  80.6%  35.5  145s
 97232 61106 1093283.48  104  137 5407627.00 1051757.71  80.6%  35.3  150s
 103001 66315 1073409.17  127  166 5407627.00 1051757.71  80.6%  35.1  155s
 109407 71257 4891434.54  249  144 5407627.00 1051757.71  80.6%  35.0  160s
 115964 76940 3146699.41  131  111 5407627.00 1051757.71  80.6%  34.8  165s
 117824 80234 2696617.56  134  117 5407627.00 1051757.71  80.6%  35.5  171s
 124836 85354 3162075.43   89  111 5407627.00 1051757.71  80.6%  36.1  175s
 131052 90162 1367696.82   94  153 5407627.00 1051757.71  80.6%  36.1  180s

Cutting planes:
  Gomory: 20
  Implied bound: 318
  MIR: 212
  Flow cover: 951
  Zero half: 4
  RLT: 490
  Relax-and-lift: 76

Explored 132070 nodes (4763732 simplex iterations) in 180.02 seconds (464.05 work units)
Thread count was 16 (of 16 available processors)

Solution count 10: 5.40763e+06 5.40768e+06 5.40782e+06 ... 5.41555e+06

Time limit reached
Best objective 5.407627000000e+06, best bound 1.051757713943e+06, gap 80.5505%
