
Gurobi 10.0.1 (linux64) logging started Tue Sep 12 17:09:42 2023

Set parameter LogFile to value "./log/bur26c/bur26c.log"
Set parameter TimeLimit to value 180
Gurobi Optimizer version 10.0.1 build v10.0.1rc0 (linux64)

CPU model: 12th Gen Intel(R) Core(TM) i5-12600KF, instruction set [SSE2|AVX|AVX2]
Thread count: 8 physical cores, 16 logical processors, using up to 16 threads

Optimize a model with 52 rows, 676 columns and 1352 nonzeros
Model fingerprint: 0xb13024ea
Model has 191919 quadratic objective terms
Variable types: 0 continuous, 676 integer (676 binary)
Coefficient statistics:
  Matrix range     [1e+00, 1e+00]
  Objective range  [0e+00, 0e+00]
  QObjective range [1e+02, 7e+05]
  Bounds range     [1e+00, 1e+00]
  RHS range        [1e+00, 1e+00]
Found heuristic solution: objective 6005072.0000
Presolve time: 1.77s
Presolved: 52 rows, 676 columns, 1352 nonzeros
Presolved model has 192049 quadratic objective terms
Variable types: 0 continuous, 676 integer (676 binary)

Root relaxation: objective -7.265164e+07, 695 iterations, 0.34 seconds (0.61 work units)

    Nodes    |    Current Node    |     Objective Bounds      |     Work
 Expl Unexpl |  Obj  Depth IntInf | Incumbent    BestBd   Gap | It/Node Time

H    0     0                    5958992.0000    0.00000   100%     -    2s
H    0     0                    5839711.0000    0.00000   100%     -    2s
H    0     0                    5762672.0000    0.00000   100%     -    2s
H    0     0                    5762597.0000    0.00000   100%     -    2s
H    0     0                    5726911.0000    0.00000   100%     -    2s
     0     0 146492.000    0  631 5726911.00 146492.000  97.4%     -    2s
H    0     0                    5698680.0000 146492.000  97.4%     -    2s
     0     0 146492.000    0  631 5698680.00 146492.000  97.4%     -    2s
H    0     0                    5654008.0000 146492.000  97.4%     -    2s
H    0     2                    5593461.0000 146492.000  97.4%     -    3s
     0     2 146492.000    0  631 5593461.00 146492.000  97.4%     -    3s
H   31    40                    5586875.0000 146492.000  97.4%  12.9    4s
H   31    40                    5573919.0000 146492.000  97.4%  12.9    4s
H   32    40                    5555211.0000 146492.000  97.4%  12.6    4s
H   36    40                    5511557.0000 146492.000  97.3%  11.6    4s
    87    88 146492.000    7  631 5511557.00 146492.000  97.3%   7.2    6s
H   87    84                    5508215.0000 146492.000  97.3%   9.7    9s
   102   103 146492.000   24   62 5508215.00 146492.000  97.3%  98.2   10s
H  123   108                    5481860.0000 146492.000  97.3%  97.5   10s
H  256   194                    5475650.0000 146492.000  97.3%  63.5   11s
H  296   223                    5474122.0000 146492.000  97.3%  58.7   11s
H  298   220                    5473921.0000 146492.000  97.3%  58.3   11s
H  305   220                    5473603.0000 146492.000  97.3%  57.4   11s
  3651  3295 2242683.50  240  631 5473603.00 146492.000  97.3%  23.7   15s
H 3770  3216                    5466899.0000 146492.000  97.3%  28.4   19s
  3777  3225 238234.200   45   56 5466899.00 146492.000  97.3%  28.5   20s
H 3933  3173                    5465232.0000 146492.000  97.3%  30.2   21s
H 4050  3091                    5458755.0000 146492.000  97.3%  30.7   21s
H 4097  2990                    5458335.0000 146492.000  97.3%  30.9   21s
H 4101  2854                    5455315.0000 146492.000  97.3%  31.0   21s
H 4163  2763                    5454365.0000 146492.000  97.3%  31.3   22s
H 5020  3177                    5454212.0000 146492.000  97.3%  32.1   24s
H 5087  3054                    5454025.0000 146492.000  97.3%  31.9   24s
H 5097  2942                    5453474.0000 146492.000  97.3%  32.0   24s
  5395  3322 162346.556   79   62 5453474.00 146492.000  97.3%  32.0   25s
H 8356  4808                    5451668.0000 146492.000  97.3%  28.9   27s
H10414  6514                    5451568.0000 146492.000  97.3%  28.2   28s
H12691  8196                    5451313.0000 146492.000  97.3%  26.5   29s
 13436  8942 1045744.98  206   77 5451313.00 146492.000  97.3%  25.9   30s
H13478  8942                    5451199.0000 146492.000  97.3%  26.0   30s
 19637 15016 1609080.31  234   63 5451199.00 146492.000  97.3%  23.9   35s
H26349 20386                    5450865.0000 146492.000  97.3%  22.6   37s
H26369 20422                    5447364.0000 146492.000  97.3%  22.7   38s
H26666 20910                    5442896.0000 146492.000  97.3%  22.7   38s
H27719 22062                    5442716.0000 146492.000  97.3%  22.9   39s
H28212 22061                    5442175.0000 146492.000  97.3%  22.8   39s
 28240 22521     cutoff  338      5442175.00 146492.000  97.3%  22.9   40s
 29657 23880 152961.751   57   58 5442175.00 146492.000  97.3%  23.4   49s
 32365 25871 146492.000   67   62 5442175.00 146492.000  97.3%  23.5   50s
H35464 29093                    5441928.0000 146492.000  97.3%  25.4   53s
H37139 30269                    5441573.0000 146492.000  97.3%  25.6   54s
 38506 32284 4622944.03  169   37 5441573.00 146492.000  97.3%  25.8   55s
 46044 38535 421022.021   89   75 5441573.00 146492.000  97.3%  25.5   60s
 53785 45853 477350.130  104   60 5441573.00 146492.000  97.3%  26.4   65s
 59495 51134 2835634.78  137   51 5441573.00 146492.000  97.3%  26.4   70s
H63329 53193                    5440905.0000 146492.000  97.3%  26.1   71s
H67806 57627                    5440845.0000 146492.000  97.3%  26.6   74s
 68807 58880 2630034.35  219   53 5440845.00 146492.000  97.3%  26.7   75s
 75382 64757 150730.503  149   64 5440845.00 146492.000  97.3%  26.8   80s
 86442 74740 239383.371  142   69 5440845.00 146586.955  97.3%  26.6   85s
 91884 79451 4540029.32  235   45 5440845.00 146651.000  97.3%  26.6   90s
 100935 87671 741407.535  159   65 5440845.00 146651.000  97.3%  26.6   95s
 107087 92610 274538.050  124   72 5440845.00 146651.000  97.3%  26.4  100s
 115350 100303 3690303.38  164   57 5440845.00 146703.640  97.3%  26.7  105s
 122687 106703 489440.623   83   58 5440845.00 146809.000  97.3%  26.4  110s
 134128 116559 2250757.46  220   51 5440845.00 146861.634  97.3%  26.1  115s
 141810 123045 3569491.02  262   53 5440845.00 146916.000  97.3%  25.9  120s
 150328 130650 673796.416  139   64 5440845.00 147022.000  97.3%  25.7  125s
 158243 138229 457168.295  135   64 5440845.00 147022.000  97.3%  25.9  130s
 165445 143780 2442898.63  274   61 5440845.00 147022.000  97.3%  26.1  135s
 174578 152288 247574.315  116   65 5440845.00 147042.000  97.3%  26.4  140s
 179918 157672 566813.964  117   63 5440845.00 147042.000  97.3%  26.6  145s
 191399 167659 4886867.90  207   46 5440845.00 147234.000  97.3%  26.2  150s
 198683 174496 1869581.72  170   63 5440845.00 147294.000  97.3%  25.9  155s
 210215 184791 4770876.11  309   51 5440845.00 147423.269  97.3%  25.7  162s
 214737 188645 446508.316  170   74 5440845.00 147423.648  97.3%  26.0  165s
 224947 198222 699708.021  137   68 5440845.00 147675.347  97.3%  25.8  172s
 234626 206318 755427.646  133   54 5440845.00 147841.560  97.3%  25.5  175s
 242323 212738 829557.737  146   71 5440845.00 147926.385  97.3%  25.2  180s

Cutting planes:
  Implied bound: 79
  Flow cover: 22
  RLT: 2

Explored 242793 nodes (6128213 simplex iterations) in 180.00 seconds (384.61 work units)
Thread count was 16 (of 16 available processors)

Solution count 10: 5.44084e+06 5.4409e+06 5.44157e+06 ... 5.4512e+06

Time limit reached
Best objective 5.440845000000e+06, best bound 1.479270000000e+05, gap 97.2812%
