
Gurobi 10.0.1 (linux64) logging started Tue Sep 12 17:31:15 2023

Set parameter LogFile to value "./log/chr20b/chr20b.log"
Set parameter TimeLimit to value 180
Gurobi Optimizer version 10.0.1 build v10.0.1rc0 (linux64)

CPU model: 12th Gen Intel(R) Core(TM) i5-12600KF, instruction set [SSE2|AVX|AVX2]
Thread count: 8 physical cores, 16 logical processors, using up to 16 threads

Optimize a model with 40 rows, 400 columns and 800 nonzeros
Model fingerprint: 0x1adbbc55
Model has 7220 quadratic objective terms
Variable types: 0 continuous, 400 integer (400 binary)
Coefficient statistics:
  Matrix range     [1e+00, 1e+00]
  Objective range  [0e+00, 0e+00]
  QObjective range [2e+01, 3e+03]
  Bounds range     [1e+00, 1e+00]
  RHS range        [1e+00, 1e+00]
Found heuristic solution: objective 10514.000000
Presolve time: 0.08s
Presolved: 7260 rows, 7620 columns, 22460 nonzeros
Variable types: 0 continuous, 7620 integer (7620 binary)

Root relaxation: objective 0.000000e+00, 248 iterations, 0.01 seconds (0.01 work units)

    Nodes    |    Current Node    |     Objective Bounds      |     Work
 Expl Unexpl |  Obj  Depth IntInf | Incumbent    BestBd   Gap | It/Node Time

     0     0    0.00000    0   55 10514.0000    0.00000   100%     -    0s
H    0     0                    7528.0000000    0.00000   100%     -    0s
     0     0    0.00000    0   46 7528.00000    0.00000   100%     -    0s
     0     0    0.00000    0   40 7528.00000    0.00000   100%     -    0s
     0     0    0.00000    0   40 7528.00000    0.00000   100%     -    0s
H    0     0                    6168.0000000    0.00000   100%     -    0s
     0     0    0.00000    0   40 6168.00000    0.00000   100%     -    0s
     0     0    0.00000    0   40 6168.00000    0.00000   100%     -    0s
     0     0    0.00000    0   40 6168.00000    0.00000   100%     -    0s
     0     0    0.00000    0   40 6168.00000    0.00000   100%     -    0s
     0     2   76.00000    0   40 6168.00000   76.00000  98.8%     -    0s
H  103   111                    2632.0000000   76.00000  97.1%  83.6    1s
  1580  1322   76.00000   25   44 2632.00000   76.00000  97.1%  59.7    5s
  5214  3285 1276.25000  153   55 2632.00000  155.80000  94.1%  78.4   10s
  9808  6741 1851.60000   94   54 2632.00000  224.00000  91.5%  68.5   16s
 13635  9567 1352.36364   49   52 2632.00000  240.00000  90.9%  62.4   20s
 21584 16425 2467.50000  133   33 2632.00000  272.97634  89.6%  57.4   25s
 29679 23098  470.00000   54   54 2632.00000  292.66667  88.9%  54.0   33s
 32552 24848 1130.23077   69   77 2632.00000  310.80000  88.2%  54.0   35s
 39923 30673  697.00000   58   46 2632.00000  338.70000  87.1%  55.2   40s
 48881 37487 2020.54545  142   53 2632.00000  361.20000  86.3%  54.8   45s
 58471 44729  638.00000   46   38 2632.00000  385.42857  85.4%  53.5   50s
 67307 51357 2436.57143  104   67 2632.00000  398.00000  84.9%  53.9   55s
 76091 58073  732.11111   54   73 2632.00000  410.57143  84.4%  53.0   60s
 83993 63808 1778.75000   80   49 2632.00000  425.50000  83.8%  53.3   65s
 91924 69736 1476.20000   47   64 2632.00000  442.00000  83.2%  53.9   70s
 101013 76818 1126.00000   54   34 2632.00000  460.29545  82.5%  54.2   75s
 110056 83242 1272.57143  123   58 2632.00000  476.92308  81.9%  54.2   80s
 118135 89258     cutoff  128      2632.00000  487.04167  81.5%  54.3   85s
 126102 95021 2237.50000  105   52 2632.00000  498.00000  81.1%  54.3   90s
 135994 102342 1526.93878   56   76 2632.00000  508.66667  80.7%  54.0   95s
 145344 109090 1033.29167   73   75 2632.00000  514.36364  80.5%  53.6  100s
 155472 117005 1884.50000   76   32 2632.00000  521.13636  80.2%  53.1  105s
 163475 122749 1805.60000  107   42 2632.00000  531.88889  79.8%  53.6  110s
 170914 128170 1028.40000   39   64 2632.00000  538.25455  79.5%  53.9  115s
 180068 135035 1991.72358   77   80 2632.00000  546.20000  79.2%  53.7  120s
 183447 136783 1566.85714   96   67 2632.00000  548.66667  79.2%  53.6  128s
H183448 135932                    2584.0000000  548.66667  78.8%  53.6  128s
H183450 134623                    2536.0000000  548.66667  78.4%  53.6  128s
H183525 132533                    2480.0000000  548.66667  77.9%  53.6  128s
 186231 135135 2227.75000   94   57 2480.00000  551.40000  77.8%  53.5  130s
 195577 141799  568.66667   54   65 2480.00000  560.00000  77.4%  53.4  135s
 205506 148962 1661.00000  116   47 2480.00000  568.66667  77.1%  53.3  140s
 214878 155824 1177.11429   57   58 2480.00000  578.00000  76.7%  53.2  145s
 222845 161221 2255.00000   88   21 2480.00000  583.59184  76.5%  53.4  150s
 231755 167350  731.60000   55   64 2480.00000  591.04615  76.2%  53.3  155s
 240463 173685 1837.20000   83   60 2480.00000  599.40000  75.8%  53.5  160s
 249055 179587 infeasible   63      2480.00000  606.00000  75.6%  53.6  165s
 258375 186194 1969.33333   85   26 2480.00000  611.27273  75.4%  53.7  170s
 267392 191793 1272.37143   62   71 2480.00000  616.88889  75.1%  54.1  175s
 276035 197529 2220.40000   99   31 2480.00000  623.50000  74.9%  54.2  180s

Cutting planes:
  Lift-and-project: 1
  Zero half: 4
  RLT: 258

Explored 276110 nodes (14959056 simplex iterations) in 180.00 seconds (403.90 work units)
Thread count was 16 (of 16 available processors)

Solution count 7: 2480 2536 2584 ... 10514

Time limit reached
Best objective 2.480000000000e+03, best bound 6.240000000000e+02, gap 74.8387%
