
Gurobi 10.0.1 (linux64) logging started Tue Sep 12 17:34:21 2023

Set parameter LogFile to value "./log/chr22a/chr22a.log"
Set parameter TimeLimit to value 180
Gurobi Optimizer version 10.0.1 build v10.0.1rc0 (linux64)

CPU model: 12th Gen Intel(R) Core(TM) i5-12600KF, instruction set [SSE2|AVX|AVX2]
Thread count: 8 physical cores, 16 logical processors, using up to 16 threads

Optimize a model with 44 rows, 484 columns and 968 nonzeros
Model fingerprint: 0xbbc4e535
Model has 9702 quadratic objective terms
Variable types: 0 continuous, 484 integer (484 binary)
Coefficient statistics:
  Matrix range     [1e+00, 1e+00]
  Objective range  [0e+00, 0e+00]
  QObjective range [6e+01, 2e+04]
  Bounds range     [1e+00, 1e+00]
  RHS range        [1e+00, 1e+00]
Found heuristic solution: objective 11856.000000
Presolve time: 0.05s
Presolved: 242 rows, 682 columns, 11066 nonzeros
Variable types: 0 continuous, 682 integer (484 binary)

Root relaxation: objective 0.000000e+00, 83 iterations, 0.00 seconds (0.00 work units)

    Nodes    |    Current Node    |     Objective Bounds      |     Work
 Expl Unexpl |  Obj  Depth IntInf | Incumbent    BestBd   Gap | It/Node Time

     0     0    0.00000    0   26 11856.0000    0.00000   100%     -    0s
H    0     0                    10806.000000    0.00000   100%     -    0s
H    0     0                    9234.0000000    0.00000   100%     -    0s
     0     0    0.00000    0   30 9234.00000    0.00000   100%     -    0s
H    0     0                    9200.0000000    0.00000   100%     -    0s
H    0     0                    9056.0000000    0.00000   100%     -    0s
     0     0    0.00000    0   25 9056.00000    0.00000   100%     -    0s
     0     0    0.00000    0   25 9056.00000    0.00000   100%     -    0s
     0     0    0.00000    0   26 9056.00000    0.00000   100%     -    0s
     0     0    0.00000    0   27 9056.00000    0.00000   100%     -    0s
     0     0    0.00000    0   25 9056.00000    0.00000   100%     -    0s
H    0     0                    8868.0000000    0.00000   100%     -    0s
H    0     0                    8574.0000000    0.00000   100%     -    0s
H    0     0                    8358.0000000    0.00000   100%     -    0s
H    0     0                    7830.0000000    0.00000   100%     -    0s
H    0     0                    7824.0000000    0.00000   100%     -    0s
H    0     0                    7806.0000000    0.00000   100%     -    0s
     0     0    0.00000    0   26 7806.00000    0.00000   100%     -    0s
H    0     0                    7274.0000000    0.00000   100%     -    0s
     0     0    0.00000    0   26 7274.00000    0.00000   100%     -    0s
     0     0    0.00000    0   26 7274.00000    0.00000   100%     -    0s
     0     2    0.00000    0   26 7274.00000    0.00000   100%     -    0s
H  127   130                    7266.0000000    0.00000   100%  10.5    0s
H  175   174                    7258.0000000    0.00000   100%   9.5    0s
H  181   174                    7154.0000000    0.00000   100%   9.3    0s
H  181   174                    7034.0000000    0.00000   100%   9.3    0s
H  581   632                    6974.0000000    0.00000   100%   9.8    0s
H  640   632                    6940.0000000    0.00000   100%   9.9    0s
H 1936  1729                    6814.0000000    0.00000   100%  10.3    0s
H 1944  1644                    6796.0000000    0.00000   100%  10.3    0s
H 1949  1564                    6758.0000000    0.00000   100%  10.3    0s
H 1950  1487                    6738.0000000    0.00000   100%  10.2    0s
H 1951  1413                    6720.0000000    0.00000   100%  10.2    0s
H 1968  1353                    6658.0000000  864.94084  87.0%  10.2    0s
H 1985  1295                    6572.0000000  934.04249  85.8%  10.1    1s
H 1996  1237                    6544.0000000 1011.93525  84.5%  10.0    1s
  2380  1496 2574.73692    7  126 6544.00000 2574.73692  60.7%  24.2    5s
H 2724  1665                    6528.0000000 2707.85457  58.5%  39.7    8s
H 2776  1617                    6416.0000000 2707.85457  57.8%  40.9    8s
  6863  3498 5853.83010  144   54 6416.00000 2707.85457  57.8%  50.1   10s
 46134 32002 5022.87114  114   43 6416.00000 3336.95359  48.0%  39.6   15s
 96747 65989 4262.26749   98   46 6416.00000 3638.72041  43.3%  37.3   20s
 146683 98337 4638.96625  133   45 6416.00000 3766.50000  41.3%  35.8   25s
 195897 129052 5553.58442  138   60 6416.00000 3859.63022  39.8%  34.9   30s
 245559 160805 4886.55561  128   61 6416.00000 3948.08050  38.5%  33.7   35s
 296706 191975 5006.08221  133   61 6416.00000 4020.52780  37.3%  33.0   40s
H323041 207241                    6412.0000000 4050.87775  36.8%  32.7   42s
 342621 219234 5866.00741  122   47 6412.00000 4078.54993  36.4%  32.6   45s
H370314 234930                    6408.0000000 4111.61028  35.8%  32.2   48s
H370342 234751                    6404.0000000 4111.61028  35.8%  32.2   48s
H370347 233829                    6384.0000000 4111.61028  35.6%  32.2   48s
 387410 245933 5212.86543  141   38 6384.00000 4131.49492  35.3%  32.1   50s
 441351 279787 5222.03462  110   54 6384.00000 4186.44809  34.4%  31.6   55s
 489999 308944 5410.56574  104   25 6384.00000 4229.59136  33.7%  31.3   60s
 537925 337388 5290.97401  139   65 6384.00000 4264.53615  33.2%  31.1   65s
 592522 369324 5107.35484  109   45 6384.00000 4306.95479  32.5%  30.7   70s
 642854 397757 4815.61271  123   67 6384.00000 4341.34742  32.0%  30.6   75s
 681247 418453 5511.50163  144   36 6384.00000 4374.34613  31.5%  30.5   80s
*694831 424278             112    6376.0000000 4385.86826  31.2%  30.5   81s
*694839 421846             116    6356.0000000 4385.86826  31.0%  30.5   81s
H696385 419625                    6338.0000000 4387.32861  30.8%  30.5   81s
H696444 397191                    6236.0000000 4387.34576  29.6%  30.5   81s
 727601 411558 4955.74978  109   46 6236.00000 4412.60363  29.2%  30.6   85s
 777300 433480 5361.01712  141   44 6236.00000 4453.96186  28.6%  30.7   90s
H798796 427758                    6178.0000000 4471.01961  27.6%  30.7   92s
H805164 427356                    6166.0000000 4476.22730  27.4%  30.7   93s
 817849 433351 4997.49427  109   22 6166.00000 4487.37910  27.2%  30.7   95s
H859540 447528                    6156.0000000 4520.13938  26.6%  30.8   99s
 862710 449243 5871.38782  134   35 6156.00000 4523.04913  26.5%  30.8  100s
 910900 468644 5828.53621  124   59 6156.00000 4557.29955  26.0%  30.9  105s
 959363 486377 5783.19785  135   42 6156.00000 4590.84269  25.4%  30.9  110s
 1005446 502400 5178.51994  122   46 6156.00000 4616.48431  25.0%  30.9  115s
 1050798 518001 6021.38005  159   31 6156.00000 4641.09831  24.6%  30.9  120s
 1100444 534400     cutoff  116      6156.00000 4665.60128  24.2%  30.9  125s
 1151998 550555 5518.73902  105   51 6156.00000 4688.76285  23.8%  30.9  130s
 1201908 564819 5867.72679  155   24 6156.00000 4709.05969  23.5%  30.9  135s
 1254089 579051 4832.10277  138   38 6156.00000 4728.69827  23.2%  30.8  140s
 1306025 593349 5631.64549  119   51 6156.00000 4747.29803  22.9%  30.8  145s
 1356282 606559 5399.31630  112   52 6156.00000 4763.47034  22.6%  30.8  150s
 1407473 618516 6015.80363  114   42 6156.00000 4778.90380  22.4%  30.8  155s
 1456397 629854 5747.73069  112   58 6156.00000 4793.39324  22.1%  30.8  160s
 1507076 641428 4989.68865  163   56 6156.00000 4807.71533  21.9%  30.8  165s
 1559136 652708 5560.78196  104   50 6156.00000 4821.63856  21.7%  30.8  170s
 1611799 664005 infeasible  120      6156.00000 4835.00364  21.5%  30.7  175s
 1661207 674354 5899.31186  108   51 6156.00000 4846.97756  21.3%  30.7  180s

Cutting planes:
  Gomory: 28
  Cover: 18
  Implied bound: 64
  Clique: 1
  MIR: 52
  StrongCG: 3
  Flow cover: 317
  Inf proof: 18
  Zero half: 1
  RLT: 46
  Relax-and-lift: 8

Explored 1662994 nodes (51086918 simplex iterations) in 180.01 seconds (347.19 work units)
Thread count was 16 (of 16 available processors)

Solution count 10: 6156 6166 6178 ... 6408

Time limit reached
Best objective 6.156000000000e+03, best bound 4.848000000000e+03, gap 21.2476%
