
Gurobi 10.0.1 (linux64) logging started Tue Sep 12 17:37:22 2023

Set parameter LogFile to value "./log/chr22b/chr22b.log"
Set parameter TimeLimit to value 180
Gurobi Optimizer version 10.0.1 build v10.0.1rc0 (linux64)

CPU model: 12th Gen Intel(R) Core(TM) i5-12600KF, instruction set [SSE2|AVX|AVX2]
Thread count: 8 physical cores, 16 logical processors, using up to 16 threads

Optimize a model with 44 rows, 484 columns and 968 nonzeros
Model fingerprint: 0x0f8504a9
Model has 9702 quadratic objective terms
Variable types: 0 continuous, 484 integer (484 binary)
Coefficient statistics:
  Matrix range     [1e+00, 1e+00]
  Objective range  [0e+00, 0e+00]
  QObjective range [6e+01, 2e+04]
  Bounds range     [1e+00, 1e+00]
  RHS range        [1e+00, 1e+00]
Found heuristic solution: objective 14202.000000
Presolve time: 0.04s
Presolved: 9746 rows, 10186 columns, 30074 nonzeros
Variable types: 0 continuous, 10186 integer (10186 binary)

Root relaxation: objective 0.000000e+00, 291 iterations, 0.01 seconds (0.02 work units)

    Nodes    |    Current Node    |     Objective Bounds      |     Work
 Expl Unexpl |  Obj  Depth IntInf | Incumbent    BestBd   Gap | It/Node Time

     0     0    0.00000    0   69 14202.0000    0.00000   100%     -    0s
H    0     0                    11552.000000    0.00000   100%     -    0s
     0     0    0.00000    0   64 11552.0000    0.00000   100%     -    0s
H    0     0                    11022.000000    0.00000   100%     -    0s
     0     0    0.00000    0   62 11022.0000    0.00000   100%     -    0s
     0     0    0.00000    0   44 11022.0000    0.00000   100%     -    0s
     0     0    0.00000    0   66 11022.0000    0.00000   100%     -    0s
     0     0    0.00000    0   47 11022.0000    0.00000   100%     -    0s
     0     0    0.00000    0   44 11022.0000    0.00000   100%     -    0s
     0     0    0.00000    0   44 11022.0000    0.00000   100%     -    0s
H    0     0                    9926.0000000    0.00000   100%     -    0s
H    0     0                    7500.0000000    0.00000   100%     -    0s
     0     0    0.00000    0   65 7500.00000    0.00000   100%     -    0s
     0     0    0.00000    0   65 7500.00000    0.00000   100%     -    1s
     0     2  126.00000    0   57 7500.00000  126.00000  98.3%     -    1s
H   72    80                    7402.0000000  126.00000  98.3%   156    1s
H   74    80                    7364.0000000  126.00000  98.3%   152    1s
H   75    80                    7332.0000000  126.00000  98.3%   151    1s
H  151   154                    7272.0000000  126.00000  98.3%   116    2s
H  556   556                    7250.0000000  126.00000  98.3%  76.5    3s
H  562   555                    7144.0000000  126.00000  98.2%  76.6    3s
  1572  1479 1751.46667  136   48 7144.00000  126.00000  98.2%  62.1    5s
H 1589  1452                    6704.0000000  126.00000  98.1%  61.6    5s
H 1925  1646                    6660.0000000  128.00000  98.1%  71.9    7s
  2306  1936  128.00000   36   44 6660.00000  128.00000  98.1%  86.3   10s
  4195  3060  860.42857  107   83 6660.00000  206.66667  96.9%   104   15s
  8007  5764 1469.82857   70   85 6660.00000  317.20000  95.2%  87.6   20s
H10037  7136                    6652.0000000  317.20000  95.2%  79.8   22s
 12018  9470  624.80000   35   58 6652.00000  396.00000  94.0%  74.3   25s
 13414 10272 1084.90000   53   70 6652.00000  400.00000  94.0%  76.3   30s
 17075 13554 3969.26667   38   50 6652.00000  458.00000  93.1%  79.4   35s
 22274 18487 2169.96825   87   76 6652.00000  484.00000  92.7%  74.8   40s
 25745 21548 3575.09457   51   79 6652.00000  499.80000  92.5%  73.9   45s
 29695 24170 2555.82857  144 4868 6652.00000  510.04545  92.3%  75.6   59s
 29702 24175 5356.60000  126   73 6652.00000  510.04545  92.3%  75.5   60s
 29766 24220 1034.21118   23  148 6652.00000 1034.21118  84.5%  75.9   68s
 29871 24296 2346.22402   31  114 6652.00000 1121.89214  83.1%  76.5   70s
H29877 23082                    6632.0000000 1121.89214  83.1%  76.6   70s
H29878 21930                    6618.0000000 1121.89214  83.0%  76.6   70s
 30050 22057 1299.99099   41  139 6618.00000 1169.73283  82.3%  77.1   75s
 30521 22364 3412.97537   60  107 6618.00000 1169.73283  82.3%  78.5   80s
 31283 22819 3771.10491   85  107 6618.00000 1169.73283  82.3%  79.6   85s
 32236 23367 5065.04127  126   87 6618.00000 1169.73283  82.3%  80.6   90s
 33815 24360 3284.48564   48  118 6618.00000 1421.23180  78.5%  81.5   95s
 35845 25358 3825.41807   52  105 6618.00000 1609.98397  75.7%  82.3  100s
 37603 26416 3429.58333   50  106 6618.00000 1711.68321  74.1%  83.1  105s
 39535 27470 3345.81498   58  130 6618.00000 1767.51012  73.3%  84.1  110s
 42387 29197 4713.88853   71   97 6618.00000 1821.67661  72.5%  84.7  116s
 44222 29481 2516.37372   39  140 6618.00000 1849.71926  72.1%  84.2  124s
 44406 31787 5636.22222   62   72 6618.00000 1850.80310  72.0%  84.1  129s
 47342 31353 5539.78596   89   82 6618.00000 1906.18793  71.2%  84.0  131s
 49551 32878 3751.11111   55   96 6618.00000 1948.47194  70.6%  83.9  135s
 52540 34144 6174.00000  103   36 6618.00000 2007.72977  69.7%  83.4  140s
 55085 35573 4050.66667   87   87 6618.00000 2065.81429  68.8%  83.0  145s
 57388 36564 6296.00000  112   33 6618.00000 2082.37841  68.5%  83.8  150s
 60413 38055 2351.29325   40  128 6618.00000 2118.90000  68.0%  83.8  156s
 62824 39251 3802.64706   60  103 6618.00000 2169.48126  67.2%  84.0  160s
 65405 40889 3921.31111   49   79 6618.00000 2193.97305  66.8%  84.5  165s
 68911 42419 4495.14976   71  125 6618.00000 2264.79353  65.8%  84.4  171s
 71435 43671 3210.55747   62  176 6618.00000 2315.28571  65.0%  84.7  175s
 74219 44910 5184.06667   83   80 6618.00000 2362.71429  64.3%  84.3  180s

Cutting planes:
  Gomory: 36
  Flow cover: 4
  Zero half: 126
  RLT: 357

Explored 75002 nodes (6322926 simplex iterations) in 180.00 seconds (464.34 work units)
Thread count was 16 (of 16 available processors)

Solution count 10: 6618 6632 6652 ... 7364

Time limit reached
Best objective 6.618000000000e+03, best bound 2.364000000000e+03, gap 64.2792%
