
Gurobi 10.0.1 (linux64) logging started Tue Sep 12 17:50:23 2023

Set parameter LogFile to value "./log/esc16h/esc16h.log"
Set parameter TimeLimit to value 180
Gurobi Optimizer version 10.0.1 build v10.0.1rc0 (linux64)

CPU model: 12th Gen Intel(R) Core(TM) i5-12600KF, instruction set [SSE2|AVX|AVX2]
Thread count: 8 physical cores, 16 logical processors, using up to 16 threads

Optimize a model with 32 rows, 256 columns and 512 nonzeros
Model fingerprint: 0x61d9e512
Model has 20240 quadratic objective terms
Variable types: 0 continuous, 256 integer (256 binary)
Coefficient statistics:
  Matrix range     [1e+00, 1e+00]
  Objective range  [0e+00, 0e+00]
  QObjective range [4e+00, 3e+02]
  Bounds range     [1e+00, 1e+00]
  RHS range        [1e+00, 1e+00]
Found heuristic solution: objective 1484.0000000
Presolve time: 0.19s
Presolved: 32 rows, 256 columns, 512 nonzeros
Presolved model has 20496 quadratic objective terms
Variable types: 0 continuous, 256 integer (256 binary)

Root relaxation: objective -1.268790e+04, 215 iterations, 0.01 seconds (0.01 work units)

    Nodes    |    Current Node    |     Objective Bounds      |     Work
 Expl Unexpl |  Obj  Depth IntInf | Incumbent    BestBd   Gap | It/Node Time

H    0     0                    1378.0000000    0.00000   100%     -    0s
     0     0    0.00000    0  170 1378.00000    0.00000   100%     -    0s
H    0     0                    1134.0000000    0.00000   100%     -    0s
H    0     0                    1068.0000000    0.00000   100%     -    0s
     0     0    0.00000    0  170 1068.00000    0.00000   100%     -    0s
H    0     0                     996.0000000    0.00000   100%     -    0s
     0     2    0.00000    0  170  996.00000    0.00000   100%     -    0s
 28133 21298  833.87410   62   32  996.00000   54.75638  94.5%  20.0    5s
 43041 31297  448.47252   47   84  996.00000   58.62443  94.1%  18.7   10s
 75287 44419  765.62568   53   72  996.00000  552.92236  44.5%  23.7   15s
 126296 61929  664.92382   53   70  996.00000  648.72591  34.9%  23.6   20s
 176671 86571     cutoff   69       996.00000  715.46840  28.2%  23.5   25s
 232122 119549  848.44591   64   59  996.00000  748.13202  24.9%  22.5   30s
 284004 146699     cutoff   67       996.00000  778.32402  21.9%  21.8   35s
 337447 170714  958.04066   64   72  996.00000  794.67700  20.2%  21.8   40s
 389166 194646  938.55595   71   51  996.00000  805.78036  19.1%  21.6   45s
 454720 227748     cutoff   84       996.00000  810.19914  18.7%  20.6   50s
 516916 258329  879.80179   56   67  996.00000  815.91535  18.1%  20.0   55s
 575045 280420  912.84451   63   67  996.00000  824.70698  17.2%  19.6   60s
 634991 301997  969.72893   67   53  996.00000  833.86146  16.3%  19.3   65s
 692861 318705  971.47416   65   52  996.00000  842.17607  15.4%  19.0   70s
 751371 329688  979.16765   65   66  996.00000  858.36453  13.8%  18.8   75s
 805090 339937  977.91299   64   62  996.00000  871.38277  12.5%  18.8   80s
 855783 350305  939.91541   67   69  996.00000  880.73556  11.6%  18.9   85s
 910537 352261     cutoff   66       996.00000  890.86040  10.6%  18.8   90s
 965245 353895  968.03158   57   66  996.00000  900.73756  9.56%  18.7   95s
 1019676 349106  967.36060   67   63  996.00000  911.52433  8.48%  18.6  100s
 1080004 335221  991.62993   70   65  996.00000  926.44830  6.98%  18.4  105s
 1144369 349262  992.80000   91   16  996.00000  935.10721  6.11%  18.1  110s
 1223305 386842  991.96746   78   21  996.00000  936.01576  6.02%  17.6  115s
 1303751 423234     cutoff   80       996.00000  936.90772  5.93%  17.1  120s
 1383318 460189  958.96977   72   38  996.00000  937.34190  5.89%  16.7  125s
 1468684 499986  981.67330   78   40  996.00000  937.82412  5.84%  16.2  130s
 1547715 534163  983.66270   79   26  996.00000  938.40654  5.78%  15.9  135s
 1629521 571449     cutoff   71       996.00000  938.73140  5.75%  15.6  140s
 1711759 606952     cutoff   74       996.00000  939.19804  5.70%  15.3  145s
 1793602 638971     cutoff   86       996.00000  939.55667  5.67%  15.0  150s
 1872481 671689  992.23529   80   14  996.00000  939.92225  5.63%  14.8  155s
 1953986 701313  992.84832   77   33  996.00000  940.56133  5.57%  14.6  160s
 2031328 727160     cutoff   78       996.00000  941.52152  5.47%  14.4  165s
 2112998 754087  990.42566   86   32  996.00000  943.10721  5.31%  14.2  170s
 2189715 772454  970.80598   77   38  996.00000  946.50362  4.97%  14.1  175s
 2265065 787656  992.49834   81   22  996.00000  949.80044  4.64%  13.9  180s

Cutting planes:
  Gomory: 11
  Implied bound: 88
  MIR: 12
  StrongCG: 1
  Flow cover: 84
  RLT: 7
  Relax-and-lift: 3

Explored 2265960 nodes (31531878 simplex iterations) in 180.00 seconds (351.10 work units)
Thread count was 16 (of 16 available processors)

Solution count 5: 996 1068 1134 ... 1484

Time limit reached
Best objective 9.960000000000e+02, best bound 9.500000000000e+02, gap 4.6185%
