
Gurobi 10.0.1 (linux64) logging started Tue Sep 12 17:44:09 2023

Set parameter LogFile to value "./log/esc16b/esc16b.log"
Set parameter TimeLimit to value 180
Gurobi Optimizer version 10.0.1 build v10.0.1rc0 (linux64)

CPU model: 12th Gen Intel(R) Core(TM) i5-12600KF, instruction set [SSE2|AVX|AVX2]
Thread count: 8 physical cores, 16 logical processors, using up to 16 threads

Optimize a model with 32 rows, 256 columns and 512 nonzeros
Model fingerprint: 0xdfcc74ba
Model has 16192 quadratic objective terms
Variable types: 0 continuous, 256 integer (256 binary)
Coefficient statistics:
  Matrix range     [1e+00, 1e+00]
  Objective range  [0e+00, 0e+00]
  QObjective range [4e+00, 4e+01]
  Bounds range     [1e+00, 1e+00]
  RHS range        [1e+00, 1e+00]
Found heuristic solution: objective 318.0000000
Presolve time: 0.16s
Presolved: 32 rows, 256 columns, 512 nonzeros
Presolved model has 16432 quadratic objective terms
Variable types: 0 continuous, 256 integer (256 binary)

Root relaxation: objective -1.740677e+03, 346 iterations, 0.02 seconds (0.03 work units)

    Nodes    |    Current Node    |     Objective Bounds      |     Work
 Expl Unexpl |  Obj  Depth IntInf | Incumbent    BestBd   Gap | It/Node Time

H    0     0                     314.0000000    0.00000   100%     -    0s
H    0     0                     308.0000000    0.00000   100%     -    0s
     0     0    0.00000    0  248  308.00000    0.00000   100%     -    0s
H    0     0                     304.0000000    0.00000   100%     -    0s
     0     0    0.00000    0  248  304.00000    0.00000   100%     -    0s
H    0     0                     298.0000000    0.00000   100%     -    0s
     0     0    0.00000    0   34  298.00000    0.00000   100%     -    0s
     0     0    0.00000    0   43  298.00000    0.00000   100%     -    0s
     0     0    0.00000    0   48  298.00000    0.00000   100%     -    0s
     0     0    0.00000    0   48  298.00000    0.00000   100%     -    0s
     0     0    0.00000    0   39  298.00000    0.00000   100%     -    0s
     0     0    0.00000    0   40  298.00000    0.00000   100%     -    0s
     0     0    0.00000    0   42  298.00000    0.00000   100%     -    0s
     0     0    0.00000    0   42  298.00000    0.00000   100%     -    0s
     0     0    0.00000    0   38  298.00000    0.00000   100%     -    0s
     0     0    0.00000    0   36  298.00000    0.00000   100%     -    0s
     0     0    0.00000    0   42  298.00000    0.00000   100%     -    0s
H    0     0                     296.0000000    0.00000   100%     -    0s
     0     0    0.00000    0   46  296.00000    0.00000   100%     -    0s
     0     0    0.00000    0   43  296.00000    0.00000   100%     -    0s
     0     0    0.00000    0   42  296.00000    0.00000   100%     -    0s
H    0     0                     294.0000000    0.00000   100%     -    0s
     0     0    0.00000    0   35  294.00000    0.00000   100%     -    0s
     0     0    0.00000    0   35  294.00000    0.00000   100%     -    0s
     0     2    0.00000    0   35  294.00000    0.00000   100%     -    0s
H  401   388                     292.0000000    0.00000   100%  26.6    1s
 37674 28958   57.30695   44   43  292.00000   16.30769  94.4%  20.2    5s
 43202 31677   18.00000   29   47  292.00000   18.00000  93.8%  20.2   10s
 107346 62374   56.26164   60   48  292.00000   48.46648  83.4%  22.6   15s
 197937 120152  148.14247   72   37  292.00000   67.31944  76.9%  20.9   20s
 295056 192384  157.58621   91   32  292.00000   74.79094  74.4%  20.2   25s
 386650 261727  117.64097   62   38  292.00000   78.43250  73.1%  20.1   30s
 480143 330949   86.00000   48   38  292.00000   81.99218  71.9%  19.9   35s
 574567 400794  115.37623   69   44  292.00000   84.42635  71.1%  19.9   40s
 671167 470686  125.84560   66   46  292.00000   87.55329  70.0%  19.7   45s
 762535 537387  133.02360   82   47  292.00000   90.01952  69.2%  19.6   50s
 857813 605919  270.74936   99   28  292.00000   92.84727  68.2%  19.4   55s
 958968 677157  206.82894   66   35  292.00000   95.49383  67.3%  19.2   60s
 1057668 748318  272.22545   91   23  292.00000   97.86962  66.5%  19.0   65s
 1158980 820798  275.15003   86   32  292.00000  100.03735  65.7%  18.8   70s
 1262352 895292 infeasible   89       292.00000  102.00000  65.1%  18.6   75s
 1362421 967236  149.52833   60   38  292.00000  103.59902  64.5%  18.5   80s
 1464971 1039834     cutoff   89       292.00000  105.05734  64.0%  18.4   85s
 1563909 1110168  129.98961   53   37  292.00000  106.31461  63.6%  18.3   90s
 1664692 1181718  118.33562   51   37  292.00000  107.50959  63.2%  18.2   95s
 1769347 1256396     cutoff   93       292.00000  108.64592  62.8%  18.1  100s
 1869405 1327178  248.81603   86   35  292.00000  109.64732  62.4%  18.0  105s
 1971752 1399099 infeasible   82       292.00000  110.54124  62.1%  17.9  110s
 2073767 1468863  161.95321   71   42  292.00000  111.48724  61.8%  17.9  115s
 2178125 1543181  288.65934   96   14  292.00000  112.30191  61.5%  17.8  120s
 2279067 1614425  162.85219   44   48  292.00000  113.10783  61.3%  17.8  125s
 2378497 1686238  162.75697   57   31  292.00000  113.87755  61.0%  17.7  130s
 2484410 1762542  158.00000   73   34  292.00000  114.43418  60.8%  17.7  135s
 2584709 1834212  156.79179   70   42  292.00000  115.06515  60.6%  17.6  140s
 2686374 1906290  164.64177   55   36  292.00000  115.71910  60.4%  17.6  145s
 2786639 1979299  248.59829   77   24  292.00000  116.11765  60.2%  17.6  150s
 2891305 2052573  284.00000  103   12  292.00000  116.70030  60.0%  17.5  155s
 2991052 2122728  172.97017   83   39  292.00000  117.23147  59.9%  17.5  160s
 3093626 2193388  240.87162   66   31  292.00000  117.79380  59.7%  17.5  165s
 3187067 2260249  227.89335   83   31  292.00000  118.16058  59.5%  17.5  170s
 3291403 2333015  157.06282   65   35  292.00000  118.68074  59.4%  17.4  175s
 3396900 2406716  227.90863   87   34  292.00000  119.22731  59.2%  17.4  180s

Cutting planes:
  Implied bound: 8
  MIR: 9
  StrongCG: 2
  Flow cover: 103

Explored 3398690 nodes (59181594 simplex iterations) in 180.01 seconds (324.62 work units)
Thread count was 16 (of 16 available processors)

Solution count 8: 292 294 296 ... 318

Time limit reached
Best objective 2.920000000000e+02, best bound 1.200000000000e+02, gap 58.9041%
