
Gurobi 10.0.1 (linux64) logging started Tue Sep 12 17:47:11 2023

Set parameter LogFile to value "./log/esc16c/esc16c.log"
Set parameter TimeLimit to value 180
Gurobi Optimizer version 10.0.1 build v10.0.1rc0 (linux64)

CPU model: 12th Gen Intel(R) Core(TM) i5-12600KF, instruction set [SSE2|AVX|AVX2]
Thread count: 8 physical cores, 16 logical processors, using up to 16 threads

Optimize a model with 32 rows, 256 columns and 512 nonzeros
Model fingerprint: 0x983b514b
Model has 8976 quadratic objective terms
Variable types: 0 continuous, 256 integer (256 binary)
Coefficient statistics:
  Matrix range     [1e+00, 1e+00]
  Objective range  [0e+00, 0e+00]
  QObjective range [4e+00, 6e+01]
  Bounds range     [1e+00, 1e+00]
  RHS range        [1e+00, 1e+00]
Found heuristic solution: objective 274.0000000
Presolve time: 0.10s
Presolved: 32 rows, 256 columns, 512 nonzeros
Presolved model has 9216 quadratic objective terms
Variable types: 0 continuous, 256 integer (256 binary)

Root relaxation: objective -1.675495e+03, 236 iterations, 0.01 seconds (0.01 work units)

    Nodes    |    Current Node    |     Objective Bounds      |     Work
 Expl Unexpl |  Obj  Depth IntInf | Incumbent    BestBd   Gap | It/Node Time

H    0     0                     268.0000000    0.00000   100%     -    0s
H    0     0                     194.0000000    0.00000   100%     -    0s
     0     0    0.00000    0  177  194.00000    0.00000   100%     -    0s
H    0     0                     178.0000000    0.00000   100%     -    0s
H    0     0                     176.0000000    0.00000   100%     -    0s
     0     0    0.00000    0  177  176.00000    0.00000   100%     -    0s
H    0     0                     170.0000000    0.00000   100%     -    0s
H    0     0                     164.0000000    0.00000   100%     -    0s
     0     2    0.00000    0  177  164.00000    0.00000   100%     -    0s
H   32    40                     162.0000000    0.00000   100%  11.8    0s
H  119   120                     160.0000000    0.00000   100%   9.2    0s
 40963 29449   30.80000   44   36  160.00000   30.80000  80.7%  13.3    5s
 120168 61289  109.75443   68   37  160.00000   80.66667  49.6%  14.5   10s
 228414 126856  133.20529   67   30  160.00000   94.57817  40.9%  13.6   15s
 339738 192191  154.38333   63   33  160.00000  103.50649  35.3%  13.0   20s
 452954 254833     cutoff   82       160.00000  109.38473  31.6%  12.7   25s
 561216 310370  157.86469   73   29  160.00000  113.92929  28.8%  12.5   30s
 671536 363812  136.00121   71   33  160.00000  117.42478  26.6%  12.3   35s
 779759 413049     cutoff   70       160.00000  120.25000  24.8%  12.2   40s
 895330 463357  134.00000   66   28  160.00000  122.77778  23.3%  12.1   45s
 1007176 509303  151.92857   80   21  160.00000  124.85106  22.0%  11.9   50s
 1116456 551521  154.02279   77   15  160.00000  126.74915  20.8%  11.9   55s
 1229238 591206  150.00000   81   20  160.00000  128.75926  19.5%  11.8   60s
 1333990 625993  156.73231   71   31  160.00000  130.46418  18.5%  11.7   65s
 1446272 661937  152.22222   59   14  160.00000  132.12483  17.4%  11.7   70s
 1557395 696138     cutoff   62       160.00000  133.61176  16.5%  11.6   75s
 1671020 728503  153.65217   89    7  160.00000  134.81081  15.7%  11.6   80s
 1786187 760233     cutoff   80       160.00000  136.00000  15.0%  11.5   85s
 1899198 790255  149.14016   63   20  160.00000  136.88889  14.4%  11.4   90s
 2016018 819790  156.39329   71   16  160.00000  137.89351  13.8%  11.4   95s
 2126705 846400     cutoff   66       160.00000  138.58958  13.4%  11.3  100s
 2243695 874538  154.00000   76   13  160.00000  139.33333  12.9%  11.2  105s
 2350072 898972     cutoff   72       160.00000  140.00000  12.5%  11.2  110s
 2462391 923495  145.42857   72   17  160.00000  140.50000  12.2%  11.2  115s
 2577432 947452  149.15533   73   19  160.00000  141.05798  11.8%  11.1  120s
 2694886 971955  157.35927   77   22  160.00000  141.61538  11.5%  11.1  125s
 2811944 992628     cutoff   70       160.00000  142.00000  11.2%  11.0  130s
 2930434 1014138  154.00000   68   13  160.00000  142.45159  11.0%  11.0  135s
 3046660 1033565  152.66820   75   31  160.00000  142.85714  10.7%  10.9  140s
 3163657 1052149  157.62963   70   30  160.00000  143.31293  10.4%  10.9  145s
 3271983 1069600  154.00000   64   18  160.00000  143.68510  10.2%  10.9  150s
 3388344 1081440     cutoff   71       160.00000  144.00000  10.0%  10.8  155s
 3508633 1096850  152.00000   81   11  160.00000  144.31579  9.80%  10.8  160s
 3622269 1109108  150.66030   71   21  160.00000  144.66667  9.58%  10.8  165s
 3733599 1120940  154.11111   70    6  160.00000  145.00000  9.37%  10.7  170s
 3846971 1132669     cutoff   75       160.00000  145.33333  9.17%  10.7  175s
 3963648 1144887  147.74824   63   29  160.00000  145.68808  8.94%  10.7  180s

Cutting planes:
  Gomory: 2
  Implied bound: 29
  MIR: 5
  Flow cover: 28
  Zero half: 1

Explored 3965915 nodes (42372669 simplex iterations) in 180.01 seconds (287.60 work units)
Thread count was 16 (of 16 available processors)

Solution count 9: 160 162 164 ... 274

Time limit reached
Best objective 1.600000000000e+02, best bound 1.460000000000e+02, gap 8.7500%
