
Gurobi 10.0.1 (linux64) logging started Tue Sep 12 18:24:18 2023

Set parameter LogFile to value "./log/had14/had14.log"
Set parameter TimeLimit to value 180
Gurobi Optimizer version 10.0.1 build v10.0.1rc0 (linux64)

CPU model: 12th Gen Intel(R) Core(TM) i5-12600KF, instruction set [SSE2|AVX|AVX2]
Thread count: 8 physical cores, 16 logical processors, using up to 16 threads

Optimize a model with 28 rows, 196 columns and 392 nonzeros
Model fingerprint: 0x427232ff
Model has 16562 quadratic objective terms
Variable types: 0 continuous, 196 integer (196 binary)
Coefficient statistics:
  Matrix range     [1e+00, 1e+00]
  Objective range  [0e+00, 0e+00]
  QObjective range [4e+00, 3e+02]
  Bounds range     [1e+00, 1e+00]
  RHS range        [1e+00, 1e+00]
Found heuristic solution: objective 3142.0000000
Presolve time: 0.09s
Presolved: 28 rows, 196 columns, 392 nonzeros
Presolved model has 16758 quadratic objective terms
Variable types: 0 continuous, 196 integer (196 binary)

Root relaxation: objective -1.699811e+04, 216 iterations, 0.01 seconds (0.02 work units)

    Nodes    |    Current Node    |     Objective Bounds      |     Work
 Expl Unexpl |  Obj  Depth IntInf | Incumbent    BestBd   Gap | It/Node Time

     0     0    0.00000    0  181 3142.00000    0.00000   100%     -    0s
H    0     0                    3092.0000000    0.00000   100%     -    0s
H    0     0                    3064.0000000    0.00000   100%     -    0s
H    0     0                    3056.0000000    0.00000   100%     -    0s
H    0     0                    3048.0000000    0.00000   100%     -    0s
     0     0    0.00000    0  181 3048.00000    0.00000   100%     -    0s
H    0     0                    3012.0000000    0.00000   100%     -    0s
H    0     0                    3010.0000000    0.00000   100%     -    0s
     0     2    0.00000    0  181 3010.00000    0.00000   100%     -    0s
H   31    40                    3008.0000000    0.00000   100%   8.1    0s
H   33    40                    2940.0000000    0.00000   100%   7.8    0s
H   79    96                    2922.0000000    0.00000   100%   5.1    0s
H   81    96                    2892.0000000    0.00000   100%   5.0    0s
H  120   144                    2874.0000000    0.00000   100%   4.3    0s
H  175   215                    2842.0000000    0.00000   100%   3.9    0s
H  246   235                    2840.0000000    0.00000   100%  24.1    0s
H  249   223                    2830.0000000    0.00000   100%  24.1    0s
H  301   251                    2814.0000000    0.00000   100%  25.9    0s
H  342   271                    2778.0000000    0.00000   100%  26.8    0s
H  602   401                    2774.0000000    0.00000   100%  39.3    1s
H  806   525                    2772.0000000    0.00000   100%  42.1    1s
H 1863  1351                    2768.0000000  381.86883  86.2%  34.5    2s
H 1989  1366                    2764.0000000  381.86883  86.2%  34.2    2s
H 2001  1301                    2752.0000000  381.86883  86.1%  34.3    2s
H15220 10609                    2748.0000000  381.86883  86.1%  19.5    3s
H15237 10605                    2744.0000000  381.86883  86.1%  19.5    3s
 35826 27996 1255.14744   91   59 2744.00000  617.64698  77.5%  18.9    5s
 41586 31531 2530.58879   97  267 2744.00000  657.80561  76.0%  18.9   10s
 41665 31583 1382.00681   75  295 2744.00000  761.67595  72.2%  18.8   15s
 41743 31635 2162.60891   94  317 2744.00000  896.35844  67.3%  18.8   20s
 62410 42571 2564.47218  122   49 2744.00000 1192.14761  56.6%  28.0   25s
 101772 60116 1623.03325   73   94 2744.00000 1302.20570  52.5%  31.3   30s
 145869 82774 1815.57817   81   95 2744.00000 1365.10859  50.3%  32.7   35s
 189945 116411 2364.37703   96   47 2744.00000 1446.30677  47.3%  33.1   40s
 239503 152969 2261.43975   96   61 2744.00000 1489.43247  45.7%  32.6   45s
 284915 185729 2385.53609  105   56 2744.00000 1512.10318  44.9%  32.2   50s
 338520 224565 2091.51789   92   84 2744.00000 1530.59222  44.2%  31.8   55s
 391254 263034 1557.50887   91   93 2744.00000 1545.88745  43.7%  31.5   60s
 441721 299905 2070.51581   97   68 2744.00000 1557.42745  43.2%  31.4   65s
 492922 337256     cutoff  107      2744.00000 1568.66264  42.8%  31.2   70s
 539825 370842 2158.26378   81   64 2744.00000 1577.94624  42.5%  31.0   75s
 590305 407337 1914.91463   82   89 2744.00000 1587.59342  42.1%  30.9   80s
 644539 445858 1901.68212   96   82 2744.00000 1597.15378  41.8%  30.7   85s
 696966 482906 2560.17679   95   50 2744.00000 1606.45682  41.5%  30.6   90s
 749431 519876 2423.58796  105   52 2744.00000 1615.76980  41.1%  30.4   95s
 801721 554461 2713.16778  119   35 2744.00000 1623.63993  40.8%  30.3  100s
 851440 588829 1786.82504   80   73 2744.00000 1632.39271  40.5%  30.2  105s
 904069 626575 2709.03007   92   37 2744.00000 1640.32507  40.2%  30.1  110s
 957082 662906 2048.19620   83   65 2744.00000 1648.21366  39.9%  30.0  115s
 1006335 697716 2285.98444  102   70 2744.00000 1655.49557  39.7%  29.9  120s
 1054973 732381 1841.25968   92   76 2744.00000 1662.72050  39.4%  29.8  125s
 1113291 772492 2006.15147   89   80 2744.00000 1672.02744  39.1%  29.7  130s
 1169459 810956 2456.59659  108   48 2744.00000 1680.09609  38.8%  29.6  135s
 1221861 847624 2396.17940  108   47 2744.00000 1687.21389  38.5%  29.5  140s
 1282327 887758 2008.11898   92   83 2744.00000 1695.15508  38.2%  29.3  145s
 1343122 927586 1871.99667   98   97 2744.00000 1702.77574  37.9%  29.2  150s
 1397838 964214 2139.15610   87   76 2744.00000 1708.85906  37.7%  29.1  155s
 1457187 1004085 2318.57529   94   66 2744.00000 1715.17732  37.5%  28.9  160s
 1516609 1043686 2671.27456  106   41 2744.00000 1720.82475  37.3%  28.8  165s
 1575758 1082063 1775.68996   95   92 2744.00000 1726.30207  37.1%  28.6  170s
 1637219 1123000 2645.24005  118   42 2744.00000 1731.37261  36.9%  28.5  175s
 1694865 1160938     cutoff  110      2744.00000 1735.86679  36.7%  28.4  180s

Cutting planes:
  Implied bound: 29
  MIR: 82
  Flow cover: 207
  RLT: 1

Explored 1696533 nodes (48114432 simplex iterations) in 180.01 seconds (361.17 work units)
Thread count was 16 (of 16 available processors)

Solution count 10: 2744 2748 2752 ... 2830

Time limit reached
Best objective 2.744000000000e+03, best bound 1.738000000000e+03, gap 36.6618%
