
Gurobi 10.0.1 (linux64) logging started Tue Sep 12 18:30:19 2023

Set parameter LogFile to value "./log/had18/had18.log"
Set parameter TimeLimit to value 180
Gurobi Optimizer version 10.0.1 build v10.0.1rc0 (linux64)

CPU model: 12th Gen Intel(R) Core(TM) i5-12600KF, instruction set [SSE2|AVX|AVX2]
Thread count: 8 physical cores, 16 logical processors, using up to 16 threads

Optimize a model with 36 rows, 324 columns and 648 nonzeros
Model fingerprint: 0xdad933e7
Model has 46818 quadratic objective terms
Variable types: 0 continuous, 324 integer (324 binary)
Coefficient statistics:
  Matrix range     [1e+00, 1e+00]
  Objective range  [0e+00, 0e+00]
  QObjective range [4e+00, 4e+02]
  Bounds range     [1e+00, 1e+00]
  RHS range        [1e+00, 1e+00]
Found heuristic solution: objective 5722.0000000
Presolve time: 0.30s
Presolved: 36 rows, 324 columns, 648 nonzeros
Presolved model has 47142 quadratic objective terms
Variable types: 0 continuous, 324 integer (324 binary)

Root relaxation: objective -4.448631e+04, 343 iterations, 0.04 seconds (0.07 work units)

    Nodes    |    Current Node    |     Objective Bounds      |     Work
 Expl Unexpl |  Obj  Depth IntInf | Incumbent    BestBd   Gap | It/Node Time

     0     0    0.00000    0  306 5722.00000    0.00000   100%     -    0s
H    0     0                    5654.0000000    0.00000   100%     -    0s
     0     0    0.00000    0  306 5654.00000    0.00000   100%     -    0s
H    0     0                    5604.0000000    0.00000   100%     -    0s
H    0     0                    5586.0000000    0.00000   100%     -    0s
     0     2    0.00000    0  306 5586.00000    0.00000   100%     -    0s
H   95   104                    5458.0000000    0.00000   100%   4.7    0s
H  237   212                    5446.0000000    0.00000   100%  43.3    2s
H  768   639                    5442.0000000    0.00000   100%  76.1    3s
H  941   749                    5422.0000000    0.00000   100%  75.4    3s
H 1490  1284                    5410.0000000    0.00000   100%  81.8    3s
  2264  1937  793.41434   70   66 5410.00000  156.52955  97.1%  69.5    5s
H 2448  1968                    5408.0000000  156.88683  97.1%  73.6    5s
H 2584  1979                    5406.0000000  157.06752  97.1%  73.8    6s
H 2585  1891                    5400.0000000  157.06752  97.1%  73.8    6s
 13517  9975 1718.77637  132   67 5400.00000  176.89931  96.7%  35.4   10s
H17726 13211                    5390.0000000  187.97517  96.5%  33.2   11s
 29313 22450 1879.55351  159  306 5390.00000  277.42852  94.9%  27.9   19s
 29318 22453 2203.10104  193   98 5390.00000  277.42852  94.9%  27.9   20s
 29341 22469 2705.68804  176  422 5390.00000  463.97658  91.4%  27.9   25s
 29371 22489  734.10689  121  451 5390.00000  492.97322  90.9%  27.9   30s
 29405 22511  573.69194   95  459 5390.00000  508.37528  90.6%  27.9   35s
 29439 22534 1251.25795  171  476 5390.00000  711.25070  86.8%  27.8   40s
 29473 22557  773.43134  118  477 5390.00000  743.40637  86.2%  27.8   45s
 29507 22579  983.13244  156  476 5390.00000  759.50692  85.9%  27.8   50s
H29548 21481                    5386.0000000  762.27052  85.8%  29.2   52s
 30067 21867  762.27052   79  279 5386.00000  762.27052  85.8%  32.2   55s
 34786 24442 2542.88166  195  123 5386.00000  762.27052  85.8%  39.1   60s
 42911 29004 1164.55664   76  196 5386.00000  762.27052  85.8%  42.6   65s
 49235 32760 1006.96951   82  203 5386.00000  762.27052  85.8%  44.9   70s
 58399 37280 5187.27888  161   53 5386.00000  762.27052  85.8%  46.3   75s
 66642 41872 2138.29649  137  129 5386.00000  762.27052  85.8%  47.1   80s
 76790 46613 1564.65313  101  125 5386.00000  762.27052  85.8%  47.9   85s
 85496 51088 1727.21485   98  152 5386.00000  762.27052  85.8%  47.7   90s
 96373 57030 1212.40609   84  184 5386.00000  762.27052  85.8%  48.5   95s
 107078 66988 1149.11171   92  180 5386.00000  770.47516  85.7%  48.9  100s
 117822 75646 1180.96247   99  166 5386.00000  808.30141  85.0%  49.4  105s
 131323 87142 1318.61239   82  173 5386.00000  846.01923  84.3%  49.2  110s
 144138 98012 4997.79631  180   45 5386.00000  872.57772  83.8%  49.1  115s
 157956 109629 1199.90337   69  185 5386.00000  889.24078  83.5%  48.8  120s
 170910 120582 1683.97908  103  161 5386.00000  901.95101  83.3%  48.7  125s
 183824 131376 1105.83599   83  192 5386.00000  909.59508  83.1%  48.6  130s
 194576 140917 2655.18751  164  116 5386.00000  915.31598  83.0%  49.2  135s
 207578 151642 1417.67181  103  156 5386.00000  921.98123  82.9%  49.4  140s
 219851 161933 2237.18214  113  107 5386.00000  929.64091  82.7%  49.2  145s
 232372 172883 2794.62536  159  116 5386.00000  935.65654  82.6%  49.3  150s
 243714 182651 1410.41506   76  175 5386.00000  939.33616  82.6%  49.1  155s
 255160 191853 1611.15699  104  155 5386.00000  944.87220  82.5%  48.9  160s
 268071 202345 1467.80328  108  169 5386.00000  948.49463  82.4%  48.9  165s
 278656 212226 2749.92470  132  116 5386.00000  951.87666  82.3%  49.2  170s
 290515 221572 1744.66293  129  124 5386.00000  955.64983  82.3%  49.0  175s
 301555 230239 3116.55460  153  100 5386.00000  959.96705  82.2%  49.1  180s

Cutting planes:
  Implied bound: 31
  MIR: 87
  StrongCG: 1
  Flow cover: 386
  Zero half: 3
  RLT: 4
  Relax-and-lift: 3

Explored 301610 nodes (14799455 simplex iterations) in 180.00 seconds (538.20 work units)
Thread count was 16 (of 16 available processors)

Solution count 10: 5386 5390 5400 ... 5458

Time limit reached
Best objective 5.386000000000e+03, best bound 9.600000000000e+02, gap 82.1760%
