
Gurobi 10.0.1 (linux64) logging started Tue Sep 12 18:21:17 2023

Set parameter LogFile to value "./log/had12/had12.log"
Set parameter TimeLimit to value 180
Gurobi Optimizer version 10.0.1 build v10.0.1rc0 (linux64)

CPU model: 12th Gen Intel(R) Core(TM) i5-12600KF, instruction set [SSE2|AVX|AVX2]
Thread count: 8 physical cores, 16 logical processors, using up to 16 threads

Optimize a model with 24 rows, 144 columns and 288 nonzeros
Model fingerprint: 0xc700918c
Model has 8712 quadratic objective terms
Variable types: 0 continuous, 144 integer (144 binary)
Coefficient statistics:
  Matrix range     [1e+00, 1e+00]
  Objective range  [0e+00, 0e+00]
  QObjective range [4e+00, 3e+02]
  Bounds range     [1e+00, 1e+00]
  RHS range        [1e+00, 1e+00]
Found heuristic solution: objective 1814.0000000
Presolve time: 0.04s
Presolved: 24 rows, 144 columns, 288 nonzeros
Presolved model has 8856 quadratic objective terms
Variable types: 0 continuous, 144 integer (144 binary)

Root relaxation: objective -8.077393e+03, 165 iterations, 0.00 seconds (0.01 work units)

    Nodes    |    Current Node    |     Objective Bounds      |     Work
 Expl Unexpl |  Obj  Depth IntInf | Incumbent    BestBd   Gap | It/Node Time

     0     0    0.00000    0  138 1814.00000    0.00000   100%     -    0s
     0     0    0.00000    0  138 1814.00000    0.00000   100%     -    0s
H    0     0                    1788.0000000    0.00000   100%     -    0s
H    0     2                    1746.0000000    0.00000   100%     -    0s
     0     2    0.00000    0  138 1746.00000    0.00000   100%     -    0s
H   65    80                    1734.0000000    0.00000   100%   4.4    0s
H   77    80                    1730.0000000    0.00000   100%   4.3    0s
H   85    96                    1722.0000000    0.00000   100%   4.3    0s
H   93    96                    1714.0000000    0.00000   100%   4.3    0s
H  135   144                    1700.0000000    0.00000   100%   4.2    0s
H  456   390                    1688.0000000    0.00000   100%  22.2    0s
H  459   374                    1680.0000000    0.00000   100%  22.1    0s
H  558   438                    1676.0000000    0.00000   100%  26.3    0s
H 1553  1023                    1660.0000000    0.00000   100%  22.4    0s
H 2044  1308                    1656.0000000  337.86692  79.6%  22.4    1s
 43448 30564  822.61298   79  198 1656.00000  604.64621  63.5%  15.7    5s
 43592 30660 1117.26831   62  236 1656.00000  673.43123  59.3%  15.7   10s
 72587 42186 1302.79299   75   62 1656.00000  902.77698  45.5%  21.3   15s
 146151 67865 1202.56773   83   74 1656.00000 1013.18736  38.8%  22.5   20s
 219872 111850 1477.81829   88   42 1656.00000 1057.47960  36.1%  22.6   25s
 307157 160670     cutoff   85      1656.00000 1093.93994  33.9%  22.3   30s
 393758 207065     cutoff   95      1656.00000 1115.59397  32.6%  22.0   35s
 481184 253387 1383.33111   89   47 1656.00000 1130.67166  31.7%  21.8   40s
 567344 299153 1481.65263   92   57 1656.00000 1143.15821  31.0%  21.7   45s
 655888 344736 1424.77373   93   52 1656.00000 1154.03393  30.3%  21.5   50s
 744928 389060 1288.72392   72   67 1656.00000 1164.07189  29.7%  21.3   55s
 832679 433215 1280.20931   81   65 1656.00000 1173.02131  29.2%  21.2   60s
 926058 477041     cutoff   95      1656.00000 1181.91643  28.6%  21.0   65s
 1016373 519435 1403.58742   79   44 1656.00000 1189.73568  28.2%  20.8   70s
 1111131 563540     cutoff   98      1656.00000 1197.79457  27.7%  20.7   75s
 1207587 607971 1349.11176   79   68 1656.00000 1205.08404  27.2%  20.5   80s
H1236523 619607                    1652.0000000 1207.28071  26.9%  20.5   81s
 1299824 648273 1640.89602   89   34 1652.00000 1211.55008  26.7%  20.4   85s
 1395918 690930 1304.08583   74   50 1652.00000 1217.86286  26.3%  20.2   90s
 1494989 732372 1575.37762   91   37 1652.00000 1223.71880  25.9%  20.1   95s
 1586699 772240 1436.04836   85   36 1652.00000 1228.67029  25.6%  20.0  100s
 1685864 814382 1592.85468   93   42 1652.00000 1233.50219  25.3%  19.9  105s
 1779120 854108 1380.11717   77   51 1652.00000 1237.73218  25.1%  19.8  110s
 1879856 895043 1613.44682   89   31 1652.00000 1241.89789  24.8%  19.7  115s
 1978647 935394     cutoff   86      1652.00000 1245.71099  24.6%  19.6  120s
 2077967 976316     cutoff   88      1652.00000 1249.45819  24.4%  19.6  125s
 2174751 1014800 1384.29401   85   50 1652.00000 1252.85891  24.2%  19.5  130s
 2269886 1052421 1487.71466   74   42 1652.00000 1256.07228  24.0%  19.4  135s
 2365489 1090196 1376.47755   89   54 1652.00000 1259.21521  23.8%  19.4  140s
 2466228 1129008 1405.93753   84   52 1652.00000 1262.28288  23.6%  19.3  145s
 2566602 1166917 infeasible   94      1652.00000 1265.22867  23.4%  19.3  150s
 2663247 1202707 1519.26140   92   37 1652.00000 1268.01186  23.2%  19.2  155s
 2762341 1239457 1416.98557   83   51 1652.00000 1270.78412  23.1%  19.1  160s
 2863729 1276782 1587.17508   87   45 1652.00000 1273.66587  22.9%  19.1  165s
 2959197 1312193 1412.90933   81   41 1652.00000 1276.26574  22.7%  19.0  170s
 3062112 1349271 1376.62364   78   52 1652.00000 1278.87573  22.6%  19.0  175s
 3162413 1385232 1389.96628   82   55 1652.00000 1281.40343  22.4%  18.9  180s

Cutting planes:
  Gomory: 2
  Implied bound: 21
  MIR: 57
  Flow cover: 157
  Zero half: 1
  RLT: 3
  Relax-and-lift: 1

Explored 3163419 nodes (59944536 simplex iterations) in 180.00 seconds (329.53 work units)
Thread count was 16 (of 16 available processors)

Solution count 10: 1652 1656 1660 ... 1730

Time limit reached
Best objective 1.652000000000e+03, best bound 1.282000000000e+03, gap 22.3971%
