
Gurobi 10.0.1 (linux64) logging started Tue Sep 12 18:33:20 2023

Set parameter LogFile to value "./log/had20/had20.log"
Set parameter TimeLimit to value 180
Gurobi Optimizer version 10.0.1 build v10.0.1rc0 (linux64)

CPU model: 12th Gen Intel(R) Core(TM) i5-12600KF, instruction set [SSE2|AVX|AVX2]
Thread count: 8 physical cores, 16 logical processors, using up to 16 threads

Optimize a model with 40 rows, 400 columns and 800 nonzeros
Model fingerprint: 0x3fd669fd
Model has 72200 quadratic objective terms
Variable types: 0 continuous, 400 integer (400 binary)
Coefficient statistics:
  Matrix range     [1e+00, 1e+00]
  Objective range  [0e+00, 0e+00]
  QObjective range [4e+00, 4e+02]
  Bounds range     [1e+00, 1e+00]
  RHS range        [1e+00, 1e+00]
Found heuristic solution: objective 7784.0000000
Presolve time: 0.55s
Presolved: 40 rows, 400 columns, 800 nonzeros
Presolved model has 72600 quadratic objective terms
Variable types: 0 continuous, 400 integer (400 binary)

Root relaxation: objective -6.472977e+04, 413 iterations, 0.07 seconds (0.13 work units)

    Nodes    |    Current Node    |     Objective Bounds      |     Work
 Expl Unexpl |  Obj  Depth IntInf | Incumbent    BestBd   Gap | It/Node Time

H    0     0                    7642.0000000    0.00000   100%     -    0s
     0     0    0.00000    0  372 7642.00000    0.00000   100%     -    0s
H    0     0                    7440.0000000    0.00000   100%     -    0s
     0     0    0.00000    0  372 7440.00000    0.00000   100%     -    0s
H    0     0                    7388.0000000    0.00000   100%     -    1s
H    0     2                    7300.0000000    0.00000   100%     -    1s
     0     2    0.00000    0  372 7300.00000    0.00000   100%     -    1s
H   31    40                    7234.0000000    0.00000   100%  10.3    1s
H  165   158                    7226.0000000    0.00000   100%  54.3    3s
H  209   176                    7194.0000000    0.00000   100%  54.3    3s
H  465   368                    7178.0000000    0.00000   100%  59.3    4s
H  575   523                    7150.0000000    0.00000   100%  54.7    4s
H  882   730                    7108.0000000    0.00000   100%  50.5    4s
  1798  1733  554.00000  177   51 7108.00000    0.00000   100%  49.3    5s
H 2581  2227                    7104.0000000    0.00000   100%  45.8    5s
H 2786  2258                    7100.0000000  174.83099  97.5%  51.9    8s
H 2822  2185                    7098.0000000  174.96302  97.5%  52.4    9s
H 2904  2125                    7094.0000000  175.08416  97.5%  52.5    9s
  3295  2367  188.39023   67   74 7094.00000  188.39023  97.3%  53.0   10s
H 3979  2693                    7090.0000000  189.53747  97.3%  52.5   10s
H 9673  6535                    7082.0000000  189.53747  97.3%  41.8   13s
 14185 10725 2141.25036  186   70 7082.00000  189.53747  97.3%  36.4   15s
 29710 23286 4234.89198  128  372 7082.00000  316.97121  95.5%  29.3   27s
 29717 23291 2824.88257  135  110 7082.00000  316.97121  95.5%  29.3   30s
 29734 23302  917.64211  129  468 7082.00000  527.96000  92.5%  29.3   35s
 29756 23317  974.16561   94  536 7082.00000  561.32930  92.1%  29.3   40s
 29780 23333 4203.12824  128  541 7082.00000  575.59178  91.9%  29.3   45s
 29804 23349 2992.99056  221  553 7082.00000  585.51817  91.7%  29.2   50s
 29829 23365 2633.82314  161  526 7082.00000  594.11761  91.6%  29.2   55s
H29829 22194                    7080.0000000  594.28477  91.6%  29.2   55s
 29854 22211 1875.50985  114  546 7080.00000  822.66432  88.4%  29.2   60s
 29880 22228 4203.12824  128  583 7080.00000  856.64595  87.9%  29.2   65s
 29906 22246 5787.78383  250  576 7080.00000  869.52020  87.7%  29.1   70s
 30323 22577  871.51047   72  458 7080.00000  871.51047  87.7%  32.5   75s
 33812 24579 1202.82159  115  203 7080.00000  871.51047  87.7%  38.0   80s
 38115 27622 2748.28794  226  131 7080.00000  871.51047  87.7%  42.9   85s
 44385 31105 1167.92896   79  218 7080.00000  871.51047  87.7%  45.1   90s
 50850 34835 3069.47484  108  115 7080.00000  871.51047  87.7%  48.9   95s
 58689 39332 5446.01787  186   68 7080.00000  871.51047  87.7%  49.3  100s
 70181 44910 4541.69717  165   84 7080.00000  974.26399  86.2%  48.0  105s
 80695 50490 1389.40261   79  203 7080.00000 1012.11667  85.7%  47.6  110s
 90336 56164 1493.47666  103  168 7080.00000 1030.63908  85.4%  48.6  115s
 103232 65090 1542.76891  108  184 7080.00000 1048.60510  85.2%  48.1  120s
 113521 74023 5293.90153  204   70 7080.00000 1055.57874  85.1%  48.1  125s
 123797 82476 2207.32975  117  141 7080.00000 1062.57899  85.0%  48.4  130s
 133078 91036 2070.06072  101  153 7080.00000 1068.53474  84.9%  48.6  135s
 140000 97863 3071.15262  154  126 7080.00000 1071.99981  84.9%  50.1  140s
H148136 104894                    7076.0000000 1075.79249  84.8%  49.8  144s
 149051 105598     cutoff  239      7076.00000 1076.39390  84.8%  49.8  145s
H150409 106581                    7074.0000000 1076.89687  84.8%  49.7  145s
 159337 114054 1977.02122  130  142 7074.00000 1080.84384  84.7%  50.0  150s
H159663 114503                    7072.0000000 1080.84384  84.7%  50.1  151s
 167238 121445 3121.88345  127  123 7072.00000 1085.20093  84.7%  50.1  155s
 176476 129426 2154.55317  103  137 7072.00000 1090.85941  84.6%  50.0  160s
 184701 136760 4109.84521  185  100 7072.00000 1094.51145  84.5%  49.9  165s
 193958 144835 5044.26476  143   61 7072.00000 1098.16084  84.5%  50.6  170s
 200545 150215 4192.85994  204   84 7072.00000 1100.56455  84.4%  51.0  175s
 208957 157172 1980.99356   94  163 7072.00000 1103.74139  84.4%  51.0  180s

Cutting planes:
  Gomory: 1
  Implied bound: 20
  MIR: 92
  StrongCG: 1
  Flow cover: 529
  Zero half: 2
  RLT: 1
  Relax-and-lift: 10

Explored 209098 nodes (10665696 simplex iterations) in 180.00 seconds (521.66 work units)
Thread count was 16 (of 16 available processors)

Solution count 10: 7072 7074 7076 ... 7104

Time limit reached
Best objective 7.072000000000e+03, best bound 1.104000000000e+03, gap 84.3891%
