
Gurobi 10.0.1 (linux64) logging started Tue Sep 12 18:43:04 2023

Set parameter LogFile to value "./log/kra32.log"
Set parameter TimeLimit to value 180
Gurobi Optimizer version 10.0.1 build v10.0.1rc0 (linux64)

CPU model: 12th Gen Intel(R) Core(TM) i5-12600KF, instruction set [SSE2|AVX|AVX2]
Thread count: 8 physical cores, 16 logical processors, using up to 16 threads

Optimize a model with 64 rows, 1024 columns and 2048 nonzeros
Model fingerprint: 0x767c2a89
Model has 163680 quadratic objective terms
Variable types: 0 continuous, 1024 integer (1024 binary)
Coefficient statistics:
  Matrix range     [1e+00, 1e+00]
  Objective range  [0e+00, 0e+00]
  QObjective range [2e+02, 7e+03]
  Bounds range     [1e+00, 1e+00]
  RHS range        [1e+00, 1e+00]
Found heuristic solution: objective 146780.00000
Presolve time: 1.16s
Presolved: 64 rows, 1024 columns, 2048 nonzeros
Presolved model has 164640 quadratic objective terms
Variable types: 0 continuous, 1024 integer (1024 binary)

Root relaxation: objective -1.974536e+06, 1463 iterations, 0.81 seconds (1.52 work units)

    Nodes    |    Current Node    |     Objective Bounds      |     Work
 Expl Unexpl |  Obj  Depth IntInf | Incumbent    BestBd   Gap | It/Node Time

H    0     0                    131730.00000    0.00000   100%     -    1s
H    0     0                    128050.00000    0.00000   100%     -    1s
H    0     0                    127230.00000    0.00000   100%     -    1s
H    0     0                    126020.00000    0.00000   100%     -    1s
H    0     0                    123070.00000    0.00000   100%     -    1s
     0     0    0.00000    0  968 123070.000    0.00000   100%     -    1s
H    0     0                    116630.00000    0.00000   100%     -    1s
H    0     0                    112010.00000    0.00000   100%     -    2s
H    0     0                    111910.00000    0.00000   100%     -    2s
     0     0    0.00000    0  968 111910.000    0.00000   100%     -    2s
H    0     0                    110620.00000    0.00000   100%     -    3s
     0     2    0.00000    0  968 110620.000    0.00000   100%     -    3s
     7    14 infeasible    3      110620.000    0.00000   100%  34.3    5s
H   31    38                    107590.00000    0.00000   100%  21.0    5s
H   32    38                    107480.00000    0.00000   100%  22.1    5s
H   37    38                    107080.00000    0.00000   100%  19.4    5s
H   48    54                    106280.00000    0.00000   100%  17.5    6s
H   49    54                    106030.00000    0.00000   100%  17.2    6s
H   65    61                    104880.00000    0.00000   100%  19.1    8s
H   65    58                    104680.00000    0.00000   100%  19.1    9s
H   65    55                    102750.00000    0.00000   100%  19.1    9s
    65    55    0.00000   11   71 102750.000    0.00000   100%  19.1   10s
H  177   133                    102670.00000    0.00000   100%   188   11s
H  178   131                    102250.00000    0.00000   100%   187   11s
H  220   162                    101910.00000    0.00000   100%   182   11s
H  224   162                    101420.00000    0.00000   100%   187   11s
H  285   229                    100500.00000    0.00000   100%   171   12s
H  291   229                    99500.000000    0.00000   100%   169   12s
H  320   262                    96760.000000    0.00000   100%   164   13s
H  328   270                    96560.000000    0.00000   100%   165   13s
H  330   270                    95720.000000    0.00000   100%   166   13s
  1057  1053 9940.83955  111   85 95720.0000    0.00000   100%   122   15s
H 3475  3331                    95220.000000    0.00000   100%  79.8   17s
  3582  3337 10448.9030  194   91 95220.0000    0.00000   100%  78.5   20s
H 3618  3200                    94720.000000   10.00000   100%  85.1   21s
H 3619  3042                    94220.000000   10.00000   100%  85.7   21s
H 3656  2919                    93320.000000 1200.00000  98.7%  90.0   22s
H 3853  2907                    92920.000000 1200.00000  98.7%   100   25s
H 3855  2770                    92720.000000 1200.00000  98.7%   101   25s
H 3949  2710                    92520.000000 1200.00000  98.7%   104   26s
  4836  3348 6631.58932   94   86 92520.0000 1200.00000  98.7%   117   30s
H 5340  3442                    92320.000000 1200.00000  98.7%   123   33s
  5819  3857 10967.0887  128   82 92320.0000 1200.00000  98.7%   124   35s
  7578  5083 24473.3704  203   73 92320.0000 1200.00000  98.7%   123   40s
  9472  6211 68537.4548  337   52 92320.0000 1200.00000  98.7%   115   45s
 11122  7371 31851.9598  130   75 92320.0000 1200.00000  98.7%   107   50s
 12936  9101 2313.69863  145   75 92320.0000 1200.00000  98.7%   104   55s
 14722 10813 29291.7505  169   79 92320.0000 1200.00000  98.7%   100   61s
H15892 11576                    92120.000000 1207.23974  98.7%  98.3   64s
 16130 12041 9862.33546   90   81 92120.0000 1207.23974  98.7%  98.0   65s
 17785 13513 14958.0464  161   76 92120.0000 1207.23974  98.7%  95.0   70s
 19543 15318 32951.0817  190   79 92120.0000 1207.23974  98.7%  91.8   75s
 21451 16898 4160.00000  119   75 92120.0000 1225.14922  98.7%  91.4   81s
 22909 18595 37619.9755  224   73 92120.0000 1225.14922  98.7%  92.1   85s
 24675 20067 15578.3572  125   80 92120.0000 1227.83287  98.7%  90.8   90s
 27099 22071 25521.4412  111   71 92120.0000 1700.00000  98.2%  88.3   97s
 28657 23504 11901.6427  180   72 92120.0000 1700.00000  98.2%  88.6  101s
 29570 23505 62102.2992  193  968 92120.0000 1700.00000  98.2%  87.1  121s
 29578 23510 32386.4193  131   88 92120.0000 1700.00000  98.2%  87.1  125s
 29584 23514 62337.9512  205  121 92120.0000 8200.00000  91.1%  87.0  130s
 29597 23523 68745.8987  373  143 92120.0000 10818.7335  88.3%  87.0  135s
H29601 22349                    91920.000000 11200.0000  87.8%  87.0  138s
 29608 22353 22127.7563  163  136 91920.0000 11360.0000  87.6%  87.0  140s
 29617 22359 79913.9613  116  169 91920.0000 11558.0936  87.4%  86.9  145s
 29625 22365 41935.4772  183  159 91920.0000 11902.1637  87.1%  86.9  150s
 29632 22369 83047.5694  165  154 91920.0000 12116.2256  86.8%  86.9  155s
 29642 22376 74746.7419  316  202 91920.0000 12350.0000  86.6%  86.9  160s
 29652 22383 12498.9349  116  191 91920.0000 12498.9349  86.4%  86.8  165s
 29662 22389 31329.2819  186  207 91920.0000 13107.8433  85.7%  86.8  170s
 29670 22395 62102.2992  193  210 91920.0000 13398.9395  85.4%  86.8  175s

Cutting planes:
  Gomory: 14
  Implied bound: 197
  MIR: 98
  StrongCG: 2
  Flow cover: 1194
  Zero half: 16
  RLT: 11

Explored 29675 nodes (2785339 simplex iterations) in 180.01 seconds (455.68 work units)
Thread count was 16 (of 16 available processors)

Solution count 10: 91920 92120 92320 ... 95220

Time limit reached
Best objective 9.192000000000e+04, best bound 1.375000000000e+04, gap 85.0413%
