
Gurobi 10.0.1 (linux64) logging started Tue Sep 12 18:49:05 2023

Set parameter LogFile to value "./log/lipa20b.log"
Set parameter TimeLimit to value 180
Gurobi Optimizer version 10.0.1 build v10.0.1rc0 (linux64)

CPU model: 12th Gen Intel(R) Core(TM) i5-12600KF, instruction set [SSE2|AVX|AVX2]
Thread count: 8 physical cores, 16 logical processors, using up to 16 threads

Optimize a model with 40 rows, 400 columns and 800 nonzeros
Model fingerprint: 0x97f7cad6
Model has 68020 quadratic objective terms
Variable types: 0 continuous, 400 integer (400 binary)
Coefficient statistics:
  Matrix range     [1e+00, 1e+00]
  Objective range  [0e+00, 0e+00]
  QObjective range [2e+00, 1e+03]
  Bounds range     [1e+00, 1e+00]
  RHS range        [1e+00, 1e+00]
Found heuristic solution: objective 35384.000000
Presolve time: 0.65s
Presolved: 40 rows, 400 columns, 800 nonzeros
Presolved model has 68420 quadratic objective terms
Variable types: 0 continuous, 400 integer (400 binary)

Root relaxation: objective -1.576351e+05, 440 iterations, 0.09 seconds (0.14 work units)

    Nodes    |    Current Node    |     Objective Bounds      |     Work
 Expl Unexpl |  Obj  Depth IntInf | Incumbent    BestBd   Gap | It/Node Time

H    0     0                    35311.000000    0.00000   100%     -    0s
H    0     0                    34751.000000    0.00000   100%     -    0s
     0     0    0.00000    0  400 34751.0000    0.00000   100%     -    0s
H    0     0                    34384.000000    0.00000   100%     -    0s
H    0     0                    27076.000000    0.00000   100%     -    0s
     0     0    0.00000    0  400 27076.0000    0.00000   100%     -    0s
     0     2    0.00000    0  400 27076.0000    0.00000   100%     -    1s
  1407  1164  631.63158   81   57 27076.0000    0.00000   100%  44.4    5s
  2968  2420 2134.37909   50   73 27076.0000    0.00000   100%  53.7   10s
 13516  9534 26516.3022  129   45 27076.0000 1193.70757  95.6%  46.3   15s
 29094 23064 9096.11573   54  400 27076.0000 1763.76441  93.5%  36.7   28s
 29099 23067 26543.8196  186   69 27076.0000 1763.76441  93.5%  36.7   30s
 29110 23075 13298.0117   87  387 27076.0000 1763.76441  93.5%  36.7   35s
 29127 23086 25190.1100  155  459 27076.0000 1763.76441  93.5%  36.7   40s
 29144 23097 12788.1960  131  503 27076.0000 1763.76441  93.5%  36.7   45s
 29162 23109 8526.83113   76  524 27076.0000 1763.76441  93.5%  36.6   50s
 29178 23120 17330.6554  128  533 27076.0000 1763.76441  93.5%  36.6   55s
 29196 23132 10699.2513  109  487 27076.0000 1763.76441  93.5%  36.6   60s
 29214 23144 26541.1455  160  505 27076.0000 1763.76441  93.5%  36.6   65s
 29230 23155 15074.7430  129  513 27076.0000 1763.76441  93.5%  36.6   70s
 29247 23166 12062.6445  129  524 27076.0000 1763.76441  93.5%  36.5   75s
 29264 23177 6282.62727   68  554 27076.0000 1763.76441  93.5%  36.5   80s
 29367 23255 1763.76441   55  496 27076.0000 1763.76441  93.5%  39.3   85s
 32154 24963 5770.77598   92  169 27076.0000 2252.37790  91.7%  44.5   90s
 38457 28470 10767.7999   81  128 27076.0000 2834.36167  89.5%  48.4   95s
 46847 32326 24023.7272  177   79 27076.0000 4645.62447  82.8%  51.3  100s
 56762 37922 15449.3652   92  114 27076.0000 5557.44728  79.5%  52.6  105s
 67651 43611 14088.7297  105  108 27076.0000 5991.86384  77.9%  51.6  110s
 76650 48259 11183.9807   91  130 27076.0000 6090.54851  77.5%  52.3  115s
 85597 53133 11423.9262   72  120 27076.0000 6319.39411  76.7%  53.3  120s
 97161 59023 9825.09277   74  156 27076.0000 6548.91205  75.8%  52.6  125s
 107614 66463 8478.82075   92  153 27076.0000 6720.80646  75.2%  51.9  130s
 118324 76241 9862.80400   83  124 27076.0000 6872.50724  74.6%  52.2  135s
 130354 85986 12711.5877  102  112 27076.0000 7068.07009  73.9%  51.5  140s
 140967 95198 12594.2904   97  133 27076.0000 7237.61649  73.3%  51.4  145s
 151442 103924 9493.23948   95  136 27076.0000 7370.50806  72.8%  51.4  150s
 163721 114080 23093.4594   81   86 27076.0000 7485.07399  72.4%  51.0  155s
 175777 124348     cutoff  149      27076.0000 7585.03799  72.0%  50.6  160s
 185761 132342 21226.0790   97   96 27076.0000 7642.82197  71.8%  50.5  165s
 196829 141888 8901.85120   97  131 27076.0000 7693.23373  71.6%  50.6  170s
 207788 151016 21780.2073  116   80 27076.0000 7735.40150  71.4%  50.4  175s
 218742 159403 26091.1274  116   68 27076.0000 7775.69030  71.3%  50.6  180s

Cutting planes:
  Gomory: 1
  Implied bound: 19
  MIR: 116
  Flow cover: 560
  RLT: 2
  Relax-and-lift: 4

Explored 219010 nodes (11070471 simplex iterations) in 180.00 seconds (490.93 work units)
Thread count was 16 (of 16 available processors)

Solution count 5: 27076 34384 34751 ... 35384

Time limit reached
Best objective 2.707600000000e+04, best bound 7.776000000000e+03, gap 71.2808%
