
Gurobi 10.0.1 (linux64) logging started Tue Sep 12 16:19:24 2023

Set parameter LogFile to value "./log/nug16b/nug16b.log"
Set parameter TimeLimit to value 180
Gurobi Optimizer version 10.0.1 build v10.0.1rc0 (linux64)

CPU model: 12th Gen Intel(R) Core(TM) i5-12600KF, instruction set [SSE2|AVX|AVX2]
Thread count: 8 physical cores, 16 logical processors, using up to 16 threads

Optimize a model with 32 rows, 256 columns and 512 nonzeros
Model fingerprint: 0xbf0bee3d
Model has 20160 quadratic objective terms
Variable types: 0 continuous, 256 integer (256 binary)
Coefficient statistics:
  Matrix range     [1e+00, 1e+00]
  Objective range  [0e+00, 0e+00]
  QObjective range [4e+00, 2e+02]
  Bounds range     [1e+00, 1e+00]
  RHS range        [1e+00, 1e+00]
Found heuristic solution: objective 1830.0000000
Presolve time: 0.18s
Presolved: 32 rows, 256 columns, 512 nonzeros
Presolved model has 20416 quadratic objective terms
Variable types: 0 continuous, 256 integer (256 binary)

Root relaxation: objective -1.171001e+04, 288 iterations, 0.02 seconds (0.03 work units)

    Nodes    |    Current Node    |     Objective Bounds      |     Work
 Expl Unexpl |  Obj  Depth IntInf | Incumbent    BestBd   Gap | It/Node Time

H    0     0                    1690.0000000    0.00000   100%     -    0s
H    0     0                    1686.0000000    0.00000   100%     -    0s
     0     0   -0.00000    0  256 1686.00000    0.00000   100%     -    0s
H    0     0                    1606.0000000    0.00000   100%     -    0s
H    0     0                    1548.0000000    0.00000   100%     -    0s
H    0     0                    1492.0000000    0.00000   100%     -    0s
H    0     0                    1440.0000000    0.00000   100%     -    0s
     0     0   -0.00000    0  256 1440.00000    0.00000   100%     -    0s
H    0     0                    1368.0000000    0.00000   100%     -    0s
H    0     0                    1340.0000000    0.00000   100%     -    0s
     0     2   -0.00000    0  256 1340.00000    0.00000   100%     -    0s
H   31    38                    1332.0000000    0.00000   100%   9.3    0s
H   32    38                    1312.0000000    0.00000   100%   9.8    0s
H  307   243                    1296.0000000    0.00000   100%  25.1    1s
H  553   418                    1288.0000000    0.00000   100%  22.6    1s
H  921   705                    1284.0000000    0.00000   100%  19.7    1s
H  922   705                    1276.0000000    0.00000   100%  19.7    1s
H13150  9465                    1266.0000000   76.00000  94.0%  18.3    4s
H20217 15006                    1264.0000000   76.00000  94.0%  18.0    4s
 24598 18862  190.93468   93   44 1264.00000   76.00000  94.0%  17.4    5s
 29621 22182  449.56520  112  128 1264.00000   90.29445  92.9%  17.0   10s
 29681 22222  203.10328   91  137 1264.00000  106.64069  91.6%  17.0   15s
 29788 22296  115.34051   50  118 1264.00000  115.34051  90.9%  19.0   20s
H30360 21541                    1262.0000000  115.34051  90.9%  19.7   21s
 66582 38755 1122.28386  119   30 1262.00000  199.62660  84.2%  19.4   25s
 131888 80822  670.34498  112   43 1262.00000  236.37684  81.3%  18.3   30s
 192416 127780  392.80526   81   47 1262.00000  255.89374  79.7%  17.9   35s
*207681 138632              82    1246.0000000  260.99599  79.1%  17.8   36s
H208172 138654                    1240.0000000  261.07920  78.9%  17.8   36s
 258875 177357  470.57878  106   47 1240.00000  275.49599  77.8%  17.5   40s
 321809 225204  760.19175   93   39 1240.00000  290.18351  76.6%  17.2   45s
 384060 271738  951.59777   65   31 1240.00000  301.63059  75.7%  17.1   50s
 445261 317261 1056.81524  123   25 1240.00000  311.52362  74.9%  16.9   55s
 509475 364840  539.31524  114   48 1240.00000  320.26783  74.2%  16.8   60s
 565314 411669  943.19455  113   35 1240.00000  326.90443  73.6%  16.7   65s
 633510 456450  730.90661   97   39 1240.00000  334.41914  73.0%  16.5   70s
 698719 504815 1221.79130  128   26 1240.00000  340.77011  72.5%  16.4   75s
 761857 550972  961.11039  109   29 1240.00000  346.50825  72.1%  16.3   80s
 828091 599908  594.98497  104   39 1240.00000  351.69006  71.6%  16.2   85s
 891342 645633 1186.18137  130   34 1240.00000  356.81074  71.2%  16.1   90s
 956148 693131  646.93161   97   45 1240.00000  361.55314  70.8%  16.0   95s
 1020311 739476 1163.27567  143   22 1240.00000  365.94788  70.5%  16.0  100s
 1080798 783439  483.40642   84   44 1240.00000  369.70021  70.2%  15.9  105s
 1145820 831009 1141.53807  100   28 1240.00000  373.53110  69.9%  15.8  110s
 1216396 882133  911.27633  107   31 1240.00000  377.63506  69.5%  15.7  115s
 1282134 930465  522.96390   88   45 1240.00000  381.12218  69.3%  15.7  120s
 1352856 980745 1137.47824  137   33 1240.00000  384.94275  69.0%  15.6  125s
 1422131 1030063 1130.69693  112   33 1240.00000  388.37585  68.7%  15.5  130s
 1487245 1077107  651.23188   93   45 1240.00000  391.56008  68.4%  15.5  135s
 1557234 1127552  654.83003   96   42 1240.00000  394.77752  68.2%  15.4  140s
 1625520 1176236  458.22489   93   44 1240.00000  397.89024  67.9%  15.3  145s
 1694256 1225485  718.67803   80   36 1240.00000  400.82770  67.7%  15.3  150s
 1763522 1274813  789.57867   96   33 1240.00000  403.84333  67.4%  15.3  155s
 1829490 1321540  745.10998  102   30 1240.00000  406.45822  67.2%  15.2  160s
 1901885 1372341  925.10782  131   34 1240.00000  409.29610  67.0%  15.1  165s
 1964720 1417664 1047.54050  116   33 1240.00000  411.52781  66.8%  15.1  170s
 2036801 1467443 1031.80885  117   35 1240.00000  414.21396  66.6%  15.1  175s
 2106621 1516758  931.96725  115   35 1240.00000  416.59523  66.4%  15.0  180s

Cutting planes:
  Gomory: 1
  Implied bound: 2
  MIR: 15
  StrongCG: 2
  Flow cover: 120
  RLT: 1
  Relax-and-lift: 3

Explored 2107033 nodes (31653145 simplex iterations) in 180.00 seconds (439.42 work units)
Thread count was 16 (of 16 available processors)

Solution count 10: 1240 1246 1262 ... 1312

Time limit reached
Best objective 1.240000000000e+03, best bound 4.180000000000e+02, gap 66.2903%
