
Gurobi 10.0.1 (linux64) logging started Tue Sep 12 16:02:28 2023

Set parameter LogFile to value "./log/nug14/nug14.log"
Set parameter TimeLimit to value 600
Gurobi Optimizer version 10.0.1 build v10.0.1rc0 (linux64)

CPU model: 12th Gen Intel(R) Core(TM) i5-12600KF, instruction set [SSE2|AVX|AVX2]
Thread count: 8 physical cores, 16 logical processors, using up to 16 threads

Optimize a model with 28 rows, 196 columns and 392 nonzeros
Model fingerprint: 0x2519cccc
Model has 12376 quadratic objective terms
Variable types: 0 continuous, 196 integer (196 binary)
Coefficient statistics:
  Matrix range     [1e+00, 1e+00]
  Objective range  [0e+00, 0e+00]
  QObjective range [4e+00, 2e+02]
  Bounds range     [1e+00, 1e+00]
  RHS range        [1e+00, 1e+00]
Found heuristic solution: objective 1302.0000000
Presolve time: 0.08s
Presolved: 28 rows, 196 columns, 392 nonzeros
Presolved model has 12572 quadratic objective terms
Variable types: 0 continuous, 196 integer (196 binary)

Root relaxation: objective -9.122995e+03, 205 iterations, 0.01 seconds (0.01 work units)

    Nodes    |    Current Node    |     Objective Bounds      |     Work
 Expl Unexpl |  Obj  Depth IntInf | Incumbent    BestBd   Gap | It/Node Time

     0     0    0.00000    0  174 1302.00000    0.00000   100%     -    0s
H    0     0                    1260.0000000    0.00000   100%     -    0s
H    0     0                    1248.0000000    0.00000   100%     -    0s
H    0     0                    1242.0000000    0.00000   100%     -    0s
     0     0    0.00000    0  174 1242.00000    0.00000   100%     -    0s
H    0     0                    1236.0000000    0.00000   100%     -    0s
H    0     0                    1190.0000000    0.00000   100%     -    0s
H    0     0                    1188.0000000    0.00000   100%     -    0s
     0     2    0.00000    0  174 1188.00000    0.00000   100%     -    0s
H   31    40                    1186.0000000    0.00000   100%   6.8    0s
H   32    40                    1094.0000000    0.00000   100%   6.7    0s
H  372   302                    1076.0000000    0.00000   100%  14.3    0s
H  614   451                    1068.0000000    0.00000   100%  15.8    0s
H 1980  1390                    1062.0000000  156.42610  85.3%  16.4    1s
H 2020  1371                    1048.0000000  156.42610  85.1%  16.4    1s
H 2081  1333                    1044.0000000  156.42610  85.0%  16.5    1s
H 2087  1271                    1036.0000000  156.42610  84.9%  16.5    1s
H 2088  1214                    1034.0000000  156.42610  84.9%  16.5    1s
H 2090  1159                    1032.0000000  156.42610  84.8%  16.5    1s
H 4779  2417                    1030.0000000  156.42610  84.8%  14.1    1s
 42531 29340  407.03355   54   60 1030.00000  207.39573  79.9%  12.7    5s
 132180 62844  493.40111  109   60 1030.00000  328.44767  68.1%  13.9   10s
 255720 140542  389.82848   68   51 1030.00000  377.23890  63.4%  13.2   15s
 375743 213821  528.14659  111   62 1030.00000  402.14130  61.0%  13.0   20s
 496496 287446     cutoff  115      1030.00000  419.72681  59.2%  12.8   25s
 621892 362568  931.14158  119   40 1030.00000  434.33809  57.8%  12.6   30s
 746028 435342  668.52128  117   59 1030.00000  446.44298  56.7%  12.4   35s
 873032 509018  725.51650  114   53 1030.00000  456.52175  55.7%  12.3   40s
 995532 578407  900.19493   81   35 1030.00000  465.20590  54.8%  12.2   45s
 1116056 647008  915.37740   87   48 1030.00000  472.90332  54.1%  12.1   50s
 1240046 715652  902.50292  108   42 1030.00000  479.82711  53.4%  12.0   55s
 1363566 784279  953.89489  115   38 1030.00000  486.25346  52.8%  11.9   60s
 1485494 851414 1018.07198  104   39 1030.00000  492.00319  52.2%  11.9   65s
 1613702 920386  759.28723   83   44 1030.00000  497.42488  51.7%  11.8   70s
 1734395 985603  979.84668  120   36 1030.00000  502.24693  51.2%  11.8   75s
 1864242 1057092  989.34226  108   39 1030.00000  507.08829  50.8%  11.7   80s
 1981944 1120452  953.63675  115   40 1030.00000  511.15324  50.4%  11.7   85s
 2104772 1187172  604.58499   95   56 1030.00000  515.26317  50.0%  11.6   90s
 2211593 1244703  738.92971   80   45 1030.00000  518.79935  49.6%  11.6   95s
 2330388 1306347  632.01409  103   52 1030.00000  522.42523  49.3%  11.5  100s
 2460497 1374431     cutoff  113      1030.00000  526.22102  48.9%  11.5  105s
 2583228 1441058  726.73233   94   54 1030.00000  529.50667  48.6%  11.5  110s
 2712841 1509506  741.84828   92   47 1030.00000  532.72296  48.3%  11.4  115s
 2840128 1576535  700.88743  103   49 1030.00000  535.85517  48.0%  11.4  120s
 2964911 1641760  788.97065   88   45 1030.00000  538.74288  47.7%  11.4  125s
 3091334 1707322  715.49545   82   45 1030.00000  541.57028  47.4%  11.4  130s
 3214522 1771606  613.16158   77   46 1030.00000  544.29433  47.2%  11.3  135s
 3338657 1834995  901.44451  103   39 1030.00000  546.99503  46.9%  11.3  140s
 3462855 1898658  731.83884   86   47 1030.00000  549.48869  46.7%  11.3  145s
 3588024 1962361  806.87173   79   47 1030.00000  551.94812  46.4%  11.3  150s
 3710438 2025274     cutoff  119      1030.00000  554.26875  46.2%  11.2  155s
 3837386 2088296     cutoff  107      1030.00000  556.63156  46.0%  11.2  160s
 3958462 2149471  755.11343   94   53 1030.00000  558.76939  45.8%  11.2  165s
 4084013 2212474  917.12012   71   35 1030.00000  560.92994  45.5%  11.2  170s
 4207880 2273979 1025.55903   92   38 1030.00000  563.10358  45.3%  11.2  175s
 4333506 2336814  854.41856  102   46 1030.00000  565.21375  45.1%  11.1  180s
 4459685 2399513  712.23157   75   40 1030.00000  567.29560  44.9%  11.1  185s
 4579294 2457796  933.78141   98   41 1030.00000  569.16407  44.7%  11.1  190s
 4703732 2518471  988.25909  102   44 1030.00000  571.02479  44.6%  11.1  195s
 4827630 2579405  764.68119  104   45 1030.00000  572.90831  44.4%  11.1  200s
 4964352 2647132  975.86649   96   42 1030.00000  574.93374  44.2%  11.0  205s
 5105875 2715376  983.89926  107   35 1030.00000  576.97756  44.0%  11.0  210s
 5239983 2780154     cutoff   99      1030.00000  578.86645  43.8%  10.9  215s
 5381723 2848673  677.56826   82   45 1030.00000  580.77622  43.6%  10.9  220s
 5523232 2916948 1018.27427  123   36 1030.00000  582.64050  43.4%  10.9  225s
 5652747 2978614  910.13041  106   46 1030.00000  584.31126  43.3%  10.8  230s
 5790318 3044530  765.79504  101   54 1030.00000  586.04069  43.1%  10.8  235s
 5929308 3110719  770.95881   93   43 1030.00000  587.77046  42.9%  10.8  240s
 6064669 3175286  970.86683   97   37 1030.00000  589.39803  42.8%  10.7  245s
 6201679 3240803 1010.64382  103   44 1030.00000  591.08811  42.6%  10.7  250s
 6342973 3307362  800.25364  114   44 1030.00000  592.78023  42.4%  10.7  255s
 6479331 3372258  662.18703   76   44 1030.00000  594.37039  42.3%  10.7  260s
 6617202 3437339  949.35916   88   40 1030.00000  595.92973  42.1%  10.6  265s
 6761501 3504707  968.29041   90   42 1030.00000  597.52237  42.0%  10.6  270s
 6901734 3568697  696.78235  102   60 1030.00000  599.01706  41.8%  10.6  275s
 7025547 3626302  960.38984  115   35 1030.00000  600.39308  41.7%  10.6  280s
 7170219 3692254     cutoff  119      1030.00000  601.91981  41.6%  10.5  285s
 7297810 3751292  667.36523   90   47 1030.00000  603.26601  41.4%  10.5  290s
 7437872 3814710  952.38121  108   41 1030.00000  604.68809  41.3%  10.5  295s
 7574568 3877780  830.14129  113   48 1030.00000  606.05546  41.2%  10.5  300s
 7715869 3942032  908.40409   65   37 1030.00000  607.48532  41.0%  10.4  305s
 7859673 4008962  961.30773  109   38 1030.00000  608.88250  40.9%  10.4  310s
 7997636 4073032  895.56821  111   45 1030.00000  610.22651  40.8%  10.4  315s
 8145460 4140442  790.07063  123   51 1030.00000  611.61825  40.6%  10.4  320s
 8282768 4201420  759.77279   90   47 1030.00000  612.86207  40.5%  10.3  325s
 8417907 4262692     cutoff  119      1030.00000  614.09040  40.4%  10.3  330s
 8562162 4327991  993.28489   93   41 1030.00000  615.36605  40.3%  10.3  335s
 8706753 4393232 1016.35043  106   41 1030.00000  616.67598  40.1%  10.3  340s
 8851807 4458255  844.65181   91   46 1030.00000  617.94983  40.0%  10.3  345s
 8986849 4519335  895.73700  102   43 1030.00000  619.09093  39.9%  10.3  350s
 9129567 4584106  663.32126   91   53 1030.00000  620.29204  39.8%  10.2  355s
 9271118 4648346 1005.10665  106   35 1030.00000  621.48157  39.7%  10.2  360s
 9412668 4712989     cutoff  110      1030.00000  622.66025  39.5%  10.2  365s
 9548252 4773354  804.49592   93   43 1030.00000  623.78309  39.4%  10.2  370s
 9690140 4836178  964.22396   97   43 1030.00000  624.90950  39.3%  10.2  375s
 9834387 4900705  766.13309   93   51 1030.00000  626.04659  39.2%  10.1  380s
 9974732 4962018  900.96551   92   37 1030.00000  627.14369  39.1%  10.1  385s
 10114794 5023502 1019.60263   83   30 1030.00000  628.19187  39.0%  10.1  390s
 10247953 5080912  888.58265  107   46 1030.00000  629.21106  38.9%  10.1  395s
 10386243 5140807  855.23668   82   46 1030.00000  630.24886  38.8%  10.1  400s
 10518646 5198577     cutoff   95      1030.00000  631.19575  38.7%  10.1  405s
 10665459 5263025  986.02151  102   38 1030.00000  632.25691  38.6%  10.1  410s
 10802323 5321914  810.65088  117   43 1030.00000  633.23319  38.5%  10.0  415s
 10932989 5378932 1008.44908  112   36 1030.00000  634.14981  38.4%  10.0  420s
 11060889 5434023     cutoff   83      1030.00000  635.05443  38.3%  10.0  425s
 11186408 5489406 1013.30026   94   30 1030.00000  635.92446  38.3%  10.0  430s
 11321368 5546293     cutoff  118      1030.00000  636.84772  38.2%  10.0  435s
 11449621 5601952  764.79383  110   52 1030.00000  637.75703  38.1%  10.0  440s
 11573200 5654127  711.76711   96   49 1030.00000  638.56792  38.0%  10.0  445s
 11704668 5710242  893.75468   94   39 1030.00000  639.44413  37.9%  10.0  450s
 11832853 5764779  774.71485  106   48 1030.00000  640.29507  37.8%  10.0  455s
 11952513 5814356  969.05860  112   36 1030.00000  641.08543  37.8%  10.0  460s
 12076602 5865771  921.94879   95   44 1030.00000  641.88258  37.7%  10.0  465s
 12197986 5917066  695.84482   81   49 1030.00000  642.65900  37.6%  10.0  470s
 12326249 5970559  904.70010  110   48 1030.00000  643.47227  37.5%  10.0  475s
 12454202 6025352  811.32634  103   44 1030.00000  644.27132  37.4%  10.0  480s
 12586148 6080888  759.06099   91   45 1030.00000  645.08928  37.4%  10.0  485s
 12714056 6135287 1011.87343   80   41 1030.00000  645.88775  37.3%  10.0  490s
 12836194 6187148  647.40839   85   49 1030.00000  646.64571  37.2%  10.0  495s
 12963427 6240689 1000.67750  101   29 1030.00000  647.42229  37.1%  10.0  500s
 13096009 6296695  737.11321   99   55 1030.00000  648.22275  37.1%  10.0  505s
 13228779 6350220  942.58384   97   50 1030.00000  649.00100  37.0%  10.0  510s
 13359774 6403015     cutoff  110      1030.00000  649.76174  36.9%  10.0  515s
 13477433 6452474  881.59805   79   41 1030.00000  650.43497  36.9%  10.0  520s
 13611891 6507058  752.60765   86   44 1030.00000  651.20435  36.8%  10.0  525s
 13747103 6562147  710.05613   82   50 1030.00000  651.99341  36.7%  10.0  530s
 13882765 6618477  809.31665  100   53 1030.00000  652.75731  36.6%  10.0  535s
 14013876 6671849  801.70824   88   47 1030.00000  653.49002  36.6%  10.0  540s
 14139944 6723933     cutoff  120      1030.00000  654.19557  36.5%  10.0  545s
 14277064 6779999  800.54613   79   44 1030.00000  654.94840  36.4%  10.0  550s
 14408403 6833972  773.26940  101   50 1030.00000  655.66855  36.3%  10.0  555s
 14540299 6888027  823.53484  111   41 1030.00000  656.36995  36.3%  10.0  560s
 14675289 6942541  891.17190   79   41 1030.00000  657.09887  36.2%  10.0  565s
 14798475 6992016  961.24110  118   40 1030.00000  657.75301  36.1%  10.0  570s
 14932672 7046039     cutoff  110      1030.00000  658.45883  36.1%  10.0  575s
 15066629 7099660 1015.49687  112   35 1030.00000  659.15503  36.0%  10.0  580s
 15212899 7158112  936.09414   88   39 1030.00000  659.92105  35.9%   9.9  585s
 15362380 7219277 1012.59753   98   29 1030.00000  660.67384  35.9%   9.9  590s
 15508515 7278016     cutoff  116      1030.00000  661.40594  35.8%   9.9  595s
 15658698 7338127  945.95639  118   42 1030.00000  662.13965  35.7%   9.9  600s

Cutting planes:
  Gomory: 4
  Implied bound: 65
  MIR: 1
  Flow cover: 120
  RLT: 7

Explored 15659580 nodes (155134005 simplex iterations) in 600.00 seconds (989.10 work units)
Thread count was 16 (of 16 available processors)

Solution count 10: 1030 1032 1034 ... 1094

Time limit reached
Best objective 1.030000000000e+03, best bound 6.640000000000e+02, gap 35.5340%
