
Gurobi 10.0.1 (linux64) logging started Tue Sep 12 16:51:27 2023

Set parameter LogFile to value "./log/nug27/nug27.log"
Set parameter TimeLimit to value 180
Gurobi Optimizer version 10.0.1 build v10.0.1rc0 (linux64)

CPU model: 12th Gen Intel(R) Core(TM) i5-12600KF, instruction set [SSE2|AVX|AVX2]
Thread count: 8 physical cores, 16 logical processors, using up to 16 threads

Optimize a model with 54 rows, 729 columns and 1458 nonzeros
Model fingerprint: 0xb515dd62
Model has 163566 quadratic objective terms
Variable types: 0 continuous, 729 integer (729 binary)
Coefficient statistics:
  Matrix range     [1e+00, 1e+00]
  Objective range  [0e+00, 0e+00]
  QObjective range [4e+00, 4e+02]
  Bounds range     [1e+00, 1e+00]
  RHS range        [1e+00, 1e+00]
Found heuristic solution: objective 7424.0000000
Presolve time: 1.05s
Presolved: 54 rows, 729 columns, 1458 nonzeros
Presolved model has 164295 quadratic objective terms
Variable types: 0 continuous, 729 integer (729 binary)

Root relaxation: objective -8.507073e+04, 783 iterations, 0.41 seconds (0.78 work units)

    Nodes    |    Current Node    |     Objective Bounds      |     Work
 Expl Unexpl |  Obj  Depth IntInf | Incumbent    BestBd   Gap | It/Node Time

H    0     0                    7012.0000000    0.00000   100%     -    1s
H    0     0                    6778.0000000    0.00000   100%     -    1s
     0     0    0.00000    0  729 6778.00000    0.00000   100%     -    1s
H    0     0                    6358.0000000    0.00000   100%     -    1s
H    0     0                    6042.0000000    0.00000   100%     -    1s
     0     0    0.00000    0  729 6042.00000    0.00000   100%     -    1s
H    0     0                    5950.0000000    0.00000   100%     -    2s
     0     2    0.00000    0  729 5950.00000    0.00000   100%     -    2s
H   31    40                    5900.0000000    0.00000   100%  13.4    3s
H   32    40                    5854.0000000    0.00000   100%  13.1    3s
H   34    40                    5710.0000000    0.00000   100%  12.4    3s
    79    80    0.00000   10  729 5710.00000    0.00000   100%   7.8    5s
H  194   161                    5662.0000000    0.00000   100%  87.2    7s
H  332   262                    5594.0000000    0.00000   100%  75.2    8s
H  333   262                    5590.0000000    0.00000   100%  75.1    8s
H  335   262                    5566.0000000    0.00000   100%  75.1    8s
H  340   270                    5560.0000000    0.00000   100%  74.6    8s
  1457  1442  410.00000   66   61 5560.00000    0.00000   100%  50.3   10s
H 1595  1474                    5556.0000000    0.00000   100%  48.7   10s
  3376  3102   72.00000   45   74 5556.00000    2.00000   100%  47.2   15s
H 3391  2950                    5544.0000000    2.00000   100%  48.8   15s
H 3462  2857                    5512.0000000    2.00000   100%  56.3   16s
H 3582  2800                    5508.0000000    2.00000   100%  64.0   17s
H 3591  2673                    5476.0000000    2.00000   100%  64.4   17s
H 3645  2577                    5466.0000000    2.00000   100%  67.3   18s
  3934  2834   76.51904   70   71 5466.00000    2.00000   100%  79.0   20s
H 4250  2858                    5452.0000000    2.00000   100%  84.6   20s
  5024  3355   93.71266  106   64 5452.00000    2.00000   100%  90.6   25s
H 5097  3342                    5406.0000000    2.00000   100%  92.3   25s
  8664  5681 1247.89977  253   58 5406.00000    2.00000   100%  91.3   30s
 12244  8949   38.41667   98   70 5406.00000    2.00000   100%  94.4   35s
 17083 13685  110.00000   62   66 5406.00000    2.00000   100%  85.8   40s
H18072 13736                    5404.0000000    2.00000   100%  83.2   40s
H18150 13754                    5402.0000000    2.00000   100%  83.3   41s
 22476 18355 3590.04788  247   51 5402.00000    2.00000   100%  77.9   45s
H28330 22755                    5400.0000000    2.00000   100%  71.5   49s
 28368 24045 infeasible  181      5400.00000    2.00000   100%  71.5   50s
 29805 24046  875.41509  174  729 5400.00000    2.00000   100%  69.5   65s
 29814 24052 1862.48222  338   71 5400.00000    2.00000   100%  69.5   70s
 29990 24178  173.50183   67   80 5400.00000   70.00000  98.7%  71.2   75s
 30521 24567  628.44503   92   95 5400.00000   70.00000  98.7%  72.4   80s
 32123 25799  386.51967  133   93 5400.00000   70.00000  98.7%  73.0   85s
H35357 26366                    5378.0000000   70.00000  98.7%  70.9   88s
 38093 28386  269.39949   66   89 5378.00000   70.00000  98.7%  68.5   90s
 44539 33510  565.81575   70   94 5378.00000  156.00000  97.1%  63.9   96s
 51438 36119  684.32117   80   95 5378.00000  219.90954  95.9%  60.3  100s
 58504 40478 4652.78899  274   74 5378.00000  324.46436  94.0%  58.8  105s
 66437 45537 3388.70869  309   88 5378.00000  344.49168  93.6%  56.0  110s
 78423 51775 5279.64089  203   54 5378.00000  373.22203  93.1%  51.5  115s
 88627 58498 1155.33601   96  100 5378.00000  386.34366  92.8%  49.3  120s
 99091 63878 1276.95557  116   87 5378.00000  392.01843  92.7%  47.9  125s
 107795 72210 1598.82380  133   91 5378.00000  411.58530  92.3%  46.6  130s
 119245 83616 4197.13240  278   67 5378.00000  431.44648  92.0%  44.6  135s
 133038 95272 1726.56465  100   97 5378.00000  449.15804  91.6%  42.5  140s
 140950 102199 2853.28818  211   92 5378.00000  452.44219  91.6%  42.4  145s
 149368 110570 2526.13084  138   86 5378.00000  461.65628  91.4%  42.6  150s
 158384 118130 2987.35568  167   93 5378.00000  469.05255  91.3%  42.5  155s
 167221 126041 2332.67440  113   93 5378.00000  471.44755  91.2%  42.3  160s
 179185 138394 2049.41885  111   95 5378.00000  475.77436  91.2%  41.5  165s
 187501 145668  628.65405  136   95 5378.00000  479.17496  91.1%  41.4  170s
 198954 155828 1935.20984  102   91 5378.00000  488.26033  90.9%  40.6  175s

Cutting planes:
  Implied bound: 141
  MIR: 13
  StrongCG: 8
  Flow cover: 292
  Zero half: 8
  RLT: 5

Explored 209137 nodes (8420026 simplex iterations) in 180.00 seconds (531.91 work units)
Thread count was 16 (of 16 available processors)

Solution count 10: 5378 5400 5402 ... 5512

Time limit reached
Best objective 5.378000000000e+03, best bound 4.900000000000e+02, gap 90.8888%
