
Gurobi 10.0.1 (linux64) logging started Tue Sep 12 16:48:26 2023

Set parameter LogFile to value "./log/nug25/nug25.log"
Set parameter TimeLimit to value 180
Gurobi Optimizer version 10.0.1 build v10.0.1rc0 (linux64)

CPU model: 12th Gen Intel(R) Core(TM) i5-12600KF, instruction set [SSE2|AVX|AVX2]
Thread count: 8 physical cores, 16 logical processors, using up to 16 threads

Optimize a model with 50 rows, 625 columns and 1250 nonzeros
Model fingerprint: 0x3701423a
Model has 120000 quadratic objective terms
Variable types: 0 continuous, 625 integer (625 binary)
Coefficient statistics:
  Matrix range     [1e+00, 1e+00]
  Objective range  [0e+00, 0e+00]
  QObjective range [4e+00, 3e+02]
  Bounds range     [1e+00, 1e+00]
  RHS range        [1e+00, 1e+00]
Found heuristic solution: objective 5336.0000000
Presolve time: 0.90s
Presolved: 50 rows, 625 columns, 1250 nonzeros
Presolved model has 120625 quadratic objective terms
Variable types: 0 continuous, 625 integer (625 binary)

Root relaxation: objective -4.685318e+04, 675 iterations, 0.29 seconds (0.51 work units)

    Nodes    |    Current Node    |     Objective Bounds      |     Work
 Expl Unexpl |  Obj  Depth IntInf | Incumbent    BestBd   Gap | It/Node Time

H    0     0                    4806.0000000    0.00000   100%     -    1s
H    0     0                    4778.0000000    0.00000   100%     -    1s
     0     0   -0.00000    0  625 4778.00000    0.00000   100%     -    1s
H    0     0                    4388.0000000    0.00000   100%     -    1s
H    0     0                    4340.0000000    0.00000   100%     -    1s
H    0     0                    4274.0000000    0.00000   100%     -    1s
H    0     0                    4194.0000000    0.00000   100%     -    1s
     0     0   -0.00000    0  625 4194.00000    0.00000   100%     -    1s
H    0     0                    4096.0000000    0.00000   100%     -    1s
     0     2   -0.00000    0  625 4096.00000    0.00000   100%     -    2s
H   31    40                    4068.0000000    0.00000   100%  12.7    2s
H   32    40                    4016.0000000    0.00000   100%  13.1    2s
H   72    79                    3976.0000000    0.00000   100%   7.4    3s
    98    98   -0.00000   13  625 3976.00000    0.00000   100%   9.6    5s
H  214   173                    3970.0000000    0.00000   100%  58.6    6s
H 1828  1755                    3936.0000000    0.00000   100%  30.0    8s
  3071  2856  957.50373   86  625 3936.00000    0.00000   100%  25.3   10s
H 3523  3020                    3934.0000000   90.00000  97.7%  34.4   14s
  4956  3981  262.47480   83   48 3934.00000   90.00000  97.7%  33.3   15s
H 6131  4436                    3926.0000000   90.00000  97.7%  32.1   15s
H10299  6838                    3892.0000000   90.00000  97.7%  32.5   18s
 14652 11055 1618.82963   97   49 3892.00000   90.00000  97.7%  28.8   20s
H15568 11367                    3880.0000000   90.00000  97.7%  29.7   20s
H21446 16869                    3868.0000000   90.35127  97.7%  33.1   24s
 21501 17810  159.35135  137   55 3868.00000   90.35127  97.7%  33.3   25s
 29405 24031 2767.56720  286  625 3868.00000   90.35924  97.7%  31.4   35s
 29423 24043 1739.49440  206   97 3868.00000   90.35924  97.7%  31.4   40s
 29440 24054 2759.49595  285  132 3868.00000  109.54832  97.2%  31.4   45s
H29446 22854                    3864.0000000  122.00000  96.8%  31.4   47s
 29457 22862  554.11266   84  170 3864.00000  129.54533  96.6%  31.3   50s
 29473 22872  255.82475  129  190 3864.00000  138.00000  96.4%  31.3   55s
 29491 22884 2145.84782  269  195 3864.00000  145.07731  96.2%  31.3   60s
 29508 22896  478.65735  195  181 3864.00000  152.00000  96.1%  31.3   65s
H29512 21751                    3860.0000000  153.37302  96.0%  31.3   66s
 29523 21759 1739.49440  206  196 3860.00000  157.69156  95.9%  31.3   70s
 29553 21779  972.92048  106  201 3860.00000  162.25762  95.8%  31.2   75s
 29587 21801 1258.68354  241  202 3860.00000  165.29870  95.7%  31.2   80s
H29710 20796                    3852.0000000  166.57314  95.7%  36.2   84s
 29716 20807  388.61098   66   63 3852.00000  166.57314  95.7%  36.2   85s
 32126 22560  319.19190  138   71 3852.00000  166.57314  95.7%  37.6   90s
 42606 29004  261.47400   92   74 3852.00000  166.57314  95.7%  36.3   95s
 56301 36676 1899.92601  241   54 3852.00000  166.57314  95.7%  33.9  100s
 68536 43697 2052.73705  261   54 3852.00000  166.57314  95.7%  32.8  105s
 81619 51010  420.91373  116   70 3852.00000  166.57314  95.7%  31.4  110s
 93557 58247  447.11076  188   65 3852.00000  166.57314  95.7%  30.8  115s
 107120 70112 2579.37927  279   53 3852.00000  166.57314  95.7%  30.2  120s
 120269 81874 infeasible  212      3852.00000  166.57314  95.7%  29.8  125s
 134181 94243  581.33017   81   63 3852.00000  166.57314  95.7%  29.3  130s
 148262 106970 2341.74425  184   58 3852.00000  170.73921  95.6%  29.1  136s
 163056 120286 3309.48375  141   44 3852.00000  177.75901  95.4%  28.5  140s
 178480 134192 1036.70925  203   75 3852.00000  184.24374  95.2%  28.1  145s
 190743 145096 3699.65438  277   47 3852.00000  187.57192  95.1%  28.3  150s
 202317 155153 2090.81230  227   53 3852.00000  190.75720  95.0%  28.3  155s
 215372 166806 1813.33916  200   53 3852.00000  194.92471  94.9%  28.2  160s
 228647 178417 2863.49864  169   48 3852.00000  198.85606  94.8%  28.0  165s
 243193 192024  291.52815  124   77 3852.00000  202.36871  94.7%  27.7  170s
 256954 204291  231.89684  104   76 3852.00000  204.40882  94.7%  27.5  175s
 271520 217254  405.66317  179   79 3852.00000  208.06178  94.6%  27.4  180s

Cutting planes:
  Gomory: 2
  Implied bound: 3
  MIR: 15
  StrongCG: 1
  Flow cover: 180
  Zero half: 1
  RLT: 2
  Relax-and-lift: 2

Explored 271711 nodes (7436359 simplex iterations) in 180.00 seconds (426.57 work units)
Thread count was 16 (of 16 available processors)

Solution count 10: 3852 3860 3864 ... 3970

Time limit reached
Best objective 3.852000000000e+03, best bound 2.100000000000e+02, gap 94.5483%
