
Gurobi 10.0.1 (linux64) logging started Tue Sep 12 16:45:26 2023

Set parameter LogFile to value "./log/nug24/nug24.log"
Set parameter TimeLimit to value 180
Gurobi Optimizer version 10.0.1 build v10.0.1rc0 (linux64)

CPU model: 12th Gen Intel(R) Core(TM) i5-12600KF, instruction set [SSE2|AVX|AVX2]
Thread count: 8 physical cores, 16 logical processors, using up to 16 threads

Optimize a model with 48 rows, 576 columns and 1152 nonzeros
Model fingerprint: 0xfe61bcf7
Model has 102120 quadratic objective terms
Variable types: 0 continuous, 576 integer (576 binary)
Coefficient statistics:
  Matrix range     [1e+00, 1e+00]
  Objective range  [0e+00, 0e+00]
  QObjective range [4e+00, 3e+02]
  Bounds range     [1e+00, 1e+00]
  RHS range        [1e+00, 1e+00]
Found heuristic solution: objective 4822.0000000
Presolve time: 0.77s
Presolved: 48 rows, 576 columns, 1152 nonzeros
Presolved model has 102696 quadratic objective terms
Variable types: 0 continuous, 576 integer (576 binary)

Root relaxation: objective -4.666841e+04, 623 iterations, 0.20 seconds (0.40 work units)

    Nodes    |    Current Node    |     Objective Bounds      |     Work
 Expl Unexpl |  Obj  Depth IntInf | Incumbent    BestBd   Gap | It/Node Time

H    0     0                    4556.0000000    0.00000   100%     -    1s
H    0     0                    4466.0000000    0.00000   100%     -    1s
     0     0    0.00000    0  576 4466.00000    0.00000   100%     -    1s
H    0     0                    4344.0000000    0.00000   100%     -    1s
H    0     0                    4318.0000000    0.00000   100%     -    1s
H    0     0                    4196.0000000    0.00000   100%     -    1s
     0     0    0.00000    0  576 4196.00000    0.00000   100%     -    1s
H    0     0                    4060.0000000    0.00000   100%     -    1s
H    0     2                    4004.0000000    0.00000   100%     -    1s
     0     2    0.00000    0  576 4004.00000    0.00000   100%     -    1s
H   47    54                    3906.0000000    0.00000   100%   8.9    2s
H   55    62                    3904.0000000    0.00000   100%   7.9    2s
H   62    62                    3886.0000000    0.00000   100%   7.2    2s
    96    99    0.00000   30   55 3886.00000    0.00000   100%  37.4    5s
H  389   325                    3870.0000000    0.00000   100%  59.4    6s
H  394   325                    3860.0000000    0.00000   100%  60.0    6s
H  404   325                    3848.0000000    0.00000   100%  60.6    6s
H  493   406                    3824.0000000    0.00000   100%  56.8    6s
H  494   406                    3814.0000000    0.00000   100%  56.9    6s
H 1046   890                    3788.0000000    0.00000   100%  52.2    7s
  3320  2944 1782.28628  151   63 3788.00000   68.35294  98.2%  40.3   10s
H 3442  2879                    3774.0000000   82.20000  97.8%  44.7   11s
H 3605  2848                    3770.0000000   85.66667  97.7%  45.3   12s
H 4758  3428                    3746.0000000   85.80952  97.7%  42.5   13s
H 5403  3836                    3744.0000000   85.80952  97.7%  40.8   13s
H 5634  3775                    3732.0000000   85.80952  97.7%  40.4   14s
H 9457  5843                    3702.0000000   85.80952  97.7%  33.0   15s
H 9460  5733                    3696.0000000   85.80952  97.7%  33.0   15s
H10180  6335                    3678.0000000   85.80952  97.7%  32.2   16s
H20592 16193                    3670.0000000   97.45833  97.3%  27.0   19s
 22431 18068  185.26396   76   61 3670.00000   97.45833  97.3%  26.6   20s
 29164 23802 3367.01311  196  576 3670.00000   97.49548  97.3%  25.8   28s
 29172 23807  120.58171  147   65 3670.00000   97.49548  97.3%  25.7   30s
H29461 22817                    3664.0000000   97.49548  97.3%  26.5   34s
 29581 22911  509.68116   81   59 3664.00000   97.49548  97.3%  26.6   35s
H29582 21779                    3650.0000000   97.49548  97.3%  26.6   35s
H35203 24349                    3644.0000000   97.49548  97.3%  26.9   38s
 39928 27150  147.16012   78   57 3644.00000   97.49548  97.3%  26.3   40s
 49745 33009  164.23010  145   62 3644.00000   97.49548  97.3%  26.9   45s
H49779 31970                    3626.0000000   97.49548  97.3%  26.9   45s
H52494 32502                    3598.0000000   97.49548  97.3%  26.8   45s
 59635 37374 2381.98051  182   47 3598.00000   97.49548  97.3%  28.0   50s
 75077 45105  196.90954  140   66 3598.00000   97.49548  97.3%  26.7   55s
 90228 55601 3476.53422  292   44 3598.00000   98.38910  97.3%  25.6   60s
 105099 68555 2568.55368  239   48 3598.00000  100.79400  97.2%  25.3   65s
 118284 80647  704.49393  147   63 3598.00000  102.83591  97.1%  25.4   70s
 134353 94773 2347.17346  148   43 3598.00000  106.71132  97.0%  24.9   75s
 151910 109790 1156.10210  189   59 3598.00000  112.39418  96.9%  24.1   80s
 170577 126549 3399.32795  276   41 3598.00000  116.12874  96.8%  23.4   85s
 191622 145481 1349.18033  213   54 3598.00000  121.58724  96.6%  22.7   90s
 212896 163504  761.34437  164   61 3598.00000  124.74971  96.5%  22.3   95s
 237119 185367  425.91881  202   62 3598.00000  128.67076  96.4%  22.2  100s
 259045 204461 2165.15371  131   49 3598.00000  131.74030  96.3%  21.9  105s
 283314 225725 2635.39987  237   44 3598.00000  134.91480  96.3%  21.7  110s
 301421 242063 1794.85689  227   49 3598.00000  136.39900  96.2%  21.8  115s
 327290 265429 2138.66762  197   52 3598.00000  140.47408  96.1%  21.4  120s
 348824 283689  146.36513  145   68 3598.00000  143.33034  96.0%  21.5  125s
 371831 304601 2811.26137  265   45 3598.00000  146.22263  95.9%  21.3  130s
 398132 327589  403.14025  147   62 3598.00000  149.31617  95.9%  21.0  135s
 420684 348010 1334.45413  174   55 3598.00000  152.01926  95.8%  20.8  140s
 443579 368348  453.83202  113   65 3598.00000  154.96304  95.7%  20.8  145s
 462045 384540 3339.75884  270   41 3598.00000  156.00870  95.7%  20.7  150s
 485335 405114  832.98597  147   58 3598.00000  158.22062  95.6%  20.6  155s
 503961 421557 3524.24165  148   34 3598.00000  160.30664  95.5%  20.6  160s
 522360 437126  536.72922  129   57 3598.00000  162.43493  95.5%  20.6  165s
 540992 453034  768.18364  137   61 3598.00000  164.84989  95.4%  20.5  170s
 563148 473250  310.42495  112   67 3598.00000  168.13576  95.3%  20.4  175s
 580376 488010  366.36918  120   63 3598.00000  169.54067  95.3%  20.4  180s

Cutting planes:
  Gomory: 8
  Implied bound: 2
  MIR: 2
  StrongCG: 1
  Flow cover: 34
  Relax-and-lift: 2

Explored 580679 nodes (11833895 simplex iterations) in 180.00 seconds (437.28 work units)
Thread count was 16 (of 16 available processors)

Solution count 10: 3598 3626 3644 ... 3732

Time limit reached
Best objective 3.598000000000e+03, best bound 1.700000000000e+02, gap 95.2752%
