
Gurobi 10.0.1 (linux64) logging started Tue Sep 12 19:20:07 2023

Set parameter LogFile to value "./log/rou20.log"
Set parameter TimeLimit to value 180
Gurobi Optimizer version 10.0.1 build v10.0.1rc0 (linux64)

CPU model: 12th Gen Intel(R) Core(TM) i5-12600KF, instruction set [SSE2|AVX|AVX2]
Thread count: 8 physical cores, 16 logical processors, using up to 16 threads

Optimize a model with 40 rows, 400 columns and 800 nonzeros
Model fingerprint: 0x493f3dde
Model has 71064 quadratic objective terms
Variable types: 0 continuous, 400 integer (400 binary)
Coefficient statistics:
  Matrix range     [1e+00, 1e+00]
  Objective range  [0e+00, 0e+00]
  QObjective range [4e+00, 4e+04]
  Bounds range     [1e+00, 1e+00]
  RHS range        [1e+00, 1e+00]
Found heuristic solution: objective 917120.00000
Presolve time: 0.44s
Presolved: 40 rows, 400 columns, 800 nonzeros
Presolved model has 71464 quadratic objective terms
Variable types: 0 continuous, 400 integer (400 binary)

Root relaxation: objective -4.425943e+06, 440 iterations, 0.08 seconds (0.15 work units)

    Nodes    |    Current Node    |     Objective Bounds      |     Work
 Expl Unexpl |  Obj  Depth IntInf | Incumbent    BestBd   Gap | It/Node Time

H    0     0                    882342.00000    0.00000   100%     -    0s
     0     0    0.00000    0  400 882342.000    0.00000   100%     -    0s
H    0     0                    823700.00000    0.00000   100%     -    0s
H    0     0                    814778.00000    0.00000   100%     -    0s
     0     0    0.00000    0  400 814778.000    0.00000   100%     -    0s
H    0     0                    809370.00000    0.00000   100%     -    0s
H    0     2                    779614.00000    0.00000   100%     -    0s
     0     2    0.00000    0  400 779614.000    0.00000   100%     -    0s
H   31    40                    772990.00000    0.00000   100%  10.6    1s
H   33    40                    769206.00000    0.00000   100%  10.1    1s
H   36    40                    761518.00000    0.00000   100%   9.4    1s
H   79    91                    760072.00000    0.00000   100%   5.4    1s
H   80    91                    755196.00000    0.00000   100%   5.3    1s
  2138  1770 76523.6726   54   58 755196.000    0.00000   100%  28.0    5s
 13655 10184 479443.579  156   52 755196.000 17392.6329  97.7%  24.9   10s
H15173 11385                    751244.00000 17392.6329  97.7%  24.3   10s
 29345 23469 394601.025  181  400 751244.000 24884.4306  96.7%  21.7   17s
 29357 23477 124365.882  130  110 751244.000 24884.4306  96.7%  21.7   20s
 29379 23492 217336.170  171  227 751244.000 51964.5582  93.1%  21.7   25s
 29399 23505 93326.2695  104  271 751244.000 66230.2938  91.2%  21.6   30s
 29419 23518 523884.821  140  321 751244.000 68942.0062  90.8%  21.6   35s
 29442 23534 244488.076  192  316 751244.000 70441.1348  90.6%  21.6   40s
 34061 26332 113650.157  135  104 751244.000 70904.8600  90.6%  24.6   45s
 51584 36046 439314.362  178   77 751244.000 70904.8600  90.6%  25.0   50s
 71337 46681 232097.002  135   91 751244.000 70904.8600  90.6%  24.9   55s
 91385 57475 255021.031  153   88 751244.000 70904.8600  90.6%  23.8   60s
 111928 72524 477184.906  154   73 751244.000 74868.5541  90.0%  23.8   65s
 130439 88007 152731.745  116  100 751244.000 78255.2348  89.6%  24.2   70s
 148005 103820 230470.104  121   83 751244.000 80358.9767  89.3%  24.3   75s
 170109 122444 183444.432   85   90 751244.000 82918.2435  89.0%  23.8   80s
H171899 123648                    751150.00000 83195.4132  88.9%  23.7   80s
 192483 141955 494124.618  123   69 751150.000 84833.1000  88.7%  23.3   85s
 211774 158380 317951.527  113   81 751150.000 86442.6892  88.5%  23.3   90s
 235827 178726 143227.032   94   97 751150.000 88539.7122  88.2%  23.0   95s
 255666 196166 695852.575  185   47 751150.000 90058.1062  88.0%  23.0  100s
 280805 217762     cutoff  198      751150.000 91667.8968  87.8%  22.8  105s
 305796 239134 623034.322  167   59 751150.000 92944.8468  87.6%  22.6  110s
 327638 258069 288136.779  116   88 751150.000 94240.5039  87.5%  22.6  115s
 352659 279058 322561.134  127   78 751150.000 95691.7940  87.3%  22.4  120s
 373573 297260 263297.110  160   86 751150.000 96742.8699  87.1%  22.5  125s
 397898 318034 387395.546  140   77 751150.000 97899.3013  87.0%  22.5  130s
 418060 335278 182388.382  110   86 751150.000 98877.4397  86.8%  22.5  135s
 443851 357379 157181.094   95  100 751150.000 100167.841  86.7%  22.4  140s
 467959 377859     cutoff  179      751150.000 101257.607  86.5%  22.2  145s
 489356 396241     cutoff  174      751150.000 102093.322  86.4%  22.1  150s
 514651 418187 564403.087  183   59 751150.000 102907.150  86.3%  22.1  155s
 534915 435872 300478.354   90   80 751150.000 103541.802  86.2%  22.1  160s
 557834 455603 337282.401   94   73 751150.000 104442.282  86.1%  22.0  165s
 580217 475125 350646.460  119   72 751150.000 105230.024  86.0%  22.0  170s
 603153 494681 167786.082   82   90 751150.000 105898.869  85.9%  22.0  175s
 626201 514149 180267.667  123   93 751150.000 106553.849  85.8%  21.9  180s

Cutting planes:
  Gomory: 3
  Implied bound: 9
  MIR: 78
  Flow cover: 449
  RLT: 3
  Relax-and-lift: 3

Explored 626396 nodes (13744290 simplex iterations) in 180.00 seconds (480.10 work units)
Thread count was 16 (of 16 available processors)

Solution count 10: 751150 751244 755196 ... 814778

Time limit reached
Best objective 7.511500000000e+05, best bound 1.065540000000e+05, gap 85.8146%
