
Gurobi 10.0.1 (linux64) logging started Tue Sep 12 19:23:24 2023

Set parameter LogFile to value "./log/scr20.log"
Set parameter TimeLimit to value 180
Gurobi Optimizer version 10.0.1 build v10.0.1rc0 (linux64)

CPU model: 12th Gen Intel(R) Core(TM) i5-12600KF, instruction set [SSE2|AVX|AVX2]
Thread count: 8 physical cores, 16 logical processors, using up to 16 threads

Optimize a model with 40 rows, 400 columns and 800 nonzeros
Model fingerprint: 0x8a216e78
Model has 23560 quadratic objective terms
Variable types: 0 continuous, 400 integer (400 binary)
Coefficient statistics:
  Matrix range     [1e+00, 1e+00]
  Objective range  [0e+00, 0e+00]
  QObjective range [1e+02, 9e+04]
  Bounds range     [1e+00, 1e+00]
  RHS range        [1e+00, 1e+00]
Found heuristic solution: objective 219138.00000
Presolve time: 0.15s
Presolved: 40 rows, 400 columns, 800 nonzeros
Presolved model has 23960 quadratic objective terms
Variable types: 0 continuous, 400 integer (400 binary)

Root relaxation: objective -2.998821e+06, 390 iterations, 0.03 seconds (0.07 work units)

    Nodes    |    Current Node    |     Objective Bounds      |     Work
 Expl Unexpl |  Obj  Depth IntInf | Incumbent    BestBd   Gap | It/Node Time

H    0     0                    202160.00000    0.00000   100%     -    0s
     0     0    0.00000    0  350 202160.000    0.00000   100%     -    0s
H    0     0                    199318.00000    0.00000   100%     -    0s
H    0     0                    175180.00000    0.00000   100%     -    0s
     0     0    0.00000    0  350 175180.000    0.00000   100%     -    0s
H    0     0                    154758.00000    0.00000   100%     -    0s
H    0     2                    146618.00000    0.00000   100%     -    0s
     0     2    0.00000    0  350 146618.000    0.00000   100%     -    0s
H   31    40                    133164.00000    0.00000   100%  11.1    0s
H   82    75                    133104.00000    0.00000   100%   109    1s
H  220   176                    132986.00000    0.00000   100%  73.2    1s
H  261   222                    132110.00000    0.00000   100%  65.9    1s
H  330   292                    126668.00000    0.00000   100%  59.3    1s
H  332   292                    126188.00000    0.00000   100%  59.4    1s
H 1830  1495                    122704.00000 1674.19763  98.6%  37.5    2s
H 1936  1497                    122420.00000 4950.00000  96.0%  46.9    2s
H 1969  1449                    121720.00000 4950.00000  95.9%  48.0    2s
H 2013  1401                    121106.00000 5833.97955  95.2%  50.5    3s
H 2014  1337                    121008.00000 5833.97955  95.2%  50.6    3s
H 2091  1325                    119316.00000 7958.15170  93.3%  51.9    3s
H 2095  1266                    117840.00000 7958.15170  93.2%  51.9    3s
H 8240  5483                    117766.00000 12011.3791  89.8%  38.1    4s
  8490  5732 29190.2442   66   56 117766.000 12011.3791  89.8%  38.7    5s
 29523 23219 94578.1821   84  350 117766.000 18566.0000  84.2%  32.9   12s
H29829 22265                    115786.00000 54660.0000  52.8%  33.5   14s
 30177 22493 80889.7776   88   64 115786.000 54660.0000  52.8%  33.8   15s
 53054 32923 107609.317  126   61 115786.000 56053.9903  51.6%  33.5   20s
 91892 47922     cutoff  108      115786.000 59496.4618  48.6%  30.7   25s
 135702 78853 79126.1881   83   68 115786.000 61183.5509  47.2%  28.8   30s
 181540 111606     cutoff  113      115786.000 62670.0130  45.9%  27.7   35s
 229374 145873 80231.4128   93   76 115786.000 63764.3661  44.9%  26.7   40s
 276818 179651 73548.1595   83   74 115786.000 64509.9625  44.3%  26.0   45s
H282316 182676                    115408.00000 64580.1850  44.0%  26.0   45s
H312578 192980                    112156.00000 64950.8293  42.1%  25.7   49s
 318547 197566 91205.1160   87   65 112156.000 65032.6344  42.0%  25.7   50s
H350831 209845                    110352.00000 65444.8725  40.7%  25.3   53s
 365463 219789 93337.1874  118   56 110352.000 65672.0000  40.5%  25.1   55s
 409090 248405 84424.7034   92   75 110352.000 66142.2072  40.1%  24.8   60s
 455512 278266 89766.0350   87   63 110352.000 66628.1015  39.6%  24.4   65s
 502543 308585 74990.8001   79   68 110352.000 67106.9952  39.2%  24.1   70s
 545638 336721 89968.9594  104   61 110352.000 67506.1381  38.8%  24.0   75s
 589936 363667 97042.6956   89   58 110352.000 67978.0000  38.4%  23.9   80s
 633566 390819 91468.0837   85   61 110352.000 68385.1261  38.0%  23.8   85s
 675717 417806 78800.6144   89   71 110352.000 68694.3361  37.7%  23.6   90s
 719525 445369     cutoff  121      110352.000 68998.8547  37.5%  23.5   95s
 763527 473376 79377.8413   81   67 110352.000 69292.1635  37.2%  23.4  100s
 808990 501682 92174.7633  103   66 110352.000 69596.3349  36.9%  23.3  105s
 851576 527840     cutoff   99      110352.000 69888.6778  36.7%  23.2  110s
 896605 555854 86509.3764   73   66 110352.000 70176.0000  36.4%  23.2  115s
 937326 581453 105815.541  101   63 110352.000 70446.2453  36.2%  23.0  120s
 984521 609604 106657.945  108   67 110352.000 70746.0503  35.9%  22.9  125s
 1033992 639879 89747.9478   98   62 110352.000 71037.8492  35.6%  22.8  130s
 1079769 667827 88401.4263   72   73 110352.000 71272.0368  35.4%  22.6  135s
 1126902 695473 84982.7534   90   63 110352.000 71500.9812  35.2%  22.5  140s
 1172324 723254 103308.091  119   47 110352.000 71686.1085  35.0%  22.5  145s
 1220082 751969 89222.7902   95   73 110352.000 71893.8081  34.9%  22.4  150s
 1267675 780732 87132.0261   92   62 110352.000 72086.7078  34.7%  22.3  155s
 1314939 808188 83978.1715   88   53 110352.000 72269.8621  34.5%  22.2  160s
 1362381 836277 92833.1342   94   63 110352.000 72456.1462  34.3%  22.1  165s
 1409909 865095 91567.8563   89   67 110352.000 72621.7702  34.2%  22.0  170s
 1456211 892736 83829.0677   78   76 110352.000 72770.3282  34.1%  21.9  175s
 1503490 921575 86856.5766   86   71 110352.000 72914.7008  33.9%  21.9  180s

Cutting planes:
  Gomory: 7
  Implied bound: 145
  MIR: 9
  StrongCG: 1
  Flow cover: 169
  RLT: 6

Explored 1504259 nodes (32884194 simplex iterations) in 180.00 seconds (439.28 work units)
Thread count was 16 (of 16 available processors)

Solution count 10: 110352 112156 115408 ... 121720

Time limit reached
Best objective 1.103520000000e+05, best bound 7.291600000000e+04, gap 33.9242%
