
Gurobi 10.0.1 (linux64) logging started Tue Sep 12 19:26:26 2023

Set parameter LogFile to value "./log/ste36a.log"
Set parameter TimeLimit to value 180
Gurobi Optimizer version 10.0.1 build v10.0.1rc0 (linux64)

CPU model: 12th Gen Intel(R) Core(TM) i5-12600KF, instruction set [SSE2|AVX|AVX2]
Thread count: 8 physical cores, 16 logical processors, using up to 16 threads

Optimize a model with 72 rows, 1296 columns and 2592 nonzeros
Model fingerprint: 0x302aca3d
Model has 216720 quadratic objective terms
Variable types: 0 continuous, 1296 integer (1296 binary)
Coefficient statistics:
  Matrix range     [1e+00, 1e+00]
  Objective range  [0e+00, 0e+00]
  QObjective range [4e+00, 1e+04]
  Bounds range     [1e+00, 1e+00]
  RHS range        [1e+00, 1e+00]
Found heuristic solution: objective 21534.000000
Presolve time: 2.22s
Presolved: 72 rows, 1296 columns, 2592 nonzeros
Presolved model has 217944 quadratic objective terms
Variable types: 0 continuous, 1296 integer (1296 binary)

Root relaxation: objective -5.817214e+05, 944 iterations, 0.31 seconds (0.72 work units)

    Nodes    |    Current Node    |     Objective Bounds      |     Work
 Expl Unexpl |  Obj  Depth IntInf | Incumbent    BestBd   Gap | It/Node Time

H    0     0                    20200.000000    0.00000   100%     -    2s
     0     0    0.00000    0  737 20200.0000    0.00000   100%     -    2s
H    0     0                    16444.000000    0.00000   100%     -    2s
H    0     0                    14072.000000    0.00000   100%     -    2s
     0     0    0.00000    0  737 14072.0000    0.00000   100%     -    2s
H    0     0                    13794.000000    0.00000   100%     -    3s
     0     2    0.00000    0  737 13794.0000    0.00000   100%     -    4s
    31    32    0.00000    5  737 13794.0000    0.00000   100%  16.3    6s
    34    40    0.00000   30   84 13794.0000    0.00000   100%   234   10s
H  104    87                    13426.000000    0.00000   100%   282   11s
H  109    83                    13388.000000    0.00000   100%   289   11s
H  145   122                    13306.000000    0.00000   100%   275   12s
H  150   122                    12740.000000    0.00000   100%   276   12s
H  283   282                    12448.000000    0.00000   100%   220   12s
H  288   282                    12444.000000    0.00000   100%   219   12s
H  351   322                    12282.000000    0.00000   100%   209   13s
H  361   322                    12268.000000    0.00000   100%   204   13s
H  403   361                    12192.000000    0.00000   100%   197   13s
H  497   463                    12074.000000    0.00000   100%   185   14s
H  523   463                    12028.000000    0.00000   100%   179   14s
   524   592    0.00000   62   77 12028.0000    0.00000   100%   179   15s
H  593   592                    11996.000000    0.00000   100%   180   15s
H  634   592                    11952.000000    0.00000   100%   174   15s
H  668   635                    11794.000000    0.00000   100%   173   16s
H 3011  2804                    11546.000000    0.00000   100%  98.3   20s
H 3020  2920                    11534.000000    0.00000   100%  98.3   22s
  4337  3996  444.17974   56   81 11534.0000    0.00000   100%  79.7   25s
  4398  4046    0.00000   49   88 11534.0000    0.00000   100%  85.2   30s
H 4615  3991                    11516.000000    0.00000   100%  91.3   33s
H 4618  3799                    11464.000000    0.00000   100%  91.4   33s
  4890  4009  162.77595   73   79 11464.0000    0.00000   100%  93.8   35s
  7125  5632 3301.77509  133   78 11464.0000    0.00000   100%  83.9   40s
H10893  7521                    11446.000000    0.00000   100%  68.7   44s
 11391  8252 8522.34615  318   64 11446.0000    0.00000   100%  67.5   45s
H12364  8161                    11444.000000    0.00000   100%  65.0   46s
 14759 10507    0.00000   80   83 11444.0000    0.00000   100%  61.2   50s
 17299 12455 10220.9051  519   68 11444.0000    0.00000   100%  66.8   55s
H17616 12450                    11432.000000    0.00000   100%  67.1   55s
 21800 16760 9149.56190  271   70 11432.0000    0.00000   100%  69.3   60s
H22546 16978                    11368.000000    0.00000   100%  70.7   61s
 25967 20441 6562.84275  112   77 11368.0000    0.00000   100%  69.2   65s
H26417 21082                    11298.000000    0.00000   100%  70.0   66s
H28546 23202                    11280.000000    0.00000   100%  71.3   69s
 29458 23895    0.00000  100   82 11280.0000    0.00000   100%  71.3   85s
 32938 27339 4068.00000   84   79 11280.0000    0.00000   100%  74.1   90s
H34229 27576                    11262.000000    0.00000   100%  74.6   91s
H36415 30135                    11146.000000    0.00000   100%  75.4   94s
 37263 31161 7775.97055  102   81 11146.0000    0.00000   100%  75.8   95s
H38986 32096                    11108.000000    0.00000   100%  77.2   97s
 41045 33992 5273.87394   97   71 11108.0000    0.00000   100%  76.6  100s
H41603 34453                    11096.000000    0.00000   100%  77.8  101s
 43434 35920 3438.02321   91   68 11096.0000    0.00000   100%  79.8  105s
 45653 38953 5037.27429  174   78 11096.0000    0.00000   100%  81.9  110s
 48282 40616 5832.00000  135   74 11096.0000    0.00000   100%  83.5  115s
 53238 45905 6530.00000  167   75 11096.0000    0.00000   100%  83.2  120s
 55153 46450 6530.00000  218   78 11096.0000    0.00000   100%  83.4  129s
 55165 47639 6530.00000  220   80 11096.0000    0.00000   100%  83.5  130s
 57435 49238 4612.00000  165   73 11096.0000    0.00000   100%  86.2  135s
 60754 51800 3138.76663   85   85 11096.0000    0.00000   100%  87.7  141s
H60895 52740                    11092.000000    0.00000   100%  87.8  142s
H62642 53412                    11000.000000    0.00000   100%  87.2  143s
 64078 55277  337.39875   88   86 11000.0000    0.00000   100%  87.1  145s
H66144 56963                    10998.000000    0.00000   100%  87.1  147s
 69045 59284 6142.33895  256   70 10998.0000    0.00000   100%  87.3  150s
 70445 61144 5811.46441  149   65 10998.0000    0.00000   100%  89.5  155s
 73996 64187  768.00000  109   91 10998.0000    0.00000   100%  90.6  160s
 78057 68509 1264.00000   78   71 10998.0000    0.00000   100%  90.4  165s
 82598 72170 3759.23268  230   84 10998.0000    0.00000   100%  90.2  171s
 84689 73884 1712.00000  106   79 10998.0000    0.00000   100%  93.1  176s
 85843 75047 8081.11753  197   63 10998.0000    0.00000   100%  94.8  180s

Cutting planes:
  Implied bound: 7
  MIR: 3
  Flow cover: 49
  RLT: 1

Explored 86222 nodes (8183624 simplex iterations) in 180.01 seconds (429.10 work units)
Thread count was 16 (of 16 available processors)

Solution count 10: 10998 11000 11092 ... 11368

Time limit reached
Best objective 1.099800000000e+04, best bound 0.000000000000e+00, gap 100.0000%
