
Gurobi 10.0.1 (linux64) logging started Tue Sep 12 19:42:43 2023

Set parameter LogFile to value "./log/tai15b.log"
Set parameter TimeLimit to value 180
Gurobi Optimizer version 10.0.1 build v10.0.1rc0 (linux64)

CPU model: 12th Gen Intel(R) Core(TM) i5-12600KF, instruction set [SSE2|AVX|AVX2]
Thread count: 8 physical cores, 16 logical processors, using up to 16 threads

Optimize a model with 30 rows, 225 columns and 450 nonzeros
Model fingerprint: 0xcd9acd6f
Model has 17010 quadratic objective terms
Variable types: 0 continuous, 225 integer (225 binary)
Coefficient statistics:
  Matrix range     [1e+00, 1e+00]
  Objective range  [0e+00, 0e+00]
  QObjective range [2e+00, 8e+08]
  Bounds range     [1e+00, 1e+00]
  RHS range        [1e+00, 1e+00]
Warning: Model contains large quadratic objective coefficients
         Consider reformulating model or setting NumericFocus parameter
         to avoid numerical issues.
Found heuristic solution: objective 4.231809e+08
Presolve time: 0.12s
Presolved: 30 rows, 225 columns, 450 nonzeros
Presolved model has 17235 quadratic objective terms
Variable types: 0 continuous, 225 integer (225 binary)

Root relaxation: objective -5.275110e+09, 249 iterations, 0.01 seconds (0.02 work units)

    Nodes    |    Current Node    |     Objective Bounds      |     Work
 Expl Unexpl |  Obj  Depth IntInf | Incumbent    BestBd   Gap | It/Node Time

H    0     0                    2.783367e+08    0.00000   100%     -    0s
H    0     0                    2.338955e+08    0.00000   100%     -    0s
     0     0    0.00000    0  219 2.3390e+08    0.00000   100%     -    0s
H    0     0                    2.337467e+08    0.00000   100%     -    0s
     0     0    0.00000    0  219 2.3375e+08    0.00000   100%     -    0s
H    0     0                    2.335506e+08    0.00000   100%     -    0s
H    0     2                    2.335352e+08    0.00000   100%     -    0s
     0     2    0.00000    0  219 2.3354e+08    0.00000   100%     -    0s
H   31    40                    2.332230e+08    0.00000   100%   6.9    0s
H   36    40                    2.331996e+08    0.00000   100%   6.2    0s
H   37    40                    5.271893e+07    0.00000   100%   6.1    0s
H   39    38                    5.262362e+07 3.3617e+07  36.1%   7.5    0s
H  126   103                    5.260718e+07 4.6645e+07  11.3%  41.0    0s
H  170   142                    5.240146e+07 4.6645e+07  11.0%  35.6    0s
H  212   192                    5.239698e+07 4.6645e+07  11.0%  31.0    0s
H  218   192                    5.228909e+07 4.6645e+07  10.8%  30.9    0s
H  269   248                    5.228634e+07 4.6645e+07  10.8%  27.5    0s
H 1686  1272                    5.227759e+07 4.9406e+07  5.49%  16.4    1s
H 1689  1233                    5.227676e+07 4.9406e+07  5.49%  16.4    1s
H 1701  1173                    5.227153e+07 4.9406e+07  5.48%  16.4    1s
H 1741  1148                    5.224119e+07 4.9406e+07  5.43%  16.3    1s
H 1742  1097                    5.216728e+07 4.9406e+07  5.29%  16.3    1s
H 1749  1046                    5.216478e+07 4.9406e+07  5.29%  16.3    1s
H 1750  1000                    5.211697e+07 4.9406e+07  5.20%  16.3    1s
H 1755   954                    5.199252e+07 4.9406e+07  4.98%  16.3    1s
H 1763   932                    5.198235e+07 4.9406e+07  4.96%  16.3    1s
 41876 28873 5.1156e+07   95  219 5.1982e+07 4.9634e+07  4.52%  11.9    5s
 41968 28934 4.9819e+07   67  117 5.1982e+07 4.9634e+07  4.52%  11.9   10s
 68436 40522 5.1547e+07   97   46 5.1982e+07 4.9634e+07  4.52%  14.9   15s
 142628 72466 5.0159e+07   83   83 5.1982e+07 4.9789e+07  4.22%  15.9   20s
H182830 99297                    5.191665e+07 4.9872e+07  3.94%  15.7   22s
 224031 127370 5.0270e+07   85   66 5.1917e+07 4.9944e+07  3.80%  15.7   25s
 302385 179020 5.1670e+07  104   48 5.1917e+07 5.0033e+07  3.63%  15.5   30s
 382048 230701 5.0854e+07   82   41 5.1917e+07 5.0099e+07  3.50%  15.4   35s
 461071 281864 5.0617e+07   73   63 5.1917e+07 5.0154e+07  3.39%  15.2   40s
 543041 334067 5.0703e+07   71   62 5.1917e+07 5.0200e+07  3.31%  15.1   45s
 621310 383659 5.1863e+07   99   31 5.1917e+07 5.0237e+07  3.24%  15.0   50s
 697030 430671 5.1476e+07   97   44 5.1917e+07 5.0271e+07  3.17%  14.9   55s
 773055 478222     cutoff   80      5.1917e+07 5.0300e+07  3.11%  14.9   60s
 845893 523039 5.1140e+07   90   42 5.1917e+07 5.0326e+07  3.06%  14.8   65s
 913545 563788 5.1867e+07  103   30 5.1917e+07 5.0348e+07  3.02%  14.7   70s
 989480 608608 5.1889e+07   89   31 5.1917e+07 5.0372e+07  2.97%  14.7   75s
 1062811 652288 5.1572e+07   86   46 5.1917e+07 5.0394e+07  2.93%  14.6   80s
H1122219 683124                    5.189015e+07 5.0411e+07  2.85%  14.6   84s
H1128100 684683                    5.187501e+07 5.0413e+07  2.82%  14.6   84s
 1132462 688301 5.1336e+07   85   52 5.1875e+07 5.0414e+07  2.82%  14.6   85s
 1201264 727490 5.1296e+07   73   53 5.1875e+07 5.0432e+07  2.78%  14.5   90s
H1202381 711530                    5.180527e+07 5.0432e+07  2.65%  14.5   90s
H1203876 698104                    5.176527e+07 5.0432e+07  2.57%  14.5   90s
 1267277 731940 5.0597e+07   84   59 5.1765e+07 5.0449e+07  2.54%  14.5   95s
 1335003 767200 5.1108e+07   89   54 5.1765e+07 5.0466e+07  2.51%  14.5  100s
 1404605 803268 5.1218e+07   88   52 5.1765e+07 5.0482e+07  2.48%  14.5  105s
 1474313 839998 5.1528e+07  103   45 5.1765e+07 5.0498e+07  2.45%  14.5  110s
 1543532 874805     cutoff  109      5.1765e+07 5.0513e+07  2.42%  14.5  115s
 1612956 910717 5.1000e+07   78   26 5.1765e+07 5.0527e+07  2.39%  14.5  120s
 1684766 947514 5.0658e+07   83   55 5.1765e+07 5.0541e+07  2.36%  14.4  125s
 1757119 984254 5.1358e+07   79   39 5.1765e+07 5.0555e+07  2.34%  14.4  130s
 1829410 1020439     cutoff   81      5.1765e+07 5.0569e+07  2.31%  14.4  135s
 1899852 1056308 5.1233e+07   90   61 5.1765e+07 5.0581e+07  2.29%  14.4  140s
 1972396 1092148 5.1384e+07   96   33 5.1765e+07 5.0594e+07  2.26%  14.4  145s
 2041358 1126135 5.1292e+07   83   48 5.1765e+07 5.0605e+07  2.24%  14.4  150s
 2110249 1159385 5.1249e+07   74   49 5.1765e+07 5.0616e+07  2.22%  14.4  155s
 2180372 1194012 5.1234e+07   88   45 5.1765e+07 5.0627e+07  2.20%  14.4  160s
 2248963 1226631 5.0701e+07   79   51 5.1765e+07 5.0638e+07  2.18%  14.3  165s
 2320807 1261349 5.1542e+07   80   47 5.1765e+07 5.0649e+07  2.16%  14.3  170s
 2392736 1294894     cutoff   68      5.1765e+07 5.0659e+07  2.14%  14.3  175s
 2460796 1325381 5.1144e+07   84   44 5.1765e+07 5.0669e+07  2.12%  14.3  180s

Cutting planes:
  Gomory: 1
  Implied bound: 112
  MIR: 72
  Flow cover: 682
  RLT: 281
  Relax-and-lift: 58

Explored 2461227 nodes (35194487 simplex iterations) in 180.00 seconds (263.15 work units)
Thread count was 16 (of 16 available processors)

Solution count 10: 5.17653e+07 5.18053e+07 5.1875e+07 ... 5.21673e+07

Time limit reached
Best objective 5.176526800000e+07, best bound 5.066871672115e+07, gap 2.1183%
