
Gurobi 10.0.1 (linux64) logging started Tue Sep 12 19:36:29 2023

Set parameter LogFile to value "./log/tai12a.log"
Set parameter TimeLimit to value 180
Gurobi Optimizer version 10.0.1 build v10.0.1rc0 (linux64)

CPU model: 12th Gen Intel(R) Core(TM) i5-12600KF, instruction set [SSE2|AVX|AVX2]
Thread count: 8 physical cores, 16 logical processors, using up to 16 threads

Optimize a model with 24 rows, 144 columns and 288 nonzeros
Model fingerprint: 0xbb06d491
Model has 8448 quadratic objective terms
Variable types: 0 continuous, 144 integer (144 binary)
Coefficient statistics:
  Matrix range     [1e+00, 1e+00]
  Objective range  [0e+00, 0e+00]
  QObjective range [4e+00, 4e+04]
  Bounds range     [1e+00, 1e+00]
  RHS range        [1e+00, 1e+00]
Found heuristic solution: objective 330014.00000
Presolve time: 0.05s
Presolved: 24 rows, 144 columns, 288 nonzeros
Presolved model has 8592 quadratic objective terms
Variable types: 0 continuous, 144 integer (144 binary)

Root relaxation: objective -1.087190e+06, 168 iterations, 0.01 seconds (0.01 work units)

    Nodes    |    Current Node    |     Objective Bounds      |     Work
 Expl Unexpl |  Obj  Depth IntInf | Incumbent    BestBd   Gap | It/Node Time

H    0     0                    310454.00000    0.00000   100%     -    0s
H    0     0                    292548.00000    0.00000   100%     -    0s
     0     0    0.00000    0  144 292548.000    0.00000   100%     -    0s
H    0     0                    291372.00000    0.00000   100%     -    0s
H    0     0                    275690.00000    0.00000   100%     -    0s
     0     0    0.00000    0  144 275690.000    0.00000   100%     -    0s
H    0     0                    255516.00000    0.00000   100%     -    0s
H    0     0                    245780.00000    0.00000   100%     -    0s
     0     2    0.00000    0  144 245780.000    0.00000   100%     -    0s
H   36    40                    242440.00000    0.00000   100%   5.9    0s
H   89    96                    238706.00000    0.00000   100%   4.3    0s
 41237 25858 46518.4392   60  167 238706.000 40712.0612  82.9%  11.8    5s
 41392 25978 40712.0612   54  130 238706.000 40712.0612  82.9%  12.2   10s
*69535 34250              82    237790.00000 40712.0612  82.9%  14.2   11s
H145445 64419                    237560.00000 58217.9862  75.5%  14.2   14s
 159845 72804 192760.761   95   34 237560.000 60581.9519  74.5%  14.0   15s
H173532 80407                    236920.00000 62582.0326  73.6%  14.0   15s
H265325 129335                    235972.00000 72148.4172  69.4%  13.5   18s
H265670 129625                    233040.00000 72187.8546  69.0%  13.5   18s
 313620 153464 128462.167   75   57 233040.000 75845.5044  67.5%  13.4   20s
 464836 229587 214952.408   81   37 233040.000 84732.5160  63.6%  13.0   25s
 608533 298109 140127.532   86   37 233040.000 91030.7219  60.9%  12.7   30s
 758866 366676 159757.793   85   44 233040.000 96194.6592  58.7%  12.5   35s
 907728 431194 170621.597   90   40 233040.000 100540.548  56.9%  12.3   40s
 1060635 496908 212394.771   73   32 233040.000 104323.934  55.2%  12.2   45s
 1205435 555348 177142.049   70   34 233040.000 107364.514  53.9%  12.1   50s
 1331477 604834 133039.643   87   48 233040.000 109717.428  52.9%  12.0   55s
 1478103 662853 139643.214   82   47 233040.000 112272.058  51.8%  11.9   60s
 1643878 724885 153715.830   80   39 233040.000 114818.489  50.7%  11.6   65s
 1817145 789010 157930.434   84   40 233040.000 117347.262  49.6%  11.4   70s
 1987085 849604 211015.304   99   33 233040.000 119594.803  48.7%  11.3   75s
 2161514 910748 196378.443   88   43 233040.000 121774.164  47.7%  11.1   80s
 2326673 966444 202674.658   94   37 233040.000 123691.968  46.9%  11.0   85s
 2493761 1022026 232857.202   97   31 233040.000 125505.666  46.1%  10.9   90s
 2667480 1078377 179160.251   83   41 233040.000 127295.825  45.4%  10.8   95s
 2828616 1128725 188648.729   67   35 233040.000 128842.316  44.7%  10.7  100s
 2997484 1180493 199520.517  101   34 233040.000 130405.015  44.0%  10.6  105s
*3022580 1184214              87    231902.00000 130623.853  43.7%  10.6  105s
H3062406 1191315                    230704.00000 130985.047  43.2%  10.6  107s
 3157454 1218631 204529.852   93   31 230704.000 131828.592  42.9%  10.6  110s
 3315900 1263849 220276.450  102   32 230704.000 133188.851  42.3%  10.5  115s
 3469818 1306357 147366.515   79   49 230704.000 134473.490  41.7%  10.5  120s
 3618655 1347454 213736.454  110   40 230704.000 135660.628  41.2%  10.5  125s
 3779266 1389818     cutoff   89      230704.000 136876.931  40.7%  10.5  130s
 3934886 1429788     cutoff  114      230704.000 138058.247  40.2%  10.5  135s
 4095412 1470344     cutoff   97      230704.000 139209.646  39.7%  10.5  140s
 4256384 1509664 224308.101  104   14 230704.000 140328.598  39.2%  10.5  145s
 4412053 1546241 190821.427   94   38 230704.000 141357.917  38.7%  10.5  150s
 4563843 1581379 213163.347   87   40 230704.000 142350.531  38.3%  10.4  155s
 4715374 1615496 210113.563   78   38 230704.000 143318.044  37.9%  10.4  160s
 4863940 1648133 163299.972   88   40 230704.000 144211.164  37.5%  10.4  165s
 5035974 1684783 150391.090   80   42 230704.000 145222.266  37.1%  10.4  170s
 5214705 1722609 189686.964   85   41 230704.000 146235.906  36.6%  10.3  175s
 5390920 1757949 186452.376   89   38 230704.000 147222.651  36.2%  10.3  180s

Cutting planes:
  Gomory: 1
  Implied bound: 5
  MIR: 54
  Flow cover: 150
  RLT: 3
  Relax-and-lift: 7

Explored 5391218 nodes (55270725 simplex iterations) in 180.00 seconds (260.17 work units)
Thread count was 16 (of 16 available processors)

Solution count 10: 230704 231902 233040 ... 245780

Time limit reached
Best objective 2.307040000000e+05, best bound 1.472240000000e+05, gap 36.1849%
