
Gurobi 10.0.1 (linux64) logging started Tue Sep 12 19:45:44 2023

Set parameter LogFile to value "./log/tai17a.log"
Set parameter TimeLimit to value 180
Gurobi Optimizer version 10.0.1 build v10.0.1rc0 (linux64)

CPU model: 12th Gen Intel(R) Core(TM) i5-12600KF, instruction set [SSE2|AVX|AVX2]
Thread count: 8 physical cores, 16 logical processors, using up to 16 threads

Optimize a model with 34 rows, 289 columns and 578 nonzeros
Model fingerprint: 0xb116f9bd
Model has 35644 quadratic objective terms
Variable types: 0 continuous, 289 integer (289 binary)
Coefficient statistics:
  Matrix range     [1e+00, 1e+00]
  Objective range  [0e+00, 0e+00]
  QObjective range [4e+00, 4e+04]
  Bounds range     [1e+00, 1e+00]
  RHS range        [1e+00, 1e+00]
Found heuristic solution: objective 650396.00000
Presolve time: 0.38s
Presolved: 34 rows, 289 columns, 578 nonzeros
Presolved model has 35933 quadratic objective terms
Variable types: 0 continuous, 289 integer (289 binary)

Root relaxation: objective -2.191031e+06, 323 iterations, 0.03 seconds (0.05 work units)

    Nodes    |    Current Node    |     Objective Bounds      |     Work
 Expl Unexpl |  Obj  Depth IntInf | Incumbent    BestBd   Gap | It/Node Time

H    0     0                    643344.00000    0.00000   100%     -    0s
H    0     0                    642050.00000    0.00000   100%     -    0s
     0     0    0.00000    0  289 642050.000    0.00000   100%     -    0s
H    0     0                    610524.00000    0.00000   100%     -    0s
H    0     0                    593848.00000    0.00000   100%     -    0s
H    0     0                    576630.00000    0.00000   100%     -    0s
     0     0    0.00000    0  289 576630.000    0.00000   100%     -    0s
H    0     0                    528244.00000    0.00000   100%     -    0s
H    0     0                    525222.00000    0.00000   100%     -    0s
     0     2    0.00000    0  289 525222.000    0.00000   100%     -    0s
H  314   343                    524576.00000    0.00000   100%   3.8    0s
  5564  3642 72688.0246   98   63 524576.000    2.00000   100%  25.5    5s
H13232  9845                    523592.00000 1278.00000   100%  22.4    6s
 29429 23484 490260.080  137  289 523592.000 12650.2742  97.6%  19.7   11s
 29453 23500 30681.5855   83  215 523592.000 12650.2742  97.6%  19.7   15s
 29477 23516 464425.769  125  261 523592.000 12650.2742  97.6%  19.7   20s
H29488 22345                    523366.00000 12650.2742  97.6%  19.7   22s
 29507 22358 133455.939   92  281 523366.000 12650.2742  97.6%  19.6   25s
 29570 22409 12650.2742   54  250 523366.000 12650.2742  97.6%  20.5   30s
H29854 21456                    521676.00000 12650.2742  97.6%  21.0   30s
 47419 31141 91081.2135   75  107 521676.000 33901.0222  93.5%  23.9   35s
 81601 47436 114789.059   83   87 521676.000 56269.5767  89.2%  23.5   40s
 115749 71508 157240.463   74   92 521676.000 70310.2129  86.5%  23.2   45s
 149656 99350 322700.034  103   69 521676.000 77407.6847  85.2%  23.2   50s
 187316 130107 348654.259  117   54 521676.000 85118.9464  83.7%  22.9   55s
 221666 158075 372328.588   81   62 521676.000 90332.8672  82.7%  22.6   60s
 255317 185505 328750.154  111   60 521676.000 94327.5127  81.9%  22.5   65s
 290734 213878 279428.052  101   72 521676.000 98110.0701  81.2%  22.3   70s
 326011 242582 316491.720  131   71 521676.000 101589.591  80.5%  22.2   75s
 358414 268311 388046.922  113   61 521676.000 104201.613  80.0%  22.0   80s
 392620 295444 331201.317   83   62 521676.000 106891.645  79.5%  21.9   85s
H429609 324161                    519096.00000 109193.156  79.0%  21.8   90s
 464216 352256 476211.433  118   50 519096.000 111175.541  78.6%  21.7   95s
H496483 376848                    518184.00000 112964.470  78.2%  21.6   99s
 497146 377957 378314.132   96   60 518184.000 112987.237  78.2%  21.6  100s
 533191 406742 190237.908   98   81 518184.000 114906.529  77.8%  21.5  105s
H556216 423015                    513580.00000 115938.772  77.4%  21.4  108s
H556715 423082                    512380.00000 115977.657  77.4%  21.4  108s
 568211 432194 249220.276   88   77 512380.000 116544.028  77.3%  21.4  110s
 604199 460980 191836.270   98   84 512380.000 118269.145  76.9%  21.4  115s
 636661 486915 426170.330  116   51 512380.000 119555.610  76.7%  21.4  120s
 672450 515513 409029.101  120   62 512380.000 121092.708  76.4%  21.4  125s
 708510 543759 389827.295   98   50 512380.000 122549.147  76.1%  21.3  130s
 742638 570651 308945.554  117   73 512380.000 123879.777  75.8%  21.2  135s
 778347 599235 186514.635   75   84 512380.000 125241.401  75.6%  21.2  140s
 813568 627179 457552.056  143   54 512380.000 126559.547  75.3%  21.1  145s
 849716 655329 190999.436   84   80 512380.000 127790.486  75.1%  21.1  150s
 884914 683240 294168.099  115   70 512380.000 128929.392  74.8%  21.1  155s
 918445 709566 215936.710   89   74 512380.000 129991.952  74.6%  21.1  160s
 954677 737996 347056.178  114   63 512380.000 130993.166  74.4%  21.0  165s
 990491 765832 261294.196   93   71 512380.000 131866.398  74.3%  21.0  170s
 1023434 792345 246656.485   88   74 512380.000 132560.322  74.1%  21.0  175s
 1058238 820189 443157.259  112   48 512380.000 133345.392  74.0%  21.0  180s

Cutting planes:
  Gomory: 2
  Implied bound: 11
  MIR: 53
  Flow cover: 352
  RLT: 1
  Relax-and-lift: 4

Explored 1059094 nodes (22237388 simplex iterations) in 180.00 seconds (479.81 work units)
Thread count was 16 (of 16 available processors)

Solution count 10: 512380 513580 518184 ... 528244

Time limit reached
Best objective 5.123800000000e+05, best bound 1.333540000000e+05, gap 73.9736%
