
Gurobi 10.0.1 (linux64) logging started Tue Sep 12 19:54:47 2023

Set parameter LogFile to value "./log/tai25a.log"
Set parameter TimeLimit to value 180
Gurobi Optimizer version 10.0.1 build v10.0.1rc0 (linux64)

CPU model: 12th Gen Intel(R) Core(TM) i5-12600KF, instruction set [SSE2|AVX|AVX2]
Thread count: 8 physical cores, 16 logical processors, using up to 16 threads

Optimize a model with 50 rows, 625 columns and 1250 nonzeros
Model fingerprint: 0x1ea2dd33
Model has 176410 quadratic objective terms
Variable types: 0 continuous, 625 integer (625 binary)
Coefficient statistics:
  Matrix range     [1e+00, 1e+00]
  Objective range  [0e+00, 0e+00]
  QObjective range [4e+00, 4e+04]
  Bounds range     [1e+00, 1e+00]
  RHS range        [1e+00, 1e+00]
Found heuristic solution: objective 1472792.0000
Presolve time: 1.12s
Presolved: 50 rows, 625 columns, 1250 nonzeros
Presolved model has 177035 quadratic objective terms
Variable types: 0 continuous, 625 integer (625 binary)

Root relaxation: objective -6.979492e+06, 675 iterations, 0.32 seconds (0.59 work units)

    Nodes    |    Current Node    |     Objective Bounds      |     Work
 Expl Unexpl |  Obj  Depth IntInf | Incumbent    BestBd   Gap | It/Node Time

H    0     0                    1433988.0000    0.00000   100%     -    1s
H    0     0                    1390224.0000    0.00000   100%     -    1s
     0     0    0.00000    0  625 1390224.00    0.00000   100%     -    1s
H    0     0                    1349180.0000    0.00000   100%     -    1s
H    0     0                    1287376.0000    0.00000   100%     -    1s
     0     0    0.00000    0  625 1287376.00    0.00000   100%     -    1s
H    0     0                    1261420.0000    0.00000   100%     -    2s
     0     2    0.00000    0  625 1261420.00    0.00000   100%     -    2s
H   31    40                    1257760.0000    0.00000   100%  11.9    2s
H   35    40                    1254826.0000    0.00000   100%  10.8    2s
H   51    56                    1250862.0000    0.00000   100%   8.0    2s
   235   236    0.00000   22  625 1250862.00    0.00000   100%   4.1    5s
   960   852    0.00000   58   65 1250862.00    0.00000   100%  28.0   10s
  3749  3240 168914.267  144   72 1250862.00    0.00000   100%  25.6   15s
H 4177  3411                    1249430.0000    2.00000   100%  34.6   18s
H 4307  3297                    1246872.0000    2.00000   100%  34.8   19s
  5077  3901 17634.2974   72   69 1246872.00    2.00000   100%  35.9   20s
H 5416  3834                    1237216.0000    2.00000   100%  35.8   20s
H 6998  4672                    1232452.0000    2.00000   100%  36.8   22s
 10623  6952 23209.1024  165   76 1232452.00    2.00000   100%  33.3   25s
 14608 10869 227732.111  305   72 1232452.00    2.00000   100%  35.3   31s
 18951 14386 69785.9568  114   77 1232452.00    2.00000   100%  35.3   35s
 23680 19402 454069.663  281   73 1232452.00    2.00000   100%  38.2   40s
 29127 24512 186378.665  153   79 1232452.00    2.00000   100%  37.3   53s
H31229 25724                    1228926.0000    2.00000   100%  37.1   54s
 31670 26306 713133.788  256   60 1228926.00    2.00000   100%  37.1   55s
H33938 28122                    1220886.0000    2.00000   100%  37.6   56s
 38936 32650 90834.2798  116   69 1220886.00    2.00000   100%  37.3   60s
H41416 34739                    1220500.0000    2.00000   100%  37.4   62s
 44231 38220 152186.292  212   95 1220500.00    2.00000   100%  36.9   66s
 50936 44135 151796.575  197   88 1220500.00    2.00000   100%  36.0   70s
H54161 46716                    1217636.0000    2.00000   100%  35.6   71s
 59231 51618 220592.427  213   78 1217636.00    2.00000   100%  34.9   76s
 65198 56531 75292.0985  173   79 1217636.00    2.00000   100%  34.0   80s
H66847 57311                    1215360.0000    2.00000   100%  34.0   80s
 73067 63397 393302.250  215   79 1215360.00    2.00000   100%  34.0   85s
 78045 67765 76732.8982  183   77 1215360.00   70.00000   100%  33.4   90s
 86348 75747 344825.098  201   69 1215360.00 10112.0957  99.2%  32.9   95s
 93158 81203 408710.442  260   76 1215360.00 10112.0957  99.2%  32.3  100s
 103685 91092 389031.438  206   74 1215360.00 11044.2406  99.1%  31.3  107s
 109862 95668 1092776.06  209   47 1215360.00 11244.5425  99.1%  30.8  110s
 118837 104311 900371.506  258   60 1215360.00 12920.8252  98.9%  30.2  115s
 131187 114716 68006.6371  112   65 1215360.00 13294.0122  98.9%  29.5  120s
 138950 121831 207869.485  182   76 1215360.00 13749.8531  98.9%  29.2  125s
 148187 130474 380182.348  210   72 1215360.00 14871.3713  98.8%  28.7  130s
 162533 142636 318750.405  187   82 1215360.00 15480.7137  98.7%  28.2  135s
 172054 151103 681651.429  236   57 1215360.00 16310.6441  98.7%  28.0  140s
 178173 156765 458717.877  161   64 1215360.00 16879.9085  98.6%  28.1  145s
 191414 167713 483098.144  226   80 1215360.00 18193.9937  98.5%  28.0  150s
 199021 174846 1030121.87  234   63 1215360.00 18443.5515  98.5%  28.0  155s
 209184 183342 1159539.15  262   51 1215360.00 18719.2644  98.5%  27.8  160s
 222257 196178 198438.444   98   69 1215360.00 19306.6782  98.4%  27.4  166s
 234305 206432 618413.729  197   76 1215360.00 19645.5774  98.4%  27.4  170s
 242374 214097 1159858.37  251   51 1215360.00 19948.4413  98.4%  27.4  175s

Cutting planes:
  Implied bound: 2
  Flow cover: 123

Explored 251652 nodes (6865730 simplex iterations) in 180.01 seconds (438.35 work units)
Thread count was 16 (of 16 available processors)

Solution count 10: 1.21536e+06 1.21764e+06 1.2205e+06 ... 1.25086e+06

Time limit reached
Best objective 1.215360000000e+06, best bound 2.058400000000e+04, gap 98.3063%
