
Gurobi 10.0.1 (linux64) logging started Tue Sep 12 19:51:45 2023

Set parameter LogFile to value "./log/tai20b.log"
Set parameter TimeLimit to value 180
Gurobi Optimizer version 10.0.1 build v10.0.1rc0 (linux64)

CPU model: 12th Gen Intel(R) Core(TM) i5-12600KF, instruction set [SSE2|AVX|AVX2]
Thread count: 8 physical cores, 16 logical processors, using up to 16 threads

Optimize a model with 40 rows, 400 columns and 800 nonzeros
Model fingerprint: 0x6a62b04b
Model has 60040 quadratic objective terms
Variable types: 0 continuous, 400 integer (400 binary)
Coefficient statistics:
  Matrix range     [1e+00, 1e+00]
  Objective range  [0e+00, 0e+00]
  QObjective range [6e+00, 1e+08]
  Bounds range     [1e+00, 1e+00]
  RHS range        [1e+00, 1e+00]
Warning: Model contains large quadratic objective coefficients
         Consider reformulating model or setting NumericFocus parameter
         to avoid numerical issues.
Found heuristic solution: objective 2.769772e+08
Presolve time: 0.40s
Presolved: 40 rows, 400 columns, 800 nonzeros
Presolved model has 60440 quadratic objective terms
Variable types: 0 continuous, 400 integer (400 binary)

Root relaxation: objective -5.239628e+09, 375 iterations, 0.05 seconds (0.09 work units)

    Nodes    |    Current Node    |     Objective Bounds      |     Work
 Expl Unexpl |  Obj  Depth IntInf | Incumbent    BestBd   Gap | It/Node Time

H    0     0                    2.433023e+08    0.00000   100%     -    0s
H    0     0                    2.411488e+08    0.00000   100%     -    0s
     0     0    0.00000    0  319 2.4115e+08    0.00000   100%     -    0s
H    0     0                    2.129736e+08    0.00000   100%     -    0s
     0     0    0.00000    0  319 2.1297e+08    0.00000   100%     -    0s
H    0     0                    2.110325e+08    0.00000   100%     -    0s
H    0     0                    2.105735e+08    0.00000   100%     -    0s
     0     2    0.00000    0  319 2.1057e+08    0.00000   100%     -    0s
H   31    40                    1.793754e+08    0.00000   100%  10.9    0s
H   32    40                    1.792818e+08    0.00000   100%  10.8    0s
H   33    40                    1.782174e+08    0.00000   100%  10.5    0s
H   37    40                    1.733168e+08    0.00000   100%   9.7    0s
H   39    38                    1.651044e+08    0.00000   100%  12.1    1s
H   39    37                    1.613531e+08    0.00000   100%  12.1    1s
H   75    63                    1.613474e+08    0.00000   100%  54.8    2s
H  114    92                    1.602674e+08    0.00000   100%  39.8    2s
H  116    90                    1.537174e+08    0.00000   100%  39.3    2s
H  163   132                    1.346026e+08    0.00000   100%  32.1    2s
H  202   173                    1.345093e+08    0.00000   100%  28.2    2s
H  203   173                    1.342948e+08    0.00000   100%  28.2    2s
H  204   173                    1.337379e+08    0.00000   100%  28.1    2s
H  209   173                    1.323710e+08    0.00000   100%  27.6    2s
H 1332  1111                    1.319553e+08    0.00000   100%  14.0    3s
H 1335  1111                    1.318185e+08    0.00000   100%  14.0    3s
H 1920  1537                    1.315307e+08    0.00000   100%  12.5    4s
H 1921  1460                    1.305151e+08    0.00000   100%  12.5    4s
  1924  1462 9.7611e+07  152   42 1.3052e+08    0.00000   100%  12.4    5s
H 2002  1444                    1.301373e+08    0.00000   100%  15.9    5s
H 2057  1410                    1.300110e+08    0.00000   100%  16.6    5s
H 2148  1405                    1.296719e+08    0.00000   100%  16.9    5s
H 2187  1374                    1.295341e+08    0.00000   100%  16.9    5s
H 2190  1313                    1.293632e+08    0.00000   100%  16.9    5s
H 2192  1256                    1.293059e+08    0.00000   100%  16.9    5s
H 2245  1240                    1.290983e+08    0.00000   100%  16.8    5s
H 2246  1189                    1.276993e+08    0.00000   100%  16.8    5s
H 5085  2640                    1.276425e+08    0.00000   100%  14.4    7s
H16319 11005                    1.274334e+08 20261.8093   100%  13.9    9s
H21940 14697                    1.254213e+08 26053.4523   100%  13.7    9s
 21950 14860 1.6527e+07  109   40 1.2542e+08 26053.4523   100%  13.7   10s
H21992 14857                    1.251796e+08 26053.4523   100%  13.7   10s
H35727 24899                    1.248061e+08 31838.2719   100%  13.8   13s
H39238 27403                    1.245397e+08 34991.3218   100%  13.8   14s
 43978 32144 6.2466e+07  122   42 1.2454e+08 41713.0545   100%  13.8   15s
 77156 54729 7.7156e+07  134   36 1.2454e+08 110366.534   100%  13.6   20s
 114239 81197 188346.754   59   41 1.2454e+08 188346.754   100%  13.2   25s
 149242 105989 268546.164   69   43 1.2454e+08 264143.000   100%  13.4   30s
 187865 133720 5107881.02   84   45 1.2454e+08 319059.383   100%  13.3   35s
 222344 157839 4170153.29   97   37 1.2454e+08 366186.649   100%  13.2   40s
 256247 180782 infeasible  156      1.2454e+08 436226.601   100%  13.2   45s
 290213 204807 9701082.25   92   36 1.2454e+08 511483.861   100%  13.2   50s
 322339 227868 3.5784e+07  146   42 1.2454e+08 556568.701   100%  13.1   55s
 357917 252063 infeasible  108      1.2454e+08 603344.811   100%  12.9   60s
 393728 276921 5.7067e+07   84   35 1.2454e+08 657984.015  99.5%  12.8   65s
 428409 301592 infeasible  117      1.2454e+08 692504.350  99.4%  12.7   70s
 462544 325575 9.6028e+07  175   33 1.2454e+08 741296.358  99.4%  12.6   75s
 500006 351186 8.4716e+07   75   33 1.2454e+08 789197.332  99.4%  12.5   80s
 536588 377514     cutoff   96      1.2454e+08 833210.599  99.3%  12.5   85s
 570423 400244 9.7365e+07  117   32 1.2454e+08 874401.458  99.3%  12.4   90s
 609639 427848 2551825.36   92   40 1.2454e+08 929909.203  99.3%  12.3   95s
 639412 448168 7290796.01   97   41 1.2454e+08 967254.073  99.2%  12.3  100s
 675476 472041 1.0277e+07  120   44 1.2454e+08 1003512.71  99.2%  12.3  105s
 711337 497531 infeasible  175      1.2454e+08 1032006.43  99.2%  12.3  110s
 743682 520546 1.6089e+07   75   34 1.2454e+08 1062976.73  99.1%  12.2  115s
 777960 545102 8.8377e+07  102   38 1.2454e+08 1093961.13  99.1%  12.2  120s
 815596 571508 infeasible  147      1.2454e+08 1132643.22  99.1%  12.1  125s
 848179 592803 4.5535e+07  106   36 1.2454e+08 1172230.41  99.1%  12.1  130s
 882965 616828 7089569.07   65   47 1.2454e+08 1206078.01  99.0%  12.0  135s
 917499 640362 4.1616e+07  168   44 1.2454e+08 1233548.72  99.0%  12.0  140s
 957201 667909 infeasible  179      1.2454e+08 1263325.06  99.0%  12.0  145s
 1009691 703265 6.5100e+07  122   31 1.2454e+08 1317008.04  98.9%  11.9  150s
 1055685 735635 1.5502e+07  105   38 1.2454e+08 1351771.60  98.9%  11.9  155s
 1106822 769922 6.8710e+07  138   36 1.2454e+08 1395269.91  98.9%  11.8  160s
 1159216 805592 4966744.70  111   44 1.2454e+08 1433828.07  98.8%  11.8  165s
 1208215 839198 7.0659e+07  122   30 1.2454e+08 1469788.80  98.8%  11.7  170s
 1262274 876367 1.0767e+08  100   26 1.2454e+08 1513116.29  98.8%  11.7  175s
 1311958 909686 1.0995e+08  148   34 1.2454e+08 1546651.89  98.8%  11.6  180s

Cutting planes:
  MIR: 1
  Flow cover: 7
  RLT: 5
  Relax-and-lift: 1

Explored 1312059 nodes (15277662 simplex iterations) in 180.00 seconds (393.43 work units)
Thread count was 16 (of 16 available processors)

Solution count 10: 1.2454e+08 1.24806e+08 1.2518e+08 ... 1.29363e+08

Time limit reached
Best objective 1.245397370000e+08, best bound 1.546651887692e+06, gap 98.7581%
