
Gurobi 10.0.1 (linux64) logging started Tue Sep 12 19:57:47 2023

Set parameter LogFile to value "./log/tai25b.log"
Set parameter TimeLimit to value 180
Gurobi Optimizer version 10.0.1 build v10.0.1rc0 (linux64)

CPU model: 12th Gen Intel(R) Core(TM) i5-12600KF, instruction set [SSE2|AVX|AVX2]
Thread count: 8 physical cores, 16 logical processors, using up to 16 threads

Optimize a model with 50 rows, 625 columns and 1250 nonzeros
Model fingerprint: 0xb066955f
Model has 150000 quadratic objective terms
Variable types: 0 continuous, 625 integer (625 binary)
Coefficient statistics:
  Matrix range     [1e+00, 1e+00]
  Objective range  [0e+00, 0e+00]
  QObjective range [6e+00, 2e+08]
  Bounds range     [1e+00, 1e+00]
  RHS range        [1e+00, 1e+00]
Warning: Model contains large quadratic objective coefficients
         Consider reformulating model or setting NumericFocus parameter
         to avoid numerical issues.
Found heuristic solution: objective 7.605441e+08
Presolve time: 1.08s
Presolved: 50 rows, 625 columns, 1250 nonzeros
Presolved model has 150625 quadratic objective terms
Variable types: 0 continuous, 625 integer (625 binary)

Root relaxation: objective -1.587178e+10, 518 iterations, 0.13 seconds (0.27 work units)

    Nodes    |    Current Node    |     Objective Bounds      |     Work
 Expl Unexpl |  Obj  Depth IntInf | Incumbent    BestBd   Gap | It/Node Time

     0     0    0.00000    0  440 7.6054e+08    0.00000   100%     -    1s
H    0     0                    6.384587e+08    0.00000   100%     -    1s
H    0     0                    5.805628e+08    0.00000   100%     -    1s
     0     0    0.00000    0  440 5.8056e+08    0.00000   100%     -    1s
H    0     0                    5.754159e+08    0.00000   100%     -    1s
     0     2    0.00000    0  440 5.7542e+08    0.00000   100%     -    1s
H   31    40                    5.545820e+08    0.00000   100%  16.2    2s
H   34    40                    5.038274e+08    0.00000   100%  15.1    2s
    39    41    0.00000    7   57 5.0383e+08    0.00000   100%  17.2    5s
H   39    38                    4.929351e+08    0.00000   100%  17.2    5s
H  107    88                    4.925807e+08    0.00000   100%  67.6    6s
H  134   111                    4.901035e+08    0.00000   100%  56.3    6s
H  171   144                    4.888686e+08    0.00000   100%  46.3    6s
H  174   144                    4.859096e+08    0.00000   100%  46.0    6s
H  207   176                    4.847581e+08    0.00000   100%  39.8    6s
H  209   176                    4.843000e+08    0.00000   100%  39.5    6s
H  222   185                    4.834544e+08    0.00000   100%  40.1    6s
H 1241  1161                    4.828298e+08    0.00000   100%  15.5    8s
H 1245  1161                    4.827008e+08    0.00000   100%  15.6    8s
  2831  2555 8216949.27  118  440 4.8270e+08    0.00000   100%  13.1   10s
H 3023  2557                    4.780351e+08    0.00000   100%  16.8   14s
H 3077  2474                    4.775186e+08    0.00000   100%  16.9   14s
H 3081  2357                    4.774928e+08    0.00000   100%  17.0   14s
H 3118  2274                    4.767513e+08    0.00000   100%  17.0   14s
H 3121  2168                    4.635975e+08    0.00000   100%  17.0   14s
H 3172  2113                    4.613779e+08    0.00000   100%  16.9   14s
  4036  2697 3139783.53   92   45 4.6138e+08    0.00000   100%  16.3   15s
H 7846  4639                    4.611763e+08    0.00000   100%  15.3   16s
H 7858  4545                    4.610904e+08    0.00000   100%  15.3   16s
H 7984  4617                    4.604202e+08    0.00000   100%  15.3   16s
H 9560  6133                    4.594887e+08    0.00000   100%  15.4   17s
H11240  7401                    4.559567e+08    0.00000   100%  15.5   17s
H12085  8379                    4.555969e+08    0.00000   100%  15.2   18s
*12807  9100             172    4.329979e+08    0.00000   100%  15.3   18s
*12808  9100             172    4.323106e+08    0.00000   100%  15.3   18s
H14655 10733                    4.276166e+08    0.00000   100%  15.2   19s
H15058 11128                    4.253701e+08    0.00000   100%  15.1   20s
H15273 11126                    4.250641e+08    0.00000   100%  15.1   20s
H15486 11122                    4.229834e+08    0.00000   100%  15.1   20s
H18365 14233                    4.171777e+08    0.00000   100%  15.5   21s
H18898 14231                    4.163662e+08    0.00000   100%  15.4   21s
H20742 15909                    4.158921e+08    0.00000   100%  15.6   22s
H22392 17251                    4.143247e+08    0.00000   100%  15.5   22s
H22862 17409                    4.135023e+08    0.00000   100%  15.7   23s
H22970 17407                    4.130149e+08    0.00000   100%  15.7   23s
H27968 21603                    4.122807e+08    0.00000   100%  15.9   24s
H27969 21546                    4.028511e+08    0.00000   100%  15.9   24s
H27970 21535                    4.014084e+08    0.00000   100%  15.9   24s
 27976 22102 1.4218e+07  166   54 4.0141e+08    0.00000   100%  16.0   25s
 30191 25041 8990950.90   76   50 4.0141e+08    0.00000   100%  16.3   30s
H32276 25410                    3.984158e+08    0.00000   100%  16.4   30s
H32568 25398                    3.973106e+08    0.00000   100%  16.5   30s
H34819 27810                    3.969250e+08    0.00000   100%  16.8   31s
H34875 27806                    3.968055e+08    0.00000   100%  16.8   31s
H40603 32318                    3.964198e+08    0.00000   100%  16.8   33s
H44052 35141                    3.957736e+08    0.00000   100%  16.7   34s
H44054 35099                    3.920513e+08    0.00000   100%  16.7   34s
H44056 35098                    3.919546e+08    0.00000   100%  16.7   34s
H44865 35895                    3.908948e+08    0.00000   100%  16.7   34s
 44988 36590 1.0581e+07  186   51 3.9089e+08    0.00000   100%  16.7   36s
H45137 36590                    3.908076e+08    0.00000   100%  16.7   36s
 57620 47154    0.00000  138   47 3.9081e+08    0.00000   100%  16.4   40s
H61418 49947                    3.907022e+08    0.00000   100%  16.3   43s
H66438 54042                    3.897667e+08    0.00000   100%  16.3   44s
 67971 55907 1.3963e+08  151   47 3.8977e+08    0.00000   100%  16.2   45s
 84787 69008 1.5754e+08  137   48 3.8977e+08    0.00000   100%  15.9   50s
 98240 80808 3.8463e+07  198   52 3.8977e+08    0.00000   100%  15.8   55s
 105963 86687 4748015.40  235   56 3.8977e+08    0.00000   100%  15.8   60s
H108454 87835                    3.895051e+08    0.00000   100%  15.9   60s
 121200 99041 7.4942e+07  156   42 3.8951e+08    0.00000   100%  15.7   65s
 133973 109822 1.2118e+08  173   51 3.8951e+08    0.00000   100%  15.8   70s
 148820 121626 2.0903e+07  146   52 3.8951e+08    0.00000   100%  15.9   75s
 164102 133755 8.1771e+07  241   50 3.8951e+08  115.02995   100%  15.9   80s
 178957 145489 4222412.44  208   57 3.8951e+08  138.97466   100%  15.9   85s
H190453 153865                    3.892361e+08  464.58099   100%  16.0   88s
 193814 157716 2.8368e+08  166   45 3.8924e+08  661.00000   100%  16.0   91s
 207851 168993 2.2116e+08  196   51 3.8924e+08  697.00000   100%  16.0   95s
 220385 179067 1635132.93   89   59 3.8924e+08  791.38430   100%  15.9  100s
 235044 191137 6.9226e+07  142   46 3.8924e+08  882.87602   100%  15.8  105s
 245927 200619 8497111.22  100   55 3.8924e+08  971.05663   100%  15.8  110s
 257828 211069 5.9698e+07  120   57 3.8924e+08 1140.10035   100%  15.7  115s
 271286 221903 3.8570e+07  135   54 3.8924e+08 1284.77153   100%  15.6  120s
 285295 232563 2.6647e+08  205   43 3.8924e+08 1561.77023   100%  15.5  125s
 297819 243218 6.9918e+07  208   56 3.8924e+08 2121.11222   100%  15.6  131s
 310221 252839 2218.00000  149   54 3.8924e+08 2218.00000   100%  15.7  135s
 324183 263609 1.5725e+07  233   54 3.8924e+08 2294.51337   100%  15.7  140s
 337349 274336 1.1265e+08  226   46 3.8924e+08 3040.24447   100%  15.7  145s
 350067 283925 2.8164e+08  227   44 3.8924e+08 3804.31916   100%  15.7  150s
 362601 294684 1.0482e+08  155   52 3.8924e+08 3861.33388   100%  15.7  155s
 376909 306653 2.8290e+08  227   47 3.8924e+08 4087.24024   100%  15.6  160s
 389060 315521 4598410.40  123   53 3.8924e+08 4188.89490   100%  15.7  165s
 401987 327012 1.3419e+08  126   49 3.8924e+08 4304.68757   100%  15.7  170s
 416442 339162 2.6829e+08  183   47 3.8924e+08 4451.26117   100%  15.6  175s

Cutting planes:
  MIR: 1
  StrongCG: 1
  Flow cover: 8
  RLT: 3
  Relax-and-lift: 2

Explored 431053 nodes (6760455 simplex iterations) in 180.00 seconds (383.85 work units)
Thread count was 16 (of 16 available processors)

Solution count 10: 3.89236e+08 3.89505e+08 3.89767e+08 ... 3.9642e+08

Time limit reached
Best objective 3.892361040000e+08, best bound 4.575000000000e+03, gap 99.9988%
