
Gurobi 10.0.1 (linux64) logging started Tue Sep 12 20:00:48 2023

Set parameter LogFile to value "./log/tai30a.log"
Set parameter TimeLimit to value 180
Gurobi Optimizer version 10.0.1 build v10.0.1rc0 (linux64)

CPU model: 12th Gen Intel(R) Core(TM) i5-12600KF, instruction set [SSE2|AVX|AVX2]
Thread count: 8 physical cores, 16 logical processors, using up to 16 threads

Optimize a model with 60 rows, 900 columns and 1800 nonzeros
Model fingerprint: 0xc203cb73
Model has 370656 quadratic objective terms
Variable types: 0 continuous, 900 integer (900 binary)
Coefficient statistics:
  Matrix range     [1e+00, 1e+00]
  Objective range  [0e+00, 0e+00]
  QObjective range [4e+00, 4e+04]
  Bounds range     [1e+00, 1e+00]
  RHS range        [1e+00, 1e+00]
Found heuristic solution: objective 2226000.0000
Presolve time: 3.04s
Presolved: 60 rows, 900 columns, 1800 nonzeros
Presolved model has 371556 quadratic objective terms
Variable types: 0 continuous, 900 integer (900 binary)

Root relaxation: objective -1.240639e+07, 960 iterations, 0.93 seconds (1.76 work units)

    Nodes    |    Current Node    |     Objective Bounds      |     Work
 Expl Unexpl |  Obj  Depth IntInf | Incumbent    BestBd   Gap | It/Node Time

H    0     0                    2172282.0000    0.00000   100%     -    3s
H    0     0                    2143932.0000    0.00000   100%     -    3s
     0     0    0.00000    0  900 2143932.00    0.00000   100%     -    3s
H    0     0                    2092562.0000    0.00000   100%     -    4s
H    0     0                    2064556.0000    0.00000   100%     -    4s
     0     0    0.00000    0  900 2064556.00    0.00000   100%     -    4s
H    0     0                    2014906.0000    0.00000   100%     -    5s
H    0     2                    1993760.0000    0.00000   100%     -    5s
     0     2    0.00000    0  900 1993760.00    0.00000   100%     -    5s
H   31    40                    1963028.0000    0.00000   100%  14.2    7s
H   37    40                    1947984.0000    0.00000   100%  12.2    7s
H   55    64                    1946594.0000    0.00000   100%   8.9    7s
H  149   153                    1935244.0000    0.00000   100%   4.9    8s
   178   179    0.00000   22  900 1935244.00    0.00000   100%   4.9   12s
   178   180    0.00000   22  900 1935244.00    0.00000   100%   6.4   20s
   249   237    0.00000   37   73 1935244.00    0.00000   100%  47.9   25s
  2588  2524 125914.855  108   73 1935244.00    0.00000   100%  34.2   30s
H 3665  3368                    1925736.0000    0.00000   100%  31.2   31s
  4898  4483 368492.818  220  900 1925736.00    0.00000   100%  28.8   41s
  4908  4490 287406.056  284   81 1925736.00    0.00000   100%  28.7   45s
  5061  4601 92002.5059   52   76 1925736.00    2.00000   100%  35.5   50s
H 5145  4430                    1922654.0000    2.00000   100%  36.9   51s
H 5150  4214                    1917862.0000    2.00000   100%  37.0   51s
  5761  4729 83898.1016   66   84 1917862.00    2.00000   100%  39.5   55s
  6876  5388 3065.24560   79   79 1917862.00    2.00000   100%  40.7   61s
  8612  6460 92994.5951   91   93 1917862.00    2.00000   100%  40.3   65s
 12187  8874 38946.1342  156   92 1917862.00    2.00000   100%  43.1   70s
 14809 10381 60894.2861  220   95 1917862.00    2.00000   100%  44.5   84s
 15198 11045 65248.7232  235   91 1917862.00    2.00000   100%  45.2   85s
H18099 12447                    1916910.0000    2.00000   100%  50.4   90s
H20136 14834                    1915962.0000    2.00000   100%  51.4   93s
 20651 16141 395336.716  459   78 1915962.00    2.00000   100%  51.6   95s
 25642 20389 75984.6919  261   90 1915962.00    2.00000   100%  47.2  100s
H26681 21154                    1915878.0000    2.00000   100%  46.9  101s
 29874 24646 41387.2878  138   81 1915878.00    2.00000   100%  46.8  128s
 31936 25555 210702.378  438   87 1915878.00    2.00000   100%  47.1  130s
H32001 25555                    1915420.0000    2.00000   100%  47.1  130s
H33441 26932                    1912586.0000    2.00000   100%  46.7  132s
 36085 30102 49189.0893  124   88 1912586.00    2.00000   100%  45.6  135s
H37155 31026                    1884654.0000    2.00000   100%  45.2  136s
 41689 34304    2.00000  139   83 1884654.00    2.00000   100%  43.6  140s
 44976 38365    2.00000  191   83 1884654.00    2.00000   100%  44.0  152s
 48274 41062    2.00000  225   83 1884654.00    2.00000   100%  43.8  155s
 53675 46076 751046.802  418   81 1884654.00    2.00000   100%  43.3  160s
 59156 51255 1379831.40  452   62 1884654.00    2.00000   100%  42.0  165s
 60630 52522 783659.497  282   73 1884654.00    2.00000   100%  41.4  173s
 63490 54765 400373.578  410   93 1884654.00    2.00000   100%  40.8  175s
 69718 59454 159792.685  351   95 1884654.00    2.00000   100%  39.2  180s

Cutting planes:
  Implied bound: 13
  StrongCG: 1
  Flow cover: 146
  RLT: 3

Explored 70067 nodes (2743684 simplex iterations) in 180.01 seconds (385.44 work units)
Thread count was 16 (of 16 available processors)

Solution count 10: 1.88465e+06 1.91259e+06 1.91542e+06 ... 1.93524e+06

Time limit reached
Best objective 1.884654000000e+06, best bound 2.000000000815e+00, gap 99.9999%
