6.826091051101685 0.14693784713745117 -931.0894414048887 110.07272335147377
6.7936835289001465 0.1386094093322754 -920.9067708848265 99.8900528314116
6.796865940093994 0.14072656631469727 -923.9490202472318 102.9323021938169
6.813559055328369 0.13938426971435547 -931.0212180605504 110.00450000713545
6.821954727172852 0.15624213218688965 -924.3355432770755 103.31882522366061
6.793889760971069 0.1387007236480713 -929.5997456002528 108.58302754683791
6.7587363719940186 0.13605523109436035 -934.37480247608 113.35808442266512
6.754647970199585 0.13647937774658203 -930.899314901221 109.8825968478061
6.769537687301636 0.13649392127990723 -922.9896050818088 101.97288702839387
6.799201726913452 0.14432168006896973 -930.8538895656886 109.8371715122737
6.752980947494507 0.14097976684570312 -924.6767962918797 103.66007823846473
6.739284515380859 0.13592290878295898 -933.1824383857961 112.16572033238117
6.788419246673584 0.14593195915222168 -932.9967949026832 111.98007684926824
6.84591007232666 0.15501666069030762 -927.2550411036152 106.23832305020028
6.769292116165161 0.1394181251525879 -927.0311077098886 106.01438965647367
6.6734583377838135 0.133864164352417 -928.2169013439905 107.20018329057552
6.836598634719849 0.1474299430847168 -927.6586781564675 106.64196010305261
6.821484804153442 0.14862775802612305 -931.2751326671677 110.25841461375273
6.806705713272095 0.14612960815429688 -926.7068424734397 105.69012442002474
6.752583742141724 0.14011073112487793 -934.5988429986045 113.58212494518955
6.794464826583862 0.14089703559875488 -928.9558592157355 107.93914116232054
6.7887489795684814 0.13918113708496094 -927.0388081696101 106.02209011619516
6.809609413146973 0.14515209197998047 -925.5200941430672 104.5033760896523
6.799983978271484 0.15236306190490723 -934.1682361678661 113.15151811445116
6.792683362960815 0.144087553024292 -933.808168854663 112.79145080124806
6.735160827636719 0.13744783401489258 -933.0779354128713 112.06121735945635
6.772665500640869 0.14375090599060059 -928.1476486213733 107.13093056795833
6.7446019649505615 0.1407301425933838 -919.7392831630581 98.72256510964314
6.732234001159668 0.13335442543029785 -933.9857135277854 112.96899547437044
6.8967297077178955 0.1495828628540039 -924.4576801343906 103.44096208097562
6.840989112854004 0.15006113052368164 -931.0269640532501 110.0102459998352
6.791604518890381 0.13989853858947754 -930.42084329949 109.40412524607507
6.741518020629883 0.1369001865386963 -925.6262372540803 104.60951920066532
6.822490215301514 0.1522378921508789 -914.7668118627248 93.75009380930987
6.829088449478149 0.1454601287841797 -926.4705262747214 105.45380822130642
6.747790575027466 0.14267611503601074 -927.7834209268406 106.76670287342563
6.772846937179565 0.1390378475189209 -932.2905745658433 111.27385651242832
6.886026859283447 0.15061140060424805 -929.2696572760506 108.25293922263563
6.832913398742676 0.14767742156982422 -930.2835465004018 109.26682844698689
6.766531229019165 0.13913679122924805 -924.7520465700542 103.73532851663924
6.806823253631592 0.1419668197631836 -931.7065726510684 110.6898545976535
6.814905881881714 0.13539767265319824 -926.0064306255161 104.98971257210121
6.835108995437622 0.1407308578491211 -934.6610041593458 113.64428610593086
6.745454549789429 0.1441972255706787 -928.2649730666742 107.24825501325927
6.6811158657073975 0.12959980964660645 -932.2477195859979 111.23100153258292
6.6918580532073975 0.1308605670928955 -929.4911315870801 108.47441353366514
6.9145097732543945 0.1517939567565918 -936.146420983797 115.12970293038211
6.784116506576538 0.14583492279052734 -926.625518233855 105.60880018044008
6.673041343688965 0.13430213928222656 -918.9632508293461 97.94653277593113
6.721976280212402 0.13489198684692383 -932.777044523473 111.76032647005809
6.869438886642456 0.15376520156860352 -937.0391195719967 116.02240151858177
6.745434284210205 0.1390697956085205 -924.0396951491275 103.02297709571258
6.697994947433472 0.13348603248596191 -937.7211960694789 116.70447801606394
6.745059251785278 0.1407148838043213 -933.0457532621178 112.02903520870291
6.786770820617676 0.1391448974609375 -927.885863178017 106.86914512460203
6.7839062213897705 0.15892958641052246 -931.2678072774628 110.25108922404786
6.687392234802246 0.1350867748260498 -929.4402623978915 108.42354434447657
6.692264795303345 0.12997889518737793 -935.2420553692128 114.2253373157979
6.773479223251343 0.14418792724609375 -932.2439893917908 111.22727133837589
6.732092380523682 0.1403195858001709 -923.2357120150307 102.21899396161575
6.689879894256592 0.13342642784118652 -928.9654672122967 107.94874915888181
6.704221248626709 0.13367009162902832 -928.3768330466745 107.36011499325957
6.733091354370117 0.13936591148376465 -927.016430151994 105.99971209857904
6.778330087661743 0.1391606330871582 -923.4660028385861 102.44928478517113
6.702059268951416 0.1430206298828125 -934.3777766790047 113.36105862558975
6.701015472412109 0.13524222373962402 -927.8704705556718 106.85375250225684
6.739418983459473 0.13483738899230957 -927.9840705303341 106.96735247691913
6.7856199741363525 0.14268088340759277 -926.369103967395 105.35238591398002
6.691525936126709 0.13112640380859375 -926.9745564107313 105.9578383573164
6.6600635051727295 0.13407278060913086 -927.3896805544489 106.37296250103395
6.776976823806763 0.14281916618347168 -935.8901317506152 114.87341369720025
6.824257850646973 0.14838933944702148 -932.0134874817386 110.99676942832366
6.678617715835571 0.1330420970916748 -930.4696000908348 109.45288203741984
6.6910905838012695 0.13677501678466797 -925.0167031728437 103.99998511942874
6.785491466522217 0.1409449577331543 -928.2441059744269 107.227387921012
6.740316867828369 0.14030671119689941 -928.9753785967273 107.95866054331236
6.69131875038147 0.1286780834197998 -927.6354671843303 106.61874913091538
6.708997964859009 0.13796639442443848 -931.8006868090985 110.78396875568353
6.784903526306152 0.1423792839050293 -916.4598282705372 95.44311021712224
6.768077850341797 0.13916301727294922 -927.1368601679112 106.12014211449628
6.711760997772217 0.13610553741455078 -924.2260743544857 103.20935630107078
6.715620040893555 0.1373283863067627 -929.6893721183084 108.67265406489344
6.75552225112915 0.13804221153259277 -920.1868100076592 99.1700919542443
6.808856964111328 0.14549970626831055 -923.5170622638229 102.500344210408
6.725582838058472 0.13646507263183594 -931.3256858913583 110.30896783794333
6.724318027496338 0.13283014297485352 -930.3569746806527 109.34025662723775
6.747555732727051 0.13884568214416504 -921.1630247678659 100.14630671445093
6.849733591079712 0.14571905136108398 -930.5384139408812 109.52169588746631
6.74074387550354 0.1363675594329834 -934.9870772975862 113.97035924417128
6.691563844680786 0.1396777629852295 -930.7765368185974 109.75981876518244
6.769103050231934 0.14383435249328613 -932.1800359900258 111.16331793661084
6.831408262252808 0.14658474922180176 -931.4475219485334 110.43080389511852
6.734321594238281 0.1361827850341797 -926.4452848392075 105.42856678579255
6.755908966064453 0.13756585121154785 -928.3686714488219 107.35195339540701
6.762465715408325 0.14435338973999023 -927.5492520230098 106.53253396959485
6.799180746078491 0.13945817947387695 -929.6764913331967 108.6597732797818
6.763612985610962 0.13591480255126953 -929.483930598805 108.46721254539011
6.8058061599731445 0.14278936386108398 -929.0187610123248 108.0020429589099
6.860327243804932 0.14710521697998047 -924.7315220780674 103.7148040246525
6.726357698440552 0.14351415634155273 -930.5405651620797 109.52384710866477
6.780446767807007 0.13865399360656738 -930.9563053989591 109.93958734554417
6.723790884017944 0.1380326747894287 -926.6671143867311 105.65039633331617
6.681761264801025 0.13268828392028809 -928.8747914866526 107.85807343323768
6.760103464126587 0.14240097999572754 -924.2243092941991 103.20759124078415
6.7969396114349365 0.14080119132995605 -925.6152126510128 104.59849459759789
6.701949834823608 0.13326096534729004 -921.2241485071293 100.20743045371432
6.701293706893921 0.13408541679382324 -925.5124539505407 104.49573589712577
6.792699575424194 0.14076519012451172 -929.6873191419353 108.67060108852036
6.822087526321411 0.14485740661621094 -933.3168427129203 112.3001246595054
6.679203271865845 0.1327817440032959 -925.5521711228454 104.53545306943045
6.75427508354187 0.13396668434143066 -926.3816640012728 105.3649459478579
6.817248106002808 0.1429610252380371 -932.5052367366278 111.48851868321287
6.7241051197052 0.13784193992614746 -921.9632668033059 100.94654874989101
6.692782640457153 0.13091349601745605 -923.8395732377713 102.8228551843564
6.7271034717559814 0.13832497596740723 -934.0992453591764 113.08252730576146
6.795799970626831 0.13720393180847168 -927.8972915831438 106.88057352972885
6.753517389297485 0.14284682273864746 -928.7387658916991 107.7220478382842
6.751236438751221 0.14254331588745117 -924.3758374912982 103.35911943788324
6.733555316925049 0.13442325592041016 -928.3485334444415 107.33181539102657
6.758524179458618 0.13715052604675293 -925.2778523935233 104.26113434010836
6.792807102203369 0.13958024978637695 -928.7662004200743 107.74948236665932
6.750157117843628 0.1397111415863037 -934.4852987519884 113.46858069857342
6.784550666809082 0.14183306694030762 -922.452343585015 101.43562553160007
6.779218912124634 0.14019083976745605 -930.3008138203554 109.28409576694048
6.763921737670898 0.14267516136169434 -924.8997539735109 103.88303592009595
6.71470046043396 0.13497710227966309 -930.5712426458496 109.55452459243463
6.722955226898193 0.13683414459228516 -927.9051443281085 106.88842627469353
6.781741380691528 0.1426703929901123 -924.7978264461724 103.78110839275746
6.805057764053345 0.14274978637695312 -925.8036174206816 104.78689936726664
6.684484481811523 0.13532257080078125 -931.787541273018 110.77082321960302
6.746060609817505 0.13813185691833496 -937.4545519200246 116.43783386660971
6.786783218383789 0.14066386222839355 -928.6905552611147 107.67383720769976
6.786564111709595 0.14049506187438965 -927.0277466415921 106.01102858817717
6.709242820739746 0.14153194427490234 -930.9087496438472 109.89203159043223
6.752778053283691 0.13879728317260742 -932.7600983538123 111.74338030039735
6.787731885910034 0.14053869247436523 -927.7449188354685 106.72820078205359
6.775013208389282 0.13887953758239746 -921.7724110756353 100.75569302222038
6.8015806674957275 0.14679789543151855 -930.4505355913299 109.43381753791493
6.746325492858887 0.13332843780517578 -921.5301999121604 100.51348185874542
6.750025033950806 0.13719558715820312 -931.2302956708883 110.21357761747333
6.826458692550659 0.13951468467712402 -927.2344218547246 106.21770380130965
6.851248264312744 0.14444613456726074 -929.9144366365977 108.89771858318272
6.6872313022613525 0.13642287254333496 -932.1205652663482 111.10384721293326
6.791704416275024 0.14644336700439453 -928.6192083794317 107.60249032601678
6.7981672286987305 0.14412140846252441 -926.1766148920902 105.15989683867531
6.7652459144592285 0.13997483253479004 -927.3617452746112 106.34502722119623
6.667165756225586 0.13158917427062988 -936.9951141977482 115.97839614433326
6.7514708042144775 0.13770222663879395 -929.8705972168658 108.85387916345087
6.86531138420105 0.14446496963500977 -927.5664289939366 106.54971094052166
6.76305890083313 0.13916659355163574 -924.2340504995061 103.21733244609118
6.70600152015686 0.13762903213500977 -932.5799798605359 111.56326180712097
6.781209230422974 0.1381371021270752 -930.8721435533121 109.85542549989714
6.787014961242676 0.14209985733032227 -932.6864072214753 111.66968916806036
6.856051683425903 0.14901018142700195 -929.6986421091852 108.68192405577031
6.73671555519104 0.1377871036529541 -924.6804467430134 103.66372868959843
6.744323015213013 0.14094948768615723 -931.5416245786741 110.52490652525921
6.739158391952515 0.14220786094665527 -928.7322580670934 107.71554001367849
6.794634819030762 0.14552068710327148 -924.0075185679834 102.99080051456849
6.793896436691284 0.14152908325195312 -925.4230803863957 104.40636233298073
6.720118999481201 0.13589119911193848 -932.4483394958638 111.43162144244889
6.759347200393677 0.13898682594299316 -931.3393267367603 110.32260868334538
6.802012205123901 0.1408827304840088 -929.6513868600912 108.63466880667625
6.722742557525635 0.13673734664916992 -927.9906870584742 106.9739690050593
6.652141571044922 0.1319742202758789 -924.6148805182511 103.59816246483615
6.824230670928955 0.14072036743164062 -930.2773504541979 109.26063240078292
6.7967846393585205 0.14448118209838867 -918.0061875996485 96.98946954623352
6.780322790145874 0.1418907642364502 -924.8608595633735 103.8441415099586
6.68576455116272 0.13095426559448242 -930.0180104679184 109.0012924145035
6.738477468490601 0.136244535446167 -927.9192257750689 106.90250772165393
6.717632532119751 0.1325373649597168 -930.5915176743272 109.57479962091224
6.76809024810791 0.13946247100830078 -921.319384277044 100.3026662236291
6.735508441925049 0.13856983184814453 -922.2774053274821 101.26068727406721
6.6626715660095215 0.1304473876953125 -930.9370997287747 109.92038167535975
6.7934160232543945 0.1444101333618164 -928.4519223486826 107.43520429526768
6.790394067764282 0.14446115493774414 -927.1735180086487 106.15679995523374
6.723466873168945 0.13090729713439941 -932.0716015856981 111.05488353228316
6.62362265586853 0.12941980361938477 -924.9264850192573 103.90976696584232
6.766987085342407 0.13697075843811035 -925.6090914171991 104.59237336378419
6.81878924369812 0.14999747276306152 -930.1475772543506 109.13085920093567
6.648262977600098 0.1305239200592041 -926.6281301624979 105.61141210908295
6.668579578399658 0.13017845153808594 -929.0136005469681 107.99688249355313
6.751007080078125 0.13641619682312012 -931.3232434693737 110.30652541595873
6.801451683044434 0.14379429817199707 -933.8602999023678 112.84358184895291
6.696850061416626 0.1311206817626953 -924.0473220359495 103.03060398253456
6.722308158874512 0.13919925689697266 -932.2803736792903 111.26365562587534
6.738039016723633 0.1409912109375 -928.469442594105 107.45272454069004
6.676541328430176 0.13091182708740234 -931.3148362475422 110.29811819412726
6.686314582824707 0.12856030464172363 -929.0721919867702 108.0554739333553
6.771089553833008 0.13533639907836914 -931.5320247793552 110.51530672594026
6.74846076965332 0.14320635795593262 -927.5945237214598 106.5778056680449
6.811644792556763 0.1394798755645752 -938.3162720367106 117.29955398329571
6.73261284828186 0.14713144302368164 -935.752566827802 114.73584877438702
6.665032625198364 0.1324021816253662 -932.8351846920752 111.81846663866031
6.678839683532715 0.13266420364379883 -936.2903898647883 115.27367181137333
6.787170648574829 0.14166522026062012 -930.9872585044347 109.97054045101982
6.799730062484741 0.14240193367004395 -928.6685591949868 107.65184114157182
6.67889666557312 0.1302649974822998 -930.3521561003444 109.33543804692943
6.729937791824341 0.1380138397216797 -922.930865927777 101.91414787436202
6.7675676345825195 0.1380312442779541 -930.6667983022469 109.65008024883196
6.8075854778289795 0.1401808261871338 -931.119406384747 110.10268833133205
