6.60352349281311 0.1241452693939209 -951.7302414277262 117.78588155991315
6.5693700313568115 0.12392306327819824 -947.700198248165 113.75583838035186
6.613236427307129 0.12486886978149414 -946.8905595386899 112.94619967087681
6.638531446456909 0.1298975944519043 -951.7302414277262 117.78588155991315
6.602981090545654 0.1251225471496582 -950.0311313067978 116.08677143898467
6.604838609695435 0.1293621063232422 -948.8700577236023 114.92569785578917
6.601317405700684 0.12780404090881348 -943.763748912998 109.81938904518495
6.621340990066528 0.12621712684631348 -947.4447159306653 113.50035606285223
6.758584976196289 0.14283180236816406 -944.402640875071 110.45828100725794
6.643428325653076 0.13037419319152832 -948.4582211711975 114.51386130338437
6.625387191772461 0.13182878494262695 -940.7509016988163 106.80654183100319
6.664868593215942 0.1302356719970703 -947.0083692671114 113.06400939929836
6.643062114715576 0.13287806510925293 -943.2914097761226 109.34704990830949
6.764883518218994 0.13796091079711914 -927.1216182687018 93.17725840088872
6.7022998332977295 0.13487577438354492 -946.7049713024078 112.7606114345947
6.649799346923828 0.12916111946105957 -939.7844998663704 105.84013999855733
6.681447744369507 0.12951445579528809 -950.9183572935411 116.97399742572804
6.658266305923462 0.12977099418640137 -940.1719241819457 106.22756431413256
6.612921476364136 0.12690091133117676 -948.4582211711975 114.51386130338437
6.631746292114258 0.12675762176513672 -936.2290882022883 102.28472833447518
6.697803735733032 0.13616156578063965 -946.8905595386899 112.94619967087681
6.667790651321411 0.13034462928771973 -937.679200152466 103.73484028465293
6.612736701965332 0.12261128425598145 -939.884025837976 105.93966597016288
6.6305763721466064 0.12897658348083496 -944.9541488613792 111.00978899356608
6.680153131484985 0.13406610488891602 -949.0764668438183 115.13210697600516
6.774213075637817 0.13874149322509766 -943.0850928582518 109.14073299043866
6.737069129943848 0.13584327697753906 -945.4287269365695 111.48436706875646
6.68755578994751 0.13507962226867676 -953.8882203248095 119.94386045699639
6.715154647827148 0.13279271125793457 -946.6545992579056 112.71023939009251
6.67477560043335 0.13026762008666992 -938.5667611262002 104.62240125838707
6.686296224594116 0.13376379013061523 -943.6554597287496 109.71109986093654
6.714376926422119 0.1371622085571289 -949.9843588957631 116.03999902794999
6.7146313190460205 0.13420438766479492 -949.9065245469819 115.96216467916884
6.669234037399292 0.12998509407043457 -941.0803135769968 107.1359537091837
6.745383024215698 0.14013290405273438 -946.150830430091 112.2064705622779
6.749824523925781 0.1394810676574707 -935.5452703199047 101.60091045209163
6.661131381988525 0.13170313835144043 -941.9802664469763 108.03590657916322
6.7280189990997314 0.13499736785888672 -950.2633895770437 116.31902970923056
6.773683071136475 0.13853025436401367 -938.6305432459662 104.68618337815315
6.700748920440674 0.13680672645568848 -938.3845977223184 104.44023785450531
6.676761150360107 0.1356966495513916 -951.4048530898049 117.46049322199178
6.747518539428711 0.13706731796264648 -942.9719341643071 109.02757429649398
6.738126277923584 0.13741803169250488 -948.5666618782141 114.62230201040097
6.634186029434204 0.1262803077697754 -935.9847908028039 102.04043093499081
6.707737684249878 0.13446831703186035 -949.1767962772523 115.23243640943917
6.731554985046387 0.14197897911071777 -952.2620442432217 118.31768437540859
6.663620948791504 0.12768816947937012 -937.3338521725663 103.38949230475316
6.7771923542022705 0.14433908462524414 -955.4255415108893 121.48118164307618
6.687231779098511 0.13635969161987305 -948.0600592695795 114.11569940176639
6.699260711669922 0.1305370330810547 -938.8469535583828 104.90259369056969
6.658178806304932 0.12872910499572754 -948.4582211711975 114.51386130338437
6.694845199584961 0.1281871795654297 -937.3386353986343 103.39427553082123
6.710974216461182 0.1362318992614746 -951.9884014116863 118.04404154387316
6.655160903930664 0.1348872184753418 -952.8729077287156 118.92854786090254
6.656194686889648 0.12822985649108887 -925.8191303455709 91.8747704777578
6.678727626800537 0.12876176834106445 -951.7302414277262 117.78588155991315
6.667792081832886 0.13173532485961914 -942.9379211628132 108.99356129500006
6.629770517349243 0.12800025939941406 -932.6350736865968 98.6907138187837
6.70473313331604 0.1321110725402832 -949.4756763501083 115.53131648229521
6.690717458724976 0.12516045570373535 -932.5849771771957 98.6406173093826
6.652415990829468 0.12974214553833008 -948.9964779539093 115.05211808609624
6.596766710281372 0.12502026557922363 -950.7367247118524 116.7923648440393
6.623762607574463 0.12812256813049316 -953.7223984709977 119.77803860318465
6.615340232849121 0.12315917015075684 -949.97326584453 116.02890597671694
6.631489515304565 0.12519598007202148 -942.0272382422611 108.082878374448
6.618616342544556 0.12390279769897461 -950.6293483776831 116.68498850986998
6.6007819175720215 0.12532997131347656 -942.0876639032477 108.14330403543465
6.632245063781738 0.12911152839660645 -939.5714496945438 105.62708982673075
6.5822227001190186 0.12215137481689453 -951.7302414277262 117.78588155991315
6.6009416580200195 0.12364482879638672 -946.4140357802181 112.46967591240502
6.610088586807251 0.12901902198791504 -947.7123824437073 113.76802257589418
6.759984970092773 0.1386420726776123 -947.7482086032943 113.80384873548121
6.705444574356079 0.13089871406555176 -950.4670980550259 116.52273818721278
6.642669916152954 0.13098883628845215 -938.7526024552303 104.80824258741723
6.643535852432251 0.12674713134765625 -949.7927030992208 115.84834323140774
6.669001817703247 0.1311180591583252 -928.4305031346264 94.48614326681331
6.681278705596924 0.13183021545410156 -953.6255402407776 119.68118037296449
6.689949035644531 0.1303417682647705 -939.8139936211408 105.86963375332766
6.61509895324707 0.12795472145080566 -933.5119564059889 99.56759653817585
6.671987295150757 0.1323254108428955 -938.1700465669373 104.22568669912425
6.715068101882935 0.13390755653381348 -953.3195013138728 119.37514144605973
6.669807434082031 0.1298067569732666 -941.7831543974708 107.83879452965766
6.64379620552063 0.12667322158813477 -934.2252891061613 100.28092923834822
6.691138982772827 0.13112211227416992 -932.9309415626442 98.9865816948311
6.649230480194092 0.12999510765075684 -941.6060095816972 107.66164971388412
6.681591033935547 0.13272595405578613 -938.9738281631941 105.02946829538098
6.747687101364136 0.1362285614013672 -949.7214055549886 115.77704568717547
6.652099132537842 0.1329212188720703 -951.2851503882963 117.34079052048321
6.7013819217681885 0.13075804710388184 -947.2110043972414 113.26664452942828
6.643692970275879 0.12740373611450195 -952.0335546953156 118.08919482750252
6.687047719955444 0.12921380996704102 -935.1675041420983 101.22314427428523
6.6589930057525635 0.1329329013824463 -934.7521432367369 100.80778336892377
6.6465771198272705 0.1299266815185547 -949.2249981512343 115.28063828342124
6.655602931976318 0.12845206260681152 -947.596984528357 113.65262466054389
6.665308713912964 0.1288437843322754 -948.9834129643473 115.03905309653419
6.678621292114258 0.13362908363342285 -950.2498974505381 116.30553758272504
6.663022518157959 0.12949323654174805 -942.6910572833253 108.74669741551224
6.692847967147827 0.13708901405334473 -955.6699793155897 121.72561944777658
6.652307987213135 0.12419629096984863 -932.3698257836401 98.42546591582698
6.633530616760254 0.12626290321350098 -952.0335546953156 118.08919482750252
6.590746879577637 0.12471652030944824 -944.1542993994641 110.209939531651
6.637087821960449 0.12998127937316895 -941.7216910421844 107.77733117437128
6.603670835494995 0.12309598922729492 -932.5141352207521 98.56977535293902
6.62894344329834 0.12682676315307617 -939.3159919520537 105.37163208424056
6.61656641960144 0.12475967407226562 -936.9539492017402 103.00958933392712
6.609783172607422 0.12451434135437012 -924.828390535482 90.88403066766887
6.637674570083618 0.1297473907470703 -939.85208364438 105.90772377656685
6.58977198600769 0.12348103523254395 -945.020960439702 111.07660057188889
6.638552188873291 0.1314997673034668 -948.1705293658304 114.22616949801727
6.624825954437256 0.13378071784973145 -936.7183089300781 102.77394906226505
6.648315191268921 0.1299600601196289 -950.2675272034357 116.32316733562266
6.610333204269409 0.12866735458374023 -936.7389515458094 102.79459167799632
6.655955076217651 0.1304471492767334 -942.882563534009 108.93820366619593
6.635462522506714 0.1256098747253418 -943.9169739971842 109.9726141293711
6.676518678665161 0.13021492958068848 -944.5454776307606 110.60111776294752
6.650067090988159 0.13067030906677246 -940.7128467693409 106.76848690152781
6.746321678161621 0.13919568061828613 -942.3087808201296 108.36442095231655
6.684601545333862 0.1346604824066162 -938.1788244796787 104.23446461186563
6.691070795059204 0.13680434226989746 -942.4240140924413 108.47965422462823
6.756885528564453 0.14002132415771484 -952.9053083305298 118.96094846271671
6.751334190368652 0.13604402542114258 -952.7156996433202 118.77133977550716
6.654060363769531 0.1329190731048584 -937.0364251855543 103.09206531774123
6.698002338409424 0.13457274436950684 -940.0340011445098 106.08964127669674
6.744642972946167 0.13583827018737793 -948.2335415039315 114.28918163611843
6.766369581222534 0.13863015174865723 -951.7302414277262 117.78588155991315
6.795642614364624 0.1357266902923584 -941.4412893086659 107.4969294408528
6.721045255661011 0.1342177391052246 -948.1467237358565 114.20236386804345
6.7528698444366455 0.13981056213378906 -948.7579071018588 114.8135472340457
6.740140438079834 0.13384246826171875 -950.125107813422 116.18074794560891
6.652848243713379 0.13061881065368652 -936.6913525429939 102.74699267518076
6.645490884780884 0.13193845748901367 -932.5141352207521 98.56977535293902
6.674432992935181 0.13193488121032715 -945.7777719761337 111.83341210832066
6.682591199874878 0.13340067863464355 -936.1002405375338 102.15588066972066
6.654259204864502 0.12864398956298828 -932.3573520021556 98.41299213434252
6.6201276779174805 0.12450861930847168 -934.5731190575088 100.62875918969576
6.612983226776123 0.12586617469787598 -947.3694801515212 113.42512028370811
6.614160537719727 0.12450289726257324 -934.0770785885878 100.13271872077473
6.666856050491333 0.13043427467346191 -945.336669237379 111.39230936956596
6.677788734436035 0.13338088989257812 -940.6792788819096 106.73491901409648
6.643184185028076 0.13272380828857422 -937.7657452148758 103.82138534706269
6.669389724731445 0.13210368156433105 -940.4549177893343 106.51055792152124
6.694446563720703 0.13780593872070312 -952.7349251783837 118.79056531057063
6.624310255050659 0.130051851272583 -947.0996473204743 113.15528745266124
6.702800989151001 0.13797235488891602 -946.4377597574252 112.49339988961208
6.663352012634277 0.13200736045837402 -952.3894727368208 118.44511286900774
6.652022123336792 0.12957978248596191 -948.482112531864 114.53775266405091
6.611260414123535 0.12562870979309082 -933.8180739981241 99.87371413031099
6.622250080108643 0.13001370429992676 -941.4794187101841 107.53505884237097
6.6504411697387695 0.13329553604125977 -942.9932213853269 109.04886151751384
6.7632505893707275 0.13573265075683594 -931.4950693868836 97.55070951907055
6.601623773574829 0.12401938438415527 -931.5016602369897 97.55730036917657
6.615408658981323 0.13125205039978027 -948.6151066971205 114.6707468293074
6.610570192337036 0.12991714477539062 -942.3239999923658 108.37964012455268
6.629106283187866 0.12984085083007812 -954.0202320772967 120.07587220948358
6.619577646255493 0.12835359573364258 -939.1680349829426 105.22367511512948
6.62570858001709 0.12946152687072754 -934.299227478719 100.3548676109059
6.593487977981567 0.12544631958007812 -936.1287562464688 102.18439637865572
6.70781135559082 0.12755632400512695 -938.7043714001127 104.76001153229959
6.622780084609985 0.12429356575012207 -929.8499203573808 95.90556048956773
6.629664659500122 0.12946534156799316 -932.7316269833387 98.78726711552565
6.595074415206909 0.12503433227539062 -935.5386534514375 101.59429358362445
6.632272958755493 0.13049602508544922 -942.6989756643084 108.75461579649527
6.670750856399536 0.13132405281066895 -938.5064599613229 104.5621000935098
6.7550811767578125 0.1367034912109375 -951.3532771803921 117.40891731257898
6.683102369308472 0.1318495273590088 -942.6314215275657 108.68706165975266
6.631911993026733 0.12642121315002441 -932.9180087852608 98.97364891744769
6.640348434448242 0.13282990455627441 -948.7955403946962 114.85118052688313
6.6193625926971436 0.12501192092895508 -933.2334221598767 99.28906229206359
6.641964912414551 0.1335747241973877 -946.2397096034279 112.29534973561476
6.735726356506348 0.1388998031616211 -951.4951094269509 117.55074955913778
6.64342737197876 0.12700629234313965 -948.0631506488264 114.11879078101333
6.620211839675903 0.12558794021606445 -937.9951798925863 104.0508200247732
6.668921232223511 0.13102221488952637 -942.3517800956276 108.40742022781455
6.669565200805664 0.13265180587768555 -935.5972467984623 101.65288693064917
6.6602795124053955 0.12674474716186523 -942.6463216819513 108.70196181413826
6.644052743911743 0.12990999221801758 -932.6212757100842 98.67691584227111
6.674457788467407 0.1336355209350586 -941.5149405146904 107.57058064687726
6.633120775222778 0.12803983688354492 -949.97326584453 116.02890597671694
6.628016710281372 0.12407922744750977 -936.4920608935286 102.54770102571547
6.665475845336914 0.13189005851745605 -942.6790367037684 108.73467683595527
6.778867721557617 0.14067435264587402 -948.6861469305222 114.74178706270914
6.604628086090088 0.12573599815368652 -941.1360213241063 107.19166145629322
6.572685956954956 0.12691926956176758 -935.9169680001032 101.97260813229013
6.617907524108887 0.14606022834777832 -943.741441638758 109.79708177094494
6.631368398666382 0.12681317329406738 -943.6217979005943 109.6774380327812
6.597255229949951 0.12951135635375977 -950.6954328011511 116.75107293333804
6.566989183425903 0.12493586540222168 -940.2783239923143 106.33396412450122
6.638675689697266 0.12793636322021484 -946.0330542286564 112.0886943608433
6.647289752960205 0.12710785865783691 -943.1904970836806 109.24613721586752
6.584835529327393 0.12119817733764648 -944.1542993994641 110.209939531651
6.588129997253418 0.12630438804626465 -940.2348164093363 106.29045654152321
6.673674583435059 0.13258886337280273 -942.0030140995179 108.05865423170485
6.6420652866363525 0.1299571990966797 -936.5463162898525 102.6019564220394
6.637183666229248 0.12830662727355957 -939.1707652547727 105.22640538695964
6.69432806968689 0.1354382038116455 -953.3604152651385 119.41605539732541
6.654093265533447 0.12671709060668945 -934.9894968959127 101.04513702809959
6.639978647232056 0.12691450119018555 -952.4463998816996 118.50204001388647
6.6737751960754395 0.131303071975708 -951.3430145148147 117.39865464700165
6.674097299575806 0.13106584548950195 -950.6373745164649 116.6930146486518
6.669861078262329 0.13615703582763672 -953.1745214453106 119.23016157749748
