6.573548078536987 0.11697101593017578 -910.2887257509229 30.457391611035632
6.556803226470947 0.12212896347045898 -930.3635513022175 50.5322171623302
6.548183917999268 0.12339639663696289 -936.528131291198 56.69679715131065
6.57244873046875 0.12243199348449707 -923.295065242411 43.46373110252375
6.564326763153076 0.12086796760559082 -923.038359620022 43.20702548013469
6.5563647747039795 0.12036848068237305 -933.3598531985363 53.52851905864895
6.541281461715698 0.12429690361022949 -927.4041840343932 47.57284989450591
6.5530500411987305 0.1168367862701416 -920.6565175363025 40.82518339641524
7.350882530212402 0.1222069263458252 -933.1710932627982 53.33975912291089
6.620874881744385 0.12927865982055664 -940.4893052693633 60.65797112947598
6.548598051071167 0.12514519691467285 -923.3720603398953 43.54072620000795
6.565872430801392 0.12680387496948242 -929.719613920982 49.88827978109475
6.575435638427734 0.12220311164855957 -919.2891744304432 39.45784029055585
6.562528848648071 0.12234306335449219 -922.3505944082265 42.51926026833917
6.558485746383667 0.1220095157623291 -926.3104864564252 46.47915231653792
6.70931339263916 0.13341498374938965 -925.3294208689748 45.498086729087504
6.740964889526367 0.13537955284118652 -930.5646066229706 50.73327248308328
6.538756370544434 0.11925530433654785 -924.8388598773656 45.00752573747832
6.574211120605469 0.12355899810791016 -936.2360149604546 56.40468082056725
6.558954954147339 0.11998891830444336 -932.8432216476315 53.01188750774418
6.559291839599609 0.1220552921295166 -925.9530656432812 46.1217315033939
6.557799339294434 0.1225135326385498 -931.5200757750258 51.68874163513851
6.591681957244873 0.12441086769104004 -927.2074525296829 47.37611838979558
6.559704542160034 0.12248373031616211 -930.6910317547123 50.859697614824995
6.602683067321777 0.12159872055053711 -930.8519566638975 51.02062252401015
6.573518991470337 0.12317395210266113 -920.6414085055553 40.810074365668015
6.586817026138306 0.12414240837097168 -925.8625132736188 46.031179133731484
6.734147787094116 0.1330859661102295 -918.5925503828814 38.761216242994124
6.696201801300049 0.1354830265045166 -932.9704829739801 53.13914883409279
6.59057092666626 0.11936450004577637 -930.9480941686935 51.1167600288062
6.610708475112915 0.1279919147491455 -927.0917199138105 47.26038577392319
6.600613594055176 0.12650537490844727 -929.6905955345978 49.85926139471053
6.561612844467163 0.12480282783508301 -928.3476401818434 48.51630604195611
6.6149890422821045 0.1269524097442627 -930.8079334831593 50.97659934327203
6.5999414920806885 0.12655329704284668 -932.6942742158651 52.862940075977804
6.598867893218994 0.12342214584350586 -923.5018991139348 43.670564974047466
6.709508895874023 0.13533234596252441 -923.2593323150694 43.4279981751821
6.746919870376587 0.13510799407958984 -921.2247141133562 41.39337997346888
6.6506781578063965 0.1274428367614746 -932.5655794734199 52.73424533353261
6.617059946060181 0.12694168090820312 -923.5541652729635 43.72283113307617
6.60677170753479 0.1275959014892578 -937.1477239724427 57.31638983255539
6.58557391166687 0.12720012664794922 -933.907675777703 54.076341637815744
6.609098196029663 0.1319122314453125 -924.1973008451023 44.36596670521499
6.635517835617065 0.12793684005737305 -930.1337461922126 50.30241205232528
6.576876878738403 0.12240982055664062 -927.4816574465893 47.650323306702035
6.592398643493652 0.12726616859436035 -930.6972270794715 50.86589293958423
6.756154298782349 0.13782715797424316 -923.1532097905647 43.321875650677384
6.771736145019531 0.13268041610717773 -920.7950368395227 40.963702699635405
6.606220960617065 0.12601208686828613 -925.7619072396888 45.93057309980145
6.587848663330078 0.1249539852142334 -927.6116680221455 47.78033388225822
6.620096683502197 0.12697076797485352 -929.0536707196015 49.22233657971424
6.591748237609863 0.12367820739746094 -923.3788800329388 43.547545893051506
6.604208707809448 0.1286144256591797 -922.9110246410469 43.079690501159575
6.595671653747559 0.13130593299865723 -927.0406946199986 47.209360480111286
6.601439476013184 0.1250016689300537 -927.8823141920033 48.05098005211596
6.578959226608276 0.12584686279296875 -932.4969092785695 52.66557513868224
6.5857367515563965 0.12517738342285156 -929.9277584925586 50.096424352671306
6.593673229217529 0.1256849765777588 -918.5273232242554 38.69598908436808
6.563906192779541 0.12305593490600586 -917.9657581979138 38.134424058026525
6.598292350769043 0.12109684944152832 -922.9398690530461 43.10853491315879
6.5989179611206055 0.12646722793579102 -923.4312804675359 43.59994632764858
6.588863849639893 0.12304210662841797 -922.6308568691348 42.79952272924754
6.56793737411499 0.1263289451599121 -933.3737844519101 53.542450312022766
6.605467319488525 0.12339615821838379 -928.2953480306146 48.4640138907273
6.565983295440674 0.12039947509765625 -930.9869347117292 51.15560057184189
6.639625549316406 0.12708306312561035 -925.1896995125444 45.35836537265709
6.572886943817139 0.12266826629638672 -931.4681959760319 51.63686183614459
6.596315860748291 0.12349581718444824 -932.8372072332517 53.00587309336436
6.6297361850738525 0.12602686882019043 -931.3099911787751 51.47865703888783
6.612683296203613 0.12533020973205566 -931.4461509966211 51.614816856733796
6.606916427612305 0.1254408359527588 -931.0470004166655 51.215666276778165
6.576059341430664 0.12070822715759277 -921.4092126254197 41.57787848553244
6.568185806274414 0.1226499080657959 -926.0498377824623 46.218503642575
6.592392444610596 0.12409162521362305 -928.620377574412 48.78904343452473
6.567568063735962 0.12097692489624023 -920.4409158664248 40.6095817265375
6.548552513122559 0.12002277374267578 -927.897755263417 48.06642112352972
6.589950799942017 0.12199258804321289 -924.1651776306085 44.333843490721165
6.57570743560791 0.12409615516662598 -929.3246879992188 49.49335385933148
6.574917554855347 0.12100028991699219 -919.1944072920564 39.363073152169136
6.542951345443726 0.11937785148620605 -923.1709410821691 43.33960694228176
6.597674608230591 0.12350225448608398 -925.067896501798 45.23656236191073
6.628782272338867 0.12281274795532227 -931.6097202241642 51.77838608427692
6.5630881786346436 0.12120532989501953 -934.5078631075714 54.676528967684135
6.552407264709473 0.12179780006408691 -926.3473607344291 46.51602659454181
6.594584226608276 0.12028384208679199 -930.786450764929 50.95511662504168
6.600523471832275 0.1279618740081787 -931.0234099306637 51.19207579077636
6.581428527832031 0.12282013893127441 -924.7503916160811 44.91905747619376
6.574581146240234 0.12335824966430664 -917.8956729460705 38.06433880618317
6.562966585159302 0.12297201156616211 -932.5066625268694 52.67532838698207
6.593182325363159 0.12130475044250488 -922.3350007669737 42.50366662708643
6.577257871627808 0.12139606475830078 -923.019464074776 43.18812993488871
6.572932958602905 0.12158656120300293 -936.3668713880153 56.53553724812798
6.547796249389648 0.12103509902954102 -924.654298509759 44.82296436987167
6.558573484420776 0.12094783782958984 -931.414329968286 51.58299582839868
6.737426280975342 0.13226795196533203 -924.5864750674052 44.755140927517914
6.754467248916626 0.1369171142578125 -924.8475577219651 45.01622358207783
6.580656290054321 0.12411832809448242 -937.6551806278248 57.823846487937544
6.573247909545898 0.12453150749206543 -929.6633249274369 49.83199078754956
6.5921783447265625 0.12334823608398438 -923.3397784162121 43.50844427632478
6.600613355636597 0.12299489974975586 -928.5345451155683 48.70321097568103
6.5562520027160645 0.12642812728881836 -926.6235052347306 46.7921710948433
6.561182737350464 0.12102293968200684 -931.393336568319 51.5620024284317
6.6194281578063965 0.12396025657653809 -931.9130126790665 52.081678539179165
6.570898532867432 0.12084388732910156 -928.7729280883917 48.94159394850442
6.594227313995361 0.12686681747436523 -930.1277510068144 50.296416866927075
6.6326165199279785 0.12810254096984863 -924.6818607604812 44.85052662059388
6.747119903564453 0.13427281379699707 -941.0183185866695 61.18698444678216
6.601775169372559 0.1263716220855713 -931.1863497142833 51.35501557439602
6.5739665031433105 0.12306022644042969 -927.1251863160333 47.29385217614595
6.583795070648193 0.12582635879516602 -932.53819844034 52.70686430045271
6.589919805526733 0.1239476203918457 -924.7321739267231 44.90083978683583
6.602169036865234 0.12453866004943848 -929.4263904066731 49.59505626678583
6.592828750610352 0.12419700622558594 -925.5463620010074 45.71502786112012
6.557184934616089 0.12348771095275879 -931.3636041270737 51.532269987186396
6.608713388442993 0.12435340881347656 -928.3871078491842 48.555773709296886
6.638995409011841 0.13399028778076172 -937.6551806278248 57.823846487937544
6.600502252578735 0.12572455406188965 -931.6623022987926 51.83096815890531
6.585453748703003 0.12227416038513184 -923.0510416980599 43.21970755817256
6.555657386779785 0.12380361557006836 -929.5762617579251 49.744927618037764
6.626286268234253 0.12596464157104492 -927.2247731059861 47.393438966098756
6.601095914840698 0.12481164932250977 -931.2608992876744 51.429565147787116
6.5993733406066895 0.12269878387451172 -924.6747024368981 44.843368297010784
6.602840185165405 0.1270768642425537 -935.474732666277 55.64339852638966
6.609191417694092 0.12092185020446777 -926.8165956846883 46.985261544801006
6.614933252334595 0.1278858184814453 -933.7767877021251 53.945453562237844
6.623457908630371 0.12927556037902832 -931.344441525345 51.513107385457715
6.576538801193237 0.12292695045471191 -927.6027463344219 47.771412194534605
6.57360315322876 0.12208056449890137 -925.8991757006498 46.06784156076253
6.624695301055908 0.12574386596679688 -921.2546640648816 41.42332992499428
6.578927040100098 0.12265849113464355 -926.0543727870215 46.22303864713422
6.578887701034546 0.12474322319030762 -932.8233723117576 52.99203817187026
6.570564270019531 0.12415170669555664 -933.1107167859327 53.279382646045406
6.589085102081299 0.12571120262145996 -932.1004127964386 52.2690786565513
6.5721001625061035 0.12253260612487793 -925.0764540491518 45.24511990926453
6.600992441177368 0.1287837028503418 -924.3207131486427 44.48937900875535
6.562757730484009 0.12451672554016113 -925.3848469406717 45.55351280078435
6.582535028457642 0.1203927993774414 -939.9099104971946 60.07857635730727
6.582164764404297 0.12426304817199707 -931.3261522059161 51.494818066028756
6.589682340621948 0.12456631660461426 -925.4168570661592 45.58552292627189
6.556487321853638 0.1208641529083252 -919.8844992061094 40.05316506622205
6.608881235122681 0.12309646606445312 -912.6359839542924 32.80464981440514
6.6949217319488525 0.13163423538208008 -933.890979285824 54.059645145936656
6.622391700744629 0.12233972549438477 -926.9124985917063 47.08116445181895
6.557312726974487 0.12223505973815918 -915.666008706087 35.83467456619974
6.564918756484985 0.11904668807983398 -928.7531360933164 48.92180195342905
6.604878902435303 0.12723064422607422 -928.5327097593959 48.70137561950855
6.580707550048828 0.12062191963195801 -926.5047051172153 46.67337097732798
6.5724897384643555 0.12226057052612305 -931.5055411071646 51.674206967277314
6.555173397064209 0.11838865280151367 -920.35745728115 40.5261231412627
6.642601490020752 0.12400531768798828 -934.3366028079506 54.50526866806331
6.587813377380371 0.11858510971069336 -926.8701821935738 47.03884805368648
6.602384567260742 0.12804007530212402 -936.6424647544357 56.81113061454835
6.5468714237213135 0.12400293350219727 -929.3578471691874 49.52651302930008
6.61393928527832 0.12305021286010742 -923.5818777450584 43.75054360517106
6.5937581062316895 0.12330889701843262 -931.9511187256621 52.11978458577482
6.584388732910156 0.12161517143249512 -924.5914090850549 44.76007494516762
6.540693044662476 0.12267780303955078 -914.5752920005566 34.7439578606693
6.5728600025177 0.12088298797607422 -925.8845678076297 46.05323366774235
6.56390118598938 0.12622547149658203 -924.1428653852938 44.31153124540651
6.561941146850586 0.1258230209350586 -923.7049462047797 43.87361206489243
6.562410831451416 0.11928796768188477 -924.9868702985794 45.15553615869214
6.531751871109009 0.11897587776184082 -925.6264977758103 45.79516363592302
6.570497035980225 0.1213998794555664 -920.6361303378536 40.80479619796631
6.558822393417358 0.1200411319732666 -930.0012346620291 50.1699005221418
6.553206205368042 0.11960554122924805 -940.9154038334215 61.08406969353416
6.560986280441284 0.12182092666625977 -926.6177809387361 46.78644679884883
6.568192720413208 0.1209561824798584 -930.6658811823787 50.83454704249141
6.606570720672607 0.12557411193847656 -933.5968071287514 53.765472988864076
6.562044620513916 0.12238788604736328 -927.7867661686881 47.95543202880083
6.583669424057007 0.1262822151184082 -925.1205239586149 45.28918981872755
6.578436374664307 0.1205751895904541 -929.0215829985242 49.19024885863689
6.5367958545684814 0.11819076538085938 -918.2091813158565 38.37784717596924
6.673310041427612 0.12933731079101562 -920.9165733855552 41.085239245667935
6.735854387283325 0.13693881034851074 -916.649689337213 36.81835519732567
6.532718181610107 0.12037372589111328 -920.7616339038981 40.93029976401078
6.617603063583374 0.12192249298095703 -928.2707387233747 48.43940458348743
6.55073618888855 0.12146282196044922 -920.3975857851956 40.566251645308284
6.547611713409424 0.12171244621276855 -923.5370217105396 43.705687570652344
6.54545521736145 0.12216639518737793 -926.8625606426667 47.03122650277942
6.571254014968872 0.12271428108215332 -924.8470817060497 45.01574756616242
6.593833923339844 0.13367414474487305 -928.301925545519 48.470591405631694
6.5793375968933105 0.12267804145812988 -927.0910219478425 47.259687807955174
6.573278427124023 0.12140798568725586 -921.1539730354488 41.322638895561454
6.602712154388428 0.12301969528198242 -920.7501160951239 40.91878195523657
6.637187242507935 0.12631487846374512 -921.2157074639545 41.384373324067155
6.753094911575317 0.13706755638122559 -930.3802129372327 50.548878797345424
6.597275733947754 0.13082385063171387 -929.9604431789393 50.12910903905197
6.585005044937134 0.12409853935241699 -931.1594110214122 51.32807688152491
6.634743690490723 0.15289068222045898 -922.2989646169569 42.46763047706963
6.597728729248047 0.12376284599304199 -926.2093705114994 46.3780363716121
6.618292570114136 0.1251828670501709 -933.0551721139776 53.223837974090316
6.574920892715454 0.12296390533447266 -929.4875045366266 49.6561703967393
6.758072853088379 0.1415398120880127 -931.2238813897707 51.392547249883364
6.60037899017334 0.12147760391235352 -918.9641051572228 39.13277101733547
6.585816383361816 0.12177610397338867 -916.2262707858268 36.39493664593954
6.573365688323975 0.12139344215393066 -915.0700058742973 35.23867173440999
6.628483533859253 0.12695980072021484 -930.6812049179971 50.84987077810979
6.613925457000732 0.12380409240722656 -930.4656451639576 50.63431102407026
6.603698492050171 0.12596893310546875 -925.1718851565851 45.34055101669776
6.574810981750488 0.12563204765319824 -929.3050365273481 49.473702387460776
