6.6601855754852295 0.13120031356811523 -912.209202699105 91.46235476550362
6.645904302597046 0.12955021858215332 -913.5767547557373 92.82990682213585
6.6458210945129395 0.13237786293029785 -924.7975560312836 104.05070809768222
6.6795737743377686 0.13559913635253906 -911.2342059502939 90.4873580166925
6.681377172470093 0.13655757904052734 -909.4011396300172 88.65429169641573
6.703986883163452 0.13480567932128906 -911.5856221377892 90.83877420418776
6.694056987762451 0.13512206077575684 -913.6372509387536 92.89040300515217
6.741802453994751 0.13549160957336426 -914.6683274067659 93.92147947316448
6.674890756607056 0.1333606243133545 -911.3610405416631 90.61419260806167
6.632012128829956 0.1308739185333252 -903.3018688514944 82.55502091789299
6.718722820281982 0.13239049911499023 -909.9302715019953 89.18342356839389
6.73335862159729 0.137343168258667 -919.3895631690255 98.64271523542402
6.640256881713867 0.1304178237915039 -914.1902419867089 93.44339405310745
6.639984846115112 0.12888813018798828 -912.7021358989493 91.9552879653479
6.716684341430664 0.13521385192871094 -915.8331724834657 95.08632454986423
6.720343112945557 0.1378779411315918 -923.2697551333232 102.52290719972177
6.581886529922485 0.12225198745727539 -912.9221636346776 92.17531570107622
6.708900213241577 0.1310279369354248 -916.9168854570082 96.17003752340679
6.769956111907959 0.1379694938659668 -918.3347048517578 97.58785691815638
6.762986183166504 0.14132452011108398 -922.8312802020662 102.08443226846475
6.6564717292785645 0.1304466724395752 -916.405674360922 95.6588264273206
6.710730791091919 0.13991308212280273 -915.1433434326882 94.39649549908677
6.770401239395142 0.149200439453125 -914.6324793193135 93.88563138571203
6.688746690750122 0.12986063957214355 -912.634838158116 91.88799022451462
6.676844358444214 0.13470840454101562 -917.9083693440302 97.1615214104288
6.666362047195435 0.131788969039917 -909.6629463453758 88.91609841177433
6.756436586380005 0.13927054405212402 -913.9984496958541 93.25160176225268
6.75783634185791 0.13632655143737793 -921.1885091911379 100.44166125753645
6.69582986831665 0.1310873031616211 -906.246744999387 85.4998970657856
6.7124924659729 0.13398385047912598 -923.5856523250937 102.83880439149232
6.765699863433838 0.13812494277954102 -914.5384892308136 93.79164129721221
6.788107633590698 0.14322805404663086 -921.18028458311 100.43343664950862
6.652714014053345 0.12842655181884766 -917.6472662853438 96.90041835174236
6.682071924209595 0.13292479515075684 -910.2022151769942 89.45536724339274
6.75861382484436 0.1414186954498291 -918.4751278936579 97.72827996005651
6.800760507583618 0.1424407958984375 -912.5044785854985 91.7576306518971
6.704192638397217 0.131303071975708 -914.2453632825097 93.49851534890831
6.702669143676758 0.13004803657531738 -921.2513315474582 100.50448361385679
6.755634546279907 0.1421337127685547 -910.2964246010088 89.54957666740734
6.846803188323975 0.15142560005187988 -927.0109397049521 106.26409177135065
6.689236879348755 0.1353592872619629 -911.6272259928553 90.88037805925387
6.720852613449097 0.13799595832824707 -922.1821839718903 101.43533603828882
6.798592805862427 0.14637207984924316 -916.664271833846 95.91742390024456
6.8000328540802 0.1407778263092041 -913.1370416528774 92.390193719276
6.656980514526367 0.13474750518798828 -912.8287057043132 92.08185777071174
6.734739065170288 0.1376051902770996 -916.0723078603453 95.32545992674386
6.796135902404785 0.14101195335388184 -919.3954659715262 98.64861803792473
6.7743120193481445 0.1442112922668457 -911.4626847646771 90.71583683107565
6.749979734420776 0.13771343231201172 -915.7582451351603 95.0113972015589
6.724501609802246 0.13814592361450195 -919.1316626422513 98.38481470864986
6.723185062408447 0.13527131080627441 -907.6678336317532 86.92098569815175
6.745571136474609 0.14333152770996094 -907.0977400446138 86.3508921110124
6.785337924957275 0.14335107803344727 -917.2580403048875 96.51119237128603
6.702346563339233 0.1310255527496338 -916.5113878787722 95.76453994517078
6.7625837326049805 0.1450185775756836 -914.1189737343882 93.37212580078676
6.769712924957275 0.14243340492248535 -903.1126145099737 82.36576657637227
6.772227048873901 0.14098620414733887 -913.1913223549204 92.444474421319
6.689950704574585 0.1347975730895996 -914.7276013799466 93.98075344634515
6.7505176067352295 0.13683700561523438 -924.2704302877066 103.5235823541052
6.786361217498779 0.14614391326904297 -920.0194207122521 99.27257277865067
6.7266411781311035 0.14009976387023926 -915.2321945720882 94.48534663848682
6.715277433395386 0.14283084869384766 -912.9976293354839 92.25078140188248
6.788650274276733 0.1441209316253662 -909.7399408480105 88.99309291440909
6.786349534988403 0.14549756050109863 -913.8239940240933 93.07714609049185
6.739593505859375 0.1371138095855713 -916.6401843377834 95.89333640418192
6.740196704864502 0.13866424560546875 -910.4508260745697 89.70397814096827
6.778818130493164 0.14260387420654297 -913.1923130747683 92.44546514116689
6.79375958442688 0.14183688163757324 -903.4598596687131 82.71301173511165
6.772829055786133 0.1457195281982422 -912.8233960376164 92.07654810401493
6.732801675796509 0.1350078582763672 -906.9037966385712 86.15694870496975
6.710552215576172 0.13581204414367676 -907.8457092582099 87.09886132460849
6.797649621963501 0.14116191864013672 -914.945900663675 94.19905273007362
6.808104991912842 0.14346933364868164 -904.1529147435234 83.40606680992198
6.68183159828186 0.1315019130706787 -908.6773470975919 87.93049916399048
6.666148662567139 0.13004755973815918 -913.7178269089268 92.97097897532535
6.786337852478027 0.1410825252532959 -908.7742808473713 88.02743291376987
6.811599493026733 0.14216399192810059 -916.1317972213383 95.38494928773684
6.639314889907837 0.13161087036132812 -912.1336628876079 91.38681495400647
6.716111898422241 0.13541579246520996 -913.5766376590411 92.8297897254397
6.818477392196655 0.14304709434509277 -915.7485238150753 95.00167588147383
6.787856101989746 0.14232826232910156 -910.4644173415138 89.71756940791238
6.657899856567383 0.13197088241577148 -918.8294479926249 98.08260005902343
6.729294061660767 0.1348419189453125 -916.8914775266614 96.14462959306002
6.805050611495972 0.14194893836975098 -908.332577291553 87.58572935795155
6.756750822067261 0.1377565860748291 -915.3823431827676 94.63549524916618
6.771946907043457 0.1480855941772461 -907.638942036727 86.8920941031256
6.709481954574585 0.1317756175994873 -915.1154743184268 94.36862638482535
6.77149224281311 0.14246225357055664 -916.2630626919986 95.51621475839715
6.783027648925781 0.1383981704711914 -922.082575996706 101.33572806310463
6.718071937561035 0.13337159156799316 -920.6664974474795 99.91964951387808
6.60120153427124 0.12182497978210449 -910.9296929549785 90.18284502137703
6.661097526550293 0.12986016273498535 -917.5522526727666 96.80540473916517
6.707900047302246 0.13172531127929688 -908.1107284231737 87.36388048957224
6.711556434631348 0.15507245063781738 -901.346693351906 80.59984541830454
6.582589149475098 0.12364673614501953 -906.1329214789369 85.38607354533542
6.674493312835693 0.13154387474060059 -909.9483077822534 89.20145984865201
6.7135515213012695 0.133317232131958 -915.2744278505329 94.52757991693147
6.736721992492676 0.13935494422912598 -919.6115776259095 98.86472969230806
6.625873804092407 0.1317460536956787 -918.1851826010072 97.4383346674058
6.6671693325042725 0.12925148010253906 -912.2691357818837 91.5222878482823
6.697293281555176 0.1298084259033203 -906.034893452409 85.28804551880762
6.669772148132324 0.12972354888916016 -913.9079559144254 93.161107980824
6.603492498397827 0.12708449363708496 -914.5102511916125 93.76340325801107
6.713094234466553 0.1345841884613037 -922.4684548504077 101.72160691680631
6.68469762802124 0.13290119171142578 -919.2675235909364 98.520675657335
6.661808013916016 0.1314702033996582 -902.3372574355785 81.59040950197709
6.652791976928711 0.12976360321044922 -924.7650082176044 104.01816028400299
6.641252756118774 0.13048100471496582 -915.4363542771886 94.68950634358714
6.682131052017212 0.13283920288085938 -916.2912863582442 95.54443842464275
6.7115089893341064 0.1395554542541504 -912.5342654882362 91.78741755463477
6.641636848449707 0.13111519813537598 -914.3528487820934 93.60600084849193
6.6151721477508545 0.12909412384033203 -920.0134180913524 99.26657015775095
6.657400369644165 0.1293489933013916 -907.3194892446242 86.57264131102272
6.706507205963135 0.13398289680480957 -901.7985172144143 81.05166928081292
6.676050662994385 0.13174009323120117 -915.8958677197777 95.14901978617627
6.661128520965576 0.13275408744812012 -918.8823871197648 98.13553918616333
6.673309564590454 0.13089203834533691 -905.3872968635349 84.64044892993343
6.732248783111572 0.13709783554077148 -916.5887213369804 95.84187340337894
6.731802463531494 0.14199328422546387 -912.2701818572727 91.52333392367132
6.657034873962402 0.13077497482299805 -917.3615783874309 96.61473045382945
6.7300779819488525 0.1373445987701416 -915.0062148484255 94.25936691482411
6.76601767539978 0.1363072395324707 -909.573842296575 88.82699436297355
6.75924825668335 0.1393277645111084 -924.4728774214707 103.72602948786925
6.680682420730591 0.13179516792297363 -914.8773718075693 94.13052387396783
6.745730876922607 0.1379868984222412 -911.2237393428438 90.4768914092424
6.741200923919678 0.1380777359008789 -914.2573353270074 93.51048739340592
6.704426050186157 0.13576006889343262 -908.2137476994166 87.46689976581513
6.700039625167847 0.13442015647888184 -918.2438180853683 97.49697015176685
6.730353116989136 0.14057493209838867 -910.279191688467 89.53234375486556
6.8131585121154785 0.14331817626953125 -914.9243813218877 94.17753338828629
6.744558334350586 0.13854575157165527 -920.5842689243473 99.83742099074584
6.727040529251099 0.1363515853881836 -921.2730602187642 100.52621228516273
6.700601100921631 0.1407945156097412 -918.4603186416175 97.71347070801608
6.715182781219482 0.1356639862060547 -906.6873003315374 85.94045239793593
6.763625621795654 0.1370236873626709 -920.6052785634178 99.85843062981633
6.745893716812134 0.14147686958312988 -916.2215313386811 95.47468340507965
6.643122673034668 0.12696576118469238 -901.9399418202033 81.1930938866019
6.745090007781982 0.14224505424499512 -919.8569659923669 99.11011805876547
6.784852743148804 0.14326024055480957 -905.8502452002391 85.10339726663767
6.702168703079224 0.1359565258026123 -918.7661036354444 98.01925570184301
6.689352035522461 0.12871074676513672 -919.7898778654069 99.04302993180545
6.721354961395264 0.14354610443115234 -915.0316206567397 94.2847727231383
6.7728002071380615 0.13737082481384277 -911.7069083707939 90.96006043719251
6.77241325378418 0.14152264595031738 -909.3908892921586 88.64404135855716
6.710302829742432 0.14324045181274414 -916.1774582885363 95.43061035493486
6.661610126495361 0.13183879852294922 -922.9270561883296 102.1802082547282
6.7743613719940186 0.13940978050231934 -913.9595018990005 93.21265396539911
6.75901985168457 0.13946270942687988 -912.8291553647008 92.08230743109937
6.693042993545532 0.13506674766540527 -923.7339733251629 102.98712539156145
6.653008460998535 0.12991833686828613 -903.4001618345379 82.6533139009365
6.688863039016724 0.13394904136657715 -917.5522526727666 96.80540473916517
6.757856607437134 0.14102387428283691 -911.2344967374922 90.4876488038908
6.6994194984436035 0.13126063346862793 -909.0651045652841 88.31825663168263
6.630525588989258 0.12743592262268066 -911.5120870658252 90.76523913222377
6.678964853286743 0.13414669036865234 -912.4091396819065 91.66229174830505
6.729501247406006 0.13627862930297852 -914.5106866186457 93.76383868504422
6.656359434127808 0.13155293464660645 -914.8598163984141 94.11296846481264
6.630447626113892 0.131058931350708 -913.9550588836719 93.20821095007045
6.646793842315674 0.12962913513183594 -920.4629973610166 99.71614942741519
6.728775501251221 0.13532161712646484 -904.0887769856504 83.34192905204895
6.703516483306885 0.1367948055267334 -922.9629273683681 102.2160794347667
6.701587200164795 0.1397571563720703 -913.3694494193614 92.62260148576001
6.674241304397583 0.1311490535736084 -914.9401021033564 94.19325416975494
6.7711873054504395 0.13998889923095703 -912.0316449794279 91.28479704582651
6.759528875350952 0.13718748092651367 -920.750777264607 100.00392933100557
6.672724962234497 0.13386964797973633 -920.1760094920941 99.42916155849264
6.647855281829834 0.12999391555786133 -913.4318045769995 92.6849566433981
6.662771701812744 0.1316077709197998 -920.8125354469266 100.0656875133252
6.719422340393066 0.13681960105895996 -908.1570405574776 87.41019262387613
6.672532081604004 0.13294315338134766 -913.9423697924985 93.19552185889711
6.642946243286133 0.13022398948669434 -910.8955346344444 90.14868670084297
6.677622318267822 0.13515257835388184 -903.7107826385948 82.96393470499333
6.800086259841919 0.1396620273590088 -921.2819214885153 100.53507355491388
6.682719945907593 0.1313784122467041 -915.2136690646782 94.46682113107681
6.619124412536621 0.12355494499206543 -911.6989118243974 90.95206389079601
6.713644981384277 0.1409132480621338 -912.0489707361301 91.30212280252863
6.766155242919922 0.14031481742858887 -908.8135430191371 88.06669508553568
6.681886434555054 0.12962770462036133 -911.3572604593703 90.61041252576888
6.624374866485596 0.12877178192138672 -909.844054543996 89.09720661039455
6.735262870788574 0.13879609107971191 -919.2937689943064 98.54692106070502
6.72807765007019 0.13776087760925293 -915.1705513967845 94.42370346318307
6.67194128036499 0.1318836212158203 -919.8640684861972 99.11722055259577
6.712282419204712 0.13948440551757812 -912.6933707311902 91.94652279758873
6.731435537338257 0.14112114906311035 -918.6332076341871 97.88635970058567
6.689361572265625 0.13590121269226074 -910.5066167159655 89.75976878236406
6.829465866088867 0.14332032203674316 -918.8472756812621 98.10042774766066
6.801738023757935 0.14702105522155762 -915.1540353403664 94.40718740676493
6.785121202468872 0.1396172046661377 -904.665142631773 83.91829469817162
6.723053455352783 0.13938307762145996 -920.9009894899652 100.15414155636381
6.736668825149536 0.13887500762939453 -908.7637531393557 88.01690520575426
6.764029502868652 0.13918375968933105 -914.2319700457579 93.48512211215643
6.6758129596710205 0.13034915924072266 -917.708403926759 96.96155599315762
6.721767425537109 0.1375885009765625 -919.6613034238726 98.91445549027117
6.798270225524902 0.1399674415588379 -909.7445814288685 88.99773349526708
6.657959461212158 0.13265037536621094 -915.778298272222 95.03145033862052
6.7056965827941895 0.13590097427368164 -919.8282516237441 99.08140369014268
6.747363805770874 0.13777852058410645 -918.7168088773624 97.96996094376095
6.770696401596069 0.14831113815307617 -908.485600902688 87.73875296908659
6.6339240074157715 0.12696003913879395 -920.3649544721184 99.61810653851694
6.698108673095703 0.13711833953857422 -920.7303973838302 99.9835494502288
