6.774898529052734 0.13865017890930176 -968.0021110924911 104.5347470398981
6.6919519901275635 0.1332416534423828 -964.3081467445388 100.84078269194583
6.851330757141113 0.1495530605316162 -961.8904625263003 98.42309847370734
6.81348991394043 0.1430201530456543 -954.7389472839222 91.27158323132926
6.763330459594727 0.14519572257995605 -957.3569033274896 93.8895392748966
6.705131530761719 0.13398385047912598 -956.2343740401307 92.76700998753768
6.8012659549713135 0.14144062995910645 -954.5861800725343 91.11881601994128
6.859005689620972 0.15224456787109375 -962.9743432023151 99.50697914972216
6.787879943847656 0.14260196685791016 -960.1058889051877 96.63852485259474
6.795124053955078 0.14088678359985352 -969.5884901039321 106.12112605133916
6.782785892486572 0.13943839073181152 -956.3549562894432 92.8875922368502
6.813926696777344 0.14440560340881348 -958.51784490316 95.05048085056706
6.841817617416382 0.14865875244140625 -959.0880099349533 95.62064588236035
6.795874357223511 0.14663147926330566 -963.2247751577556 99.75741110516265
6.721082925796509 0.13244009017944336 -957.3925643735339 93.92520032094092
6.850461721420288 0.14955878257751465 -964.3166861294422 100.84932207684926
6.851816892623901 0.15206313133239746 -959.1455715601262 95.67820750753322
6.765560150146484 0.13788604736328125 -975.4431290438529 111.9757649912599
6.768458604812622 0.1393108367919922 -963.0189013195509 99.5515372669579
6.8482666015625 0.14707088470458984 -964.3287360453814 100.86137199278846
6.873194217681885 0.153550386428833 -968.5714673828668 105.1041033302738
6.77987813949585 0.1423206329345703 -961.0441327094348 97.57676865684186
6.730814456939697 0.1385338306427002 -952.5618217537567 89.09445770116372
6.8105628490448 0.1438136100769043 -961.8467534887957 98.3793894362027
6.8384857177734375 0.1460573673248291 -959.4640105093752 95.99664645678217
6.820197820663452 0.1480097770690918 -964.941248559204 101.47388450661106
6.80684232711792 0.14249229431152344 -960.9704395725951 97.50307552000208
6.753355264663696 0.1442430019378662 -959.4948986699671 96.02753461737416
6.885143041610718 0.15149950981140137 -961.8558168464667 98.38845279387374
6.840300559997559 0.15090084075927734 -961.8688073759355 98.4014433233425
6.749764680862427 0.13904595375061035 -967.8692902325745 104.4019261799815
6.764413833618164 0.1386396884918213 -955.8176118994575 92.35024784686448
6.891779661178589 0.14924144744873047 -956.2698602615267 92.80249620893369
6.83948016166687 0.14867234230041504 -967.0249721867604 103.55760813416737
6.745909690856934 0.13904237747192383 -961.7378283253004 98.27046427270739
6.808573246002197 0.14502334594726562 -960.9336670155701 97.46630296297712
6.847954750061035 0.14743280410766602 -975.7811923345552 112.31382828196217
6.831467866897583 0.14516878128051758 -961.5184107823835 98.05104672979053
6.817474365234375 0.14814996719360352 -973.1425649817038 109.67520092911082
6.781445503234863 0.1388711929321289 -961.0453977904398 97.5780337378468
6.772817850112915 0.13984942436218262 -960.6238103609369 97.1564463083439
6.860624074935913 0.1497044563293457 -960.6544505059803 97.18708645338734
6.854377746582031 0.14911365509033203 -970.3576976908448 106.89033363825183
6.737755537033081 0.13676905632019043 -959.4233890904624 95.95602503786938
6.737408399581909 0.13971328735351562 -963.5058755964496 100.03851154385666
6.8494603633880615 0.14484429359436035 -959.0547567708965 95.58739271830348
6.841163635253906 0.15205812454223633 -963.9527375906841 100.48537353809115
6.748744010925293 0.1569957733154297 -971.1065493342751 107.6391852816821
6.83031153678894 0.14969921112060547 -952.5878821575105 89.12051810491755
6.858620643615723 0.15021395683288574 -955.5147455247615 92.04738147216847
6.8116724491119385 0.1443941593170166 -958.0092649744502 94.54190092185718
6.80503511428833 0.14251112937927246 -961.3296256036751 97.86226155108216
6.812544345855713 0.14732599258422852 -960.1608205375308 96.69345648493777
6.798507213592529 0.13915085792541504 -959.2720081495643 95.80464409697129
6.834699869155884 0.14850497245788574 -951.8436525266793 88.37628847408632
6.864599943161011 0.1499466896057129 -966.3250566915101 102.85769263891711
6.812404155731201 0.14179277420043945 -962.9634055894605 99.49604153686755
6.773911714553833 0.14123821258544922 -962.1258929955488 98.65852894295585
6.888314247131348 0.15364289283752441 -963.9225839555319 100.4552199029389
6.802024841308594 0.1452798843383789 -962.4875171252211 99.02015307262809
6.733064889907837 0.1369609832763672 -962.5441510375582 99.07678698496522
6.815352439880371 0.14360380172729492 -972.692030630069 109.224666577476
6.813968896865845 0.14457201957702637 -957.0226744795609 93.55531042696794
6.849025249481201 0.1694345474243164 -971.6679813912622 108.20061733866919
6.755460262298584 0.14153289794921875 -961.128205900094 97.66084184750105
6.761171102523804 0.13932371139526367 -954.8838902947205 91.41652624212747
6.828550338745117 0.1479506492614746 -967.2190826061233 103.75171855353028
6.878543138504028 0.15154528617858887 -957.8937945077178 94.42643045512477
6.764397859573364 0.1426849365234375 -966.9714586072564 103.50409455466342
6.738391876220703 0.14031362533569336 -966.3462626302752 102.87889857768221
6.752800941467285 0.13744449615478516 -958.1768461734185 94.70948212082556
6.892392873764038 0.15354323387145996 -966.1783602661693 102.71099621357632
6.733877182006836 0.1377887725830078 -965.0921438402934 101.62477978770039
6.699517488479614 0.13120174407958984 -948.8751266817594 85.40776262916643
6.8087499141693115 0.1440134048461914 -966.2382800826808 102.77091603008785
6.8582236766815186 0.14763617515563965 -965.1239386042546 101.6565745516616
6.7515058517456055 0.1360313892364502 -965.2110338939906 101.7436698413976
6.749028444290161 0.13650798797607422 -967.0246756756362 103.55731162304323
6.789305210113525 0.13973188400268555 -953.5670572809893 90.09969322839629
6.830408096313477 0.14612483978271484 -966.1552579453405 102.68789389274752
6.754552125930786 0.1388416290283203 -962.4252221566396 98.95785810404664
6.716858148574829 0.13356685638427734 -967.8077966041665 104.34043255157349
6.7426183223724365 0.13861298561096191 -966.9546534421344 103.48728938954139
6.797215938568115 0.1491234302520752 -972.36274926515 108.89538521255702
6.821018218994141 0.1432476043701172 -963.0032364800696 99.53587242747665
6.737861394882202 0.14071273803710938 -960.9886793899298 97.52131533733677
6.7237162590026855 0.1342451572418213 -955.0623496506988 91.59498559810584
6.795679330825806 0.14277219772338867 -961.2833586582412 97.81599460564826
6.779263019561768 0.1434154510498047 -965.4365028086826 101.96913875608959
6.678119659423828 0.13560914993286133 -966.0123047583922 102.54494070579926
6.691448211669922 0.13323187828063965 -963.3805556469592 99.91319159436625
6.798403739929199 0.1442556381225586 -955.6989223108642 92.2315582582712
6.783235788345337 0.14170002937316895 -965.8137203235262 102.34635627093326
6.626652002334595 0.1326742172241211 -959.8089948739811 96.3416308213881
6.72502326965332 0.13147640228271484 -952.0749534826 88.60758943000701
6.830104827880859 0.14612650871276855 -957.9656590280338 94.49829497544079
6.748091697692871 0.13916325569152832 -965.6782197030254 102.21085565043245
6.716492652893066 0.1357121467590332 -965.2668229585187 101.79945890592569
6.715217113494873 0.1361701488494873 -972.1320571990576 108.66469314646463
6.806396961212158 0.144331693649292 -963.9891586240711 100.52179457147815
6.799682855606079 0.13744592666625977 -962.5115503533248 99.04418630073178
6.7467076778411865 0.1354811191558838 -959.4818961948395 96.01453214224648
6.803501844406128 0.14349579811096191 -968.1878998445999 104.7205357920069
6.768959045410156 0.1356358528137207 -967.0769613360982 103.6095972835052
6.817811965942383 0.14112591743469238 -959.6690223413107 96.20165828871768
6.781980514526367 0.14340686798095703 -959.8323473187779 96.36498326618494
6.63264012336731 0.12883806228637695 -959.4499226251392 95.98255857254617
6.782485246658325 0.14311480522155762 -949.2511142760873 85.78375022349428
6.7974536418914795 0.14243388175964355 -956.8783691779615 93.41100512536855
6.721675634384155 0.13883399963378906 -963.0709260912031 99.60356203861011
6.661255836486816 0.13094067573547363 -960.4646002078312 96.99723615523817
6.817749500274658 0.14650416374206543 -972.6358536314816 109.16848957888863
6.8355019092559814 0.1470637321472168 -969.1248245325407 105.65746047994776
6.700842380523682 0.13153314590454102 -960.4937895637378 97.0264255111448
6.761115074157715 0.13985610008239746 -964.5318608162767 101.06449676368368
6.778950452804565 0.14015793800354004 -961.175413105545 97.70804905295199
6.7559494972229 0.1383216381072998 -963.4364733718855 99.96910931929256
6.722292184829712 0.1365337371826172 -962.0490614058074 98.5816973532144
6.749940872192383 0.1522231101989746 -973.4934242981252 110.02606024553222
6.753936767578125 0.1414949893951416 -963.1792711940777 99.71190714148474
6.814459562301636 0.13923883438110352 -964.6441307621456 101.17676670955257
6.793665409088135 0.1435542106628418 -965.1361992229836 101.6688351703906
6.727694749832153 0.13596653938293457 -962.0185994914025 98.5512354388095
6.732162714004517 0.1354968547821045 -968.3745467288229 104.90718267622992
6.766442060470581 0.1456592082977295 -967.0429037540125 103.57553970141953
6.801297187805176 0.14437389373779297 -959.4787720777922 96.01140802519922
6.710849285125732 0.13196468353271484 -963.1689152206418 99.70155116804881
6.77419376373291 0.14320158958435059 -967.546935460938 104.07957140834503
6.772539377212524 0.13807988166809082 -958.3373697292097 94.87000567661676
6.825460433959961 0.144362211227417 -966.6555950293342 103.18823097674124
6.7123377323150635 0.1354677677154541 -962.6931302478631 99.22576619527013
6.746867895126343 0.13698840141296387 -962.0732852216163 98.6059211690233
6.798070669174194 0.14324712753295898 -966.3610049026962 102.89364085010322
6.754910469055176 0.13747382164001465 -957.4789694763061 94.01160542371315
6.764958381652832 0.14298009872436523 -963.5899592167357 100.1225951641427
6.719464540481567 0.13357257843017578 -967.7280412777211 104.26067722512812
6.731427431106567 0.13791322708129883 -962.519433528212 99.05206947561896
6.764607191085815 0.13994479179382324 -953.9169255601167 90.44956150752375
6.721654176712036 0.13596415519714355 -967.9235245204111 104.45616046781811
6.727321624755859 0.13469386100769043 -952.7751624778745 89.30779842528148
6.727231740951538 0.13944506645202637 -959.9541325680635 96.48676851547054
6.786015748977661 0.14569735527038574 -972.7562336567341 109.28886960414115
6.764894962310791 0.13819098472595215 -961.7751536853893 98.30778963279636
6.718135595321655 0.1327686309814453 -958.4879922222373 95.02062816964428
6.821987628936768 0.14501237869262695 -960.3668658739591 96.89950182136613
6.823305368423462 0.15039849281311035 -961.4380340337079 97.97066998111495
6.745787620544434 0.13962984085083008 -952.7527929158712 89.28542886327818
6.723315477371216 0.13361096382141113 -955.7711785097773 92.30381445718433
6.782362699508667 0.13997387886047363 -972.076287345259 108.60892329266596
6.80418062210083 0.14556217193603516 -966.2208835909855 102.75351953839254
6.745894432067871 0.13812947273254395 -963.0108415382429 99.54347748564987
6.816220045089722 0.14682388305664062 -965.981770212039 102.51440615944603
6.812806129455566 0.13977980613708496 -968.4700172982139 105.00265324562088
6.802846431732178 0.14695310592651367 -959.1410534727409 95.67368942014787
6.8377299308776855 0.14696383476257324 -967.6645348844438 104.19717083185083
6.7886552810668945 0.14127230644226074 -963.6271253946647 100.15976134207176
6.712481498718262 0.13409209251403809 -962.1258929955488 98.65852894295585
6.7696852684021 0.1388084888458252 -962.9078202781631 99.44045622557007
6.842741012573242 0.14651894569396973 -958.8018997584945 95.33453570590154
6.7707977294921875 0.1445012092590332 -966.6789767129633 103.21161266037029
6.7316200733184814 0.1375739574432373 -962.8172854047862 99.34992135219318
6.818427562713623 0.1445629596710205 -964.0954281250647 100.62806407247172
6.792873382568359 0.14328908920288086 -961.4868278665618 98.01946381396885
6.7570836544036865 0.14276504516601562 -963.5194846825074 100.05212062991438
6.75994348526001 0.14042019844055176 -960.7958745658649 97.32851051327191
6.791546821594238 0.13959074020385742 -960.7423988305002 97.2750347779072
6.790939092636108 0.14505410194396973 -965.7951240004223 102.32775994782935
6.780534505844116 0.14112067222595215 -960.2840024442705 96.81663839167754
6.757905006408691 0.13792085647583008 -960.0940088275142 96.62664477492126
6.7790443897247314 0.1400160789489746 -957.5450618836476 94.07769783105459
6.831756591796875 0.1486217975616455 -969.0589474853576 105.59158343276465
6.802889108657837 0.14263081550598145 -968.6686398266647 105.20127577407175
6.786660671234131 0.13971161842346191 -976.2785372013119 112.81117314871892
6.765727758407593 0.13987135887145996 -961.59415997839 98.12679592579707
6.859025955200195 0.1468334197998047 -965.8992595492927 102.43189549669967
6.815337896347046 0.1476140022277832 -961.0316569817344 97.5642929291414
6.73178505897522 0.13697528839111328 -962.1151104821092 98.64774642951625
6.758667945861816 0.13851428031921387 -960.3352356150065 96.86787156241348
6.832779407501221 0.1461658477783203 -965.5433796657117 102.07601561311867
6.792000770568848 0.14191007614135742 -969.4035668085885 105.93620275599551
6.747521638870239 0.13610410690307617 -960.8356712378807 97.36830718528768
6.7918477058410645 0.13872671127319336 -961.5674512681537 98.10008721556073
6.8004233837127686 0.14348101615905762 -963.6514902112253 100.18412615863235
6.83889627456665 0.15467286109924316 -962.7812274433294 99.3138633907364
6.770589828491211 0.14226675033569336 -963.1403690117578 99.67300495916481
6.795767545700073 0.14467501640319824 -967.4308108544403 103.96344680184734
6.772399663925171 0.1441175937652588 -958.1133655392429 94.64600148664988
6.8322906494140625 0.14508652687072754 -953.2431394133796 89.77577536078661
6.770333290100098 0.14468002319335938 -968.5767926862571 105.10942863366415
6.729588031768799 0.14020681381225586 -960.5131356007478 97.04577154815479
6.798789024353027 0.14568018913269043 -961.7017258160497 98.23436176345672
6.7914347648620605 0.14808917045593262 -962.8422999890914 99.37493593649845
6.744587659835815 0.13655877113342285 -952.9870136266868 89.51964957409382
6.790053606033325 0.1399061679840088 -960.2482366950662 96.78087264247324
6.765798568725586 0.14345097541809082 -973.1383605281295 109.67099647553653
6.782842397689819 0.14205622673034668 -967.2280991568485 103.76073510425556
6.726542949676514 0.1368885040283203 -951.4517004569241 87.98433640433109
6.77274489402771 0.13753271102905273 -962.7849173186731 99.31755326608015
6.802636623382568 0.14104056358337402 -960.9330023421701 97.4656382895771
6.793309688568115 0.13887691497802734 -968.8130389563669 105.3456749037739
