6.6668314933776855 0.1274399757385254 -935.7586850837882 73.84783880039447
6.647257328033447 0.12821388244628906 -940.6455199217577 78.73467363836392
6.737751245498657 0.13558006286621094 -944.4463631377128 82.53551685431898
6.709335088729858 0.13179969787597656 -945.6950878576492 83.78424157425547
6.6270222663879395 0.12458276748657227 -942.3430658284881 80.43221954509431
6.7038609981536865 0.13508081436157227 -941.3501043763288 79.439258092935
6.752352476119995 0.13974213600158691 -932.4695552535959 70.55870897020213
6.681236982345581 0.1262362003326416 -945.8763492631997 83.96550297980593
6.6410813331604 0.1267104148864746 -940.441694696529 78.53084841313523
6.705501317977905 0.1373140811920166 -935.983695235195 74.07284895180123
6.819595098495483 0.1446521282196045 -939.9364911850604 78.02564490166662
6.725687503814697 0.13812017440795898 -934.938536385858 73.02769010246425
6.764450550079346 0.14002490043640137 -941.6173446520705 79.70649836867676
6.785739898681641 0.14267301559448242 -939.1274033943516 77.21655711095787
6.7308032512664795 0.13517022132873535 -930.3191537524406 68.4083074690468
6.684255123138428 0.13716697692871094 -937.5862947345881 75.67544845119437
6.8004310131073 0.14021921157836914 -933.2698738624792 71.35902757908548
6.744742155075073 0.14113283157348633 -942.3498050739843 80.4389587905905
6.749491214752197 0.13640379905700684 -935.9116208077653 74.00077452437154
6.757986068725586 0.13786530494689941 -935.4841555467451 73.57330926335135
6.741045236587524 0.13657021522521973 -945.7036973355031 83.79285105210931
6.724108934402466 0.13679838180541992 -931.0910518722287 69.18020558883495
6.76053786277771 0.14388751983642578 -933.3921747063466 71.48132842295286
6.794308662414551 0.14074110984802246 -941.9188177522906 80.00797146889681
6.702245235443115 0.13190603256225586 -934.7459773682218 72.83513108482805
6.690714359283447 0.13139700889587402 -927.5738855706387 65.66303928724494
6.741764068603516 0.13981986045837402 -939.849149630547 77.93830334715324
6.788365125656128 0.1371300220489502 -943.9448598226485 82.03401353925472
6.7089128494262695 0.13397526741027832 -946.7376634075517 84.82681712415797
6.749170541763306 0.14071273803710938 -927.2726284189932 65.36178213559947
6.788229465484619 0.14543700218200684 -933.5397957128303 71.62894942943649
7.500822067260742 0.14336228370666504 -940.7735376843927 78.86269140099898
6.720343589782715 0.133744478225708 -937.5446229456379 75.63377666224414
6.713611125946045 0.13458967208862305 -939.7279192326694 77.8170729492756
6.771793365478516 0.14098191261291504 -934.2188766223893 72.30803033899554
6.785943269729614 0.14452552795410156 -936.6021949958756 74.69134871248184
6.772594928741455 0.14273881912231445 -936.9223963517959 75.01155006840213
6.726143836975098 0.135206937789917 -945.6950878576492 83.78424157425547
6.803420305252075 0.14721179008483887 -936.1345216786672 74.2236753952734
6.7903454303741455 0.14339518547058105 -926.5359947171723 64.62514843377858
6.83040714263916 0.14654016494750977 -934.6978378390174 72.78699155562367
6.734271287918091 0.14031386375427246 -940.78930260762 78.87845632422625
6.77126145362854 0.1485612392425537 -934.985868028561 73.07502174516719
6.805549621582031 0.14528369903564453 -936.4875403200655 74.57669403667171
6.767592430114746 0.14165949821472168 -935.1248312307771 73.21398494738332
6.698272705078125 0.13347101211547852 -943.4030781460795 81.49223186268568
6.767080307006836 0.13822269439697266 -942.5138329709613 80.60298668756752
6.776226997375488 0.1429429054260254 -947.4669444880806 85.5560982046868
6.732670307159424 0.13872408866882324 -939.0273213763362 77.11647509294244
6.693246126174927 0.13304376602172852 -940.6977988315557 78.78695254816193
6.735898971557617 0.14149260520935059 -940.177871103716 78.26702482032226
6.786360502243042 0.1403670310974121 -946.7376634075517 84.82681712415797
6.679237604141235 0.13616347312927246 -941.7502917240422 79.83944544064843
6.721492528915405 0.13902711868286133 -936.6800190924075 74.76917280901375
6.729965448379517 0.1367173194885254 -946.6922534164589 84.78140713306516
6.76474666595459 0.14165210723876953 -942.8196180127518 80.90877172935802
6.696919202804565 0.1364750862121582 -944.632803043584 82.72195676019021
6.723796606063843 0.13689041137695312 -935.2041708432241 73.29332455983035
6.692207098007202 0.13151884078979492 -929.9692543665883 68.05840808319454
6.760080575942993 0.14132022857666016 -944.453737309593 82.54289102619919
6.79050350189209 0.14611530303955078 -944.8740354146798 82.96318913128607
6.715605735778809 0.1339111328125 -935.5150706254186 73.60422434202485
6.670948505401611 0.1319119930267334 -944.0812795832153 82.17043329982152
6.757293701171875 0.14081692695617676 -923.2525355225259 61.341689239132165
6.738271713256836 0.1380448341369629 -936.6832367415725 74.77239045817873
6.6327314376831055 0.12998604774475098 -933.2346628714467 71.32381658805298
6.6600799560546875 0.13314485549926758 -943.0430578353781 81.13221155198437
6.776875972747803 0.14184093475341797 -945.671987845503 83.76114156210929
6.761277914047241 0.14018726348876953 -940.5554601085049 78.64461382511115
6.571848630905151 0.12528514862060547 -940.9916873314544 79.08084104806062
6.7507123947143555 0.13617587089538574 -940.4715321349086 78.56068585151479
6.776097774505615 0.13927912712097168 -943.3715285015725 81.4606822181787
6.716230392456055 0.13720178604125977 -937.4585233308802 75.54767704748645
6.606842041015625 0.126312255859375 -939.0794452198143 77.1685989364205
6.667894124984741 0.13068222999572754 -920.5548041998051 58.643957916411296
6.758378744125366 0.14049386978149414 -935.5471735057845 73.63632722239072
6.704596042633057 0.13164043426513672 -943.725271887377 81.81442560398318
6.648614168167114 0.12786293029785156 -939.335700615787 77.42485433239324
6.652201175689697 0.12923240661621094 -920.0326867417468 58.12184045835306
6.712303161621094 0.13671469688415527 -937.6326761729941 75.72182988960037
6.660387754440308 0.132476806640625 -943.0267585694608 81.11591228606699
6.643315076828003 0.12872838973999023 -942.4086700294662 80.49782374607241
6.646128416061401 0.12967658042907715 -939.7246652811928 77.81381899779899
6.648407936096191 0.1283893585205078 -942.0780508021045 80.16720451871072
6.718857288360596 0.1375260353088379 -931.6989212272451 69.78807494385137
6.762438774108887 0.13816404342651367 -935.6923859413811 73.78153965798731
6.654537200927734 0.13123846054077148 -934.8758731663835 72.96502688298972
6.746046543121338 0.13613224029541016 -943.0780103444242 81.16716406103046
6.84470534324646 0.14957690238952637 -939.7932869764162 77.88244069302243
6.730452537536621 0.1366438865661621 -943.4740759740771 81.56322969068333
6.650691270828247 0.13085246086120605 -935.8411844660191 73.93033818262529
6.787599086761475 0.14557957649230957 -942.3978370892459 80.48699080585209
6.784282207489014 0.14368414878845215 -942.7412390578387 80.83039277444493
6.660101652145386 0.12936615943908691 -937.6218712978257 75.71102501443193
6.730286121368408 0.13726162910461426 -942.0780984943051 80.16725221091133
6.77476167678833 0.1510171890258789 -935.5566144670831 73.64576818368937
6.7955780029296875 0.14070796966552734 -938.9955676182914 77.08472133489761
6.720690011978149 0.1357889175415039 -933.0275039078904 71.11665762449661
6.722736597061157 0.13468599319458008 -938.5040068235779 76.59316054018416
6.740769147872925 0.1373295783996582 -938.2360153262066 76.32516904281283
6.727772951126099 0.13901543617248535 -937.289401605367 75.37855532197318
6.73874831199646 0.13810181617736816 -944.5415262911963 82.63068000780254
6.749086618423462 0.13526487350463867 -937.8987182469825 75.98787196358876
6.747332572937012 0.14313101768493652 -939.3704252924833 77.45957900908957
6.773445129394531 0.1382589340209961 -945.8797178498266 83.96887156643288
6.7270567417144775 0.13360118865966797 -930.6328051883839 68.72195890499017
6.7182536125183105 0.13426995277404785 -937.1210618843508 75.21021560095699
6.709753036499023 0.1345200538635254 -947.6370737046425 85.72622742124872
6.761020183563232 0.14023900032043457 -945.671987845503 83.76114156210929
6.749078750610352 0.13988280296325684 -935.5852607158624 73.67441443246867
6.699442148208618 0.13422846794128418 -937.7420592912048 75.83121300781102
6.7591187953948975 0.13810992240905762 -944.5415262911963 82.63068000780254
6.767662763595581 0.14258050918579102 -937.321005966189 75.41015968279521
6.797488212585449 0.14247655868530273 -936.6362223161966 74.72537603280284
6.7354042530059814 0.13917231559753418 -940.3758971553297 78.46505087193589
6.785162687301636 0.1424720287322998 -942.2124259026684 80.30157961927466
6.774563312530518 0.14306306838989258 -939.613235684338 77.70238940094418
6.7314534187316895 0.13612723350524902 -941.7054174909937 79.79457120759992
6.729882717132568 0.14074134826660156 -937.9032874559102 75.99244117251646
6.788614511489868 0.1402580738067627 -937.3067633381503 75.39591705475652
6.718814134597778 0.13759160041809082 -941.845144826059 79.93429854266526
6.803450345993042 0.14269065856933594 -934.4842722993054 72.57342601591165
6.678564548492432 0.131455659866333 -941.1422845273444 79.2314382439506
6.720455169677734 0.1350255012512207 -946.6922534164589 84.78140713306516
6.693573951721191 0.13177156448364258 -941.0479974485115 79.13715116511776
6.776468276977539 0.14606976509094238 -934.4537994727643 72.54295318937056
6.775590896606445 0.1414330005645752 -937.1583185828916 75.24747229949787
6.686675071716309 0.1306900978088379 -931.0375968180418 69.12675053464807
6.740537881851196 0.1384139060974121 -939.6615430973789 77.75069681398509
6.807947635650635 0.14707279205322266 -942.0652741125832 80.15442782918944
6.68994140625 0.13112831115722656 -937.5446229456379 75.63377666224414
6.703060150146484 0.13276386260986328 -939.0922660644536 77.18141978105984
6.818187236785889 0.14401507377624512 -944.1924146163374 82.2815683329436
6.775911808013916 0.1441822052001953 -937.3112751707057 75.40042888731193
6.678732872009277 0.13337492942810059 -942.8783038437082 80.96745756031441
6.6957480907440186 0.13167405128479004 -939.4074554754242 77.4966091920304
6.754855155944824 0.13622546195983887 -936.7390931812763 74.82824689788254
6.72705340385437 0.1361074447631836 -937.6733134536726 75.7624671702788
6.644011497497559 0.13147759437561035 -936.3064077861745 74.39556150278077
6.69193696975708 0.13506293296813965 -940.1418622199143 78.23101593652052
6.719457149505615 0.13331317901611328 -928.1247418708385 66.21389558744477
6.689138174057007 0.1341559886932373 -944.867722140591 82.95687585719725
6.7118048667907715 0.13501906394958496 -924.8528751646254 62.942028881231636
6.7060160636901855 0.13203096389770508 -940.1739719770122 78.26312569361846
6.705755710601807 0.13636136054992676 -939.4464999142658 77.53565363087205
6.732668876647949 0.14531469345092773 -946.7349648566251 84.82411857323132
6.6719231605529785 0.13388609886169434 -934.5543197992032 72.64347351580943
6.670852184295654 0.12900543212890625 -942.9249096296296 81.01406334623584
6.654803037643433 0.1287229061126709 -936.0110491179098 74.10020283451604
6.729305028915405 0.13923215866088867 -941.6581802731166 79.74733398972285
6.656484842300415 0.1275639533996582 -934.9394448281848 73.02859854479107
6.677027225494385 0.13036894798278809 -943.5393989417314 81.62855265833764
6.699177980422974 0.13373517990112305 -942.1592744470219 80.24842816362809
6.6675124168396 0.12775802612304688 -940.170928843422 78.2600825600282
6.707748651504517 0.13313770294189453 -941.1422845273444 79.2314382439506
6.61809778213501 0.12787890434265137 -939.0723037600098 77.16145747661608
6.771985054016113 0.14324307441711426 -937.6078819077393 75.69703562434552
6.720937728881836 0.13478350639343262 -939.0805591502724 77.16971286687863
6.726944446563721 0.13527822494506836 -933.6259078734986 71.71506159010482
6.65953803062439 0.1362614631652832 -935.2941233582987 73.38327707490498
6.766301393508911 0.13695693016052246 -936.2400427565799 74.32919647318613
6.745884895324707 0.13542437553405762 -945.671987845503 83.76114156210929
6.649547338485718 0.1315288543701172 -938.1451792536122 76.23433297021847
6.698306560516357 0.1377582550048828 -944.453737309593 82.54289102619919
6.762228012084961 0.14144182205200195 -938.2568644380102 76.34601815461644
6.730698823928833 0.13617801666259766 -942.8877990067623 80.97695272336853
6.7549378871917725 0.1346437931060791 -939.4987879605799 77.58794167718611
6.752317667007446 0.1348733901977539 -935.827574520874 73.91672823748024
6.691727638244629 0.13257265090942383 -937.2259081458619 75.31506186246816
6.7505199909210205 0.14011526107788086 -937.6321944044149 75.72134812102115
6.7613115310668945 0.1390056610107422 -934.7470433058484 72.8361970224546
6.7282328605651855 0.13239359855651855 -935.9484146019734 74.03756831857959
6.64091157913208 0.13224315643310547 -937.9019650203211 75.99111873692732
6.83101487159729 0.14322376251220703 -932.9035698292419 70.9927235458481
6.780987977981567 0.14111661911010742 -927.0345221113238 65.12367582793001
6.707736015319824 0.13407301902770996 -939.2401639722431 77.3293176888493
6.724437236785889 0.13614392280578613 -940.2595825061914 78.34873622279758
6.776477098464966 0.14031147956848145 -940.3015233267764 78.39067704338265
6.805373907089233 0.14281892776489258 -939.45668089327 77.54583460987624
6.696885347366333 0.13298821449279785 -934.9089766962895 72.99813041289576
6.732524871826172 0.13854360580444336 -944.1869556414781 82.27610935808434
6.742293119430542 0.13950061798095703 -937.9019650203211 75.99111873692732
6.7177183628082275 0.1374659538269043 -938.4150507449135 76.50420446151975
6.718119382858276 0.13500118255615234 -940.5554601085049 78.64461382511115
6.779095411300659 0.13994193077087402 -942.9869884396423 81.07614215624858
6.721890687942505 0.13693642616271973 -944.453737309593 82.54289102619919
6.79160737991333 0.14349937438964844 -934.8826079457795 72.97176166238569
6.74404501914978 0.1368732452392578 -940.2094922563172 78.2986459729234
6.746514797210693 0.13987112045288086 -943.0627743143004 81.15192803090667
6.754849195480347 0.13544607162475586 -938.7678055645514 76.85695928115763
6.873599529266357 0.15854406356811523 -938.3777568816379 76.46691059824411
6.7399327754974365 0.13594818115234375 -937.5948147814195 75.6839684980257
6.703632354736328 0.1341838836669922 -938.9645094700513 77.05366318665756
6.717656135559082 0.13767290115356445 -938.0228176108118 76.11197132741802
6.772508144378662 0.14274263381958008 -940.2925181705638 78.38167188717
6.7144951820373535 0.13645410537719727 -925.1654032675954 63.2545569842016
6.6841113567352295 0.13693761825561523 -934.3107158984657 72.3998696150719
6.767016410827637 0.14283251762390137 -944.8243982302606 82.91355194686685
6.731258869171143 0.13753223419189453 -943.2875711154124 81.37672483201868
6.761399269104004 0.13848233222961426 -936.2491690888226 74.33832280542879
