6.823892831802368 0.14923882484436035 -1001.076441015222 102.62675212379156
6.837650537490845 0.1468651294708252 -994.2957983629788 95.84610947154829
6.773847341537476 0.13550519943237305 -991.2452871399247 92.79559824849423
6.843644142150879 0.1493692398071289 -1008.5291459510338 110.07945705960333
6.798950672149658 0.14503049850463867 -992.8193545496808 94.36966565825037
6.784217119216919 0.1408703327178955 -991.0787460325922 92.62905714116175
6.813351154327393 0.14413976669311523 -990.902112937763 92.45242404633257
6.81014347076416 0.14415979385375977 -997.0916245314838 98.64193564005336
6.731380939483643 0.13919687271118164 -995.0408054775437 96.59111658611323
6.7645182609558105 0.13891196250915527 -998.3086901059362 99.85900121450572
6.845826148986816 0.149461030960083 -985.7878706460718 87.33818175464137
6.801830053329468 0.13784360885620117 -992.0282374127037 93.5785485212732
6.726649761199951 0.13373994827270508 -1003.5251997359089 105.07551084447846
6.847392559051514 0.14876127243041992 -988.2936643624229 89.8439754709924
6.7982213497161865 0.1432173252105713 -996.3139087619993 97.86421987056883
6.81715726852417 0.14336657524108887 -993.5251043306041 95.07541543917364
6.878988027572632 0.15220928192138672 -1002.1058705226412 103.65618163121076
6.795902490615845 0.1415855884552002 -992.2736502670596 93.8239613756291
6.793898820877075 0.143218994140625 -1006.6893807325928 108.23969184116231
6.817025184631348 0.14165806770324707 -992.486582831802 94.03689394037156
6.838070869445801 0.14371657371520996 -989.512491945741 91.0628030543105
6.78564715385437 0.1411733627319336 -1005.7693079698116 107.31961907838115
6.811679124832153 0.1444087028503418 -1004.2452874546864 105.79559856325591
6.862411260604858 0.1450803279876709 -1002.7409003036296 104.29121141219912
6.7910943031311035 0.13570356369018555 -1002.7409646184975 104.29127572706705
6.788763046264648 0.13873624801635742 -992.4621158040204 94.01242691258994
6.847296237945557 0.14991450309753418 -1006.0435824831502 107.59389359171973
6.771969795227051 0.13800621032714844 -986.252999095609 87.8033102041785
6.778519630432129 0.13941597938537598 -998.7359924945772 100.28630360314673
6.842000961303711 0.1445331573486328 -991.9818201578585 93.532131266428
6.781803846359253 0.14391398429870605 -997.5059890981877 99.05630020675721
6.744052886962891 0.13721370697021484 -1002.7083550434771 104.25866615204666
6.842703819274902 0.14917302131652832 -1000.1429628356962 101.69327394426568
6.826879501342773 0.1477954387664795 -1002.0386953734735 103.58900648204303
6.689653396606445 0.1358482837677002 -985.6802028953805 87.23051400395002
6.804275274276733 0.1445329189300537 -1002.2754178948785 103.82572900344803
6.827888488769531 0.1436924934387207 -1001.4252644742094 102.9755755827789
6.790292739868164 0.1441047191619873 -998.9667330916196 100.51704420018916
6.742326736450195 0.1424548625946045 -990.3599986694313 91.91030977800085
6.762699604034424 0.13626909255981445 -1002.4585155732166 104.0088266817861
6.778923034667969 0.13962459564208984 -998.3086090572682 99.85892016583773
6.84255576133728 0.147932767868042 -998.7709330498683 100.32124415843782
6.742559194564819 0.13623785972595215 -998.6317309109909 100.18204201956041
6.717437744140625 0.13811230659484863 -1007.2497351754946 108.80004628406414
6.68569540977478 0.13483309745788574 -1007.2918914937574 108.84220260232689
6.722412586212158 0.1342918872833252 -988.5167203753214 90.0670314838909
6.766233444213867 0.1390690803527832 -988.6029878470242 90.15329895559375
6.685023307800293 0.13311457633972168 -997.3644674118489 98.9147785204184
6.746258974075317 0.13626456260681152 -1002.9195902469476 104.4699013555171
6.731581687927246 0.13610529899597168 -1000.1226665943826 101.67297770295215
6.70784854888916 0.13442277908325195 -991.2015407572835 92.75185186585304
6.656160354614258 0.131134033203125 -997.3396864145649 98.88999752313441
6.765657186508179 0.1433725357055664 -989.242169762372 90.79248087094152
6.7280027866363525 0.13561654090881348 -991.1796479275793 92.72995903614878
6.693716287612915 0.13359498977661133 -1001.215411371551 102.76572248012053
6.695108890533447 0.13454389572143555 -987.7019163215933 89.25222743016286
6.799070358276367 0.15173721313476562 -998.5189668453976 100.06927795396712
6.709102392196655 0.13506507873535156 -989.8657644185442 91.41607552711378
6.682957887649536 0.1338498592376709 -1002.6312838598269 104.18159496839644
6.805832386016846 0.13936662673950195 -1003.4294322660546 104.97974337462415
6.833928346633911 0.14754486083984375 -1005.5564632300104 107.10677433857995
6.772581338882446 0.13805937767028809 -1005.9655211697875 107.51583227835704
6.7686097621917725 0.13858413696289062 -996.9657935646798 98.51610467324929
6.77376389503479 0.1418464183807373 -1005.3227236779004 106.87303478646993
6.702465534210205 0.13638925552368164 -995.7984231037323 97.34873421230179
6.737823724746704 0.1379847526550293 -988.8572109573294 90.40752206589889
6.7761030197143555 0.14123821258544922 -995.0416427978947 96.59195390646425
6.777002811431885 0.14164495468139648 -992.9358816527498 94.48619276131933
6.702409982681274 0.1347675323486328 -1001.2717810494755 102.82209215804505
6.795372247695923 0.1437973976135254 -992.5363008542506 94.08661196282014
6.8531012535095215 0.14587712287902832 -996.490267221609 98.0405783301785
6.731829643249512 0.14309000968933105 -1007.25567390518 108.80598501374948
6.779659032821655 0.1426546573638916 -1001.0928450366966 102.64315614526618
6.751249551773071 0.14245867729187012 -994.4099467255278 95.96025783409732
6.73295521736145 0.13698267936706543 -991.8262837709633 93.37659487953283
6.766842603683472 0.15732121467590332 -998.2622070674723 99.81251817604186
6.761870622634888 0.13748574256896973 -1000.5440394906282 102.0943505991977
6.741200923919678 0.13943099975585938 -981.3723851475729 82.92269625614244
6.738280773162842 0.13857436180114746 -996.683396414599 98.2337075231685
6.701245069503784 0.13434982299804688 -999.1932193087906 100.74353041736015
6.733598232269287 0.13714027404785156 -998.3786724232953 99.92898353186479
6.706366300582886 0.13618230819702148 -1001.7342741925231 103.28458530109265
6.758613109588623 0.13901853561401367 -1000.0002181454145 101.550529253984
6.751972436904907 0.1371142864227295 -995.0491960530283 96.59950716159778
6.7359514236450195 0.13396215438842773 -997.745293758757 99.29560486732657
6.723379611968994 0.13727211952209473 -1003.4275400844681 104.97785119303762
6.7658116817474365 0.1402134895324707 -1001.1879112183079 102.73822232687746
6.769652605056763 0.14051127433776855 -989.6699046580819 91.22021576665145
6.719519138336182 0.1357111930847168 -997.8053102419751 99.35562135054465
6.784542083740234 0.13999652862548828 -1000.8610619948078 102.41137310337729
6.7307047843933105 0.137359619140625 -990.0873726092088 91.63768371777837
6.767165422439575 0.13520455360412598 -998.4014059739761 99.95171708254566
6.751923561096191 0.13885068893432617 -987.4154879198579 88.96579902842745
6.869382619857788 0.14625930786132812 -988.1481248913649 89.69843599993442
6.776952505111694 0.14022374153137207 -980.79292588268 82.34323699124957
6.749133825302124 0.13968253135681152 -997.4270883613027 98.97739946987224
6.763266563415527 0.14417123794555664 -994.690321202058 96.24063231062757
6.749188184738159 0.13895511627197266 -992.2241753080677 93.77448641663727
6.714937448501587 0.13881826400756836 -984.4519598964791 86.00227100504867
6.75266695022583 0.13760828971862793 -989.6391947337202 91.18950584228969
6.744821310043335 0.13619112968444824 -1004.0618448396219 105.61215594819146
6.733705043792725 0.1386890411376953 -995.4245299711836 96.9748410797531
6.77940821647644 0.14895153045654297 -998.3619946621442 99.91230577071371
6.721398830413818 0.1361229419708252 -1002.2538062904451 103.80411739901467
6.746145486831665 0.1383211612701416 -992.2903342815607 93.84064539013025
6.660329103469849 0.13200783729553223 -996.0351767657631 97.58548787433267
6.71292781829834 0.13397884368896484 -994.8525403074702 96.40285141603977
6.70204496383667 0.13504385948181152 -996.969651314743 98.51996242331256
6.667086124420166 0.12898707389831543 -990.8261422617517 92.3764533703212
6.737009525299072 0.14037013053894043 -1000.2952834747196 101.84559458328908
6.71310019493103 0.13050389289855957 -997.9666651066669 99.51697621523647
6.645739793777466 0.12926745414733887 -989.6909939489144 91.24130505748394
6.657052516937256 0.13112306594848633 -1000.4415780941217 101.99188920269125
6.710466146469116 0.13611793518066406 -1002.7908538215011 104.34116493007059
6.704350471496582 0.13519501686096191 -999.8190779532838 101.36938906185333
6.631545782089233 0.12863445281982422 -1000.1975800576247 101.74789116619422
6.692339658737183 0.13416504859924316 -990.8443935814553 92.39470469002481
6.8556482791900635 0.14657354354858398 -980.6308471783806 82.18115828695011
6.7000439167022705 0.13499808311462402 -1000.3787733758693 101.92908448443882
6.729009389877319 0.13668489456176758 -992.3128072098871 93.8631183184566
6.736436605453491 0.14015579223632812 -993.108155908736 94.6584670173055
6.767132997512817 0.1381080150604248 -998.9816019594797 100.53191306804922
6.718490839004517 0.13808393478393555 -997.2750523481384 98.82536345670792
6.735621929168701 0.13311505317687988 -996.6001413471952 98.15045245576471
6.749816417694092 0.14221668243408203 -989.667684431221 91.21799553979054
6.673612356185913 0.13487815856933594 -998.4479707073592 99.99828181592875
6.719725608825684 0.13564062118530273 -995.3074228968378 96.85773400540734
6.6943700313568115 0.13191437721252441 -998.838912599369 100.38922370793853
6.680868864059448 0.13371706008911133 -986.8245833324834 88.3748944410529
6.659475326538086 0.12937378883361816 -1001.1589066790656 102.70921778763511
6.694961309432983 0.1358799934387207 -996.8365124229169 98.38682353148647
6.740335464477539 0.13607287406921387 -989.5012719056099 91.05158301417941
6.701247930526733 0.13309764862060547 -1003.5251997359089 105.07551084447846
6.718660116195679 0.13893914222717285 -999.0721890112188 100.62250011978836
6.735161542892456 0.13703608512878418 -1006.6893807325928 108.23969184116231
6.688601732254028 0.1347365379333496 -998.757338669427 100.30764977799652
6.662836790084839 0.13546419143676758 -997.2652881869569 98.81559929552645
6.686631441116333 0.13459491729736328 -999.6188051985339 101.16911630710342
6.707069396972656 0.13700413703918457 -993.1906820067475 94.740993115317
6.672041177749634 0.13419294357299805 -997.3255366961305 98.87584780470002
6.685694694519043 0.13347840309143066 -998.584650177852 100.13496128642157
6.677602767944336 0.13143253326416016 -996.4098711644929 97.9601822730624
6.7140631675720215 0.1331632137298584 -986.6215525400202 88.17186364858969
6.649127244949341 0.12854552268981934 -1007.2497351754946 108.80004628406414
6.697028875350952 0.13675761222839355 -1003.9730735904791 105.52338469904862
6.68684196472168 0.13463258743286133 -996.326181451693 97.87649256026248
6.71976900100708 0.13654255867004395 -1003.7481774414856 105.29848855005514
6.714210510253906 0.13658738136291504 -990.8863449828852 92.43665609145478
6.770660638809204 0.13956761360168457 -1004.8597537909768 106.41006489954634
6.717135429382324 0.1398770809173584 -1002.2344157950585 103.78472690362798
6.694263458251953 0.13856220245361328 -1000.0636853223733 101.61399643094285
6.7763144969940186 0.14615535736083984 -993.1519133498103 94.70222445837987
6.776743173599243 0.1416316032409668 -996.5686287200062 98.11893982857578
6.722795248031616 0.13526487350463867 -996.2555272515224 97.80583836009191
6.749312877655029 0.14356398582458496 -999.9854263560744 101.53573746464394
6.767096281051636 0.14361286163330078 -1002.146189764037 103.69650087260652
6.705499887466431 0.13518357276916504 -989.5416481982245 91.09195930679402
6.744195938110352 0.14173436164855957 -1000.5114338471299 102.0617449556994
6.77485728263855 0.14268207550048828 -1006.6893807325928 108.23969184116231
6.764516592025757 0.13965177536010742 -977.7218336989191 79.27214480748864
6.737192630767822 0.13676095008850098 -1005.7232789751022 107.2735900836717
6.819075345993042 0.16838812828063965 -989.0645712147907 90.61488232336023
6.771051406860352 0.13802194595336914 -997.3271418509695 98.87745295953903
6.691680431365967 0.13912343978881836 -989.8967667228424 91.44707783141189
6.739985942840576 0.13642406463623047 -987.2119489225987 88.76226003116824
6.7614240646362305 0.1414811611175537 -996.6073816312348 98.15769273980436
6.729289770126343 0.13534903526306152 -990.717136892888 92.26744800145752
6.7116029262542725 0.13659167289733887 -994.4736464705343 96.02395757910381
6.76497220993042 0.1403191089630127 -991.2833492224208 92.83366033099037
6.879189729690552 0.14602303504943848 -993.7523220100084 95.30263311857789
6.859985828399658 0.1458723545074463 -1007.2497351754946 108.80004628406414
6.782178163528442 0.1417851448059082 -996.9757804294392 98.5260915380087
6.770630598068237 0.13870906829833984 -995.5828970079817 97.13320811655126
6.716871738433838 0.13852286338806152 -998.0947791188007 99.64509022737025
6.770495176315308 0.14491939544677734 -996.508292502064 98.05860361063355
6.713733911514282 0.1326892375946045 -996.5068645144652 98.05717562303471
6.692806720733643 0.13280677795410156 -994.6922669288701 96.24257803743967
6.751854181289673 0.13585567474365234 -1002.373142807939 103.92345391650849
6.721396207809448 0.13732361793518066 -1003.1276777716658 104.67798888023538
6.729972839355469 0.1418442726135254 -989.3081533750209 90.85846448359041
6.712010145187378 0.14086675643920898 -999.7036751156502 101.25398622421972
6.727016925811768 0.1374504566192627 -998.806860230675 100.35717133924459
6.744312047958374 0.14115619659423828 -1001.6318477948387 103.18215890340821
6.7149338722229 0.13466763496398926 -991.0489617332908 92.59927284186028
6.668578147888184 0.13387703895568848 -995.1549134242734 96.70522453284298
6.722182512283325 0.13865995407104492 -1005.9655211697875 107.51583227835704
6.748943090438843 0.13982057571411133 -996.0983502901411 97.6486613987106
6.666572332382202 0.1312563419342041 -1004.6186695822425 106.16898069081208
6.686872959136963 0.13515686988830566 -999.2451792183292 100.79549032689874
6.7104246616363525 0.13527703285217285 -994.7799802792176 96.33029138778716
6.710385322570801 0.1492481231689453 -997.2192033220338 98.7695144306033
6.708003997802734 0.1346757411956787 -997.5142682100682 99.0645793186377
6.708910226821899 0.13498377799987793 -993.683057172636 95.23336828120557
6.6842217445373535 0.13420367240905762 -997.1052728687831 98.65558397735265
6.823497772216797 0.1440737247467041 -1007.2918914937574 108.84220260232689
6.747880458831787 0.1341712474822998 -999.2600377355346 100.81034884410417
6.718169689178467 0.13547921180725098 -992.4380157820892 93.98832689065875
6.663329362869263 0.1334068775177002 -1000.5382770420545 102.08858815062399
6.694457530975342 0.13472890853881836 -999.1279960339297 100.6783071424992
6.7170798778533936 0.1365969181060791 -1002.7497484819876 104.30005959055711
