6.664534330368042 0.13841676712036133 -968.8524163924028 79.55723890412412
6.66100811958313 0.1313486099243164 -967.1726737014992 77.87749621322052
6.697510242462158 0.13365602493286133 -941.3846885642608 52.08951107598216
6.702553987503052 0.13879132270812988 -956.4875662767628 67.1923887884841
6.657375812530518 0.13168764114379883 -947.5207727792197 58.22559529094099
6.6760969161987305 0.13834190368652344 -961.0743227824797 71.77914529420104
6.731368780136108 0.1383354663848877 -963.373569010745 74.07839152246629
6.7351508140563965 0.1398630142211914 -964.5269251274806 75.2317476392019
6.688055038452148 0.13241147994995117 -948.2576530016447 58.96247551336603
6.759970664978027 0.13957977294921875 -961.6703774284442 72.37519994016554
6.762064218521118 0.13679981231689453 -955.2741032266348 65.97892573835611
6.697338819503784 0.13843512535095215 -967.3559727275406 78.06079523926189
6.788355588912964 0.13959217071533203 -957.4519244784133 68.1567469901346
6.7718822956085205 0.14136099815368652 -965.8856820212841 76.5905045330054
6.710880994796753 0.13162970542907715 -946.1600035464023 56.86482605812364
6.750895023345947 0.15389633178710938 -966.1665143452622 76.87133685698348
6.792418956756592 0.14324164390563965 -959.1110523837452 69.81587489546655
6.732850074768066 0.13799238204956055 -959.0359749633349 69.74079747505618
6.687392234802246 0.1323840618133545 -956.7482550268686 67.45307753858992
6.781024694442749 0.14393997192382812 -954.5559572221794 65.26077973390068
6.784570693969727 0.1395740509033203 -960.3990189893054 71.10384150102675
6.701965808868408 0.1405339241027832 -951.2195376253653 61.92436013708664
6.74053692817688 0.13914155960083008 -967.7263140997109 78.43113661143218
6.808649301528931 0.1413877010345459 -944.5666817993517 55.271504311073045
6.71704363822937 0.1359729766845703 -966.5253821256925 77.23020463741386
6.729381084442139 0.1377100944519043 -960.6867526457092 71.39157515743057
6.752363204956055 0.13819026947021484 -949.8036292247347 60.50845173645598
6.745225667953491 0.1372218132019043 -963.2502872242774 73.95510973599869
6.748265266418457 0.13529419898986816 -954.4885115856603 65.19333409738158
6.7833685874938965 0.14374518394470215 -955.8757857959861 66.5806083077074
6.758770942687988 0.14336585998535156 -956.7840578011217 67.48888031284298
6.769351243972778 0.14250659942626953 -950.8432904838266 61.54811299554797
6.687067031860352 0.1316511631011963 -960.5411030094202 71.24592552114154
6.773123741149902 0.13989925384521484 -960.0863634712007 70.791185982922
6.762582778930664 0.13796353340148926 -963.013759001459 73.71858151318031
6.702157974243164 0.1340632438659668 -963.5900193829314 74.29484189465268
6.782508611679077 0.14357590675354004 -953.7673605903077 64.47218310202902
6.798727512359619 0.1412351131439209 -957.1741054895199 67.8789280012412
6.747908592224121 0.1433119773864746 -969.634092401062 80.33891491278337
6.639621734619141 0.12906885147094727 -939.444195828941 50.14901834066234
6.669899940490723 0.13151001930236816 -962.0603957057054 72.76521821742676
6.70929479598999 0.1313014030456543 -951.1658617647204 61.87068427644169
6.69382643699646 0.13402581214904785 -966.8552000872698 77.56002259899117
6.643517255783081 0.12702012062072754 -964.4939564365283 75.19877894824958
6.673055171966553 0.13264679908752441 -953.9182096479706 64.62303215969189
6.697305202484131 0.1346268653869629 -960.2813118843019 70.9861343960232
6.655502557754517 0.1317887306213379 -956.3583673610387 67.06318987276006
6.6395957469940186 0.1291506290435791 -943.5939871796513 54.29880969137264
6.673224449157715 0.1298980712890625 -963.1273880850574 73.83221059677874
6.666022539138794 0.12942075729370117 -953.4411971118748 64.14601962359609
6.68708872795105 0.1319584846496582 -961.4370097121127 72.14183222383406
6.652231693267822 0.1374492645263672 -963.7223186326952 74.42714114441651
6.657637596130371 0.13296914100646973 -959.7373498858622 70.44217239758348
6.679346323013306 0.13567590713500977 -948.3420056590691 59.04682817079038
6.676880121231079 0.13313508033752441 -953.6451037726754 64.3499262843967
6.661238670349121 0.13232111930847168 -954.1698323312637 64.87465484298502
6.63782811164856 0.13168573379516602 -956.9941330020914 67.69895551381273
6.648624897003174 0.12953710556030273 -957.037926953652 67.74274946537332
6.7656214237213135 0.14457464218139648 -958.8290344408585 69.53385695257987
6.801608324050903 0.14154362678527832 -959.6984299222308 70.40325243395216
6.637586832046509 0.13077569007873535 -954.0966774590524 64.80149997077376
6.657304763793945 0.1282789707183838 -966.3334070310356 77.03822954275688
6.670033693313599 0.13224482536315918 -963.3767444211489 74.08156693287026
6.670595645904541 0.13205361366271973 -951.2624251599805 61.967247671701784
6.666284084320068 0.13105106353759766 -967.5350534841718 78.23987599589316
6.627281188964844 0.13336443901062012 -966.1185073850008 76.82332989672216
6.6742024421691895 0.13228511810302734 -952.3257718804314 63.03059439215269
6.659994602203369 0.12935185432434082 -960.8887761007699 71.59359861249118
6.677934169769287 0.1316227912902832 -957.5400091038275 68.24483161554883
6.645969390869141 0.13066530227661133 -955.5582070899254 66.26302960164674
6.6690309047698975 0.13223838806152344 -951.5648184975252 62.26964100924647
6.681420087814331 0.13257718086242676 -955.9715064769621 66.6763289886834
6.678127765655518 0.13304495811462402 -957.3984381329717 68.10326064469302
6.746957302093506 0.1412053108215332 -949.3303512130541 60.035173724775404
6.649507284164429 0.13011431694030762 -964.9791385943947 75.68396110611604
6.656316518783569 0.13123869895935059 -964.2235954471131 74.92841795883442
6.680361986160278 0.13378596305847168 -965.6747916195471 76.37961413126845
6.657835006713867 0.13220953941345215 -958.7576735857219 69.46249609744325
6.65186882019043 0.129136323928833 -958.2287202243105 68.93354273603177
6.698765277862549 0.1329808235168457 -961.4041856222984 72.10900813401975
6.669351816177368 0.13080120086669922 -959.8876271835471 70.59244969526844
6.8094024658203125 0.14481902122497559 -955.3334536937354 66.03827620545667
6.777632236480713 0.14375638961791992 -962.9673694485813 73.6721919603026
6.719369649887085 0.1365361213684082 -958.4074569486218 69.11227946034307
6.6657395362854 0.12864923477172852 -960.6370041274172 71.3418266391385
6.670708179473877 0.13265585899353027 -965.8608049502216 76.56562746194288
6.6514527797698975 0.13053679466247559 -943.9837411586229 54.68856367034425
6.680996417999268 0.13028883934020996 -947.2354145099964 57.940237021717735
6.677408456802368 0.1340162754058838 -968.2324344227989 78.93725693452018
6.674721717834473 0.1291811466217041 -964.9584722797472 75.6632947914685
6.636990308761597 0.12880897521972656 -957.3610504071327 68.06587291885398
6.798878908157349 0.14018821716308594 -953.867079366346 64.57190187806737
6.674978733062744 0.13288354873657227 -948.557786167985 59.26260867970632
6.672488212585449 0.12872743606567383 -956.2910093148189 66.99583182654021
6.683168649673462 0.13250970840454102 -967.7263140997109 78.43113661143218
6.644351959228516 0.1260817050933838 -967.447230970002 78.15205348172333
6.67406153678894 0.1372978687286377 -955.0424891496305 65.74731166135177
6.684769153594971 0.13592004776000977 -952.8860208329648 63.590843344686164
6.664267301559448 0.12982654571533203 -955.5864945954302 66.29131710715149
6.652292728424072 0.13106298446655273 -955.3806682975767 66.085490809298
6.705675840377808 0.1357288360595703 -957.1166401490605 67.82146266078178
6.723809480667114 0.1356337070465088 -952.537714519972 63.24253703169336
6.658720970153809 0.12873578071594238 -940.0229807536534 50.727803265374746
6.636919260025024 0.12968015670776367 -959.2687108654121 69.97353337713344
6.655057668685913 0.13014984130859375 -956.0286972046416 66.73351971636293
6.65869665145874 0.1284937858581543 -958.3023565586245 69.00717907034584
6.666177749633789 0.13917088508605957 -961.3129317590981 72.01775427081941
6.6810619831085205 0.13013315200805664 -951.5445999977851 62.24942250950642
6.662838697433472 0.13383913040161133 -965.5956738713376 76.30049638305888
6.658959150314331 0.13173532485961914 -959.9833405039082 70.68816301562947
6.677978754043579 0.1292402744293213 -955.6831432188114 66.38796573053276
6.648001432418823 0.1271824836730957 -951.3269031725422 62.031725684263506
6.6204588413238525 0.12864971160888672 -941.6047469532512 52.30956946497247
6.649593353271484 0.13067388534545898 -959.2318603453122 69.93668285703347
6.638724327087402 0.1290268898010254 -954.2534365948155 64.95825910653684
6.6701881885528564 0.1290884017944336 -948.9372821736542 59.64210468537556
6.646893501281738 0.13345074653625488 -964.0162020230541 74.72102453477544
6.66422438621521 0.13391852378845215 -966.2479823537877 76.95280486550905
6.655620574951172 0.12926077842712402 -956.8380858643742 67.54290837609551
6.698235273361206 0.1305992603302002 -956.801359662541 67.50618217426234
6.63002872467041 0.13248753547668457 -957.8461745730092 68.55099708473051
6.659736394882202 0.13032817840576172 -949.8193424991512 60.52416501087248
6.6684863567352295 0.13013005256652832 -953.4707309602175 64.17555347193877
6.683720350265503 0.1296854019165039 -954.0909844009987 64.79580691271997
6.655043125152588 0.12717580795288086 -955.7409094567693 66.44573196849058
6.623262882232666 0.1279892921447754 -953.4241146171566 64.12893712887796
6.671900272369385 0.13489174842834473 -956.005846262764 66.71066877448527
6.657553672790527 0.13105487823486328 -951.58812055982 62.292943071541345
6.636626243591309 0.12639808654785156 -953.8648895697013 64.56971208142261
6.629047870635986 0.13120722770690918 -964.4467617689508 75.15158428067207
6.708217144012451 0.13428831100463867 -959.2032958108438 69.90811832256509
6.701728582382202 0.13330650329589844 -952.5410400806072 63.245862592328535
6.618624448776245 0.1257638931274414 -942.7911013195211 53.49592383124241
6.648908615112305 0.13251805305480957 -968.7071436712895 79.4119661830108
6.611187696456909 0.12622475624084473 -967.7263140997109 78.43113661143218
6.650216102600098 0.13035082817077637 -954.9197604934074 65.62458300512867
6.6548895835876465 0.13108277320861816 -960.808638594589 71.51346110631027
6.7960968017578125 0.14164304733276367 -952.1271335931607 62.83195610488201
6.653936147689819 0.12899279594421387 -958.5348876238397 69.23971013556104
6.682754039764404 0.1313643455505371 -969.043059210899 79.74788172262026
6.711856365203857 0.1320652961730957 -959.5188376976766 70.22366020939796
6.6595306396484375 0.13678574562072754 -962.9045781514262 73.60940066314754
6.622476100921631 0.12646794319152832 -957.3796771190152 68.08449963073656
6.660197973251343 0.13200902938842773 -958.6789223262265 69.3837448379478
6.711090803146362 0.13497495651245117 -960.8947455554561 71.59956806717742
6.732735872268677 0.1351630687713623 -960.1075023497921 70.81232486151339
6.667620420455933 0.13205790519714355 -963.9920216636021 74.69684417532346
6.677083730697632 0.13137078285217285 -963.7743246308717 74.47914714259298
6.682115316390991 0.12967801094055176 -967.5977878382695 78.3026103499908
6.6784117221832275 0.12973737716674805 -956.2307910223293 66.93561353405062
6.782718896865845 0.14175820350646973 -965.272480509924 75.9773030216453
6.629586219787598 0.1253669261932373 -953.680986187763 64.3858086994843
6.639899492263794 0.12785601615905762 -970.1109343992539 80.81575691097521
6.64460301399231 0.12786006927490234 -953.7738805805411 64.47870309226244
6.653635740280151 0.1294565200805664 -968.9192814361433 79.62410394786457
6.643606662750244 0.13166379928588867 -967.4067845926684 78.11160710438969
6.650121688842773 0.12961363792419434 -957.3589515048726 68.06377401659392
6.6543378829956055 0.12794995307922363 -950.8030060518843 61.507828563605585
6.6482017040252686 0.13081932067871094 -953.9343483444319 64.63917085615321
6.612812519073486 0.12657904624938965 -955.2619798523806 65.96680236410191
6.666960000991821 0.13389325141906738 -960.342665838582 71.0474883503033
6.665835857391357 0.1271653175354004 -962.4881346093853 73.19295712110659
6.635868549346924 0.13064002990722656 -966.7994263753658 77.5042488870871
6.621768474578857 0.13232755661010742 -962.5175015990794 73.22232411080074
6.635710000991821 0.12616467475891113 -947.121775006846 57.82659751856727
6.632546663284302 0.1255183219909668 -965.3161004475448 76.02092295926616
6.646237134933472 0.1296379566192627 -951.8808186253184 62.585641137039715
6.639293193817139 0.13167667388916016 -950.0605339232194 60.76535643494071
6.630473375320435 0.12667393684387207 -956.5503850959085 67.25520760762981
6.6495466232299805 0.12676119804382324 -956.1379505484488 66.84277306017009
6.614176273345947 0.12646770477294922 -955.7598528073088 66.4646753190301
6.7077765464782715 0.1320171356201172 -941.5858961488888 52.29071866061008
6.617339611053467 0.12737202644348145 -948.0861350500668 58.790957561788105
6.635821580886841 0.1288013458251953 -942.4959305768064 53.20075308852768
6.676893711090088 0.13062477111816406 -957.8788795678215 68.58370207954283
6.643333435058594 0.1303577423095703 -964.1318335967081 74.83665610842945
6.603283166885376 0.12681078910827637 -963.9113522153298 74.61617472705109
6.610256910324097 0.12572026252746582 -951.8980950307941 62.602917542515456
6.6160969734191895 0.1348555088043213 -953.7925355548423 64.4973580665636
6.614062070846558 0.12752628326416016 -964.8857120492876 75.5905345610089
6.579517602920532 0.1259772777557373 -948.7627286244627 59.467551136184056
6.611464262008667 0.12694287300109863 -955.9174973139777 66.62231982569904
6.597108602523804 0.12485599517822266 -956.1135613662867 66.81838387800804
6.610044479370117 0.12849092483520508 -953.53605771616 64.24088022788135
6.632068157196045 0.12613511085510254 -949.8386689712289 60.54349148295023
6.5895304679870605 0.12404608726501465 -944.2605519571572 54.96537446887851
6.6278076171875 0.12661480903625488 -968.51914267851 79.2239651902313
6.6694371700286865 0.1345992088317871 -961.8813473507714 72.58616986249274
6.630086421966553 0.1268613338470459 -953.2945701744177 63.999392686139004
6.608975410461426 0.12997794151306152 -955.7126965117039 66.41751902342526
6.641650676727295 0.12541866302490234 -946.5943614190717 57.29918393079299
6.655174493789673 0.1313765048980713 -963.606046415671 74.31086892739233
6.626902103424072 0.12403535842895508 -959.5571835363901 70.2620060481114
6.594106435775757 0.12575101852416992 -964.0098806326141 74.71470314433543
6.618103504180908 0.12324118614196777 -952.6878123195959 63.392634831317196
6.620283842086792 0.12670588493347168 -964.036182527683 74.74100503940429
6.598920106887817 0.12473583221435547 -960.9989942635716 71.70381677529292
6.607028007507324 0.1272599697113037 -967.1806395947765 77.88546210649781
6.5821826457977295 0.12614655494689941 -963.8184641589175 74.52328667063887
6.596072196960449 0.1219933032989502 -952.1481488598113 62.85297137153259
