6.767673492431641 0.14238524436950684 -975.3206398430218 131.780192018123
6.8219616413116455 0.14885497093200684 -982.7505820947616 139.2101342698628
6.875198125839233 0.1476759910583496 -969.5721601084556 126.03171228355677
6.7950217723846436 0.1473236083984375 -981.8556107563222 138.3151629314234
6.748584032058716 0.13613486289978027 -977.2951442401154 133.75469641521659
6.845926761627197 0.15698790550231934 -971.405526825927 127.86507900102822
6.838848829269409 0.14475321769714355 -941.3762107184338 97.83576289353493
6.718591213226318 0.14499425888061523 -963.8060612479262 120.26561342302739
6.783933877944946 0.1448981761932373 -967.9101979052512 124.36975008035233
6.857423305511475 0.1456911563873291 -957.8579835992649 114.31753577436609
6.87571382522583 0.15653562545776367 -965.8324517509753 122.29200392607652
6.767204999923706 0.15673160552978516 -980.6016678190907 137.0612199941919
6.801250696182251 0.14009332656860352 -978.272069009393 134.7316211844942
6.836129426956177 0.14533472061157227 -964.8187614474286 121.27831362252982
6.792560577392578 0.14165472984313965 -974.2060569608705 130.66560913597164
6.800231456756592 0.1487433910369873 -952.1825035453143 108.64205572041544
6.811323404312134 0.14436984062194824 -973.547453961372 130.00700613647314
6.741544485092163 0.13524103164672852 -982.8754412175657 139.3349933926669
6.882717132568359 0.1482679843902588 -961.4514429546488 117.91099512974995
6.898815870285034 0.15593528747558594 -982.8754412175657 139.3349933926669
6.754612684249878 0.13651180267333984 -965.3100098637225 121.76956203882366
6.737775564193726 0.13638901710510254 -976.4756719354741 132.9352241105753
6.866858959197998 0.14648818969726562 -957.242695587795 113.70224776289615
6.849112033843994 0.14442873001098633 -965.5260057219676 121.98555789706882
6.743396043777466 0.1393909454345703 -978.4834430073929 134.9429951824941
6.808168888092041 0.14579176902770996 -979.4235333218048 135.883085496906
6.845431804656982 0.14831113815307617 -972.5203787573205 128.97993093242167
6.8084869384765625 0.14206552505493164 -967.223334400669 123.68288657577023
6.80377197265625 0.14829134941101074 -963.1699964814735 119.62954865657468
6.794743061065674 0.1433863639831543 -979.4544985916865 135.91405076678768
6.793290853500366 0.14223670959472656 -972.5789447264533 129.03849690155448
6.840440034866333 0.14356374740600586 -981.6407399988607 138.10029217396186
6.829545974731445 0.15728974342346191 -977.4826845280263 133.9422367031275
6.73194432258606 0.1369791030883789 -974.8988804479452 131.35843262304638
6.7988831996917725 0.14617228507995605 -970.4690022220373 126.92855439713844
6.878068208694458 0.15259337425231934 -972.1919884392548 128.651540614356
6.913807392120361 0.15210938453674316 -982.8754412175657 139.3349933926669
6.798435926437378 0.1535491943359375 -978.3646276008252 134.82417977592638
6.821309804916382 0.1448209285736084 -974.2826236977656 130.74217587286682
6.836315155029297 0.14725995063781738 -964.6190241668605 121.0785763419617
6.869115591049194 0.14870381355285645 -964.389129131888 120.84868130698919
6.803331136703491 0.1452651023864746 -962.2335344895048 118.69308666460597
6.795233726501465 0.14578962326049805 -967.5470389418026 124.00659111690379
6.733327150344849 0.1347670555114746 -956.9061401587948 113.36569233389594
6.852118968963623 0.14891791343688965 -979.9315477978478 136.39109997294895
6.9712443351745605 0.15838885307312012 -975.5081496958687 131.9677018709699
6.780090808868408 0.1436772346496582 -964.0141394423446 120.47369161744575
6.860076665878296 0.15466690063476562 -981.425425243956 137.88497741905724
6.889235496520996 0.1479511260986328 -975.9993241067428 132.45887628184403
6.870768308639526 0.15136003494262695 -980.3168387105702 136.7763908856714
6.737337112426758 0.14259004592895508 -964.4793682433236 120.9389204184248
6.803962707519531 0.1405191421508789 -965.1861993168923 121.64575149199345
6.814936876296997 0.15140533447265625 -970.7273219153612 127.18687409046242
6.883311748504639 0.1475832462310791 -961.7967778457212 118.25633002082236
6.780203342437744 0.14292287826538086 -966.1601958667866 122.61974804188776
6.79734206199646 0.13862991333007812 -967.0158621621174 123.47541433721858
6.874429225921631 0.1475820541381836 -972.0763988722675 128.5359510473687
6.890787363052368 0.16187071800231934 -963.6737131169148 120.13326529201595
6.808604717254639 0.14229536056518555 -982.7505820947616 139.2101342698628
6.741239070892334 0.1330416202545166 -976.0610302485832 132.52058242368435
6.875004768371582 0.14475631713867188 -981.0677834869698 137.52733566207098
6.870127439498901 0.14897584915161133 -981.0776542267574 137.5372064018586
6.809110641479492 0.14185404777526855 -955.368648588844 111.82820076394523
6.803319215774536 0.1535191535949707 -960.0018394809438 116.46139165604495
6.860600471496582 0.14946365356445312 -965.3498237605893 121.80937593569047
6.87227725982666 0.14749598503112793 -972.2547576910852 128.71430986618634
6.985736608505249 0.15578413009643555 -959.8284159714203 116.28796814652151
6.792873859405518 0.14423871040344238 -976.636734344519 133.0962865196202
6.8521409034729 0.1445481777191162 -980.5381982306485 136.99775040574968
6.846654415130615 0.1474301815032959 -953.3662574480652 109.82580962316638
6.91743016242981 0.16879487037658691 -975.0465304067641 131.50608258186526
6.847082853317261 0.14763689041137695 -975.7883084202555 132.24786059535666
6.749411106109619 0.1360454559326172 -958.4379602322483 114.8975124073495
6.859670162200928 0.15301251411437988 -979.5143122754747 135.9738644505759
6.837874412536621 0.14568710327148438 -966.0428740863326 122.50242626143381
6.809751033782959 0.13973188400268555 -983.0143827785952 139.47393495369636
6.806400299072266 0.15079879760742188 -967.1013021976353 123.56085437273646
6.85919976234436 0.14975905418395996 -967.5116814478276 123.97123362292882
6.856738567352295 0.15018701553344727 -978.9642482793024 135.4238004544036
6.893924236297607 0.15430688858032227 -970.4583174752865 126.91786965038773
6.803586959838867 0.14325690269470215 -973.8131657494794 130.27271792458055
6.770764589309692 0.1384882926940918 -962.1526559563456 118.61220813144678
6.884066104888916 0.1511547565460205 -956.647238607269 113.10679078237013
6.925859451293945 0.1562049388885498 -960.8849494086639 117.34450158376512
6.796202659606934 0.15290379524230957 -976.2999430575095 132.75949523261067
6.8179237842559814 0.14778399467468262 -975.6041613326761 132.06371350777727
6.84110689163208 0.14558792114257812 -964.0204751756996 120.48002735080081
6.901095628738403 0.15505504608154297 -978.4139959146717 134.87354808977284
6.81574010848999 0.14597511291503906 -981.5941366844659 138.05368885956705
6.815272331237793 0.14661264419555664 -963.3726200851534 119.83217226025454
6.836068153381348 0.1479942798614502 -964.6423146561125 121.10186683121367
6.834674835205078 0.14404535293579102 -962.2853300010556 118.7448821761568
6.923961162567139 0.1526648998260498 -963.5599001405054 120.0194523156066
6.787984132766724 0.14727330207824707 -967.760971272849 124.2205234479502
6.787281274795532 0.14018726348876953 -964.0589045594292 120.51845673453033
6.875118017196655 0.1476132869720459 -972.6533639031272 129.1129160782284
6.909054756164551 0.15482425689697266 -982.8717012781829 139.33125345328403
6.7501914501190186 0.14460992813110352 -970.7661748011462 127.22572697624742
6.770902872085571 0.14704108238220215 -968.4853037005737 124.94485587567488
6.875137090682983 0.14859747886657715 -957.4302210046828 113.88977317978402
6.862372398376465 0.14496588706970215 -980.5999129517329 137.05946512683408
6.8106536865234375 0.15988659858703613 -977.0101209553097 133.4696731304109
6.796929359436035 0.14080595970153809 -976.6648154654732 133.1243676405744
6.816485643386841 0.14334321022033691 -977.5887630191328 134.04831519423396
6.808095932006836 0.14015674591064453 -969.1682811073886 125.62783328248975
6.838777303695679 0.14664888381958008 -979.492891002501 135.95244317760216
6.777042865753174 0.1425466537475586 -978.0487739039446 134.5083260790458
6.739734888076782 0.13652539253234863 -982.7505820947616 139.2101342698628
6.867836236953735 0.148087739944458 -961.3912968283532 117.85084900345441
6.870603561401367 0.14829730987548828 -957.4228845244545 113.88243669955568
6.72815465927124 0.13506674766540527 -981.0677834869698 137.52733566207098
6.781666040420532 0.14313507080078125 -982.7505820947616 139.2101342698628
6.869360685348511 0.1488971710205078 -978.5208351701027 134.9803873452039
6.8511412143707275 0.15338945388793945 -965.0463672339806 121.5059194090818
6.752367258071899 0.1424868106842041 -955.8143095438468 112.27386171894796
6.819774389266968 0.14281892776489258 -964.3035349839183 120.7630871590195
6.849443435668945 0.1534583568572998 -967.795965030012 124.25551720511316
6.849330186843872 0.14545989036560059 -980.5342087932906 136.99376096839183
7.564540147781372 0.15409016609191895 -966.064319016474 122.52387119157515
6.751491069793701 0.13932013511657715 -957.8205222107114 114.28007438581255
6.750622510910034 0.13692927360534668 -966.0220712715947 122.48162344669583
6.908982992172241 0.15166759490966797 -975.6419889354146 132.10154111051577
6.829663276672363 0.1500558853149414 -977.1762917784517 133.63584395355292
6.71668815612793 0.13842129707336426 -977.5991359372979 134.05868811239907
6.80123233795166 0.14260506629943848 -968.0965657999556 124.55611797505674
6.891878843307495 0.15434861183166504 -972.6883422116339 129.14789438673506
6.841833591461182 0.14356470108032227 -976.2719428861183 132.73149506121945
6.764759063720703 0.1486189365386963 -961.8376629040614 118.29721507916258
6.777295827865601 0.14199376106262207 -979.2412166214979 135.70076879659905
6.7998552322387695 0.1550312042236328 -958.5426125482288 115.00216472333
6.860951900482178 0.14593839645385742 -963.64330129758 120.1028534726812
6.765161514282227 0.14712977409362793 -981.9053266208875 138.36487879598872
6.731910228729248 0.13672113418579102 -965.1115781719602 121.5711303470614
6.82886528968811 0.14069819450378418 -969.9340649955295 126.3936171706307
6.865138053894043 0.14848732948303223 -983.0143827785952 139.47393495369636
6.724224090576172 0.13875865936279297 -976.5067101716418 132.96626234674295
6.7170774936676025 0.14367437362670898 -961.1219641697835 117.58151634488468
6.845573663711548 0.1462712287902832 -975.7700411147216 132.2295932898228
7.142830848693848 0.17312216758728027 -955.4716787025604 111.93123087766162
6.74708890914917 0.13924169540405273 -966.6508211459437 123.1103733210449
6.731715202331543 0.14296865463256836 -973.9437512184073 130.4033033935085
6.812325716018677 0.14568305015563965 -964.5237159848805 120.98326815998166
6.788441181182861 0.13998723030090332 -959.8885283366058 116.34808051170694
6.863739490509033 0.1438891887664795 -963.7759146338385 120.23546680893969
6.743300437927246 0.1391279697418213 -966.3043999616289 122.76395213673004
6.8213348388671875 0.14087677001953125 -974.6709680498159 131.13052022491706
6.7413880825042725 0.13873958587646484 -979.7988066475987 136.25835882269985
6.814053297042847 0.1429004669189453 -982.1309253127534 138.59047748785463
6.743555307388306 0.14497041702270508 -962.8501319736732 119.30968414877441
6.7428858280181885 0.14632081985473633 -981.958277664935 138.41782984003623
6.820496320724487 0.14745879173278809 -978.5350693991732 134.99462157427433
6.860182046890259 0.15196967124938965 -979.9031332045095 136.36268537961064
6.71339750289917 0.13991260528564453 -976.178484594342 132.63803676944315
6.779062509536743 0.1435551643371582 -958.3233176240033 114.78286979910445
6.854862451553345 0.14726042747497559 -982.7505820947616 139.2101342698628
6.752177476882935 0.1398625373840332 -969.7068028752594 126.16635505036061
6.73446798324585 0.13908004760742188 -957.7947757733205 114.25432794842163
6.734081506729126 0.13938093185424805 -982.7505820947616 139.2101342698628
6.830283880233765 0.14513683319091797 -982.7810857645173 139.24063793961852
6.817710876464844 0.1441199779510498 -963.6903343590816 120.14988653418277
6.787592649459839 0.1473395824432373 -972.2035280852001 128.66308026030129
6.718273401260376 0.1370244026184082 -968.5402289269575 124.9997811020587
6.7595813274383545 0.14037322998046875 -975.6567167678635 132.11626894296467
6.867171764373779 0.15196871757507324 -961.2747262604823 117.73427843558352
6.802293300628662 0.1467595100402832 -979.2149300561136 135.67448223121482
6.715855360031128 0.13475346565246582 -981.8254798819653 138.28503205706647
6.742462873458862 0.13761329650878906 -963.6737131169148 120.13326529201595
6.8137829303741455 0.14712762832641602 -973.4856098017467 129.94516197684788
6.695770263671875 0.1288280487060547 -957.4458526237709 113.90540479887204
6.729424476623535 0.13740038871765137 -981.1082169406732 137.56776911577435
6.734318256378174 0.13608407974243164 -960.3879014181597 116.84745359326087
6.882128477096558 0.14797115325927734 -971.3285541562186 127.7881063313198
6.690083742141724 0.13409805297851562 -966.6678910750545 123.1274432501557
6.75429368019104 0.14414262771606445 -968.3671043105583 124.82665648565944
6.764981985092163 0.13863754272460938 -966.9072388558591 123.36679103096026
6.7896435260772705 0.13911128044128418 -972.4444092029842 128.90396137808534
6.8022308349609375 0.14411282539367676 -974.9301934607316 131.3897456358328
6.762949705123901 0.13933157920837402 -965.7733539388239 122.23290611392508
6.795056581497192 0.13735723495483398 -968.6313115342641 125.0908637093653
6.781689167022705 0.14588093757629395 -976.0646430681882 132.52419524328934
6.863012790679932 0.1430056095123291 -963.7947303548992 120.25428253000041
6.760105133056641 0.13775372505187988 -965.7032730820163 122.16282525711745
6.728258848190308 0.13454413414001465 -970.7352481063904 127.19480028149155
6.795708894729614 0.1482372283935547 -982.8754412175657 139.3349933926669
6.771080493927002 0.1401228904724121 -982.5673738848066 139.02692605990774
6.721971035003662 0.13555312156677246 -967.963400889914 124.42295306501524
6.750089645385742 0.14048075675964355 -982.7505820947616 139.2101342698628
6.843424320220947 0.14891982078552246 -965.683405316407 122.14295749150813
6.867430686950684 0.14762306213378906 -968.5302822107813 124.98983438588243
6.824820518493652 0.1402122974395752 -972.412560741288 128.87211291638914
6.765218734741211 0.13822174072265625 -972.0739393075812 128.5334914826824
6.784542798995972 0.1413278579711914 -978.4738901129267 134.9334422880279
6.790300607681274 0.1388230323791504 -977.3390829276482 133.79863510274936
6.796814441680908 0.13862395286560059 -966.1971678803411 122.65672005544229
6.752012491226196 0.13897919654846191 -970.7273219153612 127.18687409046242
6.806334972381592 0.13909554481506348 -978.9873062510669 135.4468584261681
6.764366626739502 0.1410365104675293 -955.8586931943462 112.31824536944737
6.8126678466796875 0.14475703239440918 -980.2727041540634 136.73225632916456
6.704840421676636 0.1376502513885498 -976.1589890560394 132.61854123114063
6.809097051620483 0.1459963321685791 -963.2905962428174 119.75014841791858
