6.615539312362671 0.1267871856689453 -958.7556495405042 64.44532336012082
6.611572027206421 0.12932920455932617 -960.0115694836622 65.70124330327883
6.611645698547363 0.12679409980773926 -958.8443241470461 64.5339979666627
6.619678735733032 0.12807893753051758 -954.1470777773486 59.8367515969652
6.930310964584351 0.1377880573272705 -957.9838504703773 63.67352428999391
6.593960762023926 0.12441134452819824 -951.4727066986691 57.16238051828566
6.622216701507568 0.1282956600189209 -953.1314526461107 58.821126465727275
6.607775688171387 0.12643766403198242 -962.7063168277438 68.39599064736035
6.604166507720947 0.12621831893920898 -962.2266443350796 67.91631815469623
6.686635255813599 0.1288762092590332 -957.4632773418381 63.152951161454666
6.6376378536224365 0.1262977123260498 -952.835868830647 58.52554265026356
6.655165195465088 0.1283092498779297 -957.5438485587581 63.23352237837469
6.590298175811768 0.12596678733825684 -955.4644514647871 61.154125284403676
6.626424551010132 0.1292884349822998 -957.474554680929 63.16422850054562
6.614997625350952 0.1253678798675537 -957.751603282516 63.44127710213263
6.606513738632202 0.1236579418182373 -958.9816179336015 64.67129175321804
6.619339942932129 0.12546968460083008 -960.5138265587989 66.20350037841547
6.605168581008911 0.1274852752685547 -957.9156927181257 63.60536653774227
6.687596321105957 0.13001513481140137 -960.527629187023 66.21730300663955
6.663142681121826 0.12865948677062988 -954.8348351442276 60.52450896384414
6.654214382171631 0.1293199062347412 -954.3347011943699 60.024375013986514
6.618820667266846 0.1303999423980713 -959.8600874398817 65.54976125949827
6.608181715011597 0.1276252269744873 -957.3310608303609 63.0207346499775
6.611059188842773 0.12853336334228516 -958.3684337759881 64.05810759560472
6.851153612136841 0.13984084129333496 -962.8439200312464 68.53359385086299
6.574756383895874 0.12361955642700195 -958.1620262525632 63.851700072179824
6.635314702987671 0.12959814071655273 -960.8845598928838 66.57423371250036
6.604170083999634 0.12835001945495605 -962.0641787257764 67.75385254539299
6.594706296920776 0.12298893928527832 -954.7749266257763 60.464600445392875
6.572993278503418 0.12328028678894043 -959.8367831707599 65.52645699037646
6.63709020614624 0.12463593482971191 -954.6667707228578 60.35644454247438
6.640432834625244 0.12339186668395996 -957.6190547893174 63.30872860893396
6.627740144729614 0.1275346279144287 -961.1125603963721 66.80223421598873
6.6192545890808105 0.12340188026428223 -956.3202077624094 62.00988158202597
6.570274591445923 0.12369537353515625 -953.0739136632313 58.763587482847925
6.576040506362915 0.12098312377929688 -956.1720723538907 61.8617461735073
6.590503931045532 0.12286114692687988 -957.5157912281766 63.205465047793155
6.5825514793396 0.12371134757995605 -954.1697502708579 59.85942409047448
6.53878378868103 0.12077975273132324 -958.3684337759881 64.05810759560472
6.579870939254761 0.12242245674133301 -956.5390583667672 62.22873218638381
6.58701229095459 0.12158989906311035 -957.8517647435681 63.54143856318467
6.58260703086853 0.12526965141296387 -948.030371846464 53.72004566608064
6.555675029754639 0.12366080284118652 -963.2352795091841 68.92495332880071
6.605705499649048 0.12336182594299316 -953.575315858008 59.26498967762461
6.6120312213897705 0.126572847366333 -962.9782910866513 68.66796490626791
6.582448482513428 0.12185883522033691 -961.5785051799412 67.26817899955779
6.580362796783447 0.12143516540527344 -960.3978588390779 66.0875326586945
6.606873512268066 0.12404584884643555 -958.8061606348072 64.49583445442374
6.61505389213562 0.12292981147766113 -956.7665019954844 62.456175815101005
6.569838523864746 0.12305450439453125 -961.2676229311887 66.95729675080531
6.58285665512085 0.12103152275085449 -961.6155169220714 67.30519074168797
6.595750570297241 0.12300491333007812 -951.8016989571388 57.491372776755384
6.570104122161865 0.11961770057678223 -960.8895199703816 66.57919378999816
6.569055080413818 0.12204885482788086 -959.5048342515254 65.19450807114197
6.594437122344971 0.12944412231445312 -956.3195594051522 62.009233224768764
6.551171541213989 0.12141919136047363 -956.1720723538907 61.8617461735073
6.559744358062744 0.12255263328552246 -956.6059931544752 62.29566697409177
6.5737621784210205 0.12514948844909668 -958.6965870858812 64.3862609054978
6.561100006103516 0.12057232856750488 -953.9700232874957 59.659697107112265
6.540567398071289 0.12206029891967773 -956.3956457167792 62.08531953639579
6.556242942810059 0.11992406845092773 -957.1911867141473 62.880860533763894
6.557053565979004 0.1213538646697998 -957.5192828103121 63.20895662992871
6.572275876998901 0.12108540534973145 -961.0014718522854 66.69114567190195
6.7453343868255615 0.13254737854003906 -955.3086707575052 60.99834457712177
6.868817329406738 0.13610529899597168 -960.2010891795712 65.89076299918781
6.575384855270386 0.12633824348449707 -958.4216181181569 64.11129193777344
6.555305242538452 0.12127256393432617 -955.2502143100043 60.93988812962084
6.575197458267212 0.12517595291137695 -956.3551160725358 62.04478989215238
6.549119710922241 0.12093544006347656 -958.920393836823 64.61006765643958
6.566215515136719 0.12280964851379395 -954.3724934224543 60.06216724207093
6.5963287353515625 0.12583374977111816 -956.536267773037 62.22594159265361
6.590209007263184 0.12260985374450684 -960.5792922886259 66.26896610824247
6.608886003494263 0.12643790245056152 -957.5155709170454 63.20524473666194
6.596310138702393 0.12175488471984863 -960.972020163854 66.66169398347063
6.5965256690979 0.1253190040588379 -957.5311710537724 63.220844873388955
6.600117921829224 0.12503409385681152 -956.8706354116882 62.560309231304814
6.5657806396484375 0.12016439437866211 -957.8369444096687 63.526618229285305
6.6287925243377686 0.12452173233032227 -956.9912172026714 62.68089102228794
6.606748580932617 0.12442541122436523 -958.2533234662594 63.942997285876004
6.615329027175903 0.12638139724731445 -958.3328915697575 64.02256538937411
6.61625075340271 0.12555694580078125 -961.8382537281412 67.52792754775783
6.608680963516235 0.1262068748474121 -948.616734818122 54.30640863773863
6.646267890930176 0.14794087409973145 -955.3258148564958 61.01548867611234
6.606494188308716 0.1252429485321045 -957.2716228486672 62.96129666828381
6.579179763793945 0.12372827529907227 -957.2546949260757 62.94436874569226
6.582648754119873 0.1242837905883789 -954.2239577232826 59.913631542899225
6.604565858840942 0.12471842765808105 -958.3504294398765 64.0401032594931
6.61134672164917 0.12301135063171387 -956.6314241840848 62.32109800370142
6.6218321323394775 0.12607645988464355 -955.7101470589391 61.399820878555715
6.590027332305908 0.12701916694641113 -964.2290543119727 69.91872813158932
6.624772310256958 0.12950396537780762 -962.5076608470304 68.19733466664695
6.6089184284210205 0.12229228019714355 -958.6142986367595 64.30397245637607
6.594759702682495 0.12791109085083008 -956.1329952005619 61.82266902017852
6.618256330490112 0.13081836700439453 -956.6101778493395 62.29985166895608
6.597346544265747 0.1287975311279297 -960.9919073693992 66.68158118901579
6.6367247104644775 0.1287069320678711 -954.3268625348574 60.01653635447394
6.673796892166138 0.130781888961792 -961.0014718522854 66.69114567190195
6.6217546463012695 0.12515616416931152 -952.2948965536671 57.984570373283645
6.600306510925293 0.12595391273498535 -960.6486496482768 66.33832346789336
6.607691526412964 0.12486386299133301 -958.9658238700918 64.65549768970834
6.601259708404541 0.12162184715270996 -949.8049703440684 55.49464416368494
6.615788221359253 0.12422561645507812 -959.5306607108064 65.22033453042297
6.6204633712768555 0.12665295600891113 -953.713211650782 59.40288547039859
6.932436227798462 0.13441991806030273 -954.9436641001182 60.6333379197348
6.617799520492554 0.1258549690246582 -957.5316752519867 63.2213490716033
6.603799819946289 0.12234687805175781 -957.5823511066496 63.272024926266226
6.62418794631958 0.1259899139404297 -956.3631695412071 62.05284336082366
6.595932722091675 0.12420296669006348 -958.3684337759881 64.05810759560472
6.647264003753662 0.13336896896362305 -953.5309406659152 59.22061448553177
6.625701665878296 0.12688446044921875 -958.3304929031096 64.02016672272623
6.628555059432983 0.1265425682067871 -954.9909423839158 60.680616203532395
6.636654853820801 0.1274092197418213 -953.9927000956865 59.68237391530306
6.7120301723480225 0.1298360824584961 -961.0886907731754 66.77836459279195
6.65373969078064 0.12455415725708008 -956.6332582093178 62.32293202893436
6.6623780727386475 0.12743592262268066 -957.8323597469293 63.52203356654593
6.635672092437744 0.12675762176513672 -954.5475921439147 60.237265963531286
6.675841331481934 0.13479018211364746 -956.3925701905919 62.082244010208456
6.6456098556518555 0.13144683837890625 -959.0506873496527 64.74036116926925
6.681258678436279 0.13196611404418945 -959.547071553631 65.23674537324757
6.609925985336304 0.13395333290100098 -949.6185554148044 55.30822923442099
6.671646595001221 0.1301119327545166 -954.9610877517641 60.65076157138071
6.651155471801758 0.12849164009094238 -957.3426861232431 63.03235994285967
6.613613128662109 0.1272428035736084 -956.3202077624094 62.00988158202597
6.661073923110962 0.12569856643676758 -961.7216233501183 67.4112971697349
6.601649761199951 0.12257909774780273 -954.7856366235042 60.47531044312075
6.583374500274658 0.1218559741973877 -961.048937426496 66.73861124611255
6.598434925079346 0.12383389472961426 -959.8091568442485 65.49883066386508
6.592587471008301 0.12316465377807617 -958.6183524676333 64.30802628724985
6.7316858768463135 0.13828706741333008 -957.0693600105243 62.75903383014088
6.866349935531616 0.13561081886291504 -958.7276553267313 64.41732914634792
6.603497743606567 0.12173056602478027 -957.9074874552923 63.5971612749089
6.684354066848755 0.12979888916015625 -953.9721898802384 59.66186369985496
6.579813003540039 0.12357616424560547 -960.7761407956649 66.46581461528149
6.59012508392334 0.12219858169555664 -958.2639363363404 63.953610155956994
6.630681037902832 0.12593770027160645 -963.2352795091841 68.92495332880071
6.583143472671509 0.12162613868713379 -956.6029832804621 62.29265710007871
6.5871360301971436 0.12345623970031738 -961.4283185773373 67.11799239695392
6.5865538120269775 0.12438464164733887 -955.7596233326452 61.449297152261806
6.5938520431518555 0.12469291687011719 -961.5097425708435 67.1994163904601
6.584947347640991 0.12372994422912598 -961.1125603963721 66.80223421598873
6.595869541168213 0.12551188468933105 -958.3412944688662 64.03096828848277
6.700157403945923 0.13261675834655762 -956.4236063344453 62.11328015406184
6.588374853134155 0.12473106384277344 -960.7652896723057 66.45496349192229
6.580287933349609 0.12479710578918457 -949.6137035388045 55.30337735842113
6.569728851318359 0.12140440940856934 -957.7158754346681 63.405549254284665
6.565734624862671 0.12452578544616699 -958.4875422691277 64.17721608874433
6.586684465408325 0.12731385231018066 -956.0994279481642 61.789101767780835
6.671987056732178 0.12913870811462402 -959.8367341279529 65.52640794756951
6.753903150558472 0.13690614700317383 -958.7365862563037 64.42626007592025
6.669153213500977 0.12351870536804199 -957.1186836065815 62.808357426198086
6.620930194854736 0.12334632873535156 -957.5652022553586 63.254876074975186
6.570994138717651 0.12180805206298828 -952.5344260527787 58.2240998723953
6.5998899936676025 0.12230181694030762 -958.6204480657898 64.31012188540637
6.57514500617981 0.12098026275634766 -957.0998684010362 62.789542220652834
6.559002161026001 0.12585973739624023 -953.0144198268981 58.70409364651471
6.600816249847412 0.12322402000427246 -961.8961653212467 67.5858391408633
6.588577032089233 0.12514901161193848 -953.8678988059745 59.55757262559109
6.57474422454834 0.12163734436035156 -960.700192436683 66.38986625629957
6.547718286514282 0.12264299392700195 -962.0767396123201 67.76641343193671
6.561368465423584 0.11977648735046387 -956.5195289843201 62.209202803936705
6.562633514404297 0.12159538269042969 -957.9975609463731 63.68723476598973
6.739326000213623 0.13436508178710938 -954.0653141973523 59.75498801696892
6.76335072517395 0.13258981704711914 -961.5785051799412 67.26817899955779
6.587549209594727 0.12326216697692871 -959.4767828957623 65.1664567153789
6.560450315475464 0.12151885032653809 -950.6914772512991 56.381151070915735
6.559908628463745 0.12131047248840332 -956.9521247394316 62.6417985590482
6.563318490982056 0.12203788757324219 -956.0050819125289 61.694755732145495
6.560171604156494 0.1248011589050293 -955.8779256047651 61.56759942438168
6.5820043087005615 0.12309384346008301 -961.7216233501183 67.4112971697349
6.581192255020142 0.12594342231750488 -964.5454691171353 70.23514293675191
6.619275093078613 0.12327408790588379 -957.1911867141473 62.880860533763894
6.588563680648804 0.12106823921203613 -955.0061661315386 60.69583995115522
6.579996585845947 0.1210470199584961 -960.7894839029242 66.47915772254078
6.570109605789185 0.12130022048950195 -954.152244279438 59.841918099054624
6.591710090637207 0.12790322303771973 -952.7264568884677 58.416130708084324
6.597919225692749 0.12691664695739746 -961.9254698252035 67.61514364482014
6.622827053070068 0.1245262622833252 -954.3747595324164 60.06443335203301
6.614512205123901 0.12685251235961914 -960.7340883174511 66.42376213706768
6.6049394607543945 0.12339234352111816 -958.6367183925536 64.32639221217016
6.579264163970947 0.12287497520446777 -961.1538378508073 66.84351167042394
6.689241647720337 0.1297452449798584 -951.6057197695316 57.29539358914815
6.961122989654541 0.13528800010681152 -955.4561288643306 61.14580268394718
6.604464530944824 0.12454557418823242 -961.1125603963721 66.80223421598873
6.613277435302734 0.12442922592163086 -954.3747595324164 60.06443335203301
6.608872652053833 0.13020801544189453 -961.3580825882744 67.04775640789103
6.616699934005737 0.12965011596679688 -956.4441629815815 62.13383680119807
6.605791807174683 0.12360787391662598 -955.7914475640277 61.481121383644336
6.600758075714111 0.12684416770935059 -962.6856618751683 68.3753356947849
6.588417053222656 0.12816095352172852 -957.3426861232431 63.03235994285967
6.660167455673218 0.12666106224060059 -962.6400984776665 68.32977229728306
6.602820158004761 0.12827062606811523 -961.048937426496 66.73861124611255
6.613155364990234 0.12568259239196777 -957.5157912281766 63.205465047793155
6.612635612487793 0.12767672538757324 -962.3024354849802 67.99210930459674
6.632361888885498 0.12973356246948242 -961.6414164678756 67.3310902874922
6.646289110183716 0.12419366836547852 -958.3684337759881 64.05810759560472
6.618696451187134 0.12422299385070801 -958.6168434344477 64.30651725406426
6.629512310028076 0.12917852401733398 -956.4865524694051 62.176226289021656
6.601453542709351 0.1293199062347412 -956.7767522653378 62.46642608495438
6.617224216461182 0.12578392028808594 -949.5746674657915 55.264341285408136
6.630331039428711 0.12831664085388184 -958.1794982333465 63.86917205296311
